[0.282s] DEBUG:colcon:Command line arguments: ['/usr/bin/colcon', 'build', '--packages-select', 'ros1_bridge', '--cmake-force-configure']
[0.282s] DEBUG:colcon:Parsed command line arguments: Namespace(allow_overriding=[], ament_cmake_args=None, base_paths=['.'], build_base='build', catkin_cmake_args=None, catkin_skip_building_tests=False, cmake_args=None, cmake_clean_cache=False, cmake_clean_first=False, cmake_force_configure=True, cmake_target=None, cmake_target_skip_unavailable=False, continue_on_error=False, event_handlers=None, executor='parallel', ignore_user_meta=False, install_base='install', log_base=None, log_level=None, main=<bound method BuildVerb.main of <colcon_core.verb.build.BuildVerb object at 0x7f026c37eac0>>, merge_install=False, metas=['./colcon.meta'], mixin=None, mixin_files=None, mixin_verb=('build',), packages_above=None, packages_above_and_dependencies=None, packages_above_depth=None, packages_end=None, packages_ignore=None, packages_ignore_regex=None, packages_select=['ros1_bridge'], packages_select_build_failed=False, packages_select_by_dep=None, packages_select_regex=None, packages_select_test_failures=False, packages_skip=None, packages_skip_build_finished=False, packages_skip_by_dep=None, packages_skip_regex=None, packages_skip_test_passed=False, packages_skip_up_to=None, packages_start=None, packages_up_to=None, packages_up_to_regex=None, parallel_workers=4, paths=None, symlink_install=False, test_result_base=None, verb_extension=<colcon_core.verb.build.BuildVerb object at 0x7f026c37eac0>, verb_name='build', verb_parser=<colcon_mixin.mixin.mixin_argument.MixinArgumentDecorator object at 0x7f026c2e1100>)
[0.540s] Level 1:colcon.colcon_core.package_discovery:discover_packages(colcon_meta) check parameters
[0.541s] Level 1:colcon.colcon_core.package_discovery:discover_packages(recursive) check parameters
[0.541s] Level 1:colcon.colcon_core.package_discovery:discover_packages(ignore) check parameters
[0.541s] Level 1:colcon.colcon_core.package_discovery:discover_packages(path) check parameters
[0.541s] Level 1:colcon.colcon_core.package_discovery:discover_packages(colcon_meta) discover
[0.541s] Level 1:colcon.colcon_core.package_discovery:discover_packages(recursive) discover
[0.541s] INFO:colcon.colcon_core.package_discovery:Crawling recursively for packages in '/home/aaron/floribot/bridge_ws'
[0.541s] Level 1:colcon.colcon_core.package_identification:_identify(.) by extensions ['ignore', 'ignore_ament_install']
[0.541s] Level 1:colcon.colcon_core.package_identification:_identify(.) by extension 'ignore'
[0.541s] Level 1:colcon.colcon_core.package_identification:_identify(.) by extension 'ignore_ament_install'
[0.541s] Level 1:colcon.colcon_core.package_identification:_identify(.) by extensions ['colcon_pkg']
[0.541s] Level 1:colcon.colcon_core.package_identification:_identify(.) by extension 'colcon_pkg'
[0.541s] Level 1:colcon.colcon_core.package_identification:_identify(.) by extensions ['colcon_meta']
[0.541s] Level 1:colcon.colcon_core.package_identification:_identify(.) by extension 'colcon_meta'
[0.541s] Level 1:colcon.colcon_core.package_identification:_identify(.) by extensions ['ros']
[0.541s] Level 1:colcon.colcon_core.package_identification:_identify(.) by extension 'ros'
[0.555s] Level 1:colcon.colcon_core.package_identification:_identify(.) by extensions ['cmake', 'python']
[0.555s] Level 1:colcon.colcon_core.package_identification:_identify(.) by extension 'cmake'
[0.556s] Level 1:colcon.colcon_core.package_identification:_identify(.) by extension 'python'
[0.556s] Level 1:colcon.colcon_core.package_identification:_identify(.) by extensions ['python_setup_py']
[0.556s] Level 1:colcon.colcon_core.package_identification:_identify(.) by extension 'python_setup_py'
[0.556s] Level 1:colcon.colcon_core.package_identification:_identify(build) by extensions ['ignore', 'ignore_ament_install']
[0.556s] Level 1:colcon.colcon_core.package_identification:_identify(build) by extension 'ignore'
[0.556s] Level 1:colcon.colcon_core.package_identification:_identify(build) ignored
[0.556s] Level 1:colcon.colcon_core.package_identification:_identify(install) by extensions ['ignore', 'ignore_ament_install']
[0.556s] Level 1:colcon.colcon_core.package_identification:_identify(install) by extension 'ignore'
[0.556s] Level 1:colcon.colcon_core.package_identification:_identify(install) ignored
[0.557s] Level 1:colcon.colcon_core.package_identification:_identify(log) by extensions ['ignore', 'ignore_ament_install']
[0.557s] Level 1:colcon.colcon_core.package_identification:_identify(log) by extension 'ignore'
[0.557s] Level 1:colcon.colcon_core.package_identification:_identify(log) ignored
[0.557s] Level 1:colcon.colcon_core.package_identification:_identify(src) by extensions ['ignore', 'ignore_ament_install']
[0.557s] Level 1:colcon.colcon_core.package_identification:_identify(src) by extension 'ignore'
[0.557s] Level 1:colcon.colcon_core.package_identification:_identify(src) by extension 'ignore_ament_install'
[0.557s] Level 1:colcon.colcon_core.package_identification:_identify(src) by extensions ['colcon_pkg']
[0.557s] Level 1:colcon.colcon_core.package_identification:_identify(src) by extension 'colcon_pkg'
[0.557s] Level 1:colcon.colcon_core.package_identification:_identify(src) by extensions ['colcon_meta']
[0.557s] Level 1:colcon.colcon_core.package_identification:_identify(src) by extension 'colcon_meta'
[0.557s] Level 1:colcon.colcon_core.package_identification:_identify(src) by extensions ['ros']
[0.557s] Level 1:colcon.colcon_core.package_identification:_identify(src) by extension 'ros'
[0.557s] Level 1:colcon.colcon_core.package_identification:_identify(src) by extensions ['cmake', 'python']
[0.557s] Level 1:colcon.colcon_core.package_identification:_identify(src) by extension 'cmake'
[0.557s] Level 1:colcon.colcon_core.package_identification:_identify(src) by extension 'python'
[0.557s] Level 1:colcon.colcon_core.package_identification:_identify(src) by extensions ['python_setup_py']
[0.558s] Level 1:colcon.colcon_core.package_identification:_identify(src) by extension 'python_setup_py'
[0.558s] Level 1:colcon.colcon_core.package_identification:_identify(src/ros1_bridge) by extensions ['ignore', 'ignore_ament_install']
[0.558s] Level 1:colcon.colcon_core.package_identification:_identify(src/ros1_bridge) by extension 'ignore'
[0.558s] Level 1:colcon.colcon_core.package_identification:_identify(src/ros1_bridge) by extension 'ignore_ament_install'
[0.558s] Level 1:colcon.colcon_core.package_identification:_identify(src/ros1_bridge) by extensions ['colcon_pkg']
[0.558s] Level 1:colcon.colcon_core.package_identification:_identify(src/ros1_bridge) by extension 'colcon_pkg'
[0.558s] Level 1:colcon.colcon_core.package_identification:_identify(src/ros1_bridge) by extensions ['colcon_meta']
[0.558s] Level 1:colcon.colcon_core.package_identification:_identify(src/ros1_bridge) by extension 'colcon_meta'
[0.558s] Level 1:colcon.colcon_core.package_identification:_identify(src/ros1_bridge) by extensions ['ros']
[0.558s] Level 1:colcon.colcon_core.package_identification:_identify(src/ros1_bridge) by extension 'ros'
[0.562s] DEBUG:colcon.colcon_core.package_identification:Package 'src/ros1_bridge' with type 'ros.ament_cmake' and name 'ros1_bridge'
[0.562s] Level 1:colcon.colcon_core.package_discovery:discover_packages(recursive) using defaults
[0.562s] Level 1:colcon.colcon_core.package_discovery:discover_packages(ignore) discover
[0.562s] Level 1:colcon.colcon_core.package_discovery:discover_packages(ignore) using defaults
[0.562s] Level 1:colcon.colcon_core.package_discovery:discover_packages(path) discover
[0.562s] Level 1:colcon.colcon_core.package_discovery:discover_packages(path) using defaults
[0.594s] Level 1:colcon.colcon_core.package_discovery:discover_packages(prefix_path) check parameters
[0.594s] Level 1:colcon.colcon_core.package_discovery:discover_packages(prefix_path) discover
[0.596s] DEBUG:colcon.colcon_installed_package_information.package_discovery:Found 1 installed packages in /home/aaron/floribot/ros2_ws/install
[0.597s] DEBUG:colcon.colcon_installed_package_information.package_discovery:Found 258 installed packages in /opt/ros/foxy
[0.599s] Level 1:colcon.colcon_core.package_discovery:discover_packages(prefix_path) using defaults
[0.673s] Level 5:colcon.colcon_core.verb:set package 'ros1_bridge' build argument 'cmake_args' from command line to 'None'
[0.673s] Level 5:colcon.colcon_core.verb:set package 'ros1_bridge' build argument 'cmake_target' from command line to 'None'
[0.673s] Level 5:colcon.colcon_core.verb:set package 'ros1_bridge' build argument 'cmake_target_skip_unavailable' from command line to 'False'
[0.673s] Level 5:colcon.colcon_core.verb:set package 'ros1_bridge' build argument 'cmake_clean_cache' from command line to 'False'
[0.673s] Level 5:colcon.colcon_core.verb:set package 'ros1_bridge' build argument 'cmake_clean_first' from command line to 'False'
[0.673s] Level 5:colcon.colcon_core.verb:set package 'ros1_bridge' build argument 'cmake_force_configure' from command line to 'True'
[0.673s] Level 5:colcon.colcon_core.verb:set package 'ros1_bridge' build argument 'ament_cmake_args' from command line to 'None'
[0.673s] Level 5:colcon.colcon_core.verb:set package 'ros1_bridge' build argument 'catkin_cmake_args' from command line to 'None'
[0.673s] Level 5:colcon.colcon_core.verb:set package 'ros1_bridge' build argument 'catkin_skip_building_tests' from command line to 'False'
[0.673s] DEBUG:colcon.colcon_core.verb:Building package 'ros1_bridge' with the following arguments: {'ament_cmake_args': None, 'build_base': '/home/aaron/floribot/bridge_ws/build/ros1_bridge', 'catkin_cmake_args': None, 'catkin_skip_building_tests': False, 'cmake_args': None, 'cmake_clean_cache': False, 'cmake_clean_first': False, 'cmake_force_configure': True, 'cmake_target': None, 'cmake_target_skip_unavailable': False, 'install_base': '/home/aaron/floribot/bridge_ws/install/ros1_bridge', 'merge_install': False, 'path': '/home/aaron/floribot/bridge_ws/src/ros1_bridge', 'symlink_install': False, 'test_result_base': None}
[0.673s] INFO:colcon.colcon_core.executor:Executing jobs using 'parallel' executor
[0.675s] DEBUG:colcon.colcon_parallel_executor.executor.parallel:run_until_complete
[0.675s] INFO:colcon.colcon_ros.task.ament_cmake.build:Building ROS package in '/home/aaron/floribot/bridge_ws/src/ros1_bridge' with build type 'ament_cmake'
[0.675s] INFO:colcon.colcon_cmake.task.cmake.build:Building CMake package in '/home/aaron/floribot/bridge_ws/src/ros1_bridge'
[0.678s] INFO:colcon.colcon_core.plugin_system:Skipping extension 'colcon_core.shell.bat': Not used on non-Windows systems
[0.678s] INFO:colcon.colcon_core.shell:Skip shell extension 'powershell' for command environment: Not usable outside of PowerShell
[0.678s] DEBUG:colcon.colcon_core.shell:Skip shell extension 'dsv' for command environment
[0.681s] DEBUG:colcon.colcon_core.shell:Ignoring prefix path '/home/aaron/floribot/ros1_ws/devel'
[0.681s] DEBUG:colcon.colcon_core.shell:Ignoring prefix path '/opt/ros/noetic'
[0.693s] DEBUG:colcon.colcon_core.event_handler.log_command:Invoking command in '/home/aaron/floribot/bridge_ws/build/ros1_bridge': CMAKE_PREFIX_PATH=/home/aaron/floribot/ros2_ws/install/base:/opt/ros/foxy:/home/aaron/floribot/ros1_ws/devel:/opt/ros/noetic /usr/bin/cmake /home/aaron/floribot/bridge_ws/src/ros1_bridge -DCMAKE_INSTALL_PREFIX=/home/aaron/floribot/bridge_ws/install/ros1_bridge
[13.103s] DEBUG:colcon.colcon_core.event_handler.log_command:Invoked command in '/home/aaron/floribot/bridge_ws/build/ros1_bridge' returned '0': CMAKE_PREFIX_PATH=/home/aaron/floribot/ros2_ws/install/base:/opt/ros/foxy:/home/aaron/floribot/ros1_ws/devel:/opt/ros/noetic /usr/bin/cmake /home/aaron/floribot/bridge_ws/src/ros1_bridge -DCMAKE_INSTALL_PREFIX=/home/aaron/floribot/bridge_ws/install/ros1_bridge
[13.111s] DEBUG:colcon.colcon_core.event_handler.log_command:Invoking command in '/home/aaron/floribot/bridge_ws/build/ros1_bridge': CMAKE_PREFIX_PATH=/home/aaron/floribot/ros2_ws/install/base:/opt/ros/foxy:/home/aaron/floribot/ros1_ws/devel:/opt/ros/noetic /usr/bin/cmake --build /home/aaron/floribot/bridge_ws/build/ros1_bridge -- -j4 -l4
[1261.545s] DEBUG:colcon.colcon_core.event_handler.log_command:Invoked command in '/home/aaron/floribot/bridge_ws/build/ros1_bridge' returned '0': CMAKE_PREFIX_PATH=/home/aaron/floribot/ros2_ws/install/base:/opt/ros/foxy:/home/aaron/floribot/ros1_ws/devel:/opt/ros/noetic /usr/bin/cmake --build /home/aaron/floribot/bridge_ws/build/ros1_bridge -- -j4 -l4
[1261.573s] DEBUG:colcon.colcon_core.event_handler.log_command:Invoking command in '/home/aaron/floribot/bridge_ws/build/ros1_bridge': CMAKE_PREFIX_PATH=/home/aaron/floribot/ros2_ws/install/base:/opt/ros/foxy:/home/aaron/floribot/ros1_ws/devel:/opt/ros/noetic /usr/bin/cmake --install /home/aaron/floribot/bridge_ws/build/ros1_bridge
[1262.271s] Level 1:colcon.colcon_core.environment:create_environment_scripts_only(ros1_bridge)
[1262.276s] DEBUG:colcon.colcon_core.event_handler.log_command:Invoked command in '/home/aaron/floribot/bridge_ws/build/ros1_bridge' returned '0': CMAKE_PREFIX_PATH=/home/aaron/floribot/ros2_ws/install/base:/opt/ros/foxy:/home/aaron/floribot/ros1_ws/devel:/opt/ros/noetic /usr/bin/cmake --install /home/aaron/floribot/bridge_ws/build/ros1_bridge
[1262.295s] Level 1:colcon.colcon_core.environment:checking '/home/aaron/floribot/bridge_ws/install/ros1_bridge' for CMake module files
[1262.296s] Level 1:colcon.colcon_core.environment:checking '/home/aaron/floribot/bridge_ws/install/ros1_bridge' for CMake config files
[1262.297s] Level 1:colcon.colcon_core.shell:create_environment_hook('ros1_bridge', 'cmake_prefix_path')
[1262.298s] INFO:colcon.colcon_core.shell:Creating environment hook '/home/aaron/floribot/bridge_ws/install/ros1_bridge/share/ros1_bridge/hook/cmake_prefix_path.ps1'
[1262.301s] INFO:colcon.colcon_core.shell:Creating environment descriptor '/home/aaron/floribot/bridge_ws/install/ros1_bridge/share/ros1_bridge/hook/cmake_prefix_path.dsv'
[1262.303s] INFO:colcon.colcon_core.shell:Creating environment hook '/home/aaron/floribot/bridge_ws/install/ros1_bridge/share/ros1_bridge/hook/cmake_prefix_path.sh'
[1262.306s] Level 1:colcon.colcon_core.environment:checking '/home/aaron/floribot/bridge_ws/install/ros1_bridge/lib'
[1262.306s] Level 1:colcon.colcon_core.shell:create_environment_hook('ros1_bridge', 'ld_library_path_lib')
[1262.306s] INFO:colcon.colcon_core.shell:Creating environment hook '/home/aaron/floribot/bridge_ws/install/ros1_bridge/share/ros1_bridge/hook/ld_library_path_lib.ps1'
[1262.308s] INFO:colcon.colcon_core.shell:Creating environment descriptor '/home/aaron/floribot/bridge_ws/install/ros1_bridge/share/ros1_bridge/hook/ld_library_path_lib.dsv'
[1262.308s] INFO:colcon.colcon_core.shell:Creating environment hook '/home/aaron/floribot/bridge_ws/install/ros1_bridge/share/ros1_bridge/hook/ld_library_path_lib.sh'
[1262.309s] Level 1:colcon.colcon_core.environment:checking '/home/aaron/floribot/bridge_ws/install/ros1_bridge/bin'
[1262.309s] Level 1:colcon.colcon_core.environment:checking '/home/aaron/floribot/bridge_ws/install/ros1_bridge/lib/pkgconfig/ros1_bridge.pc'
[1262.310s] Level 1:colcon.colcon_core.environment:checking '/home/aaron/floribot/bridge_ws/install/ros1_bridge/lib/python3.8/site-packages'
[1262.310s] Level 1:colcon.colcon_core.shell:create_environment_hook('ros1_bridge', 'pythonpath')
[1262.310s] INFO:colcon.colcon_core.shell:Creating environment hook '/home/aaron/floribot/bridge_ws/install/ros1_bridge/share/ros1_bridge/hook/pythonpath.ps1'
[1262.311s] INFO:colcon.colcon_core.shell:Creating environment descriptor '/home/aaron/floribot/bridge_ws/install/ros1_bridge/share/ros1_bridge/hook/pythonpath.dsv'
[1262.312s] INFO:colcon.colcon_core.shell:Creating environment hook '/home/aaron/floribot/bridge_ws/install/ros1_bridge/share/ros1_bridge/hook/pythonpath.sh'
[1262.313s] Level 1:colcon.colcon_core.environment:checking '/home/aaron/floribot/bridge_ws/install/ros1_bridge/bin'
[1262.313s] INFO:colcon.colcon_core.shell:Creating package script '/home/aaron/floribot/bridge_ws/install/ros1_bridge/share/ros1_bridge/package.ps1'
[1262.317s] INFO:colcon.colcon_core.shell:Creating package descriptor '/home/aaron/floribot/bridge_ws/install/ros1_bridge/share/ros1_bridge/package.dsv'
[1262.319s] INFO:colcon.colcon_core.shell:Creating package script '/home/aaron/floribot/bridge_ws/install/ros1_bridge/share/ros1_bridge/package.sh'
[1262.325s] INFO:colcon.colcon_core.shell:Creating package script '/home/aaron/floribot/bridge_ws/install/ros1_bridge/share/ros1_bridge/package.bash'
[1262.327s] INFO:colcon.colcon_core.shell:Creating package script '/home/aaron/floribot/bridge_ws/install/ros1_bridge/share/ros1_bridge/package.zsh'
[1262.330s] Level 1:colcon.colcon_core.environment:create_file_with_runtime_dependencies(/home/aaron/floribot/bridge_ws/install/ros1_bridge/share/colcon-core/packages/ros1_bridge)
[1262.332s] Level 1:colcon.colcon_core.environment:create_environment_scripts_only(ros1_bridge)
[1262.332s] Level 1:colcon.colcon_core.environment:checking '/home/aaron/floribot/bridge_ws/install/ros1_bridge' for CMake module files
[1262.333s] Level 1:colcon.colcon_core.environment:checking '/home/aaron/floribot/bridge_ws/install/ros1_bridge' for CMake config files
[1262.334s] Level 1:colcon.colcon_core.shell:create_environment_hook('ros1_bridge', 'cmake_prefix_path')
[1262.334s] INFO:colcon.colcon_core.shell:Creating environment hook '/home/aaron/floribot/bridge_ws/install/ros1_bridge/share/ros1_bridge/hook/cmake_prefix_path.ps1'
[1262.335s] INFO:colcon.colcon_core.shell:Creating environment descriptor '/home/aaron/floribot/bridge_ws/install/ros1_bridge/share/ros1_bridge/hook/cmake_prefix_path.dsv'
[1262.336s] INFO:colcon.colcon_core.shell:Creating environment hook '/home/aaron/floribot/bridge_ws/install/ros1_bridge/share/ros1_bridge/hook/cmake_prefix_path.sh'
[1262.337s] Level 1:colcon.colcon_core.environment:checking '/home/aaron/floribot/bridge_ws/install/ros1_bridge/lib'
[1262.340s] Level 1:colcon.colcon_core.shell:create_environment_hook('ros1_bridge', 'ld_library_path_lib')
[1262.340s] INFO:colcon.colcon_core.shell:Creating environment hook '/home/aaron/floribot/bridge_ws/install/ros1_bridge/share/ros1_bridge/hook/ld_library_path_lib.ps1'
[1262.341s] INFO:colcon.colcon_core.shell:Creating environment descriptor '/home/aaron/floribot/bridge_ws/install/ros1_bridge/share/ros1_bridge/hook/ld_library_path_lib.dsv'
[1262.342s] INFO:colcon.colcon_core.shell:Creating environment hook '/home/aaron/floribot/bridge_ws/install/ros1_bridge/share/ros1_bridge/hook/ld_library_path_lib.sh'
[1262.343s] Level 1:colcon.colcon_core.environment:checking '/home/aaron/floribot/bridge_ws/install/ros1_bridge/bin'
[1262.343s] Level 1:colcon.colcon_core.environment:checking '/home/aaron/floribot/bridge_ws/install/ros1_bridge/lib/pkgconfig/ros1_bridge.pc'
[1262.343s] Level 1:colcon.colcon_core.environment:checking '/home/aaron/floribot/bridge_ws/install/ros1_bridge/lib/python3.8/site-packages'
[1262.343s] Level 1:colcon.colcon_core.shell:create_environment_hook('ros1_bridge', 'pythonpath')
[1262.344s] INFO:colcon.colcon_core.shell:Creating environment hook '/home/aaron/floribot/bridge_ws/install/ros1_bridge/share/ros1_bridge/hook/pythonpath.ps1'
[1262.345s] INFO:colcon.colcon_core.shell:Creating environment descriptor '/home/aaron/floribot/bridge_ws/install/ros1_bridge/share/ros1_bridge/hook/pythonpath.dsv'
[1262.345s] INFO:colcon.colcon_core.shell:Creating environment hook '/home/aaron/floribot/bridge_ws/install/ros1_bridge/share/ros1_bridge/hook/pythonpath.sh'
[1262.347s] Level 1:colcon.colcon_core.environment:checking '/home/aaron/floribot/bridge_ws/install/ros1_bridge/bin'
[1262.347s] INFO:colcon.colcon_core.shell:Creating package script '/home/aaron/floribot/bridge_ws/install/ros1_bridge/share/ros1_bridge/package.ps1'
[1262.348s] INFO:colcon.colcon_core.shell:Creating package descriptor '/home/aaron/floribot/bridge_ws/install/ros1_bridge/share/ros1_bridge/package.dsv'
[1262.349s] INFO:colcon.colcon_core.shell:Creating package script '/home/aaron/floribot/bridge_ws/install/ros1_bridge/share/ros1_bridge/package.sh'
[1262.350s] INFO:colcon.colcon_core.shell:Creating package script '/home/aaron/floribot/bridge_ws/install/ros1_bridge/share/ros1_bridge/package.bash'
[1262.351s] INFO:colcon.colcon_core.shell:Creating package script '/home/aaron/floribot/bridge_ws/install/ros1_bridge/share/ros1_bridge/package.zsh'
[1262.352s] Level 1:colcon.colcon_core.environment:create_file_with_runtime_dependencies(/home/aaron/floribot/bridge_ws/install/ros1_bridge/share/colcon-core/packages/ros1_bridge)
[1262.352s] DEBUG:colcon.colcon_parallel_executor.executor.parallel:closing loop
[1262.353s] DEBUG:colcon.colcon_parallel_executor.executor.parallel:loop closed
[1262.354s] DEBUG:colcon.colcon_parallel_executor.executor.parallel:run_until_complete finished with '0'
[1262.354s] DEBUG:colcon.colcon_core.event_reactor:joining thread
[1262.386s] INFO:colcon.colcon_core.plugin_system:Skipping extension 'colcon_notification.desktop_notification.terminal_notifier': Not used on non-Darwin systems
[1262.386s] INFO:colcon.colcon_core.plugin_system:Skipping extension 'colcon_notification.desktop_notification.win32': Not used on non-Windows systems
[1262.386s] INFO:colcon.colcon_notification.desktop_notification:Sending desktop notification using 'notify2'
[1262.416s] DEBUG:colcon.colcon_core.event_reactor:joined thread
[1262.417s] INFO:colcon.colcon_core.shell:Creating prefix script '/home/aaron/floribot/bridge_ws/install/local_setup.ps1'
[1262.419s] INFO:colcon.colcon_core.shell:Creating prefix util module '/home/aaron/floribot/bridge_ws/install/_local_setup_util_ps1.py'
[1262.422s] INFO:colcon.colcon_core.shell:Creating prefix chain script '/home/aaron/floribot/bridge_ws/install/setup.ps1'
[1262.428s] INFO:colcon.colcon_core.shell:Creating prefix script '/home/aaron/floribot/bridge_ws/install/local_setup.sh'
[1262.430s] INFO:colcon.colcon_core.shell:Creating prefix util module '/home/aaron/floribot/bridge_ws/install/_local_setup_util_sh.py'
[1262.431s] INFO:colcon.colcon_core.shell:Creating prefix chain script '/home/aaron/floribot/bridge_ws/install/setup.sh'
[1262.433s] INFO:colcon.colcon_core.shell:Creating prefix script '/home/aaron/floribot/bridge_ws/install/local_setup.bash'
[1262.434s] INFO:colcon.colcon_core.shell:Creating prefix chain script '/home/aaron/floribot/bridge_ws/install/setup.bash'
[1262.436s] INFO:colcon.colcon_core.shell:Creating prefix script '/home/aaron/floribot/bridge_ws/install/local_setup.zsh'
[1262.437s] INFO:colcon.colcon_core.shell:Creating prefix chain script '/home/aaron/floribot/bridge_ws/install/setup.zsh'
