[0.305s] DEBUG:colcon:Command line arguments: ['/usr/bin/colcon', 'build', '--symlink-install', '--packages-select', 'ros1_bridge', '--cmake-force-configure']
[0.305s] DEBUG:colcon:Parsed command line arguments: Namespace(allow_overriding=[], ament_cmake_args=None, base_paths=['.'], build_base='build', catkin_cmake_args=None, catkin_skip_building_tests=False, cmake_args=None, cmake_clean_cache=False, cmake_clean_first=False, cmake_force_configure=True, cmake_target=None, cmake_target_skip_unavailable=False, continue_on_error=False, event_handlers=None, executor='parallel', ignore_user_meta=False, install_base='install', log_base=None, log_level=None, main=<bound method BuildVerb.main of <colcon_core.verb.build.BuildVerb object at 0x7fe92a051b20>>, merge_install=False, metas=['./colcon.meta'], mixin=None, mixin_files=None, mixin_verb=('build',), packages_above=None, packages_above_and_dependencies=None, packages_above_depth=None, packages_end=None, packages_ignore=None, packages_ignore_regex=None, packages_select=['ros1_bridge'], packages_select_build_failed=False, packages_select_by_dep=None, packages_select_regex=None, packages_select_test_failures=False, packages_skip=None, packages_skip_build_finished=False, packages_skip_by_dep=None, packages_skip_regex=None, packages_skip_test_passed=False, packages_skip_up_to=None, packages_start=None, packages_up_to=None, packages_up_to_regex=None, parallel_workers=4, paths=None, symlink_install=True, test_result_base=None, verb_extension=<colcon_core.verb.build.BuildVerb object at 0x7fe92a051b20>, verb_name='build', verb_parser=<colcon_mixin.mixin.mixin_argument.MixinArgumentDecorator object at 0x7fe929f8a160>)
[0.552s] Level 1:colcon.colcon_core.package_discovery:discover_packages(colcon_meta) check parameters
[0.552s] Level 1:colcon.colcon_core.package_discovery:discover_packages(recursive) check parameters
[0.552s] Level 1:colcon.colcon_core.package_discovery:discover_packages(ignore) check parameters
[0.552s] Level 1:colcon.colcon_core.package_discovery:discover_packages(path) check parameters
[0.552s] Level 1:colcon.colcon_core.package_discovery:discover_packages(colcon_meta) discover
[0.552s] Level 1:colcon.colcon_core.package_discovery:discover_packages(recursive) discover
[0.552s] INFO:colcon.colcon_core.package_discovery:Crawling recursively for packages in '/home/aaron/floribot/bridge_ws'
[0.552s] Level 1:colcon.colcon_core.package_identification:_identify(.) by extensions ['ignore', 'ignore_ament_install']
[0.552s] Level 1:colcon.colcon_core.package_identification:_identify(.) by extension 'ignore'
[0.552s] Level 1:colcon.colcon_core.package_identification:_identify(.) by extension 'ignore_ament_install'
[0.552s] Level 1:colcon.colcon_core.package_identification:_identify(.) by extensions ['colcon_pkg']
[0.552s] Level 1:colcon.colcon_core.package_identification:_identify(.) by extension 'colcon_pkg'
[0.552s] Level 1:colcon.colcon_core.package_identification:_identify(.) by extensions ['colcon_meta']
[0.553s] Level 1:colcon.colcon_core.package_identification:_identify(.) by extension 'colcon_meta'
[0.553s] Level 1:colcon.colcon_core.package_identification:_identify(.) by extensions ['ros']
[0.553s] Level 1:colcon.colcon_core.package_identification:_identify(.) by extension 'ros'
[0.567s] Level 1:colcon.colcon_core.package_identification:_identify(.) by extensions ['cmake', 'python']
[0.567s] Level 1:colcon.colcon_core.package_identification:_identify(.) by extension 'cmake'
[0.567s] Level 1:colcon.colcon_core.package_identification:_identify(.) by extension 'python'
[0.567s] Level 1:colcon.colcon_core.package_identification:_identify(.) by extensions ['python_setup_py']
[0.567s] Level 1:colcon.colcon_core.package_identification:_identify(.) by extension 'python_setup_py'
[0.568s] Level 1:colcon.colcon_core.package_identification:_identify(build) by extensions ['ignore', 'ignore_ament_install']
[0.568s] Level 1:colcon.colcon_core.package_identification:_identify(build) by extension 'ignore'
[0.568s] Level 1:colcon.colcon_core.package_identification:_identify(build) ignored
[0.568s] Level 1:colcon.colcon_core.package_identification:_identify(install) by extensions ['ignore', 'ignore_ament_install']
[0.568s] Level 1:colcon.colcon_core.package_identification:_identify(install) by extension 'ignore'
[0.568s] Level 1:colcon.colcon_core.package_identification:_identify(install) ignored
[0.568s] Level 1:colcon.colcon_core.package_identification:_identify(log) by extensions ['ignore', 'ignore_ament_install']
[0.568s] Level 1:colcon.colcon_core.package_identification:_identify(log) by extension 'ignore'
[0.568s] Level 1:colcon.colcon_core.package_identification:_identify(log) ignored
[0.569s] Level 1:colcon.colcon_core.package_identification:_identify(src) by extensions ['ignore', 'ignore_ament_install']
[0.569s] Level 1:colcon.colcon_core.package_identification:_identify(src) by extension 'ignore'
[0.569s] Level 1:colcon.colcon_core.package_identification:_identify(src) by extension 'ignore_ament_install'
[0.569s] Level 1:colcon.colcon_core.package_identification:_identify(src) by extensions ['colcon_pkg']
[0.569s] Level 1:colcon.colcon_core.package_identification:_identify(src) by extension 'colcon_pkg'
[0.569s] Level 1:colcon.colcon_core.package_identification:_identify(src) by extensions ['colcon_meta']
[0.569s] Level 1:colcon.colcon_core.package_identification:_identify(src) by extension 'colcon_meta'
[0.569s] Level 1:colcon.colcon_core.package_identification:_identify(src) by extensions ['ros']
[0.569s] Level 1:colcon.colcon_core.package_identification:_identify(src) by extension 'ros'
[0.569s] Level 1:colcon.colcon_core.package_identification:_identify(src) by extensions ['cmake', 'python']
[0.569s] Level 1:colcon.colcon_core.package_identification:_identify(src) by extension 'cmake'
[0.569s] Level 1:colcon.colcon_core.package_identification:_identify(src) by extension 'python'
[0.569s] Level 1:colcon.colcon_core.package_identification:_identify(src) by extensions ['python_setup_py']
[0.569s] Level 1:colcon.colcon_core.package_identification:_identify(src) by extension 'python_setup_py'
[0.569s] Level 1:colcon.colcon_core.package_identification:_identify(src/ros1_bridge) by extensions ['ignore', 'ignore_ament_install']
[0.570s] Level 1:colcon.colcon_core.package_identification:_identify(src/ros1_bridge) by extension 'ignore'
[0.570s] Level 1:colcon.colcon_core.package_identification:_identify(src/ros1_bridge) by extension 'ignore_ament_install'
[0.570s] Level 1:colcon.colcon_core.package_identification:_identify(src/ros1_bridge) by extensions ['colcon_pkg']
[0.570s] Level 1:colcon.colcon_core.package_identification:_identify(src/ros1_bridge) by extension 'colcon_pkg'
[0.570s] Level 1:colcon.colcon_core.package_identification:_identify(src/ros1_bridge) by extensions ['colcon_meta']
[0.570s] Level 1:colcon.colcon_core.package_identification:_identify(src/ros1_bridge) by extension 'colcon_meta'
[0.570s] Level 1:colcon.colcon_core.package_identification:_identify(src/ros1_bridge) by extensions ['ros']
[0.570s] Level 1:colcon.colcon_core.package_identification:_identify(src/ros1_bridge) by extension 'ros'
[0.574s] DEBUG:colcon.colcon_core.package_identification:Package 'src/ros1_bridge' with type 'ros.ament_cmake' and name 'ros1_bridge'
[0.574s] Level 1:colcon.colcon_core.package_discovery:discover_packages(recursive) using defaults
[0.574s] Level 1:colcon.colcon_core.package_discovery:discover_packages(ignore) discover
[0.574s] Level 1:colcon.colcon_core.package_discovery:discover_packages(ignore) using defaults
[0.574s] Level 1:colcon.colcon_core.package_discovery:discover_packages(path) discover
[0.574s] Level 1:colcon.colcon_core.package_discovery:discover_packages(path) using defaults
[0.607s] Level 1:colcon.colcon_core.package_discovery:discover_packages(prefix_path) check parameters
[0.607s] Level 1:colcon.colcon_core.package_discovery:discover_packages(prefix_path) discover
[0.610s] DEBUG:colcon.colcon_installed_package_information.package_discovery:Found 3 installed packages in /home/aaron/floribot/ros2_ws/install
[0.611s] DEBUG:colcon.colcon_installed_package_information.package_discovery:Found 279 installed packages in /opt/ros/foxy
[0.614s] Level 1:colcon.colcon_core.package_discovery:discover_packages(prefix_path) using defaults
[0.699s] Level 5:colcon.colcon_core.verb:set package 'ros1_bridge' build argument 'cmake_args' from command line to 'None'
[0.699s] Level 5:colcon.colcon_core.verb:set package 'ros1_bridge' build argument 'cmake_target' from command line to 'None'
[0.699s] Level 5:colcon.colcon_core.verb:set package 'ros1_bridge' build argument 'cmake_target_skip_unavailable' from command line to 'False'
[0.699s] Level 5:colcon.colcon_core.verb:set package 'ros1_bridge' build argument 'cmake_clean_cache' from command line to 'False'
[0.699s] Level 5:colcon.colcon_core.verb:set package 'ros1_bridge' build argument 'cmake_clean_first' from command line to 'False'
[0.699s] Level 5:colcon.colcon_core.verb:set package 'ros1_bridge' build argument 'cmake_force_configure' from command line to 'True'
[0.699s] Level 5:colcon.colcon_core.verb:set package 'ros1_bridge' build argument 'ament_cmake_args' from command line to 'None'
[0.699s] Level 5:colcon.colcon_core.verb:set package 'ros1_bridge' build argument 'catkin_cmake_args' from command line to 'None'
[0.699s] Level 5:colcon.colcon_core.verb:set package 'ros1_bridge' build argument 'catkin_skip_building_tests' from command line to 'False'
[0.699s] DEBUG:colcon.colcon_core.verb:Building package 'ros1_bridge' with the following arguments: {'ament_cmake_args': None, 'build_base': '/home/aaron/floribot/bridge_ws/build/ros1_bridge', 'catkin_cmake_args': None, 'catkin_skip_building_tests': False, 'cmake_args': None, 'cmake_clean_cache': False, 'cmake_clean_first': False, 'cmake_force_configure': True, 'cmake_target': None, 'cmake_target_skip_unavailable': False, 'install_base': '/home/aaron/floribot/bridge_ws/install/ros1_bridge', 'merge_install': False, 'path': '/home/aaron/floribot/bridge_ws/src/ros1_bridge', 'symlink_install': True, 'test_result_base': None}
[0.699s] INFO:colcon.colcon_core.executor:Executing jobs using 'parallel' executor
[0.701s] DEBUG:colcon.colcon_parallel_executor.executor.parallel:run_until_complete
[0.701s] INFO:colcon.colcon_ros.task.ament_cmake.build:Building ROS package in '/home/aaron/floribot/bridge_ws/src/ros1_bridge' with build type 'ament_cmake'
[0.701s] INFO:colcon.colcon_cmake.task.cmake.build:Building CMake package in '/home/aaron/floribot/bridge_ws/src/ros1_bridge'
[0.704s] INFO:colcon.colcon_core.plugin_system:Skipping extension 'colcon_core.shell.bat': Not used on non-Windows systems
[0.704s] INFO:colcon.colcon_core.shell:Skip shell extension 'powershell' for command environment: Not usable outside of PowerShell
[0.704s] DEBUG:colcon.colcon_core.shell:Skip shell extension 'dsv' for command environment
[0.707s] DEBUG:colcon.colcon_core.shell:Ignoring prefix path '/home/aaron/floribot/ros1_ws/devel'
[0.707s] DEBUG:colcon.colcon_core.shell:Ignoring prefix path '/opt/ros/noetic'
[0.719s] DEBUG:colcon.colcon_core.event_handler.log_command:Invoking command in '/home/aaron/floribot/bridge_ws/build/ros1_bridge': CMAKE_PREFIX_PATH=/home/aaron/floribot/ros2_ws/install/sick_scan_xd:/home/aaron/floribot/ros2_ws/install/floribot_simulation:/home/aaron/floribot/ros2_ws/install/base:/opt/ros/foxy:/home/aaron/floribot/ros1_ws/devel:/opt/ros/noetic /usr/bin/cmake /home/aaron/floribot/bridge_ws/src/ros1_bridge -DAMENT_CMAKE_SYMLINK_INSTALL=1 -DCMAKE_INSTALL_PREFIX=/home/aaron/floribot/bridge_ws/install/ros1_bridge
[13.771s] DEBUG:colcon.colcon_core.event_handler.log_command:Invoked command in '/home/aaron/floribot/bridge_ws/build/ros1_bridge' returned '0': CMAKE_PREFIX_PATH=/home/aaron/floribot/ros2_ws/install/sick_scan_xd:/home/aaron/floribot/ros2_ws/install/floribot_simulation:/home/aaron/floribot/ros2_ws/install/base:/opt/ros/foxy:/home/aaron/floribot/ros1_ws/devel:/opt/ros/noetic /usr/bin/cmake /home/aaron/floribot/bridge_ws/src/ros1_bridge -DAMENT_CMAKE_SYMLINK_INSTALL=1 -DCMAKE_INSTALL_PREFIX=/home/aaron/floribot/bridge_ws/install/ros1_bridge
[13.779s] DEBUG:colcon.colcon_core.event_handler.log_command:Invoking command in '/home/aaron/floribot/bridge_ws/build/ros1_bridge': CMAKE_PREFIX_PATH=/home/aaron/floribot/ros2_ws/install/sick_scan_xd:/home/aaron/floribot/ros2_ws/install/floribot_simulation:/home/aaron/floribot/ros2_ws/install/base:/opt/ros/foxy:/home/aaron/floribot/ros1_ws/devel:/opt/ros/noetic /usr/bin/cmake --build /home/aaron/floribot/bridge_ws/build/ros1_bridge -- -j4 -l4
[1209.324s] DEBUG:colcon.colcon_core.event_handler.log_command:Invoked command in '/home/aaron/floribot/bridge_ws/build/ros1_bridge' returned '0': CMAKE_PREFIX_PATH=/home/aaron/floribot/ros2_ws/install/sick_scan_xd:/home/aaron/floribot/ros2_ws/install/floribot_simulation:/home/aaron/floribot/ros2_ws/install/base:/opt/ros/foxy:/home/aaron/floribot/ros1_ws/devel:/opt/ros/noetic /usr/bin/cmake --build /home/aaron/floribot/bridge_ws/build/ros1_bridge -- -j4 -l4
[1209.349s] DEBUG:colcon.colcon_core.event_handler.log_command:Invoking command in '/home/aaron/floribot/bridge_ws/build/ros1_bridge': CMAKE_PREFIX_PATH=/home/aaron/floribot/ros2_ws/install/sick_scan_xd:/home/aaron/floribot/ros2_ws/install/floribot_simulation:/home/aaron/floribot/ros2_ws/install/base:/opt/ros/foxy:/home/aaron/floribot/ros1_ws/devel:/opt/ros/noetic /usr/bin/cmake --install /home/aaron/floribot/bridge_ws/build/ros1_bridge
[1210.081s] Level 1:colcon.colcon_core.environment:create_environment_scripts_only(ros1_bridge)
[1210.082s] DEBUG:colcon.colcon_core.event_handler.log_command:Invoked command in '/home/aaron/floribot/bridge_ws/build/ros1_bridge' returned '0': CMAKE_PREFIX_PATH=/home/aaron/floribot/ros2_ws/install/sick_scan_xd:/home/aaron/floribot/ros2_ws/install/floribot_simulation:/home/aaron/floribot/ros2_ws/install/base:/opt/ros/foxy:/home/aaron/floribot/ros1_ws/devel:/opt/ros/noetic /usr/bin/cmake --install /home/aaron/floribot/bridge_ws/build/ros1_bridge
[1210.092s] Level 1:colcon.colcon_core.environment:checking '/home/aaron/floribot/bridge_ws/install/ros1_bridge' for CMake module files
[1210.093s] Level 1:colcon.colcon_core.environment:checking '/home/aaron/floribot/bridge_ws/install/ros1_bridge' for CMake config files
[1210.093s] Level 1:colcon.colcon_core.shell:create_environment_hook('ros1_bridge', 'cmake_prefix_path')
[1210.094s] INFO:colcon.colcon_core.shell:Creating environment hook '/home/aaron/floribot/bridge_ws/install/ros1_bridge/share/ros1_bridge/hook/cmake_prefix_path.ps1'
[1210.095s] INFO:colcon.colcon_core.shell:Creating environment descriptor '/home/aaron/floribot/bridge_ws/install/ros1_bridge/share/ros1_bridge/hook/cmake_prefix_path.dsv'
[1210.096s] INFO:colcon.colcon_core.shell:Creating environment hook '/home/aaron/floribot/bridge_ws/install/ros1_bridge/share/ros1_bridge/hook/cmake_prefix_path.sh'
[1210.098s] Level 1:colcon.colcon_core.environment:checking '/home/aaron/floribot/bridge_ws/install/ros1_bridge/lib'
[1210.098s] Level 1:colcon.colcon_core.shell:create_environment_hook('ros1_bridge', 'ld_library_path_lib')
[1210.098s] INFO:colcon.colcon_core.shell:Creating environment hook '/home/aaron/floribot/bridge_ws/install/ros1_bridge/share/ros1_bridge/hook/ld_library_path_lib.ps1'
[1210.099s] INFO:colcon.colcon_core.shell:Creating environment descriptor '/home/aaron/floribot/bridge_ws/install/ros1_bridge/share/ros1_bridge/hook/ld_library_path_lib.dsv'
[1210.099s] INFO:colcon.colcon_core.shell:Creating environment hook '/home/aaron/floribot/bridge_ws/install/ros1_bridge/share/ros1_bridge/hook/ld_library_path_lib.sh'
[1210.100s] Level 1:colcon.colcon_core.environment:checking '/home/aaron/floribot/bridge_ws/install/ros1_bridge/bin'
[1210.100s] Level 1:colcon.colcon_core.environment:checking '/home/aaron/floribot/bridge_ws/install/ros1_bridge/lib/pkgconfig/ros1_bridge.pc'
[1210.100s] Level 1:colcon.colcon_core.environment:checking '/home/aaron/floribot/bridge_ws/install/ros1_bridge/lib/python3.8/site-packages'
[1210.100s] Level 1:colcon.colcon_core.shell:create_environment_hook('ros1_bridge', 'pythonpath')
[1210.101s] INFO:colcon.colcon_core.shell:Creating environment hook '/home/aaron/floribot/bridge_ws/install/ros1_bridge/share/ros1_bridge/hook/pythonpath.ps1'
[1210.101s] INFO:colcon.colcon_core.shell:Creating environment descriptor '/home/aaron/floribot/bridge_ws/install/ros1_bridge/share/ros1_bridge/hook/pythonpath.dsv'
[1210.101s] INFO:colcon.colcon_core.shell:Creating environment hook '/home/aaron/floribot/bridge_ws/install/ros1_bridge/share/ros1_bridge/hook/pythonpath.sh'
[1210.102s] Level 1:colcon.colcon_core.environment:checking '/home/aaron/floribot/bridge_ws/install/ros1_bridge/bin'
[1210.102s] INFO:colcon.colcon_core.shell:Creating package script '/home/aaron/floribot/bridge_ws/install/ros1_bridge/share/ros1_bridge/package.ps1'
[1210.104s] INFO:colcon.colcon_core.shell:Creating package descriptor '/home/aaron/floribot/bridge_ws/install/ros1_bridge/share/ros1_bridge/package.dsv'
[1210.105s] INFO:colcon.colcon_core.shell:Creating package script '/home/aaron/floribot/bridge_ws/install/ros1_bridge/share/ros1_bridge/package.sh'
[1210.106s] INFO:colcon.colcon_core.shell:Creating package script '/home/aaron/floribot/bridge_ws/install/ros1_bridge/share/ros1_bridge/package.bash'
[1210.107s] INFO:colcon.colcon_core.shell:Creating package script '/home/aaron/floribot/bridge_ws/install/ros1_bridge/share/ros1_bridge/package.zsh'
[1210.109s] Level 1:colcon.colcon_core.environment:create_file_with_runtime_dependencies(/home/aaron/floribot/bridge_ws/install/ros1_bridge/share/colcon-core/packages/ros1_bridge)
[1210.110s] Level 1:colcon.colcon_core.environment:create_environment_scripts_only(ros1_bridge)
[1210.111s] Level 1:colcon.colcon_core.environment:checking '/home/aaron/floribot/bridge_ws/install/ros1_bridge' for CMake module files
[1210.111s] Level 1:colcon.colcon_core.environment:checking '/home/aaron/floribot/bridge_ws/install/ros1_bridge' for CMake config files
[1210.112s] Level 1:colcon.colcon_core.shell:create_environment_hook('ros1_bridge', 'cmake_prefix_path')
[1210.112s] INFO:colcon.colcon_core.shell:Creating environment hook '/home/aaron/floribot/bridge_ws/install/ros1_bridge/share/ros1_bridge/hook/cmake_prefix_path.ps1'
[1210.113s] INFO:colcon.colcon_core.shell:Creating environment descriptor '/home/aaron/floribot/bridge_ws/install/ros1_bridge/share/ros1_bridge/hook/cmake_prefix_path.dsv'
[1210.113s] INFO:colcon.colcon_core.shell:Creating environment hook '/home/aaron/floribot/bridge_ws/install/ros1_bridge/share/ros1_bridge/hook/cmake_prefix_path.sh'
[1210.114s] Level 1:colcon.colcon_core.environment:checking '/home/aaron/floribot/bridge_ws/install/ros1_bridge/lib'
[1210.114s] Level 1:colcon.colcon_core.shell:create_environment_hook('ros1_bridge', 'ld_library_path_lib')
[1210.114s] INFO:colcon.colcon_core.shell:Creating environment hook '/home/aaron/floribot/bridge_ws/install/ros1_bridge/share/ros1_bridge/hook/ld_library_path_lib.ps1'
[1210.115s] INFO:colcon.colcon_core.shell:Creating environment descriptor '/home/aaron/floribot/bridge_ws/install/ros1_bridge/share/ros1_bridge/hook/ld_library_path_lib.dsv'
[1210.116s] INFO:colcon.colcon_core.shell:Creating environment hook '/home/aaron/floribot/bridge_ws/install/ros1_bridge/share/ros1_bridge/hook/ld_library_path_lib.sh'
[1210.116s] Level 1:colcon.colcon_core.environment:checking '/home/aaron/floribot/bridge_ws/install/ros1_bridge/bin'
[1210.116s] Level 1:colcon.colcon_core.environment:checking '/home/aaron/floribot/bridge_ws/install/ros1_bridge/lib/pkgconfig/ros1_bridge.pc'
[1210.117s] Level 1:colcon.colcon_core.environment:checking '/home/aaron/floribot/bridge_ws/install/ros1_bridge/lib/python3.8/site-packages'
[1210.117s] Level 1:colcon.colcon_core.shell:create_environment_hook('ros1_bridge', 'pythonpath')
[1210.117s] INFO:colcon.colcon_core.shell:Creating environment hook '/home/aaron/floribot/bridge_ws/install/ros1_bridge/share/ros1_bridge/hook/pythonpath.ps1'
[1210.117s] INFO:colcon.colcon_core.shell:Creating environment descriptor '/home/aaron/floribot/bridge_ws/install/ros1_bridge/share/ros1_bridge/hook/pythonpath.dsv'
[1210.118s] INFO:colcon.colcon_core.shell:Creating environment hook '/home/aaron/floribot/bridge_ws/install/ros1_bridge/share/ros1_bridge/hook/pythonpath.sh'
[1210.118s] Level 1:colcon.colcon_core.environment:checking '/home/aaron/floribot/bridge_ws/install/ros1_bridge/bin'
[1210.119s] INFO:colcon.colcon_core.shell:Creating package script '/home/aaron/floribot/bridge_ws/install/ros1_bridge/share/ros1_bridge/package.ps1'
[1210.120s] INFO:colcon.colcon_core.shell:Creating package descriptor '/home/aaron/floribot/bridge_ws/install/ros1_bridge/share/ros1_bridge/package.dsv'
[1210.120s] INFO:colcon.colcon_core.shell:Creating package script '/home/aaron/floribot/bridge_ws/install/ros1_bridge/share/ros1_bridge/package.sh'
[1210.121s] INFO:colcon.colcon_core.shell:Creating package script '/home/aaron/floribot/bridge_ws/install/ros1_bridge/share/ros1_bridge/package.bash'
[1210.122s] INFO:colcon.colcon_core.shell:Creating package script '/home/aaron/floribot/bridge_ws/install/ros1_bridge/share/ros1_bridge/package.zsh'
[1210.122s] Level 1:colcon.colcon_core.environment:create_file_with_runtime_dependencies(/home/aaron/floribot/bridge_ws/install/ros1_bridge/share/colcon-core/packages/ros1_bridge)
[1210.122s] DEBUG:colcon.colcon_parallel_executor.executor.parallel:closing loop
[1210.123s] DEBUG:colcon.colcon_parallel_executor.executor.parallel:loop closed
[1210.124s] DEBUG:colcon.colcon_parallel_executor.executor.parallel:run_until_complete finished with '0'
[1210.124s] DEBUG:colcon.colcon_core.event_reactor:joining thread
[1210.143s] INFO:colcon.colcon_core.plugin_system:Skipping extension 'colcon_notification.desktop_notification.terminal_notifier': Not used on non-Darwin systems
[1210.143s] INFO:colcon.colcon_core.plugin_system:Skipping extension 'colcon_notification.desktop_notification.win32': Not used on non-Windows systems
[1210.143s] INFO:colcon.colcon_notification.desktop_notification:Sending desktop notification using 'notify2'
[1210.179s] DEBUG:colcon.colcon_core.event_reactor:joined thread
[1210.180s] INFO:colcon.colcon_core.shell:Creating prefix script '/home/aaron/floribot/bridge_ws/install/local_setup.ps1'
[1210.182s] INFO:colcon.colcon_core.shell:Creating prefix util module '/home/aaron/floribot/bridge_ws/install/_local_setup_util_ps1.py'
[1210.187s] INFO:colcon.colcon_core.shell:Creating prefix chain script '/home/aaron/floribot/bridge_ws/install/setup.ps1'
[1210.195s] INFO:colcon.colcon_core.shell:Creating prefix script '/home/aaron/floribot/bridge_ws/install/local_setup.sh'
[1210.197s] INFO:colcon.colcon_core.shell:Creating prefix util module '/home/aaron/floribot/bridge_ws/install/_local_setup_util_sh.py'
[1210.198s] INFO:colcon.colcon_core.shell:Creating prefix chain script '/home/aaron/floribot/bridge_ws/install/setup.sh'
[1210.201s] INFO:colcon.colcon_core.shell:Creating prefix script '/home/aaron/floribot/bridge_ws/install/local_setup.bash'
[1210.204s] INFO:colcon.colcon_core.shell:Creating prefix chain script '/home/aaron/floribot/bridge_ws/install/setup.bash'
[1210.207s] INFO:colcon.colcon_core.shell:Creating prefix script '/home/aaron/floribot/bridge_ws/install/local_setup.zsh'
[1210.209s] INFO:colcon.colcon_core.shell:Creating prefix chain script '/home/aaron/floribot/bridge_ws/install/setup.zsh'
