[0.016s] Invoking command in '/home/aaron/floribot/bridge_ws/build/ros1_bridge': CMAKE_PREFIX_PATH=/home/aaron/floribot/ros2_ws/install/sick_scan_xd:/home/aaron/floribot/ros2_ws/install/floribot_simulation:/home/aaron/floribot/ros2_ws/install/base:/home/aaron/floribot/ros2_ws/install/scan_tools:/opt/ros/foxy:/home/aaron/floribot/ros1_ws/devel:/opt/ros/noetic /usr/bin/cmake /home/aaron/floribot/bridge_ws/src/ros1_bridge -DCMAKE_INSTALL_PREFIX=/home/aaron/floribot/bridge_ws/install/ros1_bridge
[0.340s] -- The C compiler identification is GNU 9.4.0
[0.603s] -- The CXX compiler identification is GNU 9.4.0
[0.614s] -- Check for working C compiler: /usr/bin/cc
[0.716s] -- Check for working C compiler: /usr/bin/cc -- works
[0.718s] -- Detecting C compiler ABI info
[0.844s] -- Detecting C compiler ABI info - done
[0.859s] -- Detecting C compile features
[0.860s] -- Detecting C compile features - done
[0.864s] -- Check for working CXX compiler: /usr/bin/c++
[0.980s] -- Check for working CXX compiler: /usr/bin/c++ -- works
[0.981s] -- Detecting CXX compiler ABI info
[1.098s] -- Detecting CXX compiler ABI info - done
[1.113s] -- Detecting CXX compile features
[1.114s] -- Detecting CXX compile features - done
[1.118s] -- Found rmw: 1.0.4 (/opt/ros/foxy/share/rmw/cmake)
[1.167s] -- Found PythonInterp: /usr/bin/python3 (found suitable version "3.8.10", minimum required is "3") 
[1.168s] -- Using PYTHON_EXECUTABLE: /usr/bin/python3
[1.541s] -- Found rclcpp: 2.4.3 (/opt/ros/foxy/share/rclcpp/cmake)
[1.593s] -- Using all available rosidl_typesupport_c: rosidl_typesupport_fastrtps_c;rosidl_typesupport_introspection_c
[1.606s] -- Found rosidl_adapter: 1.3.1 (/opt/ros/foxy/share/rosidl_adapter/cmake)
[1.765s] -- Found OpenSSL: /usr/lib/x86_64-linux-gnu/libcrypto.so (found version "1.1.1f")  
[1.808s] -- Found FastRTPS: /opt/ros/foxy/include  
[1.921s] -- Using all available rosidl_typesupport_cpp: rosidl_typesupport_fastrtps_cpp;rosidl_typesupport_introspection_cpp
[2.015s] -- Found rmw_implementation_cmake: 1.0.4 (/opt/ros/foxy/share/rmw_implementation_cmake/cmake)
[2.019s] -- Using RMW implementation 'rmw_fastrtps_cpp' as default
[2.022s] -- Looking for pthread.h
[2.138s] -- Looking for pthread.h - found
[2.138s] -- Performing Test CMAKE_HAVE_LIBC_PTHREAD
[2.247s] -- Performing Test CMAKE_HAVE_LIBC_PTHREAD - Failed
[2.247s] -- Looking for pthread_create in pthreads
[2.335s] -- Looking for pthread_create in pthreads - not found
[2.336s] -- Looking for pthread_create in pthread
[2.438s] -- Looking for pthread_create in pthread - found
[2.440s] -- Found Threads: TRUE  
[2.679s] -- Found PkgConfig: /usr/bin/pkg-config (found version "0.29.1") 
[2.686s] -- Checking for module 'roscpp'
[2.719s] --   Found roscpp, version 1.17.0
[2.812s] -- Checking for module 'std_msgs'
[2.843s] --   Found std_msgs, version 0.5.13
[3.583s] -- Checking for module 'actionlib'
[3.615s] --   Found actionlib, version 1.14.0
[3.708s] -- Checking for module 'actionlib_msgs'
[3.739s] --   Found actionlib_msgs, version 1.13.1
[3.827s] -- Checking for module 'actionlib_tutorials'
[3.859s] --   Found actionlib_tutorials, version 0.2.0
[3.955s] -- Checking for module 'base'
[3.988s] --   Found base, version 0.0.0
[4.086s] -- Checking for module 'base2gazebo'
[4.118s] --   Found base2gazebo, version 0.0.0
[4.206s] -- Checking for module 'baumer_radar_msgs'
[4.238s] --   Found baumer_radar_msgs, version 0.0.0
[4.323s] -- Checking for module 'bond'
[4.355s] --   Found bond, version 1.8.6
[4.442s] -- Checking for module 'can_msgs'
[4.474s] --   Found can_msgs, version 0.8.5
[4.562s] -- Checking for module 'control_msgs'
[4.594s] --   Found control_msgs, version 1.5.2
[4.685s] -- Checking for module 'controller_manager_msgs'
[4.716s] --   Found controller_manager_msgs, version 0.20.0
[4.804s] -- Checking for module 'diagnostic_msgs'
[4.836s] --   Found diagnostic_msgs, version 1.13.1
[4.924s] -- Checking for module 'dynamic_reconfigure'
[4.957s] --   Found dynamic_reconfigure, version 1.7.3
[5.045s] -- Checking for module 'gazebo_msgs'
[5.077s] --   Found gazebo_msgs, version 2.9.2
[5.167s] -- Checking for module 'geometry_msgs'
[5.199s] --   Found geometry_msgs, version 1.13.1
[5.288s] -- Checking for module 'map_msgs'
[5.320s] --   Found map_msgs, version 1.14.1
[5.411s] -- Checking for module 'move_base_msgs'
[5.442s] --   Found move_base_msgs, version 1.14.1
[5.533s] -- Checking for module 'nav_msgs'
[5.565s] --   Found nav_msgs, version 1.13.1
[5.654s] -- Checking for module 'pcl_msgs'
[5.687s] --   Found pcl_msgs, version 0.3.0
[5.776s] -- Checking for module 'realsense2_camera'
[5.812s] --   Found realsense2_camera, version 2.3.2
[5.935s] -- Checking for module 'rosgraph_msgs'
[5.968s] --   Found rosgraph_msgs, version 1.11.3
[6.057s] -- Checking for module 'rospy_tutorials'
[6.089s] --   Found rospy_tutorials, version 0.10.2
[6.179s] -- Checking for module 'sensor_msgs'
[6.210s] --   Found sensor_msgs, version 1.13.1
[6.300s] -- Checking for module 'shape_msgs'
[6.332s] --   Found shape_msgs, version 1.13.1
[6.422s] -- Checking for module 'sick_scan'
[6.463s] --   Found sick_scan, version 1.7.8
[6.613s] -- Checking for module 'smach_msgs'
[6.646s] --   Found smach_msgs, version 2.5.2
[6.741s] -- Checking for module 'stereo_msgs'
[6.775s] --   Found stereo_msgs, version 1.13.1
[6.865s] -- Checking for module 'tf'
[6.897s] --   Found tf, version 1.13.2
[7.005s] -- Checking for module 'tf2_msgs'
[7.036s] --   Found tf2_msgs, version 0.7.7
[7.129s] -- Checking for module 'theora_image_transport'
[7.161s] --   Found theora_image_transport, version 1.15.0
[7.251s] -- Checking for module 'trajectory_msgs'
[7.283s] --   Found trajectory_msgs, version 1.13.1
[7.372s] -- Checking for module 'turtle_actionlib'
[7.404s] --   Found turtle_actionlib, version 0.2.0
[7.490s] -- Checking for module 'turtlesim'
[7.522s] --   Found turtlesim, version 0.10.2
[7.611s] -- Checking for module 'visualization_msgs'
[7.644s] --   Found visualization_msgs, version 1.13.1
[7.734s] -- Checking for module 'control_toolbox'
[7.768s] --   Found control_toolbox, version 1.19.0
[7.869s] -- Checking for module 'laser_assembler'
[7.903s] --   Found laser_assembler, version 1.7.8
[8.024s] -- Checking for module 'polled_camera'
[8.058s] --   Found polled_camera, version 1.12.0
[8.163s] -- Checking for module 'roscpp_tutorials'
[8.195s] --   Found roscpp_tutorials, version 0.10.2
[8.286s] -- Checking for module 'rviz'
[8.321s] --   Found rviz, version 1.14.25
[8.452s] -- Checking for module 'std_srvs'
[8.484s] --   Found std_srvs, version 1.11.3
[8.573s] -- Checking for module 'topic_tools'
[8.605s] --   Found topic_tools, version 1.17.0
[8.697s] -- Found ament_lint_auto: 0.9.8 (/opt/ros/foxy/share/ament_lint_auto/cmake)
[8.701s] -- Found diagnostic_msgs: 2.0.5 (/opt/ros/foxy/share/diagnostic_msgs/cmake)
[8.774s] -- Checking for module 'roslaunch'
[8.807s] --   Found roslaunch, version 1.17.0
[9.042s] -- Found python_cmake_module: 0.8.1 (/opt/ros/foxy/share/python_cmake_module/cmake)
[9.080s] -- Found PythonInterp: /usr/bin/python3 (found suitable version "3.8.10", minimum required is "3.5") 
[9.090s] -- Found PythonLibs: /usr/lib/x86_64-linux-gnu/libpython3.8.so (found suitable version "3.8.10", minimum required is "3.5") 
[9.090s] -- Using PYTHON_EXECUTABLE: /usr/bin/python3
[9.090s] -- Using PYTHON_INCLUDE_DIRS: /usr/include/python3.8
[9.090s] -- Using PYTHON_LIBRARIES: /usr/lib/x86_64-linux-gnu/libpython3.8.so
[9.127s] -- Found PythonExtra: .so  
[9.209s] -- Added test 'copyright' to check source files copyright and LICENSE
[9.219s] -- Added test 'cppcheck' to perform static code analysis on C / C++ code
[9.219s] -- Configured cppcheck include dirs: 
[9.220s] -- Configured cppcheck exclude dirs and/or files: 
[9.227s] -- Added test 'cpplint' to check C / C++ code against the Google style
[9.227s] -- Configured cpplint exclude dirs and/or files: 
[9.229s] -- Added test 'flake8' to check Python code syntax and style conventions
[9.232s] -- Added test 'lint_cmake' to check CMake code style
[9.234s] -- Added test 'pep257' to check Python code against some of the style conventions in PEP 257
[9.241s] -- Added test 'uncrustify' to check C / C++ code style
[9.241s] -- Configured uncrustify additional arguments: 
[9.243s] -- Added test 'xmllint' to check XML markup files
[9.789s] -- Found sick_scan_xd: 3.6.0 (/home/aaron/floribot/ros2_ws/install/sick_scan_xd/share/sick_scan_xd/cmake)
[9.839s] -- Found base: 0.0.0 (/home/aaron/floribot/ros2_ws/install/base/share/base/cmake)
[9.904s] -- Found action_msgs: 1.0.0 (/opt/ros/foxy/share/action_msgs/cmake)
[9.983s] -- Found action_tutorials_interfaces: 0.9.4 (/opt/ros/foxy/share/action_tutorials_interfaces/cmake)
[10.037s] -- Found actionlib_msgs: 2.0.5 (/opt/ros/foxy/share/actionlib_msgs/cmake)
[10.038s] -- Found builtin_interfaces: 1.0.0 (/opt/ros/foxy/share/builtin_interfaces/cmake)
[10.092s] -- Found composition_interfaces: 1.0.0 (/opt/ros/foxy/share/composition_interfaces/cmake)
[10.523s] -- Found control_msgs: 2.5.1 (/opt/ros/foxy/share/control_msgs/cmake)
[10.523s] -- Found diagnostic_msgs: 2.0.5 (/opt/ros/foxy/share/diagnostic_msgs/cmake)
[10.609s] -- Found example_interfaces: 0.9.1 (/opt/ros/foxy/share/example_interfaces/cmake)
[10.788s] -- Found gazebo_msgs: 3.5.3 (/opt/ros/foxy/share/gazebo_msgs/cmake)
[10.789s] -- Found geometry_msgs: 2.0.5 (/opt/ros/foxy/share/geometry_msgs/cmake)
[10.790s] -- Found libstatistics_collector: 1.0.2 (/opt/ros/foxy/share/libstatistics_collector/cmake)
[10.810s] -- Found lifecycle_msgs: 1.0.0 (/opt/ros/foxy/share/lifecycle_msgs/cmake)
[10.826s] -- Found logging_demo: 0.9.4 (/opt/ros/foxy/share/logging_demo/cmake)
[11.064s] -- Found map_msgs: 2.0.2 (/opt/ros/foxy/share/map_msgs/cmake)
[11.064s] -- Found nav_msgs: 2.0.5 (/opt/ros/foxy/share/nav_msgs/cmake)
[11.227s] -- Found pcl_msgs: 1.0.0 (/opt/ros/foxy/share/pcl_msgs/cmake)
[11.254s] -- Found pendulum_msgs: 0.9.4 (/opt/ros/foxy/share/pendulum_msgs/cmake)
[11.254s] -- Found rcl_interfaces: 1.0.0 (/opt/ros/foxy/share/rcl_interfaces/cmake)
[11.278s] -- Found rmw_dds_common: 1.0.3 (/opt/ros/foxy/share/rmw_dds_common/cmake)
[11.278s] -- Found rosgraph_msgs: 1.0.0 (/opt/ros/foxy/share/rosgraph_msgs/cmake)
[11.279s] -- Found sensor_msgs: 2.0.5 (/opt/ros/foxy/share/sensor_msgs/cmake)
[11.372s] -- Found shape_msgs: 2.0.5 (/opt/ros/foxy/share/shape_msgs/cmake)
[11.372s] -- Found statistics_msgs: 1.0.0 (/opt/ros/foxy/share/statistics_msgs/cmake)
[11.373s] -- Found std_msgs: 2.0.5 (/opt/ros/foxy/share/std_msgs/cmake)
[11.393s] -- Found std_srvs: 2.0.5 (/opt/ros/foxy/share/std_srvs/cmake)
[11.556s] -- Found stereo_msgs: 2.0.5 (/opt/ros/foxy/share/stereo_msgs/cmake)
[11.752s] -- Found tf2_msgs: 0.13.14 (/opt/ros/foxy/share/tf2_msgs/cmake)
[11.753s] -- Found trajectory_msgs: 2.0.5 (/opt/ros/foxy/share/trajectory_msgs/cmake)
[11.833s] -- Found turtlesim: 1.2.6 (/opt/ros/foxy/share/turtlesim/cmake)
[11.834s] -- Found unique_identifier_msgs: 2.1.3 (/opt/ros/foxy/share/unique_identifier_msgs/cmake)
[11.937s] -- Found visualization_msgs: 2.0.5 (/opt/ros/foxy/share/visualization_msgs/cmake)
[12.473s] -- Configuring done
[13.281s] -- Generating done
[13.511s] -- Build files have been written to: /home/aaron/floribot/bridge_ws/build/ros1_bridge
[13.532s] Invoked command in '/home/aaron/floribot/bridge_ws/build/ros1_bridge' returned '0': CMAKE_PREFIX_PATH=/home/aaron/floribot/ros2_ws/install/sick_scan_xd:/home/aaron/floribot/ros2_ws/install/floribot_simulation:/home/aaron/floribot/ros2_ws/install/base:/home/aaron/floribot/ros2_ws/install/scan_tools:/opt/ros/foxy:/home/aaron/floribot/ros1_ws/devel:/opt/ros/noetic /usr/bin/cmake /home/aaron/floribot/bridge_ws/src/ros1_bridge -DCMAKE_INSTALL_PREFIX=/home/aaron/floribot/bridge_ws/install/ros1_bridge
[13.537s] Invoking command in '/home/aaron/floribot/bridge_ws/build/ros1_bridge': CMAKE_PREFIX_PATH=/home/aaron/floribot/ros2_ws/install/sick_scan_xd:/home/aaron/floribot/ros2_ws/install/floribot_simulation:/home/aaron/floribot/ros2_ws/install/base:/home/aaron/floribot/ros2_ws/install/scan_tools:/opt/ros/foxy:/home/aaron/floribot/ros1_ws/devel:/opt/ros/noetic /usr/bin/cmake --build /home/aaron/floribot/bridge_ws/build/ros1_bridge -- -j4 -l4
[13.647s] [35m[1mScanning dependencies of target test_ros1_server[0m
[13.648s] [35m[1mScanning dependencies of target test_ros1_client[0m
[13.648s] [35m[1mScanning dependencies of target simple_bridge_1_to_2[0m
[13.649s] [35m[1mScanning dependencies of target simple_bridge_2_to_1[0m
[13.700s] [  1%] [32mBuilding CXX object CMakeFiles/test_ros1_client.dir/test/test_ros1_client.cpp.o[0m
[13.708s] [  1%] [32mBuilding CXX object CMakeFiles/test_ros1_server.dir/test/test_ros1_server.cpp.o[0m
[13.829s] [  1%] [32mBuilding CXX object CMakeFiles/simple_bridge_1_to_2.dir/src/simple_bridge_1_to_2.cpp.o[0m
[13.840s] [  2%] [32mBuilding CXX object CMakeFiles/simple_bridge_2_to_1.dir/src/simple_bridge_2_to_1.cpp.o[0m
[18.348s] [  2%] [32m[1mLinking CXX executable test_ros1_client[0m
[18.496s] [  2%] [32m[1mLinking CXX executable test_ros1_server[0m
[18.655s] [  2%] Built target test_ros1_client
[18.701s] [  2%] [34m[1mGenerating factories for interface types[0m
[18.820s] [  2%] Built target test_ros1_server
[18.844s] [35m[1mScanning dependencies of target test_ros2_server_cpp[0m
[18.949s] [  2%] [32mBuilding CXX object CMakeFiles/test_ros2_server_cpp.dir/test/test_ros2_server.cpp.o[0m
[23.272s] [  3%] [32m[1mLinking CXX executable test_ros2_server_cpp[0m
[23.483s] [  3%] [32m[1mLinking CXX executable simple_bridge_1_to_2[0m
[23.646s] [  3%] Built target test_ros2_server_cpp
[23.675s] [35m[1mScanning dependencies of target simple_bridge[0m
[23.789s] [  3%] [32mBuilding CXX object CMakeFiles/simple_bridge.dir/src/simple_bridge.cpp.o[0m
[24.081s] [  3%] Built target simple_bridge_1_to_2
[24.105s] [35m[1mScanning dependencies of target test_ros2_client_cpp[0m
[24.206s] [  4%] [32mBuilding CXX object CMakeFiles/test_ros2_client_cpp.dir/test/test_ros2_client.cpp.o[0m
[27.225s] [  4%] [32m[1mLinking CXX executable simple_bridge_2_to_1[0m
[27.988s] [  4%] Built target simple_bridge_2_to_1
[29.205s] [  4%] [32m[1mLinking CXX executable test_ros2_client_cpp[0m
[29.450s] [  4%] Built target test_ros2_client_cpp
[35.913s] [  5%] [32m[1mLinking CXX executable simple_bridge[0m
[36.507s] [  5%] Built target simple_bridge
[40.929s] [35m[1mScanning dependencies of target ros1_bridge[0m
[45.311s] [  5%] [32mBuilding CXX object CMakeFiles/ros1_bridge.dir/src/convert_builtin_interfaces.cpp.o[0m
[45.311s] [  5%] [32mBuilding CXX object CMakeFiles/ros1_bridge.dir/src/builtin_interfaces_factories.cpp.o[0m
[45.313s] [  6%] [32mBuilding CXX object CMakeFiles/ros1_bridge.dir/src/bridge.cpp.o[0m
[45.339s] [  6%] [32mBuilding CXX object CMakeFiles/ros1_bridge.dir/generated/get_factory.cpp.o[0m
[46.835s] [  6%] [32mBuilding CXX object CMakeFiles/ros1_bridge.dir/generated/get_mappings.cpp.o[0m
[47.980s] [  6%] [32mBuilding CXX object CMakeFiles/ros1_bridge.dir/generated/sick_scan_xd_factories.cpp.o[0m
[51.338s] [  7%] [32mBuilding CXX object CMakeFiles/ros1_bridge.dir/generated/sick_scan_xd__msg__Encoder__factories.cpp.o[0m
[54.945s] [  7%] [32mBuilding CXX object CMakeFiles/ros1_bridge.dir/generated/sick_scan_xd__msg__ImuExtended__factories.cpp.o[0m
[55.621s] [  7%] [32mBuilding CXX object CMakeFiles/ros1_bridge.dir/generated/sick_scan_xd__msg__LFErecFieldMsg__factories.cpp.o[0m
[58.271s] [  8%] [32mBuilding CXX object CMakeFiles/ros1_bridge.dir/generated/sick_scan_xd__msg__LFErecMsg__factories.cpp.o[0m
[62.140s] [  8%] [32mBuilding CXX object CMakeFiles/ros1_bridge.dir/generated/sick_scan_xd__msg__LIDinputstateMsg__factories.cpp.o[0m
[62.819s] [  8%] [32mBuilding CXX object CMakeFiles/ros1_bridge.dir/generated/sick_scan_xd__msg__LIDoutputstateMsg__factories.cpp.o[0m
[64.224s] [  8%] [32mBuilding CXX object CMakeFiles/ros1_bridge.dir/generated/sick_scan_xd__msg__NAVLandmarkData__factories.cpp.o[0m
[65.221s] [  9%] [32mBuilding CXX object CMakeFiles/ros1_bridge.dir/generated/sick_scan_xd__msg__NAVOdomVelocity__factories.cpp.o[0m
[68.894s] [  9%] [32mBuilding CXX object CMakeFiles/ros1_bridge.dir/generated/sick_scan_xd__msg__NAVPoseData__factories.cpp.o[0m
[69.687s] [  9%] [32mBuilding CXX object CMakeFiles/ros1_bridge.dir/generated/sick_scan_xd__msg__NAVReflectorData__factories.cpp.o[0m
[70.949s] [  9%] [32mBuilding CXX object CMakeFiles/ros1_bridge.dir/generated/sick_scan_xd__msg__RadarObject__factories.cpp.o[0m
[72.041s] [ 10%] [32mBuilding CXX object CMakeFiles/ros1_bridge.dir/generated/sick_scan_xd__msg__RadarPreHeader__factories.cpp.o[0m
[75.661s] [ 10%] [32mBuilding CXX object CMakeFiles/ros1_bridge.dir/generated/sick_scan_xd__msg__RadarPreHeaderDeviceBlock__factories.cpp.o[0m
[76.503s] [ 10%] [32mBuilding CXX object CMakeFiles/ros1_bridge.dir/generated/sick_scan_xd__msg__RadarPreHeaderEncoderBlock__factories.cpp.o[0m
[77.655s] [ 11%] [32mBuilding CXX object CMakeFiles/ros1_bridge.dir/generated/sick_scan_xd__msg__RadarPreHeaderMeasurementParam1Block__factories.cpp.o[0m
[78.858s] [ 11%] [32mBuilding CXX object CMakeFiles/ros1_bridge.dir/generated/sick_scan_xd__msg__RadarPreHeaderStatusBlock__factories.cpp.o[0m
[82.407s] [ 11%] [32mBuilding CXX object CMakeFiles/ros1_bridge.dir/generated/sick_scan_xd__msg__RadarScan__factories.cpp.o[0m
[83.347s] [ 11%] [32mBuilding CXX object CMakeFiles/ros1_bridge.dir/generated/sick_scan_xd__msg__SickImu__factories.cpp.o[0m
[84.364s] [ 12%] [32mBuilding CXX object CMakeFiles/ros1_bridge.dir/generated/sick_scan_xd__msg__SickLdmrsObject__factories.cpp.o[0m
[85.613s] [ 12%] [32mBuilding CXX object CMakeFiles/ros1_bridge.dir/generated/sick_scan_xd__msg__SickLdmrsObjectArray__factories.cpp.o[0m
[89.348s] [ 12%] [32mBuilding CXX object CMakeFiles/ros1_bridge.dir/generated/sick_scan_xd__srv__ColaMsgSrv__factories.cpp.o[0m
[90.502s] [ 12%] [32mBuilding CXX object CMakeFiles/ros1_bridge.dir/generated/sick_scan_xd__srv__ECRChangeArrSrv__factories.cpp.o[0m
[91.620s] [ 13%] [32mBuilding CXX object CMakeFiles/ros1_bridge.dir/generated/sick_scan_xd__srv__FieldSetReadSrv__factories.cpp.o[0m
[92.852s] [ 13%] [32mBuilding CXX object CMakeFiles/ros1_bridge.dir/generated/sick_scan_xd__srv__FieldSetWriteSrv__factories.cpp.o[0m
[96.235s] [ 13%] [32mBuilding CXX object CMakeFiles/ros1_bridge.dir/generated/sick_scan_xd__srv__GetContaminationResultSrv__factories.cpp.o[0m
[97.407s] [ 13%] [32mBuilding CXX object CMakeFiles/ros1_bridge.dir/generated/sick_scan_xd__srv__LIDoutputstateSrv__factories.cpp.o[0m
[98.368s] [ 14%] [32mBuilding CXX object CMakeFiles/ros1_bridge.dir/generated/sick_scan_xd__srv__SCdevicestateSrv__factories.cpp.o[0m
[99.626s] [ 14%] [32mBuilding CXX object CMakeFiles/ros1_bridge.dir/generated/sick_scan_xd__srv__SCrebootSrv__factories.cpp.o[0m
[103.165s] [ 14%] [32mBuilding CXX object CMakeFiles/ros1_bridge.dir/generated/sick_scan_xd__srv__SCsoftresetSrv__factories.cpp.o[0m
[104.242s] [ 15%] [32mBuilding CXX object CMakeFiles/ros1_bridge.dir/generated/sick_scan_xd__srv__SickScanExitSrv__factories.cpp.o[0m
[105.118s] [ 15%] [32mBuilding CXX object CMakeFiles/ros1_bridge.dir/generated/base_factories.cpp.o[0m
[106.427s] [ 15%] [32mBuilding CXX object CMakeFiles/ros1_bridge.dir/generated/base__msg__Wheels__factories.cpp.o[0m
[110.063s] [ 15%] [32mBuilding CXX object CMakeFiles/ros1_bridge.dir/generated/base__msg__Angle__factories.cpp.o[0m
[111.086s] [ 16%] [32mBuilding CXX object CMakeFiles/ros1_bridge.dir/generated/action_msgs_factories.cpp.o[0m
[111.918s] [ 16%] [32mBuilding CXX object CMakeFiles/ros1_bridge.dir/generated/action_msgs__msg__GoalInfo__factories.cpp.o[0m
[117.940s] [ 16%] [32mBuilding CXX object CMakeFiles/ros1_bridge.dir/generated/action_msgs__msg__GoalStatus__factories.cpp.o[0m
[118.524s] [ 16%] [32mBuilding CXX object CMakeFiles/ros1_bridge.dir/generated/action_msgs__msg__GoalStatusArray__factories.cpp.o[0m
[121.184s] [ 17%] [32mBuilding CXX object CMakeFiles/ros1_bridge.dir/generated/action_msgs__srv__CancelGoal__factories.cpp.o[0m
[124.696s] [ 17%] [32mBuilding CXX object CMakeFiles/ros1_bridge.dir/generated/action_tutorials_interfaces_factories.cpp.o[0m
[125.153s] [ 17%] [32mBuilding CXX object CMakeFiles/ros1_bridge.dir/generated/actionlib_msgs_factories.cpp.o[0m
[125.359s] [ 18%] [32mBuilding CXX object CMakeFiles/ros1_bridge.dir/generated/actionlib_msgs__msg__GoalID__factories.cpp.o[0m
[128.032s] [ 18%] [32mBuilding CXX object CMakeFiles/ros1_bridge.dir/generated/actionlib_msgs__msg__GoalStatus__factories.cpp.o[0m
[131.541s] [ 18%] [32mBuilding CXX object CMakeFiles/ros1_bridge.dir/generated/actionlib_msgs__msg__GoalStatusArray__factories.cpp.o[0m
[132.204s] [ 18%] [32mBuilding CXX object CMakeFiles/ros1_bridge.dir/generated/composition_interfaces_factories.cpp.o[0m
[139.276s] [ 19%] [32mBuilding CXX object CMakeFiles/ros1_bridge.dir/generated/composition_interfaces__srv__LoadNode__factories.cpp.o[0m
[139.788s] [ 19%] [32mBuilding CXX object CMakeFiles/ros1_bridge.dir/generated/composition_interfaces__srv__ListNodes__factories.cpp.o[0m
[146.183s] [ 20%] [32mBuilding CXX object CMakeFiles/ros1_bridge.dir/generated/control_msgs__msg__DynamicJointState__factories.cpp.o[0m
[147.199s] [ 20%] [32mBuilding CXX object CMakeFiles/ros1_bridge.dir/generated/control_msgs__msg__GripperCommand__factories.cpp.o[0m
[148.219s] [ 20%] [32mBuilding CXX object CMakeFiles/ros1_bridge.dir/generated/control_msgs_factories.cpp.o[0m
[149.241s] [ 20%] [32mBuilding CXX object CMakeFiles/ros1_bridge.dir/generated/composition_interfaces__srv__UnloadNode__factories.cpp.o[0m
[151.128s] [ 20%] [32mBuilding CXX object CMakeFiles/ros1_bridge.dir/generated/control_msgs__msg__InterfaceValue__factories.cpp.o[0m
[155.086s] [ 20%] [32mBuilding CXX object CMakeFiles/ros1_bridge.dir/generated/control_msgs__msg__JointControllerState__factories.cpp.o[0m
[156.107s] [ 21%] [32mBuilding CXX object CMakeFiles/ros1_bridge.dir/generated/control_msgs__msg__JointJog__factories.cpp.o[0m
[157.865s] [ 21%] [32mBuilding CXX object CMakeFiles/ros1_bridge.dir/generated/control_msgs__msg__JointTolerance__factories.cpp.o[0m
[161.350s] [ 21%] [32mBuilding CXX object CMakeFiles/ros1_bridge.dir/generated/control_msgs__msg__JointTrajectoryControllerState__factories.cpp.o[0m
[169.887s] [ 22%] [32mBuilding CXX object CMakeFiles/ros1_bridge.dir/generated/control_msgs__msg__PidState__factories.cpp.o[0m
[170.904s] [ 22%] [32mBuilding CXX object CMakeFiles/ros1_bridge.dir/generated/control_msgs__srv__QueryCalibrationState__factories.cpp.o[0m
[177.968s] [ 22%] [32mBuilding CXX object CMakeFiles/ros1_bridge.dir/generated/diagnostic_msgs_factories.cpp.o[0m
[178.989s] [ 22%] [32mBuilding CXX object CMakeFiles/ros1_bridge.dir/generated/control_msgs__srv__QueryTrajectoryState__factories.cpp.o[0m
[179.249s] [ 23%] [32mBuilding CXX object CMakeFiles/ros1_bridge.dir/generated/diagnostic_msgs__msg__DiagnosticArray__factories.cpp.o[0m
[181.235s] [ 23%] [32mBuilding CXX object CMakeFiles/ros1_bridge.dir/generated/diagnostic_msgs__msg__DiagnosticStatus__factories.cpp.o[0m
[184.993s] [ 23%] [32mBuilding CXX object CMakeFiles/ros1_bridge.dir/generated/diagnostic_msgs__msg__KeyValue__factories.cpp.o[0m
[186.099s] [ 23%] [32mBuilding CXX object CMakeFiles/ros1_bridge.dir/generated/diagnostic_msgs__srv__AddDiagnostics__factories.cpp.o[0m
[194.494s] [ 24%] [32mBuilding CXX object CMakeFiles/ros1_bridge.dir/generated/diagnostic_msgs__srv__SelfTest__factories.cpp.o[0m
[195.833s] [ 24%] [32mBuilding CXX object CMakeFiles/ros1_bridge.dir/generated/example_interfaces_factories.cpp.o[0m
[195.906s] [ 24%] [32mBuilding CXX object CMakeFiles/ros1_bridge.dir/generated/example_interfaces__msg__Bool__factories.cpp.o[0m
[199.639s] [ 25%] [32mBuilding CXX object CMakeFiles/ros1_bridge.dir/generated/example_interfaces__msg__Byte__factories.cpp.o[0m
[202.677s] [ 25%] [32mBuilding CXX object CMakeFiles/ros1_bridge.dir/generated/example_interfaces__msg__ByteMultiArray__factories.cpp.o[0m
[202.803s] [ 25%] [32mBuilding CXX object CMakeFiles/ros1_bridge.dir/generated/example_interfaces__msg__Char__factories.cpp.o[0m
[205.233s] [ 25%] [32mBuilding CXX object CMakeFiles/ros1_bridge.dir/generated/example_interfaces__msg__Empty__factories.cpp.o[0m
[206.476s] [ 26%] [32mBuilding CXX object CMakeFiles/ros1_bridge.dir/generated/example_interfaces__msg__Float32__factories.cpp.o[0m
[211.736s] [ 26%] [32mBuilding CXX object CMakeFiles/ros1_bridge.dir/generated/example_interfaces__msg__Float64MultiArray__factories.cpp.o[0m
[212.751s] [ 27%] [32mBuilding CXX object CMakeFiles/ros1_bridge.dir/generated/example_interfaces__msg__Int16__factories.cpp.o[0m
[213.772s] [ 27%] [32mBuilding CXX object CMakeFiles/ros1_bridge.dir/generated/example_interfaces__msg__Float64__factories.cpp.o[0m
[214.795s] [ 27%] [32mBuilding CXX object CMakeFiles/ros1_bridge.dir/generated/example_interfaces__msg__Float32MultiArray__factories.cpp.o[0m
[217.067s] [ 27%] [32mBuilding CXX object CMakeFiles/ros1_bridge.dir/generated/example_interfaces__msg__Int16MultiArray__factories.cpp.o[0m
[218.305s] [ 27%] [32mBuilding CXX object CMakeFiles/ros1_bridge.dir/generated/example_interfaces__msg__Int32__factories.cpp.o[0m
[220.511s] [ 27%] [32mBuilding CXX object CMakeFiles/ros1_bridge.dir/generated/example_interfaces__msg__Int32MultiArray__factories.cpp.o[0m
[221.716s] [ 28%] [32mBuilding CXX object CMakeFiles/ros1_bridge.dir/generated/example_interfaces__msg__Int64__factories.cpp.o[0m
[223.776s] [ 28%] [32mBuilding CXX object CMakeFiles/ros1_bridge.dir/generated/example_interfaces__msg__Int64MultiArray__factories.cpp.o[0m
[225.076s] [ 28%] [32mBuilding CXX object CMakeFiles/ros1_bridge.dir/generated/example_interfaces__msg__Int8__factories.cpp.o[0m
[227.334s] [ 29%] [32mBuilding CXX object CMakeFiles/ros1_bridge.dir/generated/example_interfaces__msg__Int8MultiArray__factories.cpp.o[0m
[228.641s] [ 29%] [32mBuilding CXX object CMakeFiles/ros1_bridge.dir/generated/example_interfaces__msg__MultiArrayDimension__factories.cpp.o[0m
[230.524s] [ 29%] [32mBuilding CXX object CMakeFiles/ros1_bridge.dir/generated/example_interfaces__msg__MultiArrayLayout__factories.cpp.o[0m
[231.861s] [ 29%] [32mBuilding CXX object CMakeFiles/ros1_bridge.dir/generated/example_interfaces__msg__String__factories.cpp.o[0m
[234.212s] [ 30%] [32mBuilding CXX object CMakeFiles/ros1_bridge.dir/generated/example_interfaces__msg__UInt16__factories.cpp.o[0m
[235.562s] [ 30%] [32mBuilding CXX object CMakeFiles/ros1_bridge.dir/generated/example_interfaces__msg__UInt16MultiArray__factories.cpp.o[0m
[237.289s] [ 30%] [32mBuilding CXX object CMakeFiles/ros1_bridge.dir/generated/example_interfaces__msg__UInt32__factories.cpp.o[0m
[238.675s] [ 30%] [32mBuilding CXX object CMakeFiles/ros1_bridge.dir/generated/example_interfaces__msg__UInt32MultiArray__factories.cpp.o[0m
[241.050s] [ 31%] [32mBuilding CXX object CMakeFiles/ros1_bridge.dir/generated/example_interfaces__msg__UInt64__factories.cpp.o[0m
[242.525s] [ 31%] [32mBuilding CXX object CMakeFiles/ros1_bridge.dir/generated/example_interfaces__msg__UInt64MultiArray__factories.cpp.o[0m
[244.057s] [ 31%] [32mBuilding CXX object CMakeFiles/ros1_bridge.dir/generated/example_interfaces__msg__UInt8__factories.cpp.o[0m
[245.485s] [ 32%] [32mBuilding CXX object CMakeFiles/ros1_bridge.dir/generated/example_interfaces__msg__UInt8MultiArray__factories.cpp.o[0m
[247.881s] [ 32%] [32mBuilding CXX object CMakeFiles/ros1_bridge.dir/generated/example_interfaces__msg__WString__factories.cpp.o[0m
[249.468s] [ 32%] [32mBuilding CXX object CMakeFiles/ros1_bridge.dir/generated/example_interfaces__srv__AddTwoInts__factories.cpp.o[0m
[250.870s] [ 32%] [32mBuilding CXX object CMakeFiles/ros1_bridge.dir/generated/example_interfaces__srv__SetBool__factories.cpp.o[0m
[252.272s] [ 33%] [32mBuilding CXX object CMakeFiles/ros1_bridge.dir/generated/example_interfaces__srv__Trigger__factories.cpp.o[0m
[254.758s] [ 33%] [32mBuilding CXX object CMakeFiles/ros1_bridge.dir/generated/gazebo_msgs_factories.cpp.o[0m
[257.698s] [ 33%] [32mBuilding CXX object CMakeFiles/ros1_bridge.dir/generated/gazebo_msgs__msg__ContactState__factories.cpp.o[0m
[259.054s] [ 33%] [32mBuilding CXX object CMakeFiles/ros1_bridge.dir/generated/gazebo_msgs__msg__ContactsState__factories.cpp.o[0m
[260.167s] [ 34%] [32mBuilding CXX object CMakeFiles/ros1_bridge.dir/generated/gazebo_msgs__msg__EntityState__factories.cpp.o[0m
[262.165s] [ 34%] [32mBuilding CXX object CMakeFiles/ros1_bridge.dir/generated/gazebo_msgs__msg__LinkState__factories.cpp.o[0m
[267.284s] [ 34%] [32mBuilding CXX object CMakeFiles/ros1_bridge.dir/generated/gazebo_msgs__msg__LinkStates__factories.cpp.o[0m
[273.186s] [ 34%] [32mBuilding CXX object CMakeFiles/ros1_bridge.dir/generated/gazebo_msgs__msg__ModelState__factories.cpp.o[0m
[274.720s] [ 35%] [32mBuilding CXX object CMakeFiles/ros1_bridge.dir/generated/gazebo_msgs__msg__ModelStates__factories.cpp.o[0m
[277.363s] [ 35%] [32mBuilding CXX object CMakeFiles/ros1_bridge.dir/generated/gazebo_msgs__msg__ODEJointProperties__factories.cpp.o[0m
[283.050s] [ 35%] [32mBuilding CXX object CMakeFiles/ros1_bridge.dir/generated/gazebo_msgs__msg__ODEPhysics__factories.cpp.o[0m
[288.291s] [ 36%] [32mBuilding CXX object CMakeFiles/ros1_bridge.dir/generated/gazebo_msgs__msg__PerformanceMetrics__factories.cpp.o[0m
[290.154s] [ 36%] [32mBuilding CXX object CMakeFiles/ros1_bridge.dir/generated/gazebo_msgs__msg__SensorPerformanceMetric__factories.cpp.o[0m
[292.885s] [ 36%] [32mBuilding CXX object CMakeFiles/ros1_bridge.dir/generated/gazebo_msgs__msg__WorldState__factories.cpp.o[0m
[298.100s] [ 36%] [32mBuilding CXX object CMakeFiles/ros1_bridge.dir/generated/gazebo_msgs__srv__ApplyBodyWrench__factories.cpp.o[0m
[307.345s] [ 36%] [32mBuilding CXX object CMakeFiles/ros1_bridge.dir/generated/gazebo_msgs__srv__BodyRequest__factories.cpp.o[0m
[308.360s] [ 36%] [32mBuilding CXX object CMakeFiles/ros1_bridge.dir/generated/gazebo_msgs__srv__DeleteEntity__factories.cpp.o[0m
[309.381s] [ 36%] [32mBuilding CXX object CMakeFiles/ros1_bridge.dir/generated/gazebo_msgs__srv__ApplyJointEffort__factories.cpp.o[0m
[310.403s] [ 37%] [32mBuilding CXX object CMakeFiles/ros1_bridge.dir/generated/gazebo_msgs__srv__ApplyLinkWrench__factories.cpp.o[0m
[314.205s] [ 38%] [32mBuilding CXX object CMakeFiles/ros1_bridge.dir/generated/gazebo_msgs__srv__DeleteLight__factories.cpp.o[0m
[316.283s] [ 38%] [32mBuilding CXX object CMakeFiles/ros1_bridge.dir/generated/gazebo_msgs__srv__DeleteModel__factories.cpp.o[0m
[316.567s] [ 38%] [32mBuilding CXX object CMakeFiles/ros1_bridge.dir/generated/gazebo_msgs__srv__GetJointProperties__factories.cpp.o[0m
[317.563s] [ 39%] [32mBuilding CXX object CMakeFiles/ros1_bridge.dir/generated/gazebo_msgs__srv__GetEntityState__factories.cpp.o[0m
[324.557s] [ 39%] [32mBuilding CXX object CMakeFiles/ros1_bridge.dir/generated/gazebo_msgs__srv__GetLightProperties__factories.cpp.o[0m
[324.601s] [ 39%] [32mBuilding CXX object CMakeFiles/ros1_bridge.dir/generated/gazebo_msgs__srv__GetLinkProperties__factories.cpp.o[0m
[326.533s] [ 39%] [32mBuilding CXX object CMakeFiles/ros1_bridge.dir/generated/gazebo_msgs__srv__GetLinkState__factories.cpp.o[0m
[327.133s] [ 40%] [32mBuilding CXX object CMakeFiles/ros1_bridge.dir/generated/gazebo_msgs__srv__GetModelList__factories.cpp.o[0m
[334.471s] [ 40%] [32mBuilding CXX object CMakeFiles/ros1_bridge.dir/generated/gazebo_msgs__srv__GetModelProperties__factories.cpp.o[0m
[334.925s] [ 40%] [32mBuilding CXX object CMakeFiles/ros1_bridge.dir/generated/gazebo_msgs__srv__GetModelState__factories.cpp.o[0m
[335.052s] [ 40%] [32mBuilding CXX object CMakeFiles/ros1_bridge.dir/generated/gazebo_msgs__srv__GetPhysicsProperties__factories.cpp.o[0m
[337.151s] [ 41%] [32mBuilding CXX object CMakeFiles/ros1_bridge.dir/generated/gazebo_msgs__srv__GetWorldProperties__factories.cpp.o[0m
[345.072s] [ 41%] [32mBuilding CXX object CMakeFiles/ros1_bridge.dir/generated/gazebo_msgs__srv__JointRequest__factories.cpp.o[0m
[345.263s] [ 41%] [32mBuilding CXX object CMakeFiles/ros1_bridge.dir/generated/gazebo_msgs__srv__LinkRequest__factories.cpp.o[0m
[345.313s] [ 42%] [32mBuilding CXX object CMakeFiles/ros1_bridge.dir/generated/gazebo_msgs__srv__SetEntityState__factories.cpp.o[0m
[347.580s] [ 42%] [32mBuilding CXX object CMakeFiles/ros1_bridge.dir/generated/gazebo_msgs__srv__SetJointProperties__factories.cpp.o[0m
[355.896s] [ 43%] [32mBuilding CXX object CMakeFiles/ros1_bridge.dir/generated/gazebo_msgs__srv__SetLinkProperties__factories.cpp.o[0m
[357.913s] [ 43%] [32mBuilding CXX object CMakeFiles/ros1_bridge.dir/generated/gazebo_msgs__srv__SetLinkState__factories.cpp.o[0m
[358.933s] [ 43%] [32mBuilding CXX object CMakeFiles/ros1_bridge.dir/generated/gazebo_msgs__srv__SetLightProperties__factories.cpp.o[0m
[359.954s] [ 43%] [32mBuilding CXX object CMakeFiles/ros1_bridge.dir/generated/gazebo_msgs__srv__SetJointTrajectory__factories.cpp.o[0m
[364.234s] [ 43%] [32mBuilding CXX object CMakeFiles/ros1_bridge.dir/generated/gazebo_msgs__srv__SetModelConfiguration__factories.cpp.o[0m
[366.082s] [ 43%] [32mBuilding CXX object CMakeFiles/ros1_bridge.dir/generated/gazebo_msgs__srv__SetModelState__factories.cpp.o[0m
[372.885s] [ 43%] [32mBuilding CXX object CMakeFiles/ros1_bridge.dir/generated/gazebo_msgs__srv__SpawnEntity__factories.cpp.o[0m
[373.444s] [ 44%] [32mBuilding CXX object CMakeFiles/ros1_bridge.dir/generated/gazebo_msgs__srv__SetPhysicsProperties__factories.cpp.o[0m
[376.255s] [ 44%] [32mBuilding CXX object CMakeFiles/ros1_bridge.dir/generated/geometry_msgs_factories.cpp.o[0m
[377.277s] [ 44%] [32mBuilding CXX object CMakeFiles/ros1_bridge.dir/generated/gazebo_msgs__srv__SpawnModel__factories.cpp.o[0m
[379.139s] [ 45%] [32mBuilding CXX object CMakeFiles/ros1_bridge.dir/generated/geometry_msgs__msg__Accel__factories.cpp.o[0m
[382.277s] [ 45%] [32mBuilding CXX object CMakeFiles/ros1_bridge.dir/generated/geometry_msgs__msg__AccelStamped__factories.cpp.o[0m
[383.899s] [ 45%] [32mBuilding CXX object CMakeFiles/ros1_bridge.dir/generated/geometry_msgs__msg__AccelWithCovariance__factories.cpp.o[0m
[388.506s] [ 46%] [32mBuilding CXX object CMakeFiles/ros1_bridge.dir/generated/geometry_msgs__msg__AccelWithCovarianceStamped__factories.cpp.o[0m
[401.638s] [ 46%] [32mBuilding CXX object CMakeFiles/ros1_bridge.dir/generated/geometry_msgs__msg__Point__factories.cpp.o[0m
[402.653s] [ 47%] [32mBuilding CXX object CMakeFiles/ros1_bridge.dir/generated/geometry_msgs__msg__Point32__factories.cpp.o[0m
[403.674s] [ 47%] [32mBuilding CXX object CMakeFiles/ros1_bridge.dir/generated/geometry_msgs__msg__InertiaStamped__factories.cpp.o[0m
[404.696s] [ 47%] [32mBuilding CXX object CMakeFiles/ros1_bridge.dir/generated/geometry_msgs__msg__Inertia__factories.cpp.o[0m
[414.252s] [ 47%] [32mBuilding CXX object CMakeFiles/ros1_bridge.dir/generated/geometry_msgs__msg__PointStamped__factories.cpp.o[0m
[416.668s] [ 47%] [32mBuilding CXX object CMakeFiles/ros1_bridge.dir/generated/geometry_msgs__msg__Polygon__factories.cpp.o[0m
[418.151s] [ 47%] [32mBuilding CXX object CMakeFiles/ros1_bridge.dir/generated/geometry_msgs__msg__PolygonStamped__factories.cpp.o[0m
[419.274s] [ 48%] [32mBuilding CXX object CMakeFiles/ros1_bridge.dir/generated/geometry_msgs__msg__Pose__factories.cpp.o[0m
[429.232s] [ 48%] [32mBuilding CXX object CMakeFiles/ros1_bridge.dir/generated/geometry_msgs__msg__Pose2D__factories.cpp.o[0m
[431.470s] [ 48%] [32mBuilding CXX object CMakeFiles/ros1_bridge.dir/generated/geometry_msgs__msg__PoseArray__factories.cpp.o[0m
[432.891s] [ 49%] [32mBuilding CXX object CMakeFiles/ros1_bridge.dir/generated/geometry_msgs__msg__PoseStamped__factories.cpp.o[0m
[433.848s] [ 49%] [32mBuilding CXX object CMakeFiles/ros1_bridge.dir/generated/geometry_msgs__msg__PoseWithCovariance__factories.cpp.o[0m
[444.120s] [ 49%] [32mBuilding CXX object CMakeFiles/ros1_bridge.dir/generated/geometry_msgs__msg__PoseWithCovarianceStamped__factories.cpp.o[0m
[446.130s] [ 49%] [32mBuilding CXX object CMakeFiles/ros1_bridge.dir/generated/geometry_msgs__msg__Quaternion__factories.cpp.o[0m
[447.617s] [ 50%] [32mBuilding CXX object CMakeFiles/ros1_bridge.dir/generated/geometry_msgs__msg__QuaternionStamped__factories.cpp.o[0m
[448.609s] [ 50%] [32mBuilding CXX object CMakeFiles/ros1_bridge.dir/generated/geometry_msgs__msg__Transform__factories.cpp.o[0m
[458.959s] [ 50%] [32mBuilding CXX object CMakeFiles/ros1_bridge.dir/generated/geometry_msgs__msg__TransformStamped__factories.cpp.o[0m
[460.720s] [ 50%] [32mBuilding CXX object CMakeFiles/ros1_bridge.dir/generated/geometry_msgs__msg__Twist__factories.cpp.o[0m
[462.223s] [ 51%] [32mBuilding CXX object CMakeFiles/ros1_bridge.dir/generated/geometry_msgs__msg__TwistStamped__factories.cpp.o[0m
[463.178s] [ 51%] [32mBuilding CXX object CMakeFiles/ros1_bridge.dir/generated/geometry_msgs__msg__TwistWithCovariance__factories.cpp.o[0m
[473.889s] [ 51%] [32mBuilding CXX object CMakeFiles/ros1_bridge.dir/generated/geometry_msgs__msg__TwistWithCovarianceStamped__factories.cpp.o[0m
[475.208s] [ 51%] [32mBuilding CXX object CMakeFiles/ros1_bridge.dir/generated/geometry_msgs__msg__Vector3__factories.cpp.o[0m
[476.836s] [ 52%] [32mBuilding CXX object CMakeFiles/ros1_bridge.dir/generated/geometry_msgs__msg__Vector3Stamped__factories.cpp.o[0m
[477.950s] [ 52%] [32mBuilding CXX object CMakeFiles/ros1_bridge.dir/generated/geometry_msgs__msg__Wrench__factories.cpp.o[0m
[488.651s] [ 52%] [32mBuilding CXX object CMakeFiles/ros1_bridge.dir/generated/geometry_msgs__msg__WrenchStamped__factories.cpp.o[0m
[489.689s] [ 53%] [32mBuilding CXX object CMakeFiles/ros1_bridge.dir/generated/libstatistics_collector_factories.cpp.o[0m
[491.491s] [ 53%] [32mBuilding CXX object CMakeFiles/ros1_bridge.dir/generated/libstatistics_collector__msg__DummyMessage__factories.cpp.o[0m
[492.718s] [ 53%] [32mBuilding CXX object CMakeFiles/ros1_bridge.dir/generated/lifecycle_msgs_factories.cpp.o[0m
[496.427s] [ 53%] [32mBuilding CXX object CMakeFiles/ros1_bridge.dir/generated/lifecycle_msgs__msg__State__factories.cpp.o[0m
[498.289s] [ 54%] [32mBuilding CXX object CMakeFiles/ros1_bridge.dir/generated/lifecycle_msgs__msg__Transition__factories.cpp.o[0m
[499.337s] [ 54%] [32mBuilding CXX object CMakeFiles/ros1_bridge.dir/generated/lifecycle_msgs__msg__TransitionDescription__factories.cpp.o[0m
[503.231s] [ 54%] [32mBuilding CXX object CMakeFiles/ros1_bridge.dir/generated/lifecycle_msgs__msg__TransitionEvent__factories.cpp.o[0m
[503.819s] [ 54%] [32mBuilding CXX object CMakeFiles/ros1_bridge.dir/generated/lifecycle_msgs__srv__ChangeState__factories.cpp.o[0m
[505.186s] [ 55%] [32mBuilding CXX object CMakeFiles/ros1_bridge.dir/generated/lifecycle_msgs__srv__GetAvailableStates__factories.cpp.o[0m
[506.021s] [ 55%] [32mBuilding CXX object CMakeFiles/ros1_bridge.dir/generated/lifecycle_msgs__srv__GetAvailableTransitions__factories.cpp.o[0m
[509.894s] [ 55%] [32mBuilding CXX object CMakeFiles/ros1_bridge.dir/generated/lifecycle_msgs__srv__GetState__factories.cpp.o[0m
[510.581s] [ 56%] [32mBuilding CXX object CMakeFiles/ros1_bridge.dir/generated/logging_demo_factories.cpp.o[0m
[511.904s] [ 56%] [32mBuilding CXX object CMakeFiles/ros1_bridge.dir/generated/logging_demo__srv__ConfigLogger__factories.cpp.o[0m
[512.694s] [ 56%] [32mBuilding CXX object CMakeFiles/ros1_bridge.dir/generated/map_msgs_factories.cpp.o[0m
[516.554s] [ 56%] [32mBuilding CXX object CMakeFiles/ros1_bridge.dir/generated/map_msgs__msg__OccupancyGridUpdate__factories.cpp.o[0m
[517.419s] [ 57%] [32mBuilding CXX object CMakeFiles/ros1_bridge.dir/generated/map_msgs__msg__PointCloud2Update__factories.cpp.o[0m
[518.626s] [ 57%] [32mBuilding CXX object CMakeFiles/ros1_bridge.dir/generated/map_msgs__msg__ProjectedMapInfo__factories.cpp.o[0m
[519.604s] [ 57%] [32mBuilding CXX object CMakeFiles/ros1_bridge.dir/generated/map_msgs__msg__ProjectedMap__factories.cpp.o[0m
[531.029s] [ 57%] [32mBuilding CXX object CMakeFiles/ros1_bridge.dir/generated/map_msgs__srv__GetMapROI__factories.cpp.o[0m
[532.042s] [ 58%] [32mBuilding CXX object CMakeFiles/ros1_bridge.dir/generated/map_msgs__srv__GetPointMapROI__factories.cpp.o[0m
[532.874s] [ 58%] [32mBuilding CXX object CMakeFiles/ros1_bridge.dir/generated/map_msgs__srv__GetPointMap__factories.cpp.o[0m
[534.078s] [ 58%] [32mBuilding CXX object CMakeFiles/ros1_bridge.dir/generated/map_msgs__srv__ProjectedMapsInfo__factories.cpp.o[0m
[540.772s] [ 58%] [32mBuilding CXX object CMakeFiles/ros1_bridge.dir/generated/map_msgs__srv__SaveMap__factories.cpp.o[0m
[542.412s] [ 59%] [32mBuilding CXX object CMakeFiles/ros1_bridge.dir/generated/map_msgs__srv__SetMapProjections__factories.cpp.o[0m
[543.279s] [ 59%] [32mBuilding CXX object CMakeFiles/ros1_bridge.dir/generated/nav_msgs_factories.cpp.o[0m
[544.502s] [ 59%] [32mBuilding CXX object CMakeFiles/ros1_bridge.dir/generated/nav_msgs__msg__GridCells__factories.cpp.o[0m
[550.365s] [ 60%] [32mBuilding CXX object CMakeFiles/ros1_bridge.dir/generated/nav_msgs__msg__MapMetaData__factories.cpp.o[0m
[550.391s] [ 60%] [32mBuilding CXX object CMakeFiles/ros1_bridge.dir/generated/nav_msgs__msg__OccupancyGrid__factories.cpp.o[0m
[552.668s] [ 60%] [32mBuilding CXX object CMakeFiles/ros1_bridge.dir/generated/nav_msgs__msg__Odometry__factories.cpp.o[0m
[559.435s] [ 60%] [32mBuilding CXX object CMakeFiles/ros1_bridge.dir/generated/nav_msgs__msg__Path__factories.cpp.o[0m
[565.060s] [ 61%] [32mBuilding CXX object CMakeFiles/ros1_bridge.dir/generated/nav_msgs__srv__GetMap__factories.cpp.o[0m
[565.109s] [ 61%] [32mBuilding CXX object CMakeFiles/ros1_bridge.dir/generated/nav_msgs__srv__GetPlan__factories.cpp.o[0m
[567.457s] [ 61%] [32mBuilding CXX object CMakeFiles/ros1_bridge.dir/generated/nav_msgs__srv__SetMap__factories.cpp.o[0m
[574.575s] [ 61%] [32mBuilding CXX object CMakeFiles/ros1_bridge.dir/generated/pcl_msgs_factories.cpp.o[0m
[575.364s] [ 62%] [32mBuilding CXX object CMakeFiles/ros1_bridge.dir/generated/pcl_msgs__msg__ModelCoefficients__factories.cpp.o[0m
[575.549s] [ 62%] [32mBuilding CXX object CMakeFiles/ros1_bridge.dir/generated/pcl_msgs__msg__PointIndices__factories.cpp.o[0m
[577.815s] [ 62%] [32mBuilding CXX object CMakeFiles/ros1_bridge.dir/generated/pcl_msgs__msg__PolygonMesh__factories.cpp.o[0m
[581.444s] [ 63%] [32mBuilding CXX object CMakeFiles/ros1_bridge.dir/generated/pcl_msgs__msg__Vertices__factories.cpp.o[0m
[589.856s] [ 63%] [32mBuilding CXX object CMakeFiles/ros1_bridge.dir/generated/pcl_msgs__srv__UpdateFilename__factories.cpp.o[0m
[590.203s] [ 63%] [32mBuilding CXX object CMakeFiles/ros1_bridge.dir/generated/pendulum_msgs_factories.cpp.o[0m
[597.529s] [ 63%] [32mBuilding CXX object CMakeFiles/ros1_bridge.dir/generated/pendulum_msgs__msg__RttestResults__factories.cpp.o[0m
[597.986s] [ 64%] [32mBuilding CXX object CMakeFiles/ros1_bridge.dir/generated/pendulum_msgs__msg__JointCommand__factories.cpp.o[0m
[599.006s] [ 64%] [32mBuilding CXX object CMakeFiles/ros1_bridge.dir/generated/rcl_interfaces_factories.cpp.o[0m
[600.027s] [ 64%] [32mBuilding CXX object CMakeFiles/ros1_bridge.dir/generated/pendulum_msgs__msg__JointState__factories.cpp.o[0m
[602.723s] [ 64%] [32mBuilding CXX object CMakeFiles/ros1_bridge.dir/generated/rcl_interfaces__msg__FloatingPointRange__factories.cpp.o[0m
[604.054s] [ 65%] [32mBuilding CXX object CMakeFiles/ros1_bridge.dir/generated/rcl_interfaces__msg__IntegerRange__factories.cpp.o[0m
[605.796s] [ 65%] [32mBuilding CXX object CMakeFiles/ros1_bridge.dir/generated/rcl_interfaces__msg__ListParametersResult__factories.cpp.o[0m
[606.759s] [ 65%] [32mBuilding CXX object CMakeFiles/ros1_bridge.dir/generated/rcl_interfaces__msg__Log__factories.cpp.o[0m
[609.594s] [ 65%] [32mBuilding CXX object CMakeFiles/ros1_bridge.dir/generated/rcl_interfaces__msg__ParameterDescriptor__factories.cpp.o[0m
[610.792s] [ 66%] [32mBuilding CXX object CMakeFiles/ros1_bridge.dir/generated/rcl_interfaces__msg__ParameterEventDescriptors__factories.cpp.o[0m
[612.540s] [ 66%] [32mBuilding CXX object CMakeFiles/ros1_bridge.dir/generated/rcl_interfaces__msg__ParameterEvent__factories.cpp.o[0m
[616.287s] [ 66%] [32mBuilding CXX object CMakeFiles/ros1_bridge.dir/generated/rcl_interfaces__msg__Parameter__factories.cpp.o[0m
[617.539s] [ 67%] [32mBuilding CXX object CMakeFiles/ros1_bridge.dir/generated/rcl_interfaces__msg__ParameterType__factories.cpp.o[0m
[619.346s] [ 67%] [32mBuilding CXX object CMakeFiles/ros1_bridge.dir/generated/rcl_interfaces__msg__ParameterValue__factories.cpp.o[0m
[621.461s] [ 67%] [32mBuilding CXX object CMakeFiles/ros1_bridge.dir/generated/rcl_interfaces__msg__SetParametersResult__factories.cpp.o[0m
[623.093s] [ 67%] [32mBuilding CXX object CMakeFiles/ros1_bridge.dir/generated/rcl_interfaces__srv__DescribeParameters__factories.cpp.o[0m
[624.360s] [ 68%] [32mBuilding CXX object CMakeFiles/ros1_bridge.dir/generated/rcl_interfaces__srv__GetParameters__factories.cpp.o[0m
[626.112s] [ 68%] [32mBuilding CXX object CMakeFiles/ros1_bridge.dir/generated/rcl_interfaces__srv__GetParameterTypes__factories.cpp.o[0m
[628.205s] [ 68%] [32mBuilding CXX object CMakeFiles/ros1_bridge.dir/generated/rcl_interfaces__srv__ListParameters__factories.cpp.o[0m
[629.886s] [ 68%] [32mBuilding CXX object CMakeFiles/ros1_bridge.dir/generated/rcl_interfaces__srv__SetParametersAtomically__factories.cpp.o[0m
[631.146s] [ 69%] [32mBuilding CXX object CMakeFiles/ros1_bridge.dir/generated/rcl_interfaces__srv__SetParameters__factories.cpp.o[0m
[632.888s] [ 69%] [32mBuilding CXX object CMakeFiles/ros1_bridge.dir/generated/rmw_dds_common_factories.cpp.o[0m
[634.936s] [ 69%] [32mBuilding CXX object CMakeFiles/ros1_bridge.dir/generated/rmw_dds_common__msg__Gid__factories.cpp.o[0m
[636.693s] [ 70%] [32mBuilding CXX object CMakeFiles/ros1_bridge.dir/generated/rmw_dds_common__msg__NodeEntitiesInfo__factories.cpp.o[0m
[641.849s] [ 70%] [32mBuilding CXX object CMakeFiles/ros1_bridge.dir/generated/rosgraph_msgs__msg__Clock__factories.cpp.o[0m
[642.864s] [ 71%] [32mBuilding CXX object CMakeFiles/ros1_bridge.dir/generated/sensor_msgs_factories.cpp.o[0m
[643.884s] [ 71%] [32mBuilding CXX object CMakeFiles/ros1_bridge.dir/generated/rosgraph_msgs_factories.cpp.o[0m
[644.905s] [ 71%] [32mBuilding CXX object CMakeFiles/ros1_bridge.dir/generated/rmw_dds_common__msg__ParticipantEntitiesInfo__factories.cpp.o[0m
[649.694s] [ 71%] [32mBuilding CXX object CMakeFiles/ros1_bridge.dir/generated/sensor_msgs__msg__BatteryState__factories.cpp.o[0m
[650.723s] [ 71%] [32mBuilding CXX object CMakeFiles/ros1_bridge.dir/generated/sensor_msgs__msg__CameraInfo__factories.cpp.o[0m
[651.469s] [ 71%] [32mBuilding CXX object CMakeFiles/ros1_bridge.dir/generated/sensor_msgs__msg__ChannelFloat32__factories.cpp.o[0m
[654.325s] [ 72%] [32mBuilding CXX object CMakeFiles/ros1_bridge.dir/generated/sensor_msgs__msg__CompressedImage__factories.cpp.o[0m
[664.847s] [ 72%] [32mBuilding CXX object CMakeFiles/ros1_bridge.dir/generated/sensor_msgs__msg__FluidPressure__factories.cpp.o[0m
[665.813s] [ 72%] [32mBuilding CXX object CMakeFiles/ros1_bridge.dir/generated/sensor_msgs__msg__Illuminance__factories.cpp.o[0m
[666.258s] [ 73%] [32mBuilding CXX object CMakeFiles/ros1_bridge.dir/generated/sensor_msgs__msg__Image__factories.cpp.o[0m
[669.651s] [ 73%] [32mBuilding CXX object CMakeFiles/ros1_bridge.dir/generated/sensor_msgs__msg__Imu__factories.cpp.o[0m
[679.858s] [ 73%] [32mBuilding CXX object CMakeFiles/ros1_bridge.dir/generated/sensor_msgs__msg__JointState__factories.cpp.o[0m
[680.666s] [ 73%] [32mBuilding CXX object CMakeFiles/ros1_bridge.dir/generated/sensor_msgs__msg__Joy__factories.cpp.o[0m
[681.090s] [ 74%] [32mBuilding CXX object CMakeFiles/ros1_bridge.dir/generated/sensor_msgs__msg__JoyFeedback__factories.cpp.o[0m
[684.887s] [ 74%] [32mBuilding CXX object CMakeFiles/ros1_bridge.dir/generated/sensor_msgs__msg__JoyFeedbackArray__factories.cpp.o[0m
[695.095s] [ 74%] [32mBuilding CXX object CMakeFiles/ros1_bridge.dir/generated/sensor_msgs__msg__LaserEcho__factories.cpp.o[0m
[695.730s] [ 74%] [32mBuilding CXX object CMakeFiles/ros1_bridge.dir/generated/sensor_msgs__msg__LaserScan__factories.cpp.o[0m
[695.821s] [ 75%] [32mBuilding CXX object CMakeFiles/ros1_bridge.dir/generated/sensor_msgs__msg__MagneticField__factories.cpp.o[0m
[700.335s] [ 75%] [32mBuilding CXX object CMakeFiles/ros1_bridge.dir/generated/sensor_msgs__msg__MultiDOFJointState__factories.cpp.o[0m
[713.146s] [ 76%] [32mBuilding CXX object CMakeFiles/ros1_bridge.dir/generated/sensor_msgs__msg__NavSatStatus__factories.cpp.o[0m
[714.166s] [ 76%] [32mBuilding CXX object CMakeFiles/ros1_bridge.dir/generated/sensor_msgs__msg__NavSatFix__factories.cpp.o[0m
[714.231s] [ 76%] [32mBuilding CXX object CMakeFiles/ros1_bridge.dir/generated/sensor_msgs__msg__MultiEchoLaserScan__factories.cpp.o[0m
[715.251s] [ 76%] [32mBuilding CXX object CMakeFiles/ros1_bridge.dir/generated/sensor_msgs__msg__PointCloud__factories.cpp.o[0m
[727.296s] [ 76%] [32mBuilding CXX object CMakeFiles/ros1_bridge.dir/generated/sensor_msgs__msg__PointCloud2__factories.cpp.o[0m
[728.448s] [ 77%] [32mBuilding CXX object CMakeFiles/ros1_bridge.dir/generated/sensor_msgs__msg__PointField__factories.cpp.o[0m
[729.255s] [ 77%] [32mBuilding CXX object CMakeFiles/ros1_bridge.dir/generated/sensor_msgs__msg__Range__factories.cpp.o[0m
[730.797s] [ 77%] [32mBuilding CXX object CMakeFiles/ros1_bridge.dir/generated/sensor_msgs__msg__RegionOfInterest__factories.cpp.o[0m
[742.687s] [ 77%] [32mBuilding CXX object CMakeFiles/ros1_bridge.dir/generated/sensor_msgs__msg__RelativeHumidity__factories.cpp.o[0m
[743.138s] [ 78%] [32mBuilding CXX object CMakeFiles/ros1_bridge.dir/generated/sensor_msgs__msg__Temperature__factories.cpp.o[0m
[743.952s] [ 78%] [32mBuilding CXX object CMakeFiles/ros1_bridge.dir/generated/sensor_msgs__msg__TimeReference__factories.cpp.o[0m
[745.619s] [ 78%] [32mBuilding CXX object CMakeFiles/ros1_bridge.dir/generated/sensor_msgs__srv__SetCameraInfo__factories.cpp.o[0m
[756.262s] [ 78%] [32mBuilding CXX object CMakeFiles/ros1_bridge.dir/generated/shape_msgs_factories.cpp.o[0m
[757.408s] [ 79%] [32mBuilding CXX object CMakeFiles/ros1_bridge.dir/generated/shape_msgs__msg__Mesh__factories.cpp.o[0m
[757.744s] [ 79%] [32mBuilding CXX object CMakeFiles/ros1_bridge.dir/generated/shape_msgs__msg__MeshTriangle__factories.cpp.o[0m
[758.868s] [ 79%] [32mBuilding CXX object CMakeFiles/ros1_bridge.dir/generated/shape_msgs__msg__Plane__factories.cpp.o[0m
[763.110s] [ 80%] [32mBuilding CXX object CMakeFiles/ros1_bridge.dir/generated/shape_msgs__msg__SolidPrimitive__factories.cpp.o[0m
[771.918s] [ 80%] [32mBuilding CXX object CMakeFiles/ros1_bridge.dir/generated/statistics_msgs_factories.cpp.o[0m
[772.285s] [ 80%] [32mBuilding CXX object CMakeFiles/ros1_bridge.dir/generated/statistics_msgs__msg__MetricsMessage__factories.cpp.o[0m
[773.262s] [ 80%] [32mBuilding CXX object CMakeFiles/ros1_bridge.dir/generated/statistics_msgs__msg__StatisticDataPoint__factories.cpp.o[0m
[777.908s] [ 81%] [32mBuilding CXX object CMakeFiles/ros1_bridge.dir/generated/statistics_msgs__msg__StatisticDataType__factories.cpp.o[0m
[778.648s] [ 81%] [32mBuilding CXX object CMakeFiles/ros1_bridge.dir/generated/std_msgs_factories.cpp.o[0m
[779.061s] [ 81%] [32mBuilding CXX object CMakeFiles/ros1_bridge.dir/generated/std_msgs__msg__Bool__factories.cpp.o[0m
[780.193s] [ 81%] [32mBuilding CXX object CMakeFiles/ros1_bridge.dir/generated/std_msgs__msg__Byte__factories.cpp.o[0m
[784.641s] [ 82%] [32mBuilding CXX object CMakeFiles/ros1_bridge.dir/generated/std_msgs__msg__ByteMultiArray__factories.cpp.o[0m
[785.960s] [ 82%] [32mBuilding CXX object CMakeFiles/ros1_bridge.dir/generated/std_msgs__msg__Char__factories.cpp.o[0m
[793.628s] [ 82%] [32mBuilding CXX object CMakeFiles/ros1_bridge.dir/generated/std_msgs__msg__ColorRGBA__factories.cpp.o[0m
[794.888s] [ 82%] [32mBuilding CXX object CMakeFiles/ros1_bridge.dir/generated/std_msgs__msg__Empty__factories.cpp.o[0m
[799.831s] [ 83%] [32mBuilding CXX object CMakeFiles/ros1_bridge.dir/generated/std_msgs__msg__Float32__factories.cpp.o[0m
[800.939s] [ 83%] [32mBuilding CXX object CMakeFiles/ros1_bridge.dir/generated/std_msgs__msg__Float32MultiArray__factories.cpp.o[0m
[808.435s] [ 83%] [32mBuilding CXX object CMakeFiles/ros1_bridge.dir/generated/std_msgs__msg__Float64__factories.cpp.o[0m
[809.886s] [ 84%] [32mBuilding CXX object CMakeFiles/ros1_bridge.dir/generated/std_msgs__msg__Float64MultiArray__factories.cpp.o[0m
[814.617s] [ 84%] [32mBuilding CXX object CMakeFiles/ros1_bridge.dir/generated/std_msgs__msg__Header__factories.cpp.o[0m
[816.085s] [ 84%] [32mBuilding CXX object CMakeFiles/ros1_bridge.dir/generated/std_msgs__msg__Int16__factories.cpp.o[0m
[823.386s] [ 84%] [32mBuilding CXX object CMakeFiles/ros1_bridge.dir/generated/std_msgs__msg__Int16MultiArray__factories.cpp.o[0m
[825.081s] [ 85%] [32mBuilding CXX object CMakeFiles/ros1_bridge.dir/generated/std_msgs__msg__Int32__factories.cpp.o[0m
[829.510s] [ 85%] [32mBuilding CXX object CMakeFiles/ros1_bridge.dir/generated/std_msgs__msg__Int32MultiArray__factories.cpp.o[0m
[830.848s] [ 85%] [32mBuilding CXX object CMakeFiles/ros1_bridge.dir/generated/std_msgs__msg__Int64__factories.cpp.o[0m
[838.775s] [ 85%] [32mBuilding CXX object CMakeFiles/ros1_bridge.dir/generated/std_msgs__msg__Int64MultiArray__factories.cpp.o[0m
[840.022s] [ 86%] [32mBuilding CXX object CMakeFiles/ros1_bridge.dir/generated/std_msgs__msg__Int8__factories.cpp.o[0m
[844.833s] [ 86%] [32mBuilding CXX object CMakeFiles/ros1_bridge.dir/generated/std_msgs__msg__Int8MultiArray__factories.cpp.o[0m
[845.668s] [ 86%] [32mBuilding CXX object CMakeFiles/ros1_bridge.dir/generated/std_msgs__msg__MultiArrayDimension__factories.cpp.o[0m
[854.188s] [ 87%] [32mBuilding CXX object CMakeFiles/ros1_bridge.dir/generated/std_msgs__msg__MultiArrayLayout__factories.cpp.o[0m
[854.869s] [ 87%] [32mBuilding CXX object CMakeFiles/ros1_bridge.dir/generated/std_msgs__msg__String__factories.cpp.o[0m
[860.348s] [ 87%] [32mBuilding CXX object CMakeFiles/ros1_bridge.dir/generated/std_msgs__msg__UInt16__factories.cpp.o[0m
[860.933s] [ 87%] [32mBuilding CXX object CMakeFiles/ros1_bridge.dir/generated/std_msgs__msg__UInt16MultiArray__factories.cpp.o[0m
[873.201s] [ 87%] [32mBuilding CXX object CMakeFiles/ros1_bridge.dir/generated/std_msgs__msg__UInt32MultiArray__factories.cpp.o[0m
[873.232s] [ 88%] [32mBuilding CXX object CMakeFiles/ros1_bridge.dir/generated/std_msgs__msg__UInt32__factories.cpp.o[0m
[874.085s] [ 88%] [32mBuilding CXX object CMakeFiles/ros1_bridge.dir/generated/std_msgs__msg__UInt64__factories.cpp.o[0m
[875.107s] [ 88%] [32mBuilding CXX object CMakeFiles/ros1_bridge.dir/generated/std_msgs__msg__UInt64MultiArray__factories.cpp.o[0m
[887.764s] [ 89%] [32mBuilding CXX object CMakeFiles/ros1_bridge.dir/generated/std_msgs__msg__UInt8__factories.cpp.o[0m
[888.003s] [ 89%] [32mBuilding CXX object CMakeFiles/ros1_bridge.dir/generated/std_msgs__msg__UInt8MultiArray__factories.cpp.o[0m
[888.263s] [ 89%] [32mBuilding CXX object CMakeFiles/ros1_bridge.dir/generated/std_srvs_factories.cpp.o[0m
[890.112s] [ 89%] [32mBuilding CXX object CMakeFiles/ros1_bridge.dir/generated/std_srvs__srv__Empty__factories.cpp.o[0m
[895.060s] [ 90%] [32mBuilding CXX object CMakeFiles/ros1_bridge.dir/generated/std_srvs__srv__SetBool__factories.cpp.o[0m
[903.078s] [ 91%] [32mBuilding CXX object CMakeFiles/ros1_bridge.dir/generated/stereo_msgs__msg__DisparityImage__factories.cpp.o[0m
[904.093s] [ 91%] [32mBuilding CXX object CMakeFiles/ros1_bridge.dir/generated/tf2_msgs_factories.cpp.o[0m
[905.114s] [ 91%] [32mBuilding CXX object CMakeFiles/ros1_bridge.dir/generated/stereo_msgs_factories.cpp.o[0m
[906.136s] [ 91%] [32mBuilding CXX object CMakeFiles/ros1_bridge.dir/generated/std_srvs__srv__Trigger__factories.cpp.o[0m
[909.844s] [ 91%] [32mBuilding CXX object CMakeFiles/ros1_bridge.dir/generated/tf2_msgs__msg__TF2Error__factories.cpp.o[0m
[911.776s] [ 91%] [32mBuilding CXX object CMakeFiles/ros1_bridge.dir/generated/tf2_msgs__msg__TFMessage__factories.cpp.o[0m
[915.794s] [ 92%] [32mBuilding CXX object CMakeFiles/ros1_bridge.dir/generated/tf2_msgs__srv__FrameGraph__factories.cpp.o[0m
[916.492s] [ 92%] [32mBuilding CXX object CMakeFiles/ros1_bridge.dir/generated/trajectory_msgs_factories.cpp.o[0m
[923.417s] [ 92%] [32mBuilding CXX object CMakeFiles/ros1_bridge.dir/generated/trajectory_msgs__msg__JointTrajectory__factories.cpp.o[0m
[924.710s] [ 92%] [32mBuilding CXX object CMakeFiles/ros1_bridge.dir/generated/trajectory_msgs__msg__JointTrajectoryPoint__factories.cpp.o[0m
[925.343s] [ 93%] [32mBuilding CXX object CMakeFiles/ros1_bridge.dir/generated/trajectory_msgs__msg__MultiDOFJointTrajectory__factories.cpp.o[0m
[927.267s] [ 93%] [32mBuilding CXX object CMakeFiles/ros1_bridge.dir/generated/trajectory_msgs__msg__MultiDOFJointTrajectoryPoint__factories.cpp.o[0m
[941.069s] [ 93%] [32mBuilding CXX object CMakeFiles/ros1_bridge.dir/generated/turtlesim__msg__Pose__factories.cpp.o[0m
[943.087s] [ 93%] [32mBuilding CXX object CMakeFiles/ros1_bridge.dir/generated/turtlesim__srv__Kill__factories.cpp.o[0m
[944.108s] [ 94%] [32mBuilding CXX object CMakeFiles/ros1_bridge.dir/generated/turtlesim__msg__Color__factories.cpp.o[0m
[945.129s] [ 94%] [32mBuilding CXX object CMakeFiles/ros1_bridge.dir/generated/turtlesim_factories.cpp.o[0m
[945.680s] [ 94%] [32mBuilding CXX object CMakeFiles/ros1_bridge.dir/generated/turtlesim__srv__SetPen__factories.cpp.o[0m
[950.888s] [ 95%] [32mBuilding CXX object CMakeFiles/ros1_bridge.dir/generated/turtlesim__srv__Spawn__factories.cpp.o[0m
[951.482s] [ 95%] [32mBuilding CXX object CMakeFiles/ros1_bridge.dir/generated/turtlesim__srv__TeleportAbsolute__factories.cpp.o[0m
[952.162s] [ 95%] [32mBuilding CXX object CMakeFiles/ros1_bridge.dir/generated/turtlesim__srv__TeleportRelative__factories.cpp.o[0m
[955.247s] [ 95%] [32mBuilding CXX object CMakeFiles/ros1_bridge.dir/generated/unique_identifier_msgs_factories.cpp.o[0m
[960.320s] [ 96%] [32mBuilding CXX object CMakeFiles/ros1_bridge.dir/generated/unique_identifier_msgs__msg__UUID__factories.cpp.o[0m
[960.979s] [ 96%] [32mBuilding CXX object CMakeFiles/ros1_bridge.dir/generated/visualization_msgs_factories.cpp.o[0m
[961.948s] [ 96%] [32mBuilding CXX object CMakeFiles/ros1_bridge.dir/generated/visualization_msgs__msg__ImageMarker__factories.cpp.o[0m
[962.091s] [ 96%] [32mBuilding CXX object CMakeFiles/ros1_bridge.dir/generated/visualization_msgs__msg__InteractiveMarker__factories.cpp.o[0m
[967.058s] [ 97%] [32mBuilding CXX object CMakeFiles/ros1_bridge.dir/generated/visualization_msgs__msg__InteractiveMarkerControl__factories.cpp.o[0m
[968.258s] [ 97%] [32mBuilding CXX object CMakeFiles/ros1_bridge.dir/generated/visualization_msgs__msg__InteractiveMarkerFeedback__factories.cpp.o[0m
[977.743s] [ 97%] [32mBuilding CXX object CMakeFiles/ros1_bridge.dir/generated/visualization_msgs__msg__InteractiveMarkerInit__factories.cpp.o[0m
[978.030s] [ 98%] [32mBuilding CXX object CMakeFiles/ros1_bridge.dir/generated/visualization_msgs__msg__InteractiveMarkerPose__factories.cpp.o[0m
[982.585s] [ 98%] [32mBuilding CXX object CMakeFiles/ros1_bridge.dir/generated/visualization_msgs__msg__InteractiveMarkerUpdate__factories.cpp.o[0m
[988.511s] [ 98%] [32mBuilding CXX object CMakeFiles/ros1_bridge.dir/generated/visualization_msgs__msg__Marker__factories.cpp.o[0m
[991.564s] [ 98%] [32mBuilding CXX object CMakeFiles/ros1_bridge.dir/generated/visualization_msgs__msg__MarkerArray__factories.cpp.o[0m
[1001.543s] [ 98%] [32mBuilding CXX object CMakeFiles/ros1_bridge.dir/generated/visualization_msgs__srv__GetInteractiveMarkers__factories.cpp.o[0m
[1003.557s] [ 99%] [32mBuilding CXX object CMakeFiles/ros1_bridge.dir/generated/visualization_msgs__msg__MenuEntry__factories.cpp.o[0m
[1012.337s] [ 99%] [32m[1mLinking CXX shared library libros1_bridge.so[0m
[1108.593s] [ 99%] Built target ros1_bridge
[1108.612s] [35m[1mScanning dependencies of target parameter_bridge[0m
[1108.618s] [35m[1mScanning dependencies of target static_bridge[0m
[1108.618s] [35m[1mScanning dependencies of target dynamic_bridge[0m
[1108.695s] [ 99%] [32mBuilding CXX object CMakeFiles/parameter_bridge.dir/src/parameter_bridge.cpp.o[0m
[1108.754s] [ 99%] [32mBuilding CXX object CMakeFiles/static_bridge.dir/src/static_bridge.cpp.o[0m
[1108.769s] [ 99%] [32mBuilding CXX object CMakeFiles/dynamic_bridge.dir/src/dynamic_bridge.cpp.o[0m
[1113.335s] [100%] [32m[1mLinking CXX executable parameter_bridge[0m
[1115.766s] [100%] [32m[1mLinking CXX executable static_bridge[0m
[1117.447s] [100%] [32m[1mLinking CXX executable dynamic_bridge[0m
[1201.453s] [100%] Built target static_bridge
[1202.491s] [100%] Built target parameter_bridge
[1212.685s] [100%] Built target dynamic_bridge
[1212.705s] Invoked command in '/home/aaron/floribot/bridge_ws/build/ros1_bridge' returned '0': CMAKE_PREFIX_PATH=/home/aaron/floribot/ros2_ws/install/sick_scan_xd:/home/aaron/floribot/ros2_ws/install/floribot_simulation:/home/aaron/floribot/ros2_ws/install/base:/home/aaron/floribot/ros2_ws/install/scan_tools:/opt/ros/foxy:/home/aaron/floribot/ros1_ws/devel:/opt/ros/noetic /usr/bin/cmake --build /home/aaron/floribot/bridge_ws/build/ros1_bridge -- -j4 -l4
[1212.726s] Invoking command in '/home/aaron/floribot/bridge_ws/build/ros1_bridge': CMAKE_PREFIX_PATH=/home/aaron/floribot/ros2_ws/install/sick_scan_xd:/home/aaron/floribot/ros2_ws/install/floribot_simulation:/home/aaron/floribot/ros2_ws/install/base:/home/aaron/floribot/ros2_ws/install/scan_tools:/opt/ros/foxy:/home/aaron/floribot/ros1_ws/devel:/opt/ros/noetic /usr/bin/cmake --install /home/aaron/floribot/bridge_ws/build/ros1_bridge
[1212.738s] -- Install configuration: ""
[1212.739s] -- Installing: /home/aaron/floribot/bridge_ws/install/ros1_bridge/share/ros1_bridge/environment/library_path.sh
[1212.739s] -- Installing: /home/aaron/floribot/bridge_ws/install/ros1_bridge/share/ros1_bridge/environment/library_path.dsv
[1212.739s] -- Installing: /home/aaron/floribot/bridge_ws/install/ros1_bridge/share/ros1_bridge/environment/pythonpath.sh
[1212.740s] -- Installing: /home/aaron/floribot/bridge_ws/install/ros1_bridge/share/ros1_bridge/environment/pythonpath.dsv
[1212.740s] -- Installing: /home/aaron/floribot/bridge_ws/install/ros1_bridge/lib/python3.8/site-packages/ros1_bridge
[1212.740s] -- Installing: /home/aaron/floribot/bridge_ws/install/ros1_bridge/lib/python3.8/site-packages/ros1_bridge/__init__.py
[1212.793s] Listing '/home/aaron/floribot/bridge_ws/install/ros1_bridge/lib/python3.8/site-packages/ros1_bridge'...
[1212.793s] Compiling '/home/aaron/floribot/bridge_ws/install/ros1_bridge/lib/python3.8/site-packages/ros1_bridge/__init__.py'...
[1212.798s] -- Installing: /home/aaron/floribot/bridge_ws/install/ros1_bridge/share/ament_index/resource_index/package_run_dependencies/ros1_bridge
[1212.799s] -- Installing: /home/aaron/floribot/bridge_ws/install/ros1_bridge/share/ament_index/resource_index/parent_prefix_path/ros1_bridge
[1212.799s] -- Installing: /home/aaron/floribot/bridge_ws/install/ros1_bridge/share/ros1_bridge/environment/ament_prefix_path.sh
[1212.799s] -- Installing: /home/aaron/floribot/bridge_ws/install/ros1_bridge/share/ros1_bridge/environment/ament_prefix_path.dsv
[1212.799s] -- Installing: /home/aaron/floribot/bridge_ws/install/ros1_bridge/share/ros1_bridge/environment/path.sh
[1212.800s] -- Installing: /home/aaron/floribot/bridge_ws/install/ros1_bridge/share/ros1_bridge/environment/path.dsv
[1212.800s] -- Installing: /home/aaron/floribot/bridge_ws/install/ros1_bridge/share/ros1_bridge/local_setup.bash
[1212.800s] -- Installing: /home/aaron/floribot/bridge_ws/install/ros1_bridge/share/ros1_bridge/local_setup.sh
[1212.801s] -- Installing: /home/aaron/floribot/bridge_ws/install/ros1_bridge/share/ros1_bridge/local_setup.zsh
[1212.801s] -- Installing: /home/aaron/floribot/bridge_ws/install/ros1_bridge/share/ros1_bridge/local_setup.dsv
[1212.801s] -- Installing: /home/aaron/floribot/bridge_ws/install/ros1_bridge/share/ros1_bridge/package.dsv
[1212.802s] -- Installing: /home/aaron/floribot/bridge_ws/install/ros1_bridge/share/ament_index/resource_index/packages/ros1_bridge
[1212.802s] -- Installing: /home/aaron/floribot/bridge_ws/install/ros1_bridge/share/ros1_bridge/cmake/find_ros1_package.cmake
[1212.802s] -- Installing: /home/aaron/floribot/bridge_ws/install/ros1_bridge/share/ros1_bridge/cmake/find_ros1_interface_packages.cmake
[1212.803s] -- Installing: /home/aaron/floribot/bridge_ws/install/ros1_bridge/share/ros1_bridge/cmake/ament_cmake_export_include_directories-extras.cmake
[1212.803s] -- Installing: /home/aaron/floribot/bridge_ws/install/ros1_bridge/share/ros1_bridge/cmake/ament_cmake_export_libraries-extras.cmake
[1212.803s] -- Installing: /home/aaron/floribot/bridge_ws/install/ros1_bridge/share/ros1_bridge/cmake/ros1_bridgeConfig.cmake
[1212.803s] -- Installing: /home/aaron/floribot/bridge_ws/install/ros1_bridge/share/ros1_bridge/cmake/ros1_bridgeConfig-version.cmake
[1212.804s] -- Installing: /home/aaron/floribot/bridge_ws/install/ros1_bridge/share/ros1_bridge/package.xml
[1212.804s] -- Installing: /home/aaron/floribot/bridge_ws/install/ros1_bridge/lib/ros1_bridge/simple_bridge_1_to_2
[1212.806s] -- Set runtime path of "/home/aaron/floribot/bridge_ws/install/ros1_bridge/lib/ros1_bridge/simple_bridge_1_to_2" to ""
[1212.806s] -- Installing: /home/aaron/floribot/bridge_ws/install/ros1_bridge/lib/ros1_bridge/simple_bridge_2_to_1
[1212.810s] -- Set runtime path of "/home/aaron/floribot/bridge_ws/install/ros1_bridge/lib/ros1_bridge/simple_bridge_2_to_1" to ""
[1212.810s] -- Installing: /home/aaron/floribot/bridge_ws/install/ros1_bridge/lib/ros1_bridge/simple_bridge
[1212.813s] -- Set runtime path of "/home/aaron/floribot/bridge_ws/install/ros1_bridge/lib/ros1_bridge/simple_bridge" to ""
[1212.814s] -- Installing: /home/aaron/floribot/bridge_ws/install/ros1_bridge/lib/libros1_bridge.so
[1213.218s] -- Set runtime path of "/home/aaron/floribot/bridge_ws/install/ros1_bridge/lib/libros1_bridge.so" to ""
[1213.218s] -- Installing: /home/aaron/floribot/bridge_ws/install/ros1_bridge/lib/ros1_bridge/static_bridge
[1213.219s] -- Set runtime path of "/home/aaron/floribot/bridge_ws/install/ros1_bridge/lib/ros1_bridge/static_bridge" to ""
[1213.219s] -- Installing: /home/aaron/floribot/bridge_ws/install/ros1_bridge/lib/ros1_bridge/parameter_bridge
[1213.220s] -- Set runtime path of "/home/aaron/floribot/bridge_ws/install/ros1_bridge/lib/ros1_bridge/parameter_bridge" to ""
[1213.220s] -- Installing: /home/aaron/floribot/bridge_ws/install/ros1_bridge/lib/ros1_bridge/dynamic_bridge
[1213.222s] -- Set runtime path of "/home/aaron/floribot/bridge_ws/install/ros1_bridge/lib/ros1_bridge/dynamic_bridge" to ""
[1213.222s] -- Installing: /home/aaron/floribot/bridge_ws/install/ros1_bridge/lib/ros1_bridge/test_ros2_client_cpp
[1213.223s] -- Set runtime path of "/home/aaron/floribot/bridge_ws/install/ros1_bridge/lib/ros1_bridge/test_ros2_client_cpp" to ""
[1213.224s] -- Installing: /home/aaron/floribot/bridge_ws/install/ros1_bridge/lib/ros1_bridge/test_ros2_server_cpp
[1213.225s] -- Set runtime path of "/home/aaron/floribot/bridge_ws/install/ros1_bridge/lib/ros1_bridge/test_ros2_server_cpp" to ""
[1213.225s] -- Installing: /home/aaron/floribot/bridge_ws/install/ros1_bridge/lib/ros1_bridge/generate_factories/ros1_bridge_generate_factories
[1213.225s] -- Up-to-date: /home/aaron/floribot/bridge_ws/install/ros1_bridge/share/ros1_bridge/cmake
[1213.225s] -- Up-to-date: /home/aaron/floribot/bridge_ws/install/ros1_bridge/share/ros1_bridge/cmake/find_ros1_interface_packages.cmake
[1213.225s] -- Up-to-date: /home/aaron/floribot/bridge_ws/install/ros1_bridge/share/ros1_bridge/cmake/find_ros1_package.cmake
[1213.226s] -- Installing: /home/aaron/floribot/bridge_ws/install/ros1_bridge/include
[1213.226s] -- Installing: /home/aaron/floribot/bridge_ws/install/ros1_bridge/include/ros1_bridge
[1213.226s] -- Installing: /home/aaron/floribot/bridge_ws/install/ros1_bridge/include/ros1_bridge/bridge.hpp
[1213.226s] -- Installing: /home/aaron/floribot/bridge_ws/install/ros1_bridge/include/ros1_bridge/convert_builtin_interfaces.hpp
[1213.226s] -- Installing: /home/aaron/floribot/bridge_ws/install/ros1_bridge/include/ros1_bridge/factory.hpp
[1213.227s] -- Installing: /home/aaron/floribot/bridge_ws/install/ros1_bridge/include/ros1_bridge/convert_decl.hpp
[1213.227s] -- Installing: /home/aaron/floribot/bridge_ws/install/ros1_bridge/include/ros1_bridge/factory_interface.hpp
[1213.227s] -- Installing: /home/aaron/floribot/bridge_ws/install/ros1_bridge/include/ros1_bridge/builtin_interfaces_factories.hpp
[1213.227s] -- Installing: /home/aaron/floribot/bridge_ws/install/ros1_bridge/share/ros1_bridge/resource
[1213.227s] -- Installing: /home/aaron/floribot/bridge_ws/install/ros1_bridge/share/ros1_bridge/resource/pkg_factories.hpp.em
[1213.227s] -- Installing: /home/aaron/floribot/bridge_ws/install/ros1_bridge/share/ros1_bridge/resource/pkg_factories.cpp.em
[1213.227s] -- Installing: /home/aaron/floribot/bridge_ws/install/ros1_bridge/share/ros1_bridge/resource/interface_factories.cpp.em
[1213.228s] -- Installing: /home/aaron/floribot/bridge_ws/install/ros1_bridge/share/ros1_bridge/resource/get_factory.cpp.em
[1213.228s] -- Installing: /home/aaron/floribot/bridge_ws/install/ros1_bridge/share/ros1_bridge/resource/get_mappings.cpp.em
[1213.231s] Invoked command in '/home/aaron/floribot/bridge_ws/build/ros1_bridge' returned '0': CMAKE_PREFIX_PATH=/home/aaron/floribot/ros2_ws/install/sick_scan_xd:/home/aaron/floribot/ros2_ws/install/floribot_simulation:/home/aaron/floribot/ros2_ws/install/base:/home/aaron/floribot/ros2_ws/install/scan_tools:/opt/ros/foxy:/home/aaron/floribot/ros1_ws/devel:/opt/ros/noetic /usr/bin/cmake --install /home/aaron/floribot/bridge_ws/build/ros1_bridge
