[0.287s] DEBUG:colcon:Command line arguments: ['/usr/bin/colcon', 'build', '--packages-select', 'ros1_bridge', '--cmake-force-configure']
[0.287s] DEBUG:colcon:Parsed command line arguments: Namespace(allow_overriding=[], ament_cmake_args=None, base_paths=['.'], build_base='build', catkin_cmake_args=None, catkin_skip_building_tests=False, cmake_args=None, cmake_clean_cache=False, cmake_clean_first=False, cmake_force_configure=True, cmake_target=None, cmake_target_skip_unavailable=False, continue_on_error=False, event_handlers=None, executor='parallel', ignore_user_meta=False, install_base='install', log_base=None, log_level=None, main=<bound method BuildVerb.main of <colcon_core.verb.build.BuildVerb object at 0x7fe84dacbac0>>, merge_install=False, metas=['./colcon.meta'], mixin=None, mixin_files=None, mixin_verb=('build',), packages_above=None, packages_above_and_dependencies=None, packages_above_depth=None, packages_end=None, packages_ignore=None, packages_ignore_regex=None, packages_select=['ros1_bridge'], packages_select_build_failed=False, packages_select_by_dep=None, packages_select_regex=None, packages_select_test_failures=False, packages_skip=None, packages_skip_build_finished=False, packages_skip_by_dep=None, packages_skip_regex=None, packages_skip_test_passed=False, packages_skip_up_to=None, packages_start=None, packages_up_to=None, packages_up_to_regex=None, parallel_workers=4, paths=None, symlink_install=False, test_result_base=None, verb_extension=<colcon_core.verb.build.BuildVerb object at 0x7fe84dacbac0>, verb_name='build', verb_parser=<colcon_mixin.mixin.mixin_argument.MixinArgumentDecorator object at 0x7fe84da02100>)
[0.524s] Level 1:colcon.colcon_core.package_discovery:discover_packages(colcon_meta) check parameters
[0.524s] Level 1:colcon.colcon_core.package_discovery:discover_packages(recursive) check parameters
[0.524s] Level 1:colcon.colcon_core.package_discovery:discover_packages(ignore) check parameters
[0.524s] Level 1:colcon.colcon_core.package_discovery:discover_packages(path) check parameters
[0.524s] Level 1:colcon.colcon_core.package_discovery:discover_packages(colcon_meta) discover
[0.524s] Level 1:colcon.colcon_core.package_discovery:discover_packages(recursive) discover
[0.524s] INFO:colcon.colcon_core.package_discovery:Crawling recursively for packages in '/home/aaron/floribot/bridge_ws'
[0.524s] Level 1:colcon.colcon_core.package_identification:_identify(.) by extensions ['ignore', 'ignore_ament_install']
[0.525s] Level 1:colcon.colcon_core.package_identification:_identify(.) by extension 'ignore'
[0.525s] Level 1:colcon.colcon_core.package_identification:_identify(.) by extension 'ignore_ament_install'
[0.525s] Level 1:colcon.colcon_core.package_identification:_identify(.) by extensions ['colcon_pkg']
[0.525s] Level 1:colcon.colcon_core.package_identification:_identify(.) by extension 'colcon_pkg'
[0.525s] Level 1:colcon.colcon_core.package_identification:_identify(.) by extensions ['colcon_meta']
[0.525s] Level 1:colcon.colcon_core.package_identification:_identify(.) by extension 'colcon_meta'
[0.525s] Level 1:colcon.colcon_core.package_identification:_identify(.) by extensions ['ros']
[0.525s] Level 1:colcon.colcon_core.package_identification:_identify(.) by extension 'ros'
[0.539s] Level 1:colcon.colcon_core.package_identification:_identify(.) by extensions ['cmake', 'python']
[0.539s] Level 1:colcon.colcon_core.package_identification:_identify(.) by extension 'cmake'
[0.539s] Level 1:colcon.colcon_core.package_identification:_identify(.) by extension 'python'
[0.539s] Level 1:colcon.colcon_core.package_identification:_identify(.) by extensions ['python_setup_py']
[0.539s] Level 1:colcon.colcon_core.package_identification:_identify(.) by extension 'python_setup_py'
[0.540s] Level 1:colcon.colcon_core.package_identification:_identify(build) by extensions ['ignore', 'ignore_ament_install']
[0.540s] Level 1:colcon.colcon_core.package_identification:_identify(build) by extension 'ignore'
[0.540s] Level 1:colcon.colcon_core.package_identification:_identify(build) ignored
[0.540s] Level 1:colcon.colcon_core.package_identification:_identify(install) by extensions ['ignore', 'ignore_ament_install']
[0.540s] Level 1:colcon.colcon_core.package_identification:_identify(install) by extension 'ignore'
[0.540s] Level 1:colcon.colcon_core.package_identification:_identify(install) ignored
[0.541s] Level 1:colcon.colcon_core.package_identification:_identify(log) by extensions ['ignore', 'ignore_ament_install']
[0.541s] Level 1:colcon.colcon_core.package_identification:_identify(log) by extension 'ignore'
[0.541s] Level 1:colcon.colcon_core.package_identification:_identify(log) ignored
[0.541s] Level 1:colcon.colcon_core.package_identification:_identify(src) by extensions ['ignore', 'ignore_ament_install']
[0.541s] Level 1:colcon.colcon_core.package_identification:_identify(src) by extension 'ignore'
[0.541s] Level 1:colcon.colcon_core.package_identification:_identify(src) by extension 'ignore_ament_install'
[0.541s] Level 1:colcon.colcon_core.package_identification:_identify(src) by extensions ['colcon_pkg']
[0.541s] Level 1:colcon.colcon_core.package_identification:_identify(src) by extension 'colcon_pkg'
[0.541s] Level 1:colcon.colcon_core.package_identification:_identify(src) by extensions ['colcon_meta']
[0.542s] Level 1:colcon.colcon_core.package_identification:_identify(src) by extension 'colcon_meta'
[0.542s] Level 1:colcon.colcon_core.package_identification:_identify(src) by extensions ['ros']
[0.542s] Level 1:colcon.colcon_core.package_identification:_identify(src) by extension 'ros'
[0.542s] Level 1:colcon.colcon_core.package_identification:_identify(src) by extensions ['cmake', 'python']
[0.542s] Level 1:colcon.colcon_core.package_identification:_identify(src) by extension 'cmake'
[0.542s] Level 1:colcon.colcon_core.package_identification:_identify(src) by extension 'python'
[0.542s] Level 1:colcon.colcon_core.package_identification:_identify(src) by extensions ['python_setup_py']
[0.542s] Level 1:colcon.colcon_core.package_identification:_identify(src) by extension 'python_setup_py'
[0.542s] Level 1:colcon.colcon_core.package_identification:_identify(src/ros1_bridge) by extensions ['ignore', 'ignore_ament_install']
[0.542s] Level 1:colcon.colcon_core.package_identification:_identify(src/ros1_bridge) by extension 'ignore'
[0.543s] Level 1:colcon.colcon_core.package_identification:_identify(src/ros1_bridge) by extension 'ignore_ament_install'
[0.543s] Level 1:colcon.colcon_core.package_identification:_identify(src/ros1_bridge) by extensions ['colcon_pkg']
[0.543s] Level 1:colcon.colcon_core.package_identification:_identify(src/ros1_bridge) by extension 'colcon_pkg'
[0.543s] Level 1:colcon.colcon_core.package_identification:_identify(src/ros1_bridge) by extensions ['colcon_meta']
[0.543s] Level 1:colcon.colcon_core.package_identification:_identify(src/ros1_bridge) by extension 'colcon_meta'
[0.543s] Level 1:colcon.colcon_core.package_identification:_identify(src/ros1_bridge) by extensions ['ros']
[0.543s] Level 1:colcon.colcon_core.package_identification:_identify(src/ros1_bridge) by extension 'ros'
[0.547s] DEBUG:colcon.colcon_core.package_identification:Package 'src/ros1_bridge' with type 'ros.ament_cmake' and name 'ros1_bridge'
[0.547s] Level 1:colcon.colcon_core.package_discovery:discover_packages(recursive) using defaults
[0.547s] Level 1:colcon.colcon_core.package_discovery:discover_packages(ignore) discover
[0.547s] Level 1:colcon.colcon_core.package_discovery:discover_packages(ignore) using defaults
[0.547s] Level 1:colcon.colcon_core.package_discovery:discover_packages(path) discover
[0.547s] Level 1:colcon.colcon_core.package_discovery:discover_packages(path) using defaults
[0.578s] Level 1:colcon.colcon_core.package_discovery:discover_packages(prefix_path) check parameters
[0.578s] Level 1:colcon.colcon_core.package_discovery:discover_packages(prefix_path) discover
[0.581s] DEBUG:colcon.colcon_installed_package_information.package_discovery:Found 1 installed packages in /home/aaron/floribot/ros2_ws/install
[0.583s] DEBUG:colcon.colcon_installed_package_information.package_discovery:Found 272 installed packages in /opt/ros/foxy
[0.585s] Level 1:colcon.colcon_core.package_discovery:discover_packages(prefix_path) using defaults
[0.667s] Level 5:colcon.colcon_core.verb:set package 'ros1_bridge' build argument 'cmake_args' from command line to 'None'
[0.667s] Level 5:colcon.colcon_core.verb:set package 'ros1_bridge' build argument 'cmake_target' from command line to 'None'
[0.667s] Level 5:colcon.colcon_core.verb:set package 'ros1_bridge' build argument 'cmake_target_skip_unavailable' from command line to 'False'
[0.667s] Level 5:colcon.colcon_core.verb:set package 'ros1_bridge' build argument 'cmake_clean_cache' from command line to 'False'
[0.667s] Level 5:colcon.colcon_core.verb:set package 'ros1_bridge' build argument 'cmake_clean_first' from command line to 'False'
[0.667s] Level 5:colcon.colcon_core.verb:set package 'ros1_bridge' build argument 'cmake_force_configure' from command line to 'True'
[0.667s] Level 5:colcon.colcon_core.verb:set package 'ros1_bridge' build argument 'ament_cmake_args' from command line to 'None'
[0.667s] Level 5:colcon.colcon_core.verb:set package 'ros1_bridge' build argument 'catkin_cmake_args' from command line to 'None'
[0.667s] Level 5:colcon.colcon_core.verb:set package 'ros1_bridge' build argument 'catkin_skip_building_tests' from command line to 'False'
[0.668s] DEBUG:colcon.colcon_core.verb:Building package 'ros1_bridge' with the following arguments: {'ament_cmake_args': None, 'build_base': '/home/aaron/floribot/bridge_ws/build/ros1_bridge', 'catkin_cmake_args': None, 'catkin_skip_building_tests': False, 'cmake_args': None, 'cmake_clean_cache': False, 'cmake_clean_first': False, 'cmake_force_configure': True, 'cmake_target': None, 'cmake_target_skip_unavailable': False, 'install_base': '/home/aaron/floribot/bridge_ws/install/ros1_bridge', 'merge_install': False, 'path': '/home/aaron/floribot/bridge_ws/src/ros1_bridge', 'symlink_install': False, 'test_result_base': None}
[0.668s] INFO:colcon.colcon_core.executor:Executing jobs using 'parallel' executor
[0.669s] DEBUG:colcon.colcon_parallel_executor.executor.parallel:run_until_complete
[0.670s] INFO:colcon.colcon_ros.task.ament_cmake.build:Building ROS package in '/home/aaron/floribot/bridge_ws/src/ros1_bridge' with build type 'ament_cmake'
[0.670s] INFO:colcon.colcon_cmake.task.cmake.build:Building CMake package in '/home/aaron/floribot/bridge_ws/src/ros1_bridge'
[0.673s] INFO:colcon.colcon_core.plugin_system:Skipping extension 'colcon_core.shell.bat': Not used on non-Windows systems
[0.673s] INFO:colcon.colcon_core.shell:Skip shell extension 'powershell' for command environment: Not usable outside of PowerShell
[0.673s] DEBUG:colcon.colcon_core.shell:Skip shell extension 'dsv' for command environment
[0.676s] DEBUG:colcon.colcon_core.shell:Ignoring prefix path '/home/aaron/floribot/ros1_ws/devel'
[0.676s] DEBUG:colcon.colcon_core.shell:Ignoring prefix path '/opt/ros/noetic'
[0.697s] DEBUG:colcon.colcon_core.event_handler.log_command:Invoking command in '/home/aaron/floribot/bridge_ws/build/ros1_bridge': CMAKE_PREFIX_PATH=/home/aaron/floribot/ros2_ws/install/base:/opt/ros/foxy:/home/aaron/floribot/ros1_ws/devel:/opt/ros/noetic /usr/bin/cmake /home/aaron/floribot/bridge_ws/src/ros1_bridge -DCMAKE_INSTALL_PREFIX=/home/aaron/floribot/bridge_ws/install/ros1_bridge
[7.146s] DEBUG:colcon.colcon_core.event_handler.log_command:Invoked command in '/home/aaron/floribot/bridge_ws/build/ros1_bridge' returned '0': CMAKE_PREFIX_PATH=/home/aaron/floribot/ros2_ws/install/base:/opt/ros/foxy:/home/aaron/floribot/ros1_ws/devel:/opt/ros/noetic /usr/bin/cmake /home/aaron/floribot/bridge_ws/src/ros1_bridge -DCMAKE_INSTALL_PREFIX=/home/aaron/floribot/bridge_ws/install/ros1_bridge
[7.153s] DEBUG:colcon.colcon_core.event_handler.log_command:Invoking command in '/home/aaron/floribot/bridge_ws/build/ros1_bridge': CMAKE_PREFIX_PATH=/home/aaron/floribot/ros2_ws/install/base:/opt/ros/foxy:/home/aaron/floribot/ros1_ws/devel:/opt/ros/noetic /usr/bin/cmake --build /home/aaron/floribot/bridge_ws/build/ros1_bridge -- -j4 -l4
[22.204s] DEBUG:colcon.colcon_core.event_handler.log_command:Invoked command in '/home/aaron/floribot/bridge_ws/build/ros1_bridge' returned '2': CMAKE_PREFIX_PATH=/home/aaron/floribot/ros2_ws/install/base:/opt/ros/foxy:/home/aaron/floribot/ros1_ws/devel:/opt/ros/noetic /usr/bin/cmake --build /home/aaron/floribot/bridge_ws/build/ros1_bridge -- -j4 -l4
[22.205s] Level 1:colcon.colcon_core.environment:create_environment_scripts_only(ros1_bridge)
[22.209s] Level 1:colcon.colcon_core.environment:checking '/home/aaron/floribot/bridge_ws/install/ros1_bridge' for CMake module files
[22.211s] Level 1:colcon.colcon_core.environment:checking '/home/aaron/floribot/bridge_ws/install/ros1_bridge' for CMake config files
[22.212s] Level 1:colcon.colcon_core.shell:create_environment_hook('ros1_bridge', 'cmake_prefix_path')
[22.212s] INFO:colcon.colcon_core.shell:Creating environment hook '/home/aaron/floribot/bridge_ws/install/ros1_bridge/share/ros1_bridge/hook/cmake_prefix_path.ps1'
[22.213s] INFO:colcon.colcon_core.shell:Creating environment descriptor '/home/aaron/floribot/bridge_ws/install/ros1_bridge/share/ros1_bridge/hook/cmake_prefix_path.dsv'
[22.214s] INFO:colcon.colcon_core.shell:Creating environment hook '/home/aaron/floribot/bridge_ws/install/ros1_bridge/share/ros1_bridge/hook/cmake_prefix_path.sh'
[22.215s] Level 1:colcon.colcon_core.environment:checking '/home/aaron/floribot/bridge_ws/install/ros1_bridge/lib'
[22.216s] Level 1:colcon.colcon_core.shell:create_environment_hook('ros1_bridge', 'ld_library_path_lib')
[22.216s] INFO:colcon.colcon_core.shell:Creating environment hook '/home/aaron/floribot/bridge_ws/install/ros1_bridge/share/ros1_bridge/hook/ld_library_path_lib.ps1'
[22.217s] INFO:colcon.colcon_core.shell:Creating environment descriptor '/home/aaron/floribot/bridge_ws/install/ros1_bridge/share/ros1_bridge/hook/ld_library_path_lib.dsv'
[22.217s] INFO:colcon.colcon_core.shell:Creating environment hook '/home/aaron/floribot/bridge_ws/install/ros1_bridge/share/ros1_bridge/hook/ld_library_path_lib.sh'
[22.218s] Level 1:colcon.colcon_core.environment:checking '/home/aaron/floribot/bridge_ws/install/ros1_bridge/bin'
[22.218s] Level 1:colcon.colcon_core.environment:checking '/home/aaron/floribot/bridge_ws/install/ros1_bridge/lib/pkgconfig/ros1_bridge.pc'
[22.218s] Level 1:colcon.colcon_core.environment:checking '/home/aaron/floribot/bridge_ws/install/ros1_bridge/lib/python3.8/site-packages'
[22.219s] Level 1:colcon.colcon_core.shell:create_environment_hook('ros1_bridge', 'pythonpath')
[22.219s] INFO:colcon.colcon_core.shell:Creating environment hook '/home/aaron/floribot/bridge_ws/install/ros1_bridge/share/ros1_bridge/hook/pythonpath.ps1'
[22.220s] INFO:colcon.colcon_core.shell:Creating environment descriptor '/home/aaron/floribot/bridge_ws/install/ros1_bridge/share/ros1_bridge/hook/pythonpath.dsv'
[22.220s] INFO:colcon.colcon_core.shell:Creating environment hook '/home/aaron/floribot/bridge_ws/install/ros1_bridge/share/ros1_bridge/hook/pythonpath.sh'
[22.221s] Level 1:colcon.colcon_core.environment:checking '/home/aaron/floribot/bridge_ws/install/ros1_bridge/bin'
[22.222s] INFO:colcon.colcon_core.shell:Creating package script '/home/aaron/floribot/bridge_ws/install/ros1_bridge/share/ros1_bridge/package.ps1'
[22.224s] INFO:colcon.colcon_core.shell:Creating package descriptor '/home/aaron/floribot/bridge_ws/install/ros1_bridge/share/ros1_bridge/package.dsv'
[22.225s] INFO:colcon.colcon_core.shell:Creating package script '/home/aaron/floribot/bridge_ws/install/ros1_bridge/share/ros1_bridge/package.sh'
[22.226s] INFO:colcon.colcon_core.shell:Creating package script '/home/aaron/floribot/bridge_ws/install/ros1_bridge/share/ros1_bridge/package.bash'
[22.227s] INFO:colcon.colcon_core.shell:Creating package script '/home/aaron/floribot/bridge_ws/install/ros1_bridge/share/ros1_bridge/package.zsh'
[22.228s] Level 1:colcon.colcon_core.environment:create_file_with_runtime_dependencies(/home/aaron/floribot/bridge_ws/install/ros1_bridge/share/colcon-core/packages/ros1_bridge)
[22.239s] DEBUG:colcon.colcon_parallel_executor.executor.parallel:closing loop
[22.240s] DEBUG:colcon.colcon_parallel_executor.executor.parallel:loop closed
[22.240s] DEBUG:colcon.colcon_parallel_executor.executor.parallel:run_until_complete finished with '2'
[22.240s] DEBUG:colcon.colcon_core.event_reactor:joining thread
[22.250s] INFO:colcon.colcon_core.plugin_system:Skipping extension 'colcon_notification.desktop_notification.terminal_notifier': Not used on non-Darwin systems
[22.250s] INFO:colcon.colcon_core.plugin_system:Skipping extension 'colcon_notification.desktop_notification.win32': Not used on non-Windows systems
[22.250s] INFO:colcon.colcon_notification.desktop_notification:Sending desktop notification using 'notify2'
[22.269s] DEBUG:colcon.colcon_core.event_reactor:joined thread
[22.269s] INFO:colcon.colcon_core.shell:Creating prefix script '/home/aaron/floribot/bridge_ws/install/local_setup.ps1'
[22.272s] INFO:colcon.colcon_core.shell:Creating prefix util module '/home/aaron/floribot/bridge_ws/install/_local_setup_util_ps1.py'
[22.275s] INFO:colcon.colcon_core.shell:Creating prefix chain script '/home/aaron/floribot/bridge_ws/install/setup.ps1'
[22.277s] INFO:colcon.colcon_core.shell:Creating prefix script '/home/aaron/floribot/bridge_ws/install/local_setup.sh'
[22.278s] INFO:colcon.colcon_core.shell:Creating prefix util module '/home/aaron/floribot/bridge_ws/install/_local_setup_util_sh.py'
[22.279s] INFO:colcon.colcon_core.shell:Creating prefix chain script '/home/aaron/floribot/bridge_ws/install/setup.sh'
[22.280s] INFO:colcon.colcon_core.shell:Creating prefix script '/home/aaron/floribot/bridge_ws/install/local_setup.bash'
[22.281s] INFO:colcon.colcon_core.shell:Creating prefix chain script '/home/aaron/floribot/bridge_ws/install/setup.bash'
[22.282s] INFO:colcon.colcon_core.shell:Creating prefix script '/home/aaron/floribot/bridge_ws/install/local_setup.zsh'
[22.283s] INFO:colcon.colcon_core.shell:Creating prefix chain script '/home/aaron/floribot/bridge_ws/install/setup.zsh'
