[0.290s] DEBUG:colcon:Command line arguments: ['/usr/bin/colcon', 'build', '--packages-select', 'ros1_bridge', '--cmake-force-configure']
[0.290s] DEBUG:colcon:Parsed command line arguments: Namespace(allow_overriding=[], ament_cmake_args=None, base_paths=['.'], build_base='build', catkin_cmake_args=None, catkin_skip_building_tests=False, cmake_args=None, cmake_clean_cache=False, cmake_clean_first=False, cmake_force_configure=True, cmake_target=None, cmake_target_skip_unavailable=False, continue_on_error=False, event_handlers=None, executor='parallel', ignore_user_meta=False, install_base='install', log_base=None, log_level=None, main=<bound method BuildVerb.main of <colcon_core.verb.build.BuildVerb object at 0x7fa86a5a4610>>, merge_install=False, metas=['./colcon.meta'], mixin=None, mixin_files=None, mixin_verb=('build',), packages_above=None, packages_above_and_dependencies=None, packages_above_depth=None, packages_end=None, packages_ignore=None, packages_ignore_regex=None, packages_select=['ros1_bridge'], packages_select_build_failed=False, packages_select_by_dep=None, packages_select_regex=None, packages_select_test_failures=False, packages_skip=None, packages_skip_build_finished=False, packages_skip_by_dep=None, packages_skip_regex=None, packages_skip_test_passed=False, packages_skip_up_to=None, packages_start=None, packages_up_to=None, packages_up_to_regex=None, parallel_workers=4, paths=None, symlink_install=False, test_result_base=None, verb_extension=<colcon_core.verb.build.BuildVerb object at 0x7fa86a5a4610>, verb_name='build', verb_parser=<colcon_mixin.mixin.mixin_argument.MixinArgumentDecorator object at 0x7fa86a4c2ca0>)
[0.537s] Level 1:colcon.colcon_core.package_discovery:discover_packages(colcon_meta) check parameters
[0.537s] Level 1:colcon.colcon_core.package_discovery:discover_packages(recursive) check parameters
[0.537s] Level 1:colcon.colcon_core.package_discovery:discover_packages(ignore) check parameters
[0.537s] Level 1:colcon.colcon_core.package_discovery:discover_packages(path) check parameters
[0.537s] Level 1:colcon.colcon_core.package_discovery:discover_packages(colcon_meta) discover
[0.537s] Level 1:colcon.colcon_core.package_discovery:discover_packages(recursive) discover
[0.537s] INFO:colcon.colcon_core.package_discovery:Crawling recursively for packages in '/home/aaron/floribot/bridge_ws'
[0.537s] Level 1:colcon.colcon_core.package_identification:_identify(.) by extensions ['ignore', 'ignore_ament_install']
[0.537s] Level 1:colcon.colcon_core.package_identification:_identify(.) by extension 'ignore'
[0.537s] Level 1:colcon.colcon_core.package_identification:_identify(.) by extension 'ignore_ament_install'
[0.538s] Level 1:colcon.colcon_core.package_identification:_identify(.) by extensions ['colcon_pkg']
[0.538s] Level 1:colcon.colcon_core.package_identification:_identify(.) by extension 'colcon_pkg'
[0.538s] Level 1:colcon.colcon_core.package_identification:_identify(.) by extensions ['colcon_meta']
[0.538s] Level 1:colcon.colcon_core.package_identification:_identify(.) by extension 'colcon_meta'
[0.538s] Level 1:colcon.colcon_core.package_identification:_identify(.) by extensions ['ros']
[0.538s] Level 1:colcon.colcon_core.package_identification:_identify(.) by extension 'ros'
[0.551s] Level 1:colcon.colcon_core.package_identification:_identify(.) by extensions ['cmake', 'python']
[0.551s] Level 1:colcon.colcon_core.package_identification:_identify(.) by extension 'cmake'
[0.552s] Level 1:colcon.colcon_core.package_identification:_identify(.) by extension 'python'
[0.552s] Level 1:colcon.colcon_core.package_identification:_identify(.) by extensions ['python_setup_py']
[0.552s] Level 1:colcon.colcon_core.package_identification:_identify(.) by extension 'python_setup_py'
[0.552s] Level 1:colcon.colcon_core.package_identification:_identify(build) by extensions ['ignore', 'ignore_ament_install']
[0.552s] Level 1:colcon.colcon_core.package_identification:_identify(build) by extension 'ignore'
[0.552s] Level 1:colcon.colcon_core.package_identification:_identify(build) ignored
[0.552s] Level 1:colcon.colcon_core.package_identification:_identify(install) by extensions ['ignore', 'ignore_ament_install']
[0.552s] Level 1:colcon.colcon_core.package_identification:_identify(install) by extension 'ignore'
[0.552s] Level 1:colcon.colcon_core.package_identification:_identify(install) ignored
[0.553s] Level 1:colcon.colcon_core.package_identification:_identify(log) by extensions ['ignore', 'ignore_ament_install']
[0.553s] Level 1:colcon.colcon_core.package_identification:_identify(log) by extension 'ignore'
[0.553s] Level 1:colcon.colcon_core.package_identification:_identify(log) ignored
[0.553s] Level 1:colcon.colcon_core.package_identification:_identify(src) by extensions ['ignore', 'ignore_ament_install']
[0.553s] Level 1:colcon.colcon_core.package_identification:_identify(src) by extension 'ignore'
[0.553s] Level 1:colcon.colcon_core.package_identification:_identify(src) by extension 'ignore_ament_install'
[0.553s] Level 1:colcon.colcon_core.package_identification:_identify(src) by extensions ['colcon_pkg']
[0.553s] Level 1:colcon.colcon_core.package_identification:_identify(src) by extension 'colcon_pkg'
[0.553s] Level 1:colcon.colcon_core.package_identification:_identify(src) by extensions ['colcon_meta']
[0.553s] Level 1:colcon.colcon_core.package_identification:_identify(src) by extension 'colcon_meta'
[0.553s] Level 1:colcon.colcon_core.package_identification:_identify(src) by extensions ['ros']
[0.553s] Level 1:colcon.colcon_core.package_identification:_identify(src) by extension 'ros'
[0.553s] Level 1:colcon.colcon_core.package_identification:_identify(src) by extensions ['cmake', 'python']
[0.553s] Level 1:colcon.colcon_core.package_identification:_identify(src) by extension 'cmake'
[0.553s] Level 1:colcon.colcon_core.package_identification:_identify(src) by extension 'python'
[0.553s] Level 1:colcon.colcon_core.package_identification:_identify(src) by extensions ['python_setup_py']
[0.554s] Level 1:colcon.colcon_core.package_identification:_identify(src) by extension 'python_setup_py'
[0.554s] Level 1:colcon.colcon_core.package_identification:_identify(src/ros1_bridge) by extensions ['ignore', 'ignore_ament_install']
[0.554s] Level 1:colcon.colcon_core.package_identification:_identify(src/ros1_bridge) by extension 'ignore'
[0.554s] Level 1:colcon.colcon_core.package_identification:_identify(src/ros1_bridge) by extension 'ignore_ament_install'
[0.554s] Level 1:colcon.colcon_core.package_identification:_identify(src/ros1_bridge) by extensions ['colcon_pkg']
[0.554s] Level 1:colcon.colcon_core.package_identification:_identify(src/ros1_bridge) by extension 'colcon_pkg'
[0.554s] Level 1:colcon.colcon_core.package_identification:_identify(src/ros1_bridge) by extensions ['colcon_meta']
[0.554s] Level 1:colcon.colcon_core.package_identification:_identify(src/ros1_bridge) by extension 'colcon_meta'
[0.554s] Level 1:colcon.colcon_core.package_identification:_identify(src/ros1_bridge) by extensions ['ros']
[0.554s] Level 1:colcon.colcon_core.package_identification:_identify(src/ros1_bridge) by extension 'ros'
[0.558s] DEBUG:colcon.colcon_core.package_identification:Package 'src/ros1_bridge' with type 'ros.ament_cmake' and name 'ros1_bridge'
[0.558s] Level 1:colcon.colcon_core.package_discovery:discover_packages(recursive) using defaults
[0.558s] Level 1:colcon.colcon_core.package_discovery:discover_packages(ignore) discover
[0.558s] Level 1:colcon.colcon_core.package_discovery:discover_packages(ignore) using defaults
[0.558s] Level 1:colcon.colcon_core.package_discovery:discover_packages(path) discover
[0.558s] Level 1:colcon.colcon_core.package_discovery:discover_packages(path) using defaults
[0.590s] Level 1:colcon.colcon_core.package_discovery:discover_packages(prefix_path) check parameters
[0.590s] Level 1:colcon.colcon_core.package_discovery:discover_packages(prefix_path) discover
[0.592s] DEBUG:colcon.colcon_installed_package_information.package_discovery:Found 4 installed packages in /home/aaron/floribot/ros2_ws/install
[0.594s] DEBUG:colcon.colcon_installed_package_information.package_discovery:Found 280 installed packages in /opt/ros/foxy
[0.596s] Level 1:colcon.colcon_core.package_discovery:discover_packages(prefix_path) using defaults
[0.681s] Level 5:colcon.colcon_core.verb:set package 'ros1_bridge' build argument 'cmake_args' from command line to 'None'
[0.682s] Level 5:colcon.colcon_core.verb:set package 'ros1_bridge' build argument 'cmake_target' from command line to 'None'
[0.682s] Level 5:colcon.colcon_core.verb:set package 'ros1_bridge' build argument 'cmake_target_skip_unavailable' from command line to 'False'
[0.682s] Level 5:colcon.colcon_core.verb:set package 'ros1_bridge' build argument 'cmake_clean_cache' from command line to 'False'
[0.682s] Level 5:colcon.colcon_core.verb:set package 'ros1_bridge' build argument 'cmake_clean_first' from command line to 'False'
[0.682s] Level 5:colcon.colcon_core.verb:set package 'ros1_bridge' build argument 'cmake_force_configure' from command line to 'True'
[0.682s] Level 5:colcon.colcon_core.verb:set package 'ros1_bridge' build argument 'ament_cmake_args' from command line to 'None'
[0.682s] Level 5:colcon.colcon_core.verb:set package 'ros1_bridge' build argument 'catkin_cmake_args' from command line to 'None'
[0.682s] Level 5:colcon.colcon_core.verb:set package 'ros1_bridge' build argument 'catkin_skip_building_tests' from command line to 'False'
[0.682s] DEBUG:colcon.colcon_core.verb:Building package 'ros1_bridge' with the following arguments: {'ament_cmake_args': None, 'build_base': '/home/aaron/floribot/bridge_ws/build/ros1_bridge', 'catkin_cmake_args': None, 'catkin_skip_building_tests': False, 'cmake_args': None, 'cmake_clean_cache': False, 'cmake_clean_first': False, 'cmake_force_configure': True, 'cmake_target': None, 'cmake_target_skip_unavailable': False, 'install_base': '/home/aaron/floribot/bridge_ws/install/ros1_bridge', 'merge_install': False, 'path': '/home/aaron/floribot/bridge_ws/src/ros1_bridge', 'symlink_install': False, 'test_result_base': None}
[0.682s] INFO:colcon.colcon_core.executor:Executing jobs using 'parallel' executor
[0.683s] DEBUG:colcon.colcon_parallel_executor.executor.parallel:run_until_complete
[0.684s] INFO:colcon.colcon_ros.task.ament_cmake.build:Building ROS package in '/home/aaron/floribot/bridge_ws/src/ros1_bridge' with build type 'ament_cmake'
[0.684s] INFO:colcon.colcon_cmake.task.cmake.build:Building CMake package in '/home/aaron/floribot/bridge_ws/src/ros1_bridge'
[0.687s] INFO:colcon.colcon_core.plugin_system:Skipping extension 'colcon_core.shell.bat': Not used on non-Windows systems
[0.687s] INFO:colcon.colcon_core.shell:Skip shell extension 'powershell' for command environment: Not usable outside of PowerShell
[0.687s] DEBUG:colcon.colcon_core.shell:Skip shell extension 'dsv' for command environment
[0.690s] DEBUG:colcon.colcon_core.shell:Ignoring prefix path '/home/aaron/floribot/ros1_ws/devel'
[0.690s] DEBUG:colcon.colcon_core.shell:Ignoring prefix path '/opt/ros/noetic'
[0.701s] DEBUG:colcon.colcon_core.event_handler.log_command:Invoking command in '/home/aaron/floribot/bridge_ws/build/ros1_bridge': CMAKE_PREFIX_PATH=/home/aaron/floribot/ros2_ws/install/sick_scan_xd:/home/aaron/floribot/ros2_ws/install/floribot_simulation:/home/aaron/floribot/ros2_ws/install/base:/home/aaron/floribot/ros2_ws/install/scan_tools:/opt/ros/foxy:/home/aaron/floribot/ros1_ws/devel:/opt/ros/noetic /usr/bin/cmake /home/aaron/floribot/bridge_ws/src/ros1_bridge -DCMAKE_INSTALL_PREFIX=/home/aaron/floribot/bridge_ws/install/ros1_bridge
[14.216s] DEBUG:colcon.colcon_core.event_handler.log_command:Invoked command in '/home/aaron/floribot/bridge_ws/build/ros1_bridge' returned '0': CMAKE_PREFIX_PATH=/home/aaron/floribot/ros2_ws/install/sick_scan_xd:/home/aaron/floribot/ros2_ws/install/floribot_simulation:/home/aaron/floribot/ros2_ws/install/base:/home/aaron/floribot/ros2_ws/install/scan_tools:/opt/ros/foxy:/home/aaron/floribot/ros1_ws/devel:/opt/ros/noetic /usr/bin/cmake /home/aaron/floribot/bridge_ws/src/ros1_bridge -DCMAKE_INSTALL_PREFIX=/home/aaron/floribot/bridge_ws/install/ros1_bridge
[14.222s] DEBUG:colcon.colcon_core.event_handler.log_command:Invoking command in '/home/aaron/floribot/bridge_ws/build/ros1_bridge': CMAKE_PREFIX_PATH=/home/aaron/floribot/ros2_ws/install/sick_scan_xd:/home/aaron/floribot/ros2_ws/install/floribot_simulation:/home/aaron/floribot/ros2_ws/install/base:/home/aaron/floribot/ros2_ws/install/scan_tools:/opt/ros/foxy:/home/aaron/floribot/ros1_ws/devel:/opt/ros/noetic /usr/bin/cmake --build /home/aaron/floribot/bridge_ws/build/ros1_bridge -- -j4 -l4
[1213.390s] DEBUG:colcon.colcon_core.event_handler.log_command:Invoked command in '/home/aaron/floribot/bridge_ws/build/ros1_bridge' returned '0': CMAKE_PREFIX_PATH=/home/aaron/floribot/ros2_ws/install/sick_scan_xd:/home/aaron/floribot/ros2_ws/install/floribot_simulation:/home/aaron/floribot/ros2_ws/install/base:/home/aaron/floribot/ros2_ws/install/scan_tools:/opt/ros/foxy:/home/aaron/floribot/ros1_ws/devel:/opt/ros/noetic /usr/bin/cmake --build /home/aaron/floribot/bridge_ws/build/ros1_bridge -- -j4 -l4
[1213.410s] DEBUG:colcon.colcon_core.event_handler.log_command:Invoking command in '/home/aaron/floribot/bridge_ws/build/ros1_bridge': CMAKE_PREFIX_PATH=/home/aaron/floribot/ros2_ws/install/sick_scan_xd:/home/aaron/floribot/ros2_ws/install/floribot_simulation:/home/aaron/floribot/ros2_ws/install/base:/home/aaron/floribot/ros2_ws/install/scan_tools:/opt/ros/foxy:/home/aaron/floribot/ros1_ws/devel:/opt/ros/noetic /usr/bin/cmake --install /home/aaron/floribot/bridge_ws/build/ros1_bridge
[1213.914s] Level 1:colcon.colcon_core.environment:create_environment_scripts_only(ros1_bridge)
[1213.915s] DEBUG:colcon.colcon_core.event_handler.log_command:Invoked command in '/home/aaron/floribot/bridge_ws/build/ros1_bridge' returned '0': CMAKE_PREFIX_PATH=/home/aaron/floribot/ros2_ws/install/sick_scan_xd:/home/aaron/floribot/ros2_ws/install/floribot_simulation:/home/aaron/floribot/ros2_ws/install/base:/home/aaron/floribot/ros2_ws/install/scan_tools:/opt/ros/foxy:/home/aaron/floribot/ros1_ws/devel:/opt/ros/noetic /usr/bin/cmake --install /home/aaron/floribot/bridge_ws/build/ros1_bridge
[1213.918s] Level 1:colcon.colcon_core.environment:checking '/home/aaron/floribot/bridge_ws/install/ros1_bridge' for CMake module files
[1213.919s] Level 1:colcon.colcon_core.environment:checking '/home/aaron/floribot/bridge_ws/install/ros1_bridge' for CMake config files
[1213.919s] Level 1:colcon.colcon_core.shell:create_environment_hook('ros1_bridge', 'cmake_prefix_path')
[1213.920s] INFO:colcon.colcon_core.shell:Creating environment hook '/home/aaron/floribot/bridge_ws/install/ros1_bridge/share/ros1_bridge/hook/cmake_prefix_path.ps1'
[1213.921s] INFO:colcon.colcon_core.shell:Creating environment descriptor '/home/aaron/floribot/bridge_ws/install/ros1_bridge/share/ros1_bridge/hook/cmake_prefix_path.dsv'
[1213.921s] INFO:colcon.colcon_core.shell:Creating environment hook '/home/aaron/floribot/bridge_ws/install/ros1_bridge/share/ros1_bridge/hook/cmake_prefix_path.sh'
[1213.922s] Level 1:colcon.colcon_core.environment:checking '/home/aaron/floribot/bridge_ws/install/ros1_bridge/lib'
[1213.923s] Level 1:colcon.colcon_core.shell:create_environment_hook('ros1_bridge', 'ld_library_path_lib')
[1213.923s] INFO:colcon.colcon_core.shell:Creating environment hook '/home/aaron/floribot/bridge_ws/install/ros1_bridge/share/ros1_bridge/hook/ld_library_path_lib.ps1'
[1213.923s] INFO:colcon.colcon_core.shell:Creating environment descriptor '/home/aaron/floribot/bridge_ws/install/ros1_bridge/share/ros1_bridge/hook/ld_library_path_lib.dsv'
[1213.924s] INFO:colcon.colcon_core.shell:Creating environment hook '/home/aaron/floribot/bridge_ws/install/ros1_bridge/share/ros1_bridge/hook/ld_library_path_lib.sh'
[1213.924s] Level 1:colcon.colcon_core.environment:checking '/home/aaron/floribot/bridge_ws/install/ros1_bridge/bin'
[1213.924s] Level 1:colcon.colcon_core.environment:checking '/home/aaron/floribot/bridge_ws/install/ros1_bridge/lib/pkgconfig/ros1_bridge.pc'
[1213.925s] Level 1:colcon.colcon_core.environment:checking '/home/aaron/floribot/bridge_ws/install/ros1_bridge/lib/python3.8/site-packages'
[1213.925s] Level 1:colcon.colcon_core.shell:create_environment_hook('ros1_bridge', 'pythonpath')
[1213.925s] INFO:colcon.colcon_core.shell:Creating environment hook '/home/aaron/floribot/bridge_ws/install/ros1_bridge/share/ros1_bridge/hook/pythonpath.ps1'
[1213.925s] INFO:colcon.colcon_core.shell:Creating environment descriptor '/home/aaron/floribot/bridge_ws/install/ros1_bridge/share/ros1_bridge/hook/pythonpath.dsv'
[1213.926s] INFO:colcon.colcon_core.shell:Creating environment hook '/home/aaron/floribot/bridge_ws/install/ros1_bridge/share/ros1_bridge/hook/pythonpath.sh'
[1213.926s] Level 1:colcon.colcon_core.environment:checking '/home/aaron/floribot/bridge_ws/install/ros1_bridge/bin'
[1213.927s] INFO:colcon.colcon_core.shell:Creating package script '/home/aaron/floribot/bridge_ws/install/ros1_bridge/share/ros1_bridge/package.ps1'
[1213.928s] INFO:colcon.colcon_core.shell:Creating package descriptor '/home/aaron/floribot/bridge_ws/install/ros1_bridge/share/ros1_bridge/package.dsv'
[1213.928s] INFO:colcon.colcon_core.shell:Creating package script '/home/aaron/floribot/bridge_ws/install/ros1_bridge/share/ros1_bridge/package.sh'
[1213.930s] INFO:colcon.colcon_core.shell:Creating package script '/home/aaron/floribot/bridge_ws/install/ros1_bridge/share/ros1_bridge/package.bash'
[1213.931s] INFO:colcon.colcon_core.shell:Creating package script '/home/aaron/floribot/bridge_ws/install/ros1_bridge/share/ros1_bridge/package.zsh'
[1213.932s] Level 1:colcon.colcon_core.environment:create_file_with_runtime_dependencies(/home/aaron/floribot/bridge_ws/install/ros1_bridge/share/colcon-core/packages/ros1_bridge)
[1213.933s] Level 1:colcon.colcon_core.environment:create_environment_scripts_only(ros1_bridge)
[1213.933s] Level 1:colcon.colcon_core.environment:checking '/home/aaron/floribot/bridge_ws/install/ros1_bridge' for CMake module files
[1213.934s] Level 1:colcon.colcon_core.environment:checking '/home/aaron/floribot/bridge_ws/install/ros1_bridge' for CMake config files
[1213.934s] Level 1:colcon.colcon_core.shell:create_environment_hook('ros1_bridge', 'cmake_prefix_path')
[1213.934s] INFO:colcon.colcon_core.shell:Creating environment hook '/home/aaron/floribot/bridge_ws/install/ros1_bridge/share/ros1_bridge/hook/cmake_prefix_path.ps1'
[1213.935s] INFO:colcon.colcon_core.shell:Creating environment descriptor '/home/aaron/floribot/bridge_ws/install/ros1_bridge/share/ros1_bridge/hook/cmake_prefix_path.dsv'
[1213.935s] INFO:colcon.colcon_core.shell:Creating environment hook '/home/aaron/floribot/bridge_ws/install/ros1_bridge/share/ros1_bridge/hook/cmake_prefix_path.sh'
[1213.936s] Level 1:colcon.colcon_core.environment:checking '/home/aaron/floribot/bridge_ws/install/ros1_bridge/lib'
[1213.936s] Level 1:colcon.colcon_core.shell:create_environment_hook('ros1_bridge', 'ld_library_path_lib')
[1213.937s] INFO:colcon.colcon_core.shell:Creating environment hook '/home/aaron/floribot/bridge_ws/install/ros1_bridge/share/ros1_bridge/hook/ld_library_path_lib.ps1'
[1213.937s] INFO:colcon.colcon_core.shell:Creating environment descriptor '/home/aaron/floribot/bridge_ws/install/ros1_bridge/share/ros1_bridge/hook/ld_library_path_lib.dsv'
[1213.938s] INFO:colcon.colcon_core.shell:Creating environment hook '/home/aaron/floribot/bridge_ws/install/ros1_bridge/share/ros1_bridge/hook/ld_library_path_lib.sh'
[1213.938s] Level 1:colcon.colcon_core.environment:checking '/home/aaron/floribot/bridge_ws/install/ros1_bridge/bin'
[1213.938s] Level 1:colcon.colcon_core.environment:checking '/home/aaron/floribot/bridge_ws/install/ros1_bridge/lib/pkgconfig/ros1_bridge.pc'
[1213.938s] Level 1:colcon.colcon_core.environment:checking '/home/aaron/floribot/bridge_ws/install/ros1_bridge/lib/python3.8/site-packages'
[1213.939s] Level 1:colcon.colcon_core.shell:create_environment_hook('ros1_bridge', 'pythonpath')
[1213.939s] INFO:colcon.colcon_core.shell:Creating environment hook '/home/aaron/floribot/bridge_ws/install/ros1_bridge/share/ros1_bridge/hook/pythonpath.ps1'
[1213.939s] INFO:colcon.colcon_core.shell:Creating environment descriptor '/home/aaron/floribot/bridge_ws/install/ros1_bridge/share/ros1_bridge/hook/pythonpath.dsv'
[1213.940s] INFO:colcon.colcon_core.shell:Creating environment hook '/home/aaron/floribot/bridge_ws/install/ros1_bridge/share/ros1_bridge/hook/pythonpath.sh'
[1213.941s] Level 1:colcon.colcon_core.environment:checking '/home/aaron/floribot/bridge_ws/install/ros1_bridge/bin'
[1213.941s] INFO:colcon.colcon_core.shell:Creating package script '/home/aaron/floribot/bridge_ws/install/ros1_bridge/share/ros1_bridge/package.ps1'
[1213.942s] INFO:colcon.colcon_core.shell:Creating package descriptor '/home/aaron/floribot/bridge_ws/install/ros1_bridge/share/ros1_bridge/package.dsv'
[1213.942s] INFO:colcon.colcon_core.shell:Creating package script '/home/aaron/floribot/bridge_ws/install/ros1_bridge/share/ros1_bridge/package.sh'
[1213.943s] INFO:colcon.colcon_core.shell:Creating package script '/home/aaron/floribot/bridge_ws/install/ros1_bridge/share/ros1_bridge/package.bash'
[1213.944s] INFO:colcon.colcon_core.shell:Creating package script '/home/aaron/floribot/bridge_ws/install/ros1_bridge/share/ros1_bridge/package.zsh'
[1213.944s] Level 1:colcon.colcon_core.environment:create_file_with_runtime_dependencies(/home/aaron/floribot/bridge_ws/install/ros1_bridge/share/colcon-core/packages/ros1_bridge)
[1213.945s] DEBUG:colcon.colcon_parallel_executor.executor.parallel:closing loop
[1213.945s] DEBUG:colcon.colcon_parallel_executor.executor.parallel:loop closed
[1213.945s] DEBUG:colcon.colcon_parallel_executor.executor.parallel:run_until_complete finished with '0'
[1213.945s] DEBUG:colcon.colcon_core.event_reactor:joining thread
[1213.954s] INFO:colcon.colcon_core.plugin_system:Skipping extension 'colcon_notification.desktop_notification.terminal_notifier': Not used on non-Darwin systems
[1213.954s] INFO:colcon.colcon_core.plugin_system:Skipping extension 'colcon_notification.desktop_notification.win32': Not used on non-Windows systems
[1213.954s] INFO:colcon.colcon_notification.desktop_notification:Sending desktop notification using 'notify2'
[1213.973s] DEBUG:colcon.colcon_core.event_reactor:joined thread
[1213.973s] INFO:colcon.colcon_core.shell:Creating prefix script '/home/aaron/floribot/bridge_ws/install/local_setup.ps1'
[1213.975s] INFO:colcon.colcon_core.shell:Creating prefix util module '/home/aaron/floribot/bridge_ws/install/_local_setup_util_ps1.py'
[1213.976s] INFO:colcon.colcon_core.shell:Creating prefix chain script '/home/aaron/floribot/bridge_ws/install/setup.ps1'
[1213.978s] INFO:colcon.colcon_core.shell:Creating prefix script '/home/aaron/floribot/bridge_ws/install/local_setup.sh'
[1213.979s] INFO:colcon.colcon_core.shell:Creating prefix util module '/home/aaron/floribot/bridge_ws/install/_local_setup_util_sh.py'
[1213.980s] INFO:colcon.colcon_core.shell:Creating prefix chain script '/home/aaron/floribot/bridge_ws/install/setup.sh'
[1213.981s] INFO:colcon.colcon_core.shell:Creating prefix script '/home/aaron/floribot/bridge_ws/install/local_setup.bash'
[1213.982s] INFO:colcon.colcon_core.shell:Creating prefix chain script '/home/aaron/floribot/bridge_ws/install/setup.bash'
[1213.983s] INFO:colcon.colcon_core.shell:Creating prefix script '/home/aaron/floribot/bridge_ws/install/local_setup.zsh'
[1213.984s] INFO:colcon.colcon_core.shell:Creating prefix chain script '/home/aaron/floribot/bridge_ws/install/setup.zsh'
