[0.019s] Invoking command in '/home/aaron/floribot/bridge_ws/build/ros1_bridge': CMAKE_PREFIX_PATH=/home/aaron/floribot/ros2_ws/install/base:/opt/ros/foxy:/home/aaron/floribot/ros1_ws/devel:/opt/ros/noetic /usr/bin/cmake /home/aaron/floribot/bridge_ws/src/ros1_bridge -DCMAKE_INSTALL_PREFIX=/home/aaron/floribot/bridge_ws/install/ros1_bridge
[0.049s] -- Found rmw: 1.0.4 (/opt/ros/foxy/share/rmw/cmake)
[0.080s] -- Found PythonInterp: /usr/bin/python3 (found suitable version "3.8.10", minimum required is "3") 
[0.080s] -- Using PYTHON_EXECUTABLE: /usr/bin/python3
[0.397s] -- Found rclcpp: 2.4.3 (/opt/ros/foxy/share/rclcpp/cmake)
[0.422s] -- Using all available rosidl_typesupport_c: rosidl_typesupport_fastrtps_c;rosidl_typesupport_introspection_c
[0.428s] -- Found rosidl_adapter: 1.3.1 (/opt/ros/foxy/share/rosidl_adapter/cmake)
[0.598s] -- Using all available rosidl_typesupport_cpp: rosidl_typesupport_fastrtps_cpp;rosidl_typesupport_introspection_cpp
[0.665s] -- Found rmw_implementation_cmake: 1.0.4 (/opt/ros/foxy/share/rmw_implementation_cmake/cmake)
[0.667s] -- Using RMW implementation 'rmw_fastrtps_cpp' as default
[1.923s] -- Found ament_lint_auto: 0.9.8 (/opt/ros/foxy/share/ament_lint_auto/cmake)
[1.924s] -- Found diagnostic_msgs: 2.0.5 (/opt/ros/foxy/share/diagnostic_msgs/cmake)
[2.103s] -- Found python_cmake_module: 0.8.1 (/opt/ros/foxy/share/python_cmake_module/cmake)
[2.132s] -- Found PythonInterp: /usr/bin/python3 (found suitable version "3.8.10", minimum required is "3.5") 
[2.135s] -- Using PYTHON_EXECUTABLE: /usr/bin/python3
[2.136s] -- Using PYTHON_INCLUDE_DIRS: /usr/include/python3.8
[2.136s] -- Using PYTHON_LIBRARIES: /usr/lib/x86_64-linux-gnu/libpython3.8.so
[2.174s] -- Added test 'copyright' to check source files copyright and LICENSE
[2.179s] -- Added test 'cppcheck' to perform static code analysis on C / C++ code
[2.180s] -- Configured cppcheck include dirs: 
[2.180s] -- Configured cppcheck exclude dirs and/or files: 
[2.184s] -- Added test 'cpplint' to check C / C++ code against the Google style
[2.184s] -- Configured cpplint exclude dirs and/or files: 
[2.185s] -- Added test 'flake8' to check Python code syntax and style conventions
[2.187s] -- Added test 'lint_cmake' to check CMake code style
[2.188s] -- Added test 'pep257' to check Python code against some of the style conventions in PEP 257
[2.192s] -- Added test 'uncrustify' to check C / C++ code style
[2.192s] -- Configured uncrustify additional arguments: 
[2.193s] -- Added test 'xmllint' to check XML markup files
[2.247s] -- Found base: 0.0.0 (/home/aaron/floribot/ros2_ws/install/base/share/base/cmake)
[2.302s] -- Found action_msgs: 1.0.0 (/opt/ros/foxy/share/action_msgs/cmake)
[2.379s] -- Found action_tutorials_interfaces: 0.9.4 (/opt/ros/foxy/share/action_tutorials_interfaces/cmake)
[2.429s] -- Found actionlib_msgs: 2.0.5 (/opt/ros/foxy/share/actionlib_msgs/cmake)
[2.429s] -- Found builtin_interfaces: 1.0.0 (/opt/ros/foxy/share/builtin_interfaces/cmake)
[2.476s] -- Found composition_interfaces: 1.0.0 (/opt/ros/foxy/share/composition_interfaces/cmake)
[2.942s] -- Found control_msgs: 2.5.1 (/opt/ros/foxy/share/control_msgs/cmake)
[2.943s] -- Found diagnostic_msgs: 2.0.5 (/opt/ros/foxy/share/diagnostic_msgs/cmake)
[3.020s] -- Found example_interfaces: 0.9.1 (/opt/ros/foxy/share/example_interfaces/cmake)
[3.198s] -- Found gazebo_msgs: 3.5.3 (/opt/ros/foxy/share/gazebo_msgs/cmake)
[3.199s] -- Found geometry_msgs: 2.0.5 (/opt/ros/foxy/share/geometry_msgs/cmake)
[3.201s] -- Found libstatistics_collector: 1.0.2 (/opt/ros/foxy/share/libstatistics_collector/cmake)
[3.214s] -- Found lifecycle_msgs: 1.0.0 (/opt/ros/foxy/share/lifecycle_msgs/cmake)
[3.224s] -- Found logging_demo: 0.9.4 (/opt/ros/foxy/share/logging_demo/cmake)
[3.686s] -- Found map_msgs: 2.0.2 (/opt/ros/foxy/share/map_msgs/cmake)
[3.686s] -- Found nav_msgs: 2.0.5 (/opt/ros/foxy/share/nav_msgs/cmake)
[3.847s] -- Found pcl_msgs: 1.0.0 (/opt/ros/foxy/share/pcl_msgs/cmake)
[3.866s] -- Found pendulum_msgs: 0.9.4 (/opt/ros/foxy/share/pendulum_msgs/cmake)
[3.867s] -- Found rcl_interfaces: 1.0.0 (/opt/ros/foxy/share/rcl_interfaces/cmake)
[3.883s] -- Found rmw_dds_common: 1.0.3 (/opt/ros/foxy/share/rmw_dds_common/cmake)
[3.884s] -- Found rosgraph_msgs: 1.0.0 (/opt/ros/foxy/share/rosgraph_msgs/cmake)
[3.884s] -- Found sensor_msgs: 2.0.5 (/opt/ros/foxy/share/sensor_msgs/cmake)
[3.969s] -- Found shape_msgs: 2.0.5 (/opt/ros/foxy/share/shape_msgs/cmake)
[3.970s] -- Found statistics_msgs: 1.0.0 (/opt/ros/foxy/share/statistics_msgs/cmake)
[3.971s] -- Found std_msgs: 2.0.5 (/opt/ros/foxy/share/std_msgs/cmake)
[3.984s] -- Found std_srvs: 2.0.5 (/opt/ros/foxy/share/std_srvs/cmake)
[4.146s] -- Found stereo_msgs: 2.0.5 (/opt/ros/foxy/share/stereo_msgs/cmake)
[4.332s] -- Found tf2_msgs: 0.13.14 (/opt/ros/foxy/share/tf2_msgs/cmake)
[4.332s] -- Found trajectory_msgs: 2.0.5 (/opt/ros/foxy/share/trajectory_msgs/cmake)
[4.405s] -- Found turtlesim: 1.2.6 (/opt/ros/foxy/share/turtlesim/cmake)
[4.406s] -- Found unique_identifier_msgs: 2.1.3 (/opt/ros/foxy/share/unique_identifier_msgs/cmake)
[4.504s] -- Found visualization_msgs: 2.0.5 (/opt/ros/foxy/share/visualization_msgs/cmake)
[5.037s] -- Configuring done
[5.887s] -- Generating done
[6.156s] -- Build files have been written to: /home/aaron/floribot/bridge_ws/build/ros1_bridge
[6.174s] Invoked command in '/home/aaron/floribot/bridge_ws/build/ros1_bridge' returned '0': CMAKE_PREFIX_PATH=/home/aaron/floribot/ros2_ws/install/base:/opt/ros/foxy:/home/aaron/floribot/ros1_ws/devel:/opt/ros/noetic /usr/bin/cmake /home/aaron/floribot/bridge_ws/src/ros1_bridge -DCMAKE_INSTALL_PREFIX=/home/aaron/floribot/bridge_ws/install/ros1_bridge
[6.180s] Invoking command in '/home/aaron/floribot/bridge_ws/build/ros1_bridge': CMAKE_PREFIX_PATH=/home/aaron/floribot/ros2_ws/install/base:/opt/ros/foxy:/home/aaron/floribot/ros1_ws/devel:/opt/ros/noetic /usr/bin/cmake --build /home/aaron/floribot/bridge_ws/build/ros1_bridge -- -j4 -l4
[6.315s] [  1%] Built target test_ros1_server
[6.317s] [  1%] Built target test_ros1_client
[6.334s] [  2%] Built target simple_bridge_1_to_2
[6.335s] [  3%] Built target simple_bridge_2_to_1
[6.391s] [  4%] Built target test_ros2_server_cpp
[6.403s] [  5%] Built target test_ros2_client_cpp
[6.409s] [  5%] Built target simple_bridge
[6.927s] [  5%] [34m[1mGenerating factories for interface types[0m
[22.647s] [35m[1mScanning dependencies of target ros1_bridge[0m
[26.777s] [  5%] [32mBuilding CXX object CMakeFiles/ros1_bridge.dir/generated/get_mappings.cpp.o[0m
[26.779s] [  5%] [32mBuilding CXX object CMakeFiles/ros1_bridge.dir/generated/get_factory.cpp.o[0m
[26.782s] [  6%] [32mBuilding CXX object CMakeFiles/ros1_bridge.dir/generated/base_factories.cpp.o[0m
[26.795s] [  6%] [32mBuilding CXX object CMakeFiles/ros1_bridge.dir/generated/base__msg__Wheels__factories.cpp.o[0m
[28.544s] [  6%] [32mBuilding CXX object CMakeFiles/ros1_bridge.dir/generated/base__msg__Angle__factories.cpp.o[0m
[33.725s] [  7%] [32mBuilding CXX object CMakeFiles/ros1_bridge.dir/generated/action_msgs_factories.cpp.o[0m
[37.983s] [  7%] [32mBuilding CXX object CMakeFiles/ros1_bridge.dir/generated/action_msgs__msg__GoalInfo__factories.cpp.o[0m
[41.060s] [  7%] [32mBuilding CXX object CMakeFiles/ros1_bridge.dir/generated/action_msgs__msg__GoalStatus__factories.cpp.o[0m
[42.477s] [  8%] [32mBuilding CXX object CMakeFiles/ros1_bridge.dir/generated/action_msgs__msg__GoalStatusArray__factories.cpp.o[0m
[44.068s] [  8%] [32mBuilding CXX object CMakeFiles/ros1_bridge.dir/generated/action_msgs__srv__CancelGoal__factories.cpp.o[0m
[45.165s] [  8%] [32mBuilding CXX object CMakeFiles/ros1_bridge.dir/generated/action_tutorials_interfaces_factories.cpp.o[0m
[48.008s] [  8%] [32mBuilding CXX object CMakeFiles/ros1_bridge.dir/generated/actionlib_msgs_factories.cpp.o[0m
[49.486s] [  9%] [32mBuilding CXX object CMakeFiles/ros1_bridge.dir/generated/actionlib_msgs__msg__GoalID__factories.cpp.o[0m
[50.971s] [  9%] [32mBuilding CXX object CMakeFiles/ros1_bridge.dir/generated/actionlib_msgs__msg__GoalStatus__factories.cpp.o[0m
[52.308s] [  9%] [32mBuilding CXX object CMakeFiles/ros1_bridge.dir/generated/actionlib_msgs__msg__GoalStatusArray__factories.cpp.o[0m
[55.231s] [ 10%] [32mBuilding CXX object CMakeFiles/ros1_bridge.dir/generated/composition_interfaces_factories.cpp.o[0m
[62.209s] [ 10%] [32mBuilding CXX object CMakeFiles/ros1_bridge.dir/generated/composition_interfaces__srv__LoadNode__factories.cpp.o[0m
[64.840s] [ 10%] [32mBuilding CXX object CMakeFiles/ros1_bridge.dir/generated/composition_interfaces__srv__ListNodes__factories.cpp.o[0m
[65.919s] [ 10%] [32mBuilding CXX object CMakeFiles/ros1_bridge.dir/generated/composition_interfaces__srv__UnloadNode__factories.cpp.o[0m
[68.114s] [ 11%] [32mBuilding CXX object CMakeFiles/ros1_bridge.dir/generated/control_msgs_factories.cpp.o[0m
[69.832s] [ 11%] [32mBuilding CXX object CMakeFiles/ros1_bridge.dir/generated/control_msgs__msg__DynamicJointState__factories.cpp.o[0m
[71.832s] [ 11%] [32mBuilding CXX object CMakeFiles/ros1_bridge.dir/generated/control_msgs__msg__GripperCommand__factories.cpp.o[0m
[72.816s] [ 12%] [32mBuilding CXX object CMakeFiles/ros1_bridge.dir/generated/control_msgs__msg__InterfaceValue__factories.cpp.o[0m
[75.332s] [ 12%] [32mBuilding CXX object CMakeFiles/ros1_bridge.dir/generated/control_msgs__msg__JointControllerState__factories.cpp.o[0m
[77.149s] [ 12%] [32mBuilding CXX object CMakeFiles/ros1_bridge.dir/generated/control_msgs__msg__JointJog__factories.cpp.o[0m
[80.069s] [ 13%] [32mBuilding CXX object CMakeFiles/ros1_bridge.dir/generated/control_msgs__msg__JointTolerance__factories.cpp.o[0m
[87.128s] [ 13%] [32mBuilding CXX object CMakeFiles/ros1_bridge.dir/generated/control_msgs__msg__JointTrajectoryControllerState__factories.cpp.o[0m
[90.281s] [ 13%] [32mBuilding CXX object CMakeFiles/ros1_bridge.dir/generated/control_msgs__msg__PidState__factories.cpp.o[0m
[93.310s] [ 13%] [32mBuilding CXX object CMakeFiles/ros1_bridge.dir/generated/control_msgs__srv__QueryCalibrationState__factories.cpp.o[0m
[96.074s] [ 14%] [32mBuilding CXX object CMakeFiles/ros1_bridge.dir/generated/control_msgs__srv__QueryTrajectoryState__factories.cpp.o[0m
[103.204s] [ 14%] [32mBuilding CXX object CMakeFiles/ros1_bridge.dir/generated/diagnostic_msgs_factories.cpp.o[0m
[103.247s] [ 14%] [32mBuilding CXX object CMakeFiles/ros1_bridge.dir/generated/diagnostic_msgs__msg__DiagnosticArray__factories.cpp.o[0m
[103.635s] [ 15%] [32mBuilding CXX object CMakeFiles/ros1_bridge.dir/generated/diagnostic_msgs__msg__DiagnosticStatus__factories.cpp.o[0m
[105.650s] [ 15%] [32mBuilding CXX object CMakeFiles/ros1_bridge.dir/generated/diagnostic_msgs__msg__KeyValue__factories.cpp.o[0m
[110.633s] [ 15%] [32mBuilding CXX object CMakeFiles/ros1_bridge.dir/generated/diagnostic_msgs__srv__AddDiagnostics__factories.cpp.o[0m
[119.061s] [ 15%] [32mBuilding CXX object CMakeFiles/ros1_bridge.dir/generated/diagnostic_msgs__srv__SelfTest__factories.cpp.o[0m
[119.340s] [ 16%] [32mBuilding CXX object CMakeFiles/ros1_bridge.dir/generated/example_interfaces_factories.cpp.o[0m
[120.585s] [ 16%] [32mBuilding CXX object CMakeFiles/ros1_bridge.dir/generated/example_interfaces__msg__Bool__factories.cpp.o[0m
[120.837s] [ 16%] [32mBuilding CXX object CMakeFiles/ros1_bridge.dir/generated/example_interfaces__msg__Byte__factories.cpp.o[0m
[126.342s] [ 17%] [32mBuilding CXX object CMakeFiles/ros1_bridge.dir/generated/example_interfaces__msg__ByteMultiArray__factories.cpp.o[0m
[127.521s] [ 17%] [32mBuilding CXX object CMakeFiles/ros1_bridge.dir/generated/example_interfaces__msg__Char__factories.cpp.o[0m
[127.794s] [ 17%] [32mBuilding CXX object CMakeFiles/ros1_bridge.dir/generated/example_interfaces__msg__Empty__factories.cpp.o[0m
[130.195s] [ 18%] [32mBuilding CXX object CMakeFiles/ros1_bridge.dir/generated/example_interfaces__msg__Float32__factories.cpp.o[0m
[133.388s] [ 18%] [32mBuilding CXX object CMakeFiles/ros1_bridge.dir/generated/example_interfaces__msg__Float32MultiArray__factories.cpp.o[0m
[134.334s] [ 18%] [32mBuilding CXX object CMakeFiles/ros1_bridge.dir/generated/example_interfaces__msg__Float64__factories.cpp.o[0m
[134.951s] [ 18%] [32mBuilding CXX object CMakeFiles/ros1_bridge.dir/generated/example_interfaces__msg__Float64MultiArray__factories.cpp.o[0m
[137.100s] [ 19%] [32mBuilding CXX object CMakeFiles/ros1_bridge.dir/generated/example_interfaces__msg__Int16__factories.cpp.o[0m
[140.317s] [ 19%] [32mBuilding CXX object CMakeFiles/ros1_bridge.dir/generated/example_interfaces__msg__Int16MultiArray__factories.cpp.o[0m
[141.316s] [ 19%] [32mBuilding CXX object CMakeFiles/ros1_bridge.dir/generated/example_interfaces__msg__Int32__factories.cpp.o[0m
[142.090s] [ 20%] [32mBuilding CXX object CMakeFiles/ros1_bridge.dir/generated/example_interfaces__msg__Int32MultiArray__factories.cpp.o[0m
[144.239s] [ 20%] [32mBuilding CXX object CMakeFiles/ros1_bridge.dir/generated/example_interfaces__msg__Int64__factories.cpp.o[0m
[147.579s] [ 20%] [32mBuilding CXX object CMakeFiles/ros1_bridge.dir/generated/example_interfaces__msg__Int64MultiArray__factories.cpp.o[0m
[148.675s] [ 20%] [32mBuilding CXX object CMakeFiles/ros1_bridge.dir/generated/example_interfaces__msg__Int8__factories.cpp.o[0m
[149.234s] [ 21%] [32mBuilding CXX object CMakeFiles/ros1_bridge.dir/generated/example_interfaces__msg__Int8MultiArray__factories.cpp.o[0m
[151.308s] [ 21%] [32mBuilding CXX object CMakeFiles/ros1_bridge.dir/generated/example_interfaces__msg__MultiArrayDimension__factories.cpp.o[0m
[154.313s] [ 21%] [32mBuilding CXX object CMakeFiles/ros1_bridge.dir/generated/example_interfaces__msg__MultiArrayLayout__factories.cpp.o[0m
[159.175s] [ 21%] [32mBuilding CXX object CMakeFiles/ros1_bridge.dir/generated/example_interfaces__msg__UInt16MultiArray__factories.cpp.o[0m
[163.211s] [ 22%] [32mBuilding CXX object CMakeFiles/ros1_bridge.dir/generated/example_interfaces__msg__UInt32__factories.cpp.o[0m
[165.228s] [ 22%] [32mBuilding CXX object CMakeFiles/ros1_bridge.dir/generated/example_interfaces__msg__UInt32MultiArray__factories.cpp.o[0m
[166.248s] [ 22%] [32mBuilding CXX object CMakeFiles/ros1_bridge.dir/generated/example_interfaces__msg__UInt16__factories.cpp.o[0m
[167.269s] [ 23%] [32mBuilding CXX object CMakeFiles/ros1_bridge.dir/generated/example_interfaces__msg__String__factories.cpp.o[0m
[168.013s] [ 23%] [32mBuilding CXX object CMakeFiles/ros1_bridge.dir/generated/example_interfaces__msg__UInt64__factories.cpp.o[0m
[171.338s] [ 23%] [32mBuilding CXX object CMakeFiles/ros1_bridge.dir/generated/example_interfaces__msg__UInt64MultiArray__factories.cpp.o[0m
[173.142s] [ 24%] [32mBuilding CXX object CMakeFiles/ros1_bridge.dir/generated/example_interfaces__msg__UInt8__factories.cpp.o[0m
[174.331s] [ 24%] [32mBuilding CXX object CMakeFiles/ros1_bridge.dir/generated/example_interfaces__msg__UInt8MultiArray__factories.cpp.o[0m
[175.207s] [ 24%] [32mBuilding CXX object CMakeFiles/ros1_bridge.dir/generated/example_interfaces__msg__WString__factories.cpp.o[0m
[178.213s] [ 25%] [32mBuilding CXX object CMakeFiles/ros1_bridge.dir/generated/example_interfaces__srv__AddTwoInts__factories.cpp.o[0m
[179.934s] [ 25%] [32mBuilding CXX object CMakeFiles/ros1_bridge.dir/generated/example_interfaces__srv__SetBool__factories.cpp.o[0m
[181.451s] [ 25%] [32mBuilding CXX object CMakeFiles/ros1_bridge.dir/generated/example_interfaces__srv__Trigger__factories.cpp.o[0m
[182.428s] [ 25%] [32mBuilding CXX object CMakeFiles/ros1_bridge.dir/generated/gazebo_msgs_factories.cpp.o[0m
[186.713s] [ 26%] [32mBuilding CXX object CMakeFiles/ros1_bridge.dir/generated/gazebo_msgs__msg__ContactState__factories.cpp.o[0m
[188.460s] [ 26%] [32mBuilding CXX object CMakeFiles/ros1_bridge.dir/generated/gazebo_msgs__msg__ContactsState__factories.cpp.o[0m
[189.356s] [ 26%] [32mBuilding CXX object CMakeFiles/ros1_bridge.dir/generated/gazebo_msgs__msg__EntityState__factories.cpp.o[0m
[189.955s] [ 27%] [32mBuilding CXX object CMakeFiles/ros1_bridge.dir/generated/gazebo_msgs__msg__LinkState__factories.cpp.o[0m
[196.671s] [ 27%] [32mBuilding CXX object CMakeFiles/ros1_bridge.dir/generated/gazebo_msgs__msg__LinkStates__factories.cpp.o[0m
[202.610s] [ 27%] [32mBuilding CXX object CMakeFiles/ros1_bridge.dir/generated/gazebo_msgs__msg__ModelState__factories.cpp.o[0m
[204.625s] [ 28%] [32mBuilding CXX object CMakeFiles/ros1_bridge.dir/generated/gazebo_msgs__msg__ModelStates__factories.cpp.o[0m
[210.419s] [ 28%] [32mBuilding CXX object CMakeFiles/ros1_bridge.dir/generated/gazebo_msgs__msg__ODEJointProperties__factories.cpp.o[0m
[212.922s] [ 28%] [32mBuilding CXX object CMakeFiles/ros1_bridge.dir/generated/gazebo_msgs__msg__ODEPhysics__factories.cpp.o[0m
[217.572s] [ 28%] [32mBuilding CXX object CMakeFiles/ros1_bridge.dir/generated/gazebo_msgs__msg__PerformanceMetrics__factories.cpp.o[0m
[218.237s] [ 29%] [32mBuilding CXX object CMakeFiles/ros1_bridge.dir/generated/gazebo_msgs__msg__SensorPerformanceMetric__factories.cpp.o[0m
[231.557s] [ 30%] [32mBuilding CXX object CMakeFiles/ros1_bridge.dir/generated/gazebo_msgs__srv__ApplyLinkWrench__factories.cpp.o[0m
[235.576s] [ 30%] [32mBuilding CXX object CMakeFiles/ros1_bridge.dir/generated/gazebo_msgs__srv__ApplyJointEffort__factories.cpp.o[0m
[235.922s] [ 30%] [32mBuilding CXX object CMakeFiles/ros1_bridge.dir/generated/gazebo_msgs__srv__ApplyBodyWrench__factories.cpp.o[0m
[236.942s] [ 30%] [32mBuilding CXX object CMakeFiles/ros1_bridge.dir/generated/gazebo_msgs__srv__BodyRequest__factories.cpp.o[0m
[237.969s] [ 30%] [32mBuilding CXX object CMakeFiles/ros1_bridge.dir/generated/gazebo_msgs__msg__WorldState__factories.cpp.o[0m
[241.280s] [ 30%] [32mBuilding CXX object CMakeFiles/ros1_bridge.dir/generated/gazebo_msgs__srv__DeleteEntity__factories.cpp.o[0m
[242.536s] [ 31%] [32mBuilding CXX object CMakeFiles/ros1_bridge.dir/generated/gazebo_msgs__srv__DeleteLight__factories.cpp.o[0m
[250.267s] [ 31%] [32mBuilding CXX object CMakeFiles/ros1_bridge.dir/generated/gazebo_msgs__srv__GetJointProperties__factories.cpp.o[0m
[251.288s] [ 31%] [32mBuilding CXX object CMakeFiles/ros1_bridge.dir/generated/gazebo_msgs__srv__DeleteModel__factories.cpp.o[0m
[251.869s] [ 32%] [32mBuilding CXX object CMakeFiles/ros1_bridge.dir/generated/gazebo_msgs__srv__GetEntityState__factories.cpp.o[0m
[253.274s] [ 32%] [32mBuilding CXX object CMakeFiles/ros1_bridge.dir/generated/gazebo_msgs__srv__GetLightProperties__factories.cpp.o[0m
[259.424s] [ 32%] [32mBuilding CXX object CMakeFiles/ros1_bridge.dir/generated/gazebo_msgs__srv__GetLinkProperties__factories.cpp.o[0m
[260.792s] [ 33%] [32mBuilding CXX object CMakeFiles/ros1_bridge.dir/generated/gazebo_msgs__srv__GetLinkState__factories.cpp.o[0m
[262.152s] [ 33%] [32mBuilding CXX object CMakeFiles/ros1_bridge.dir/generated/gazebo_msgs__srv__GetModelList__factories.cpp.o[0m
[263.949s] [ 33%] [32mBuilding CXX object CMakeFiles/ros1_bridge.dir/generated/gazebo_msgs__srv__GetModelProperties__factories.cpp.o[0m
[269.713s] [ 33%] [32mBuilding CXX object CMakeFiles/ros1_bridge.dir/generated/gazebo_msgs__srv__GetModelState__factories.cpp.o[0m
[275.601s] [ 33%] [32mBuilding CXX object CMakeFiles/ros1_bridge.dir/generated/gazebo_msgs__srv__JointRequest__factories.cpp.o[0m
[276.620s] [ 33%] [32mBuilding CXX object CMakeFiles/ros1_bridge.dir/generated/gazebo_msgs__srv__GetWorldProperties__factories.cpp.o[0m
[276.945s] [ 34%] [32mBuilding CXX object CMakeFiles/ros1_bridge.dir/generated/gazebo_msgs__srv__GetPhysicsProperties__factories.cpp.o[0m
[277.967s] [ 35%] [32mBuilding CXX object CMakeFiles/ros1_bridge.dir/generated/gazebo_msgs__srv__LinkRequest__factories.cpp.o[0m
[285.376s] [ 35%] [32mBuilding CXX object CMakeFiles/ros1_bridge.dir/generated/gazebo_msgs__srv__SetEntityState__factories.cpp.o[0m
[285.531s] [ 35%] [32mBuilding CXX object CMakeFiles/ros1_bridge.dir/generated/gazebo_msgs__srv__SetJointProperties__factories.cpp.o[0m
[286.792s] [ 35%] [32mBuilding CXX object CMakeFiles/ros1_bridge.dir/generated/gazebo_msgs__srv__SetJointTrajectory__factories.cpp.o[0m
[287.672s] [ 36%] [32mBuilding CXX object CMakeFiles/ros1_bridge.dir/generated/gazebo_msgs__srv__SetLightProperties__factories.cpp.o[0m
[292.629s] [ 36%] [32mBuilding CXX object CMakeFiles/ros1_bridge.dir/generated/gazebo_msgs__srv__SetLinkProperties__factories.cpp.o[0m
[295.009s] [ 36%] [32mBuilding CXX object CMakeFiles/ros1_bridge.dir/generated/gazebo_msgs__srv__SetLinkState__factories.cpp.o[0m
[296.537s] [ 37%] [32mBuilding CXX object CMakeFiles/ros1_bridge.dir/generated/gazebo_msgs__srv__SetModelConfiguration__factories.cpp.o[0m
[297.848s] [ 37%] [32mBuilding CXX object CMakeFiles/ros1_bridge.dir/generated/gazebo_msgs__srv__SetModelState__factories.cpp.o[0m
[307.480s] [ 37%] [32mBuilding CXX object CMakeFiles/ros1_bridge.dir/generated/gazebo_msgs__srv__SpawnModel__factories.cpp.o[0m
[310.510s] [ 37%] [32mBuilding CXX object CMakeFiles/ros1_bridge.dir/generated/geometry_msgs_factories.cpp.o[0m
[311.538s] [ 38%] [32mBuilding CXX object CMakeFiles/ros1_bridge.dir/generated/gazebo_msgs__srv__SpawnEntity__factories.cpp.o[0m
[312.597s] [ 38%] [32mBuilding CXX object CMakeFiles/ros1_bridge.dir/generated/gazebo_msgs__srv__SetPhysicsProperties__factories.cpp.o[0m
[315.096s] [ 38%] [32mBuilding CXX object CMakeFiles/ros1_bridge.dir/generated/geometry_msgs__msg__Accel__factories.cpp.o[0m
[317.344s] [ 39%] [32mBuilding CXX object CMakeFiles/ros1_bridge.dir/generated/geometry_msgs__msg__AccelStamped__factories.cpp.o[0m
[318.906s] [ 39%] [32mBuilding CXX object CMakeFiles/ros1_bridge.dir/generated/geometry_msgs__msg__AccelWithCovariance__factories.cpp.o[0m
[324.424s] [ 39%] [32mBuilding CXX object CMakeFiles/ros1_bridge.dir/generated/geometry_msgs__msg__AccelWithCovarianceStamped__factories.cpp.o[0m
[338.057s] [ 39%] [32mBuilding CXX object CMakeFiles/ros1_bridge.dir/generated/geometry_msgs__msg__Point__factories.cpp.o[0m
[345.079s] [ 39%] [32mBuilding CXX object CMakeFiles/ros1_bridge.dir/generated/geometry_msgs__msg__Point32__factories.cpp.o[0m
[346.101s] [ 39%] [32mBuilding CXX object CMakeFiles/ros1_bridge.dir/generated/geometry_msgs__msg__InertiaStamped__factories.cpp.o[0m
[347.123s] [ 40%] [32mBuilding CXX object CMakeFiles/ros1_bridge.dir/generated/geometry_msgs__msg__Inertia__factories.cpp.o[0m
[361.364s] [ 40%] [32mBuilding CXX object CMakeFiles/ros1_bridge.dir/generated/geometry_msgs__msg__PolygonStamped__factories.cpp.o[0m
[372.584s] [ 41%] [32mBuilding CXX object CMakeFiles/ros1_bridge.dir/generated/geometry_msgs__msg__Pose__factories.cpp.o[0m
[382.271s] [ 41%] [32mBuilding CXX object CMakeFiles/ros1_bridge.dir/generated/geometry_msgs__msg__Pose2D__factories.cpp.o[0m
[390.330s] [ 41%] [32mBuilding CXX object CMakeFiles/ros1_bridge.dir/generated/geometry_msgs__msg__PoseArray__factories.cpp.o[0m
[391.365s] [ 41%] [32mBuilding CXX object CMakeFiles/ros1_bridge.dir/generated/geometry_msgs__msg__Polygon__factories.cpp.o[0m
[392.037s] [ 42%] [32mBuilding CXX object CMakeFiles/ros1_bridge.dir/generated/geometry_msgs__msg__PointStamped__factories.cpp.o[0m
[393.089s] [ 43%] [32mBuilding CXX object CMakeFiles/ros1_bridge.dir/generated/geometry_msgs__msg__PoseStamped__factories.cpp.o[0m
[410.046s] [ 43%] [32mBuilding CXX object CMakeFiles/ros1_bridge.dir/generated/geometry_msgs__msg__Quaternion__factories.cpp.o[0m
[420.570s] [ 44%] [32mBuilding CXX object CMakeFiles/ros1_bridge.dir/generated/geometry_msgs__msg__QuaternionStamped__factories.cpp.o[0m
[431.331s] [ 44%] [32mBuilding CXX object CMakeFiles/ros1_bridge.dir/generated/geometry_msgs__msg__Transform__factories.cpp.o[0m
[441.055s] [ 44%] [32mBuilding CXX object CMakeFiles/ros1_bridge.dir/generated/geometry_msgs__msg__TransformStamped__factories.cpp.o[0m
[451.216s] [ 45%] [32mBuilding CXX object CMakeFiles/ros1_bridge.dir/generated/geometry_msgs__msg__Twist__factories.cpp.o[0m
[461.236s] [ 45%] [32mBuilding CXX object CMakeFiles/ros1_bridge.dir/generated/geometry_msgs__msg__TwistStamped__factories.cpp.o[0m
[465.254s] [ 45%] [32mBuilding CXX object CMakeFiles/ros1_bridge.dir/generated/geometry_msgs__msg__TwistWithCovariance__factories.cpp.o[0m
[466.278s] [ 45%] [32mBuilding CXX object CMakeFiles/ros1_bridge.dir/generated/geometry_msgs__msg__PoseWithCovarianceStamped__factories.cpp.o[0m
[467.300s] [ 45%] [32mBuilding CXX object CMakeFiles/ros1_bridge.dir/generated/geometry_msgs__msg__PoseWithCovariance__factories.cpp.o[0m
[482.452s] [ 45%] [32mBuilding CXX object CMakeFiles/ros1_bridge.dir/generated/geometry_msgs__msg__Vector3Stamped__factories.cpp.o[0m
[490.475s] [ 45%] [32mBuilding CXX object CMakeFiles/ros1_bridge.dir/generated/geometry_msgs__msg__Wrench__factories.cpp.o[0m
[491.495s] [ 46%] [32mBuilding CXX object CMakeFiles/ros1_bridge.dir/generated/geometry_msgs__msg__Vector3__factories.cpp.o[0m
[491.750s] [ 46%] [32mBuilding CXX object CMakeFiles/ros1_bridge.dir/generated/geometry_msgs__msg__TwistWithCovarianceStamped__factories.cpp.o[0m
[492.780s] [ 47%] [32mBuilding CXX object CMakeFiles/ros1_bridge.dir/generated/geometry_msgs__msg__WrenchStamped__factories.cpp.o[0m
[506.653s] [ 47%] [32mBuilding CXX object CMakeFiles/ros1_bridge.dir/generated/libstatistics_collector_factories.cpp.o[0m
[507.429s] [ 47%] [32mBuilding CXX object CMakeFiles/ros1_bridge.dir/generated/libstatistics_collector__msg__DummyMessage__factories.cpp.o[0m
[507.709s] [ 48%] [32mBuilding CXX object CMakeFiles/ros1_bridge.dir/generated/lifecycle_msgs_factories.cpp.o[0m
[509.505s] [ 48%] [32mBuilding CXX object CMakeFiles/ros1_bridge.dir/generated/lifecycle_msgs__msg__State__factories.cpp.o[0m
[513.694s] [ 48%] [32mBuilding CXX object CMakeFiles/ros1_bridge.dir/generated/lifecycle_msgs__msg__Transition__factories.cpp.o[0m
[514.462s] [ 48%] [32mBuilding CXX object CMakeFiles/ros1_bridge.dir/generated/lifecycle_msgs__msg__TransitionDescription__factories.cpp.o[0m
[514.658s] [ 49%] [32mBuilding CXX object CMakeFiles/ros1_bridge.dir/generated/lifecycle_msgs__msg__TransitionEvent__factories.cpp.o[0m
[516.523s] [ 49%] [32mBuilding CXX object CMakeFiles/ros1_bridge.dir/generated/lifecycle_msgs__srv__ChangeState__factories.cpp.o[0m
[523.673s] [ 49%] [32mBuilding CXX object CMakeFiles/ros1_bridge.dir/generated/lifecycle_msgs__srv__GetState__factories.cpp.o[0m
[527.630s] [ 49%] [32mBuilding CXX object CMakeFiles/ros1_bridge.dir/generated/logging_demo_factories.cpp.o[0m
[530.648s] [ 49%] [32mBuilding CXX object CMakeFiles/ros1_bridge.dir/generated/logging_demo__srv__ConfigLogger__factories.cpp.o[0m
[531.649s] [ 50%] [32mBuilding CXX object CMakeFiles/ros1_bridge.dir/generated/lifecycle_msgs__srv__GetAvailableTransitions__factories.cpp.o[0m
[532.697s] [ 51%] [32mBuilding CXX object CMakeFiles/ros1_bridge.dir/generated/map_msgs_factories.cpp.o[0m
[532.712s] [ 51%] [32mBuilding CXX object CMakeFiles/ros1_bridge.dir/generated/lifecycle_msgs__srv__GetAvailableStates__factories.cpp.o[0m
[536.470s] [ 51%] [32mBuilding CXX object CMakeFiles/ros1_bridge.dir/generated/map_msgs__msg__OccupancyGridUpdate__factories.cpp.o[0m
[538.196s] [ 51%] [32mBuilding CXX object CMakeFiles/ros1_bridge.dir/generated/map_msgs__msg__PointCloud2Update__factories.cpp.o[0m
[549.794s] [ 51%] [32mBuilding CXX object CMakeFiles/ros1_bridge.dir/generated/map_msgs__srv__GetMapROI__factories.cpp.o[0m
[551.810s] [ 52%] [32mBuilding CXX object CMakeFiles/ros1_bridge.dir/generated/map_msgs__srv__GetPointMapROI__factories.cpp.o[0m
[553.832s] [ 52%] [32mBuilding CXX object CMakeFiles/ros1_bridge.dir/generated/map_msgs__msg__ProjectedMap__factories.cpp.o[0m
[555.858s] [ 53%] [32mBuilding CXX object CMakeFiles/ros1_bridge.dir/generated/map_msgs__msg__ProjectedMapInfo__factories.cpp.o[0m
[556.850s] [ 53%] [32mBuilding CXX object CMakeFiles/ros1_bridge.dir/generated/map_msgs__srv__GetPointMap__factories.cpp.o[0m
[561.977s] [ 53%] [32mBuilding CXX object CMakeFiles/ros1_bridge.dir/generated/map_msgs__srv__ProjectedMapsInfo__factories.cpp.o[0m
[568.621s] [ 53%] [32mBuilding CXX object CMakeFiles/ros1_bridge.dir/generated/map_msgs__srv__SaveMap__factories.cpp.o[0m
[569.332s] [ 54%] [32mBuilding CXX object CMakeFiles/ros1_bridge.dir/generated/map_msgs__srv__SetMapProjections__factories.cpp.o[0m
[572.307s] [ 54%] [32mBuilding CXX object CMakeFiles/ros1_bridge.dir/generated/nav_msgs_factories.cpp.o[0m
[573.445s] [ 54%] [32mBuilding CXX object CMakeFiles/ros1_bridge.dir/generated/nav_msgs__msg__GridCells__factories.cpp.o[0m
[579.118s] [ 55%] [32mBuilding CXX object CMakeFiles/ros1_bridge.dir/generated/nav_msgs__msg__MapMetaData__factories.cpp.o[0m
[590.707s] [ 55%] [32mBuilding CXX object CMakeFiles/ros1_bridge.dir/generated/nav_msgs__msg__Path__factories.cpp.o[0m
[595.727s] [ 56%] [32mBuilding CXX object CMakeFiles/ros1_bridge.dir/generated/nav_msgs__srv__GetMap__factories.cpp.o[0m
[596.759s] [ 56%] [32mBuilding CXX object CMakeFiles/ros1_bridge.dir/generated/nav_msgs__msg__Odometry__factories.cpp.o[0m
[597.841s] [ 56%] [32mBuilding CXX object CMakeFiles/ros1_bridge.dir/generated/nav_msgs__msg__OccupancyGrid__factories.cpp.o[0m
[604.884s] [ 56%] [32mBuilding CXX object CMakeFiles/ros1_bridge.dir/generated/nav_msgs__srv__GetPlan__factories.cpp.o[0m
[608.062s] [ 56%] [32mBuilding CXX object CMakeFiles/ros1_bridge.dir/generated/nav_msgs__srv__SetMap__factories.cpp.o[0m
[618.838s] [ 56%] [32mBuilding CXX object CMakeFiles/ros1_bridge.dir/generated/pcl_msgs__msg__PointIndices__factories.cpp.o[0m
[629.242s] [ 57%] [32mBuilding CXX object CMakeFiles/ros1_bridge.dir/generated/pcl_msgs__msg__PolygonMesh__factories.cpp.o[0m
[640.339s] [ 57%] [32mBuilding CXX object CMakeFiles/ros1_bridge.dir/generated/pcl_msgs__msg__Vertices__factories.cpp.o[0m
[650.598s] [ 57%] [32mBuilding CXX object CMakeFiles/ros1_bridge.dir/generated/pcl_msgs__srv__UpdateFilename__factories.cpp.o[0m
[655.616s] [ 57%] [32mBuilding CXX object CMakeFiles/ros1_bridge.dir/generated/pendulum_msgs_factories.cpp.o[0m
[656.638s] [ 57%] [32mBuilding CXX object CMakeFiles/ros1_bridge.dir/generated/pcl_msgs__msg__ModelCoefficients__factories.cpp.o[0m
[657.207s] [ 58%] [32mBuilding CXX object CMakeFiles/ros1_bridge.dir/generated/pcl_msgs_factories.cpp.o[0m
[658.254s] [ 59%] [32mBuilding CXX object CMakeFiles/ros1_bridge.dir/generated/pendulum_msgs__msg__JointState__factories.cpp.o[0m
[670.202s] [ 60%] [32mBuilding CXX object CMakeFiles/ros1_bridge.dir/generated/rcl_interfaces_factories.cpp.o[0m
[674.848s] [ 60%] [32mBuilding CXX object CMakeFiles/ros1_bridge.dir/generated/rcl_interfaces__msg__FloatingPointRange__factories.cpp.o[0m
[680.053s] [ 60%] [32mBuilding CXX object CMakeFiles/ros1_bridge.dir/generated/rcl_interfaces__msg__IntegerRange__factories.cpp.o[0m
[681.069s] [ 60%] [32mBuilding CXX object CMakeFiles/ros1_bridge.dir/generated/rcl_interfaces__msg__ListParametersResult__factories.cpp.o[0m
[682.084s] [ 60%] [32mBuilding CXX object CMakeFiles/ros1_bridge.dir/generated/pendulum_msgs__msg__RttestResults__factories.cpp.o[0m
[683.110s] [ 60%] [32mBuilding CXX object CMakeFiles/ros1_bridge.dir/generated/pendulum_msgs__msg__JointCommand__factories.cpp.o[0m
[690.161s] [ 60%] [32mBuilding CXX object CMakeFiles/ros1_bridge.dir/generated/rcl_interfaces__msg__ParameterEventDescriptors__factories.cpp.o[0m
[691.179s] [ 61%] [32mBuilding CXX object CMakeFiles/ros1_bridge.dir/generated/rcl_interfaces__msg__ParameterEvent__factories.cpp.o[0m
[692.201s] [ 61%] [32mBuilding CXX object CMakeFiles/ros1_bridge.dir/generated/rcl_interfaces__msg__ParameterDescriptor__factories.cpp.o[0m
[693.257s] [ 62%] [32mBuilding CXX object CMakeFiles/ros1_bridge.dir/generated/rcl_interfaces__msg__Log__factories.cpp.o[0m
[696.595s] [ 62%] [32mBuilding CXX object CMakeFiles/ros1_bridge.dir/generated/rcl_interfaces__msg__Parameter__factories.cpp.o[0m
[699.217s] [ 62%] [32mBuilding CXX object CMakeFiles/ros1_bridge.dir/generated/rcl_interfaces__msg__ParameterType__factories.cpp.o[0m
[700.464s] [ 63%] [32mBuilding CXX object CMakeFiles/ros1_bridge.dir/generated/rcl_interfaces__msg__ParameterValue__factories.cpp.o[0m
[704.412s] [ 63%] [32mBuilding CXX object CMakeFiles/ros1_bridge.dir/generated/rcl_interfaces__msg__SetParametersResult__factories.cpp.o[0m
[707.174s] [ 63%] [32mBuilding CXX object CMakeFiles/ros1_bridge.dir/generated/rcl_interfaces__srv__DescribeParameters__factories.cpp.o[0m
[708.641s] [ 63%] [32mBuilding CXX object CMakeFiles/ros1_bridge.dir/generated/rcl_interfaces__srv__GetParameters__factories.cpp.o[0m
[714.870s] [ 63%] [32mBuilding CXX object CMakeFiles/ros1_bridge.dir/generated/rcl_interfaces__srv__SetParametersAtomically__factories.cpp.o[0m
[719.468s] [ 64%] [32mBuilding CXX object CMakeFiles/ros1_bridge.dir/generated/rcl_interfaces__srv__SetParameters__factories.cpp.o[0m
[724.391s] [ 64%] [32mBuilding CXX object CMakeFiles/ros1_bridge.dir/generated/rmw_dds_common_factories.cpp.o[0m
[729.069s] [ 64%] [32mBuilding CXX object CMakeFiles/ros1_bridge.dir/generated/rmw_dds_common__msg__Gid__factories.cpp.o[0m
[733.318s] [ 64%] [32mBuilding CXX object CMakeFiles/ros1_bridge.dir/generated/rmw_dds_common__msg__NodeEntitiesInfo__factories.cpp.o[0m
[735.336s] [ 65%] [32mBuilding CXX object CMakeFiles/ros1_bridge.dir/generated/rmw_dds_common__msg__ParticipantEntitiesInfo__factories.cpp.o[0m
[736.356s] [ 65%] [32mBuilding CXX object CMakeFiles/ros1_bridge.dir/generated/rcl_interfaces__srv__ListParameters__factories.cpp.o[0m
[737.377s] [ 66%] [32mBuilding CXX object CMakeFiles/ros1_bridge.dir/generated/rcl_interfaces__srv__GetParameterTypes__factories.cpp.o[0m
[738.519s] [ 66%] [32mBuilding CXX object CMakeFiles/ros1_bridge.dir/generated/rosgraph_msgs_factories.cpp.o[0m
[741.786s] [ 66%] [32mBuilding CXX object CMakeFiles/ros1_bridge.dir/generated/rosgraph_msgs__msg__Clock__factories.cpp.o[0m
[743.977s] [ 67%] [32mBuilding CXX object CMakeFiles/ros1_bridge.dir/generated/sensor_msgs_factories.cpp.o[0m
[745.196s] [ 67%] [32mBuilding CXX object CMakeFiles/ros1_bridge.dir/generated/sensor_msgs__msg__BatteryState__factories.cpp.o[0m
[759.015s] [ 67%] [32mBuilding CXX object CMakeFiles/ros1_bridge.dir/generated/sensor_msgs__msg__CompressedImage__factories.cpp.o[0m
[766.036s] [ 67%] [32mBuilding CXX object CMakeFiles/ros1_bridge.dir/generated/sensor_msgs__msg__FluidPressure__factories.cpp.o[0m
[767.058s] [ 68%] [32mBuilding CXX object CMakeFiles/ros1_bridge.dir/generated/sensor_msgs__msg__ChannelFloat32__factories.cpp.o[0m
[768.087s] [ 68%] [32mBuilding CXX object CMakeFiles/ros1_bridge.dir/generated/sensor_msgs__msg__CameraInfo__factories.cpp.o[0m
[770.212s] [ 68%] [32mBuilding CXX object CMakeFiles/ros1_bridge.dir/generated/sensor_msgs__msg__Illuminance__factories.cpp.o[0m
[788.083s] [ 68%] [32mBuilding CXX object CMakeFiles/ros1_bridge.dir/generated/sensor_msgs__msg__JointState__factories.cpp.o[0m
[797.421s] [ 69%] [32mBuilding CXX object CMakeFiles/ros1_bridge.dir/generated/sensor_msgs__msg__Joy__factories.cpp.o[0m
[800.440s] [ 69%] [32mBuilding CXX object CMakeFiles/ros1_bridge.dir/generated/sensor_msgs__msg__JoyFeedback__factories.cpp.o[0m
[801.461s] [ 69%] [32mBuilding CXX object CMakeFiles/ros1_bridge.dir/generated/sensor_msgs__msg__Imu__factories.cpp.o[0m
[802.486s] [ 70%] [32mBuilding CXX object CMakeFiles/ros1_bridge.dir/generated/sensor_msgs__msg__Image__factories.cpp.o[0m
[811.319s] [ 70%] [32mBuilding CXX object CMakeFiles/ros1_bridge.dir/generated/sensor_msgs__msg__JoyFeedbackArray__factories.cpp.o[0m
[816.934s] [ 70%] [32mBuilding CXX object CMakeFiles/ros1_bridge.dir/generated/sensor_msgs__msg__LaserEcho__factories.cpp.o[0m
[818.866s] [ 71%] [32mBuilding CXX object CMakeFiles/ros1_bridge.dir/generated/sensor_msgs__msg__LaserScan__factories.cpp.o[0m
[818.952s] [ 71%] [32mBuilding CXX object CMakeFiles/ros1_bridge.dir/generated/sensor_msgs__msg__MagneticField__factories.cpp.o[0m
[829.368s] [ 71%] [32mBuilding CXX object CMakeFiles/ros1_bridge.dir/generated/sensor_msgs__msg__MultiDOFJointState__factories.cpp.o[0m
[841.891s] [ 71%] [32mBuilding CXX object CMakeFiles/ros1_bridge.dir/generated/sensor_msgs__msg__NavSatStatus__factories.cpp.o[0m
[845.912s] [ 72%] [32mBuilding CXX object CMakeFiles/ros1_bridge.dir/generated/sensor_msgs__msg__PointCloud__factories.cpp.o[0m
[847.944s] [ 72%] [32mBuilding CXX object CMakeFiles/ros1_bridge.dir/generated/sensor_msgs__msg__NavSatFix__factories.cpp.o[0m
[849.971s] [ 73%] [32mBuilding CXX object CMakeFiles/ros1_bridge.dir/generated/sensor_msgs__msg__MultiEchoLaserScan__factories.cpp.o[0m
[860.709s] [ 73%] [32mBuilding CXX object CMakeFiles/ros1_bridge.dir/generated/sensor_msgs__msg__PointCloud2__factories.cpp.o[0m
[861.859s] [ 73%] [32mBuilding CXX object CMakeFiles/ros1_bridge.dir/generated/sensor_msgs__msg__PointField__factories.cpp.o[0m
[862.261s] [ 73%] [32mBuilding CXX object CMakeFiles/ros1_bridge.dir/generated/sensor_msgs__msg__Range__factories.cpp.o[0m
[866.730s] [ 74%] [32mBuilding CXX object CMakeFiles/ros1_bridge.dir/generated/sensor_msgs__msg__RegionOfInterest__factories.cpp.o[0m
[881.159s] [ 75%] [32mBuilding CXX object CMakeFiles/ros1_bridge.dir/generated/sensor_msgs__msg__TimeReference__factories.cpp.o[0m
[883.178s] [ 75%] [32mBuilding CXX object CMakeFiles/ros1_bridge.dir/generated/sensor_msgs__msg__Temperature__factories.cpp.o[0m
[885.570s] [ 75%] [32mBuilding CXX object CMakeFiles/ros1_bridge.dir/generated/sensor_msgs__srv__SetCameraInfo__factories.cpp.o[0m
[887.621s] [ 75%] [32mBuilding CXX object CMakeFiles/ros1_bridge.dir/generated/sensor_msgs__msg__RelativeHumidity__factories.cpp.o[0m
[900.956s] [ 76%] [32mBuilding CXX object CMakeFiles/ros1_bridge.dir/generated/shape_msgs__msg__MeshTriangle__factories.cpp.o[0m
[901.976s] [ 76%] [32mBuilding CXX object CMakeFiles/ros1_bridge.dir/generated/shape_msgs__msg__Mesh__factories.cpp.o[0m
[902.458s] [ 76%] [32mBuilding CXX object CMakeFiles/ros1_bridge.dir/generated/shape_msgs_factories.cpp.o[0m
[903.480s] [ 76%] [32mBuilding CXX object CMakeFiles/ros1_bridge.dir/generated/shape_msgs__msg__Plane__factories.cpp.o[0m
[909.538s] [ 76%] [32mBuilding CXX object CMakeFiles/ros1_bridge.dir/generated/shape_msgs__msg__SolidPrimitive__factories.cpp.o[0m
[915.482s] [ 77%] [32mBuilding CXX object CMakeFiles/ros1_bridge.dir/generated/statistics_msgs_factories.cpp.o[0m
[918.688s] [ 77%] [32mBuilding CXX object CMakeFiles/ros1_bridge.dir/generated/statistics_msgs__msg__MetricsMessage__factories.cpp.o[0m
[919.440s] [ 77%] [32mBuilding CXX object CMakeFiles/ros1_bridge.dir/generated/statistics_msgs__msg__StatisticDataPoint__factories.cpp.o[0m
[922.834s] [ 78%] [32mBuilding CXX object CMakeFiles/ros1_bridge.dir/generated/statistics_msgs__msg__StatisticDataType__factories.cpp.o[0m
[925.206s] [ 78%] [32mBuilding CXX object CMakeFiles/ros1_bridge.dir/generated/std_msgs_factories.cpp.o[0m
[925.818s] [ 78%] [32mBuilding CXX object CMakeFiles/ros1_bridge.dir/generated/std_msgs__msg__Bool__factories.cpp.o[0m
[926.867s] [ 78%] [32mBuilding CXX object CMakeFiles/ros1_bridge.dir/generated/std_msgs__msg__Byte__factories.cpp.o[0m
[930.155s] [ 79%] [32mBuilding CXX object CMakeFiles/ros1_bridge.dir/generated/std_msgs__msg__ByteMultiArray__factories.cpp.o[0m
[943.613s] [ 80%] [32mBuilding CXX object CMakeFiles/ros1_bridge.dir/generated/std_msgs__msg__Empty__factories.cpp.o[0m
[945.629s] [ 80%] [32mBuilding CXX object CMakeFiles/ros1_bridge.dir/generated/std_msgs__msg__Float32__factories.cpp.o[0m
[946.650s] [ 80%] [32mBuilding CXX object CMakeFiles/ros1_bridge.dir/generated/std_msgs__msg__ColorRGBA__factories.cpp.o[0m
[947.675s] [ 80%] [32mBuilding CXX object CMakeFiles/ros1_bridge.dir/generated/std_msgs__msg__Char__factories.cpp.o[0m
[957.459s] [ 80%] [32mBuilding CXX object CMakeFiles/ros1_bridge.dir/generated/std_msgs__msg__Float32MultiArray__factories.cpp.o[0m
[960.165s] [ 80%] [32mBuilding CXX object CMakeFiles/ros1_bridge.dir/generated/std_msgs__msg__Float64__factories.cpp.o[0m
[962.651s] [ 81%] [32mBuilding CXX object CMakeFiles/ros1_bridge.dir/generated/std_msgs__msg__Float64MultiArray__factories.cpp.o[0m
[963.210s] [ 81%] [32mBuilding CXX object CMakeFiles/ros1_bridge.dir/generated/std_msgs__msg__Header__factories.cpp.o[0m
[977.361s] [ 81%] [32mBuilding CXX object CMakeFiles/ros1_bridge.dir/generated/std_msgs__msg__Int32__factories.cpp.o[0m
[980.379s] [ 81%] [32mBuilding CXX object CMakeFiles/ros1_bridge.dir/generated/std_msgs__msg__Int32MultiArray__factories.cpp.o[0m
[981.399s] [ 82%] [32mBuilding CXX object CMakeFiles/ros1_bridge.dir/generated/std_msgs__msg__Int16MultiArray__factories.cpp.o[0m
[982.421s] [ 82%] [32mBuilding CXX object CMakeFiles/ros1_bridge.dir/generated/std_msgs__msg__Int16__factories.cpp.o[0m
[990.163s] [ 83%] [32mBuilding CXX object CMakeFiles/ros1_bridge.dir/generated/std_msgs__msg__Int64__factories.cpp.o[0m
[1003.429s] [ 83%] [32mBuilding CXX object CMakeFiles/ros1_bridge.dir/generated/std_msgs__msg__Int8MultiArray__factories.cpp.o[0m
[1014.337s] [ 84%] [32mBuilding CXX object CMakeFiles/ros1_bridge.dir/generated/std_msgs__msg__MultiArrayDimension__factories.cpp.o[0m
[1016.354s] [ 84%] [32mBuilding CXX object CMakeFiles/ros1_bridge.dir/generated/std_msgs__msg__MultiArrayLayout__factories.cpp.o[0m
[1017.376s] [ 84%] [32mBuilding CXX object CMakeFiles/ros1_bridge.dir/generated/std_msgs__msg__Int8__factories.cpp.o[0m
[1018.413s] [ 84%] [32mBuilding CXX object CMakeFiles/ros1_bridge.dir/generated/std_msgs__msg__Int64MultiArray__factories.cpp.o[0m
[1036.029s] [ 84%] [32mBuilding CXX object CMakeFiles/ros1_bridge.dir/generated/std_msgs__msg__UInt16MultiArray__factories.cpp.o[0m
[1041.051s] [ 84%] [32mBuilding CXX object CMakeFiles/ros1_bridge.dir/generated/std_msgs__msg__UInt32__factories.cpp.o[0m
[1042.075s] [ 85%] [32mBuilding CXX object CMakeFiles/ros1_bridge.dir/generated/std_msgs__msg__UInt16__factories.cpp.o[0m
[1043.096s] [ 85%] [32mBuilding CXX object CMakeFiles/ros1_bridge.dir/generated/std_msgs__msg__String__factories.cpp.o[0m
[1055.589s] [ 86%] [32mBuilding CXX object CMakeFiles/ros1_bridge.dir/generated/std_msgs__msg__UInt64__factories.cpp.o[0m
[1056.257s] [ 86%] [32mBuilding CXX object CMakeFiles/ros1_bridge.dir/generated/std_msgs__msg__UInt32MultiArray__factories.cpp.o[0m
[1057.278s] [ 86%] [32mBuilding CXX object CMakeFiles/ros1_bridge.dir/generated/std_msgs__msg__UInt64MultiArray__factories.cpp.o[0m
[1057.780s] [ 86%] [32mBuilding CXX object CMakeFiles/ros1_bridge.dir/generated/std_msgs__msg__UInt8__factories.cpp.o[0m
[1070.818s] [ 87%] [32mBuilding CXX object CMakeFiles/ros1_bridge.dir/generated/std_msgs__msg__UInt8MultiArray__factories.cpp.o[0m
[1071.643s] [ 87%] [32mBuilding CXX object CMakeFiles/ros1_bridge.dir/generated/std_srvs_factories.cpp.o[0m
[1073.329s] [ 87%] [32mBuilding CXX object CMakeFiles/ros1_bridge.dir/generated/std_srvs__srv__Empty__factories.cpp.o[0m
[1073.589s] [ 88%] [32mBuilding CXX object CMakeFiles/ros1_bridge.dir/generated/std_srvs__srv__SetBool__factories.cpp.o[0m
[1078.848s] [ 88%] [32mBuilding CXX object CMakeFiles/ros1_bridge.dir/generated/std_srvs__srv__Trigger__factories.cpp.o[0m
[1086.788s] [ 89%] [32mBuilding CXX object CMakeFiles/ros1_bridge.dir/generated/tf2_msgs_factories.cpp.o[0m
[1090.881s] [ 89%] [32mBuilding CXX object CMakeFiles/ros1_bridge.dir/generated/tf2_msgs__msg__TF2Error__factories.cpp.o[0m
[1095.902s] [ 89%] [32mBuilding CXX object CMakeFiles/ros1_bridge.dir/generated/tf2_msgs__msg__TFMessage__factories.cpp.o[0m
[1096.922s] [ 89%] [32mBuilding CXX object CMakeFiles/ros1_bridge.dir/generated/stereo_msgs__msg__DisparityImage__factories.cpp.o[0m
[1097.943s] [ 89%] [32mBuilding CXX object CMakeFiles/ros1_bridge.dir/generated/stereo_msgs_factories.cpp.o[0m
[1101.468s] [ 90%] [32mBuilding CXX object CMakeFiles/ros1_bridge.dir/generated/tf2_msgs__srv__FrameGraph__factories.cpp.o[0m
[1105.220s] [ 90%] [32mBuilding CXX object CMakeFiles/ros1_bridge.dir/generated/trajectory_msgs_factories.cpp.o[0m
[1111.208s] [ 90%] [32mBuilding CXX object CMakeFiles/ros1_bridge.dir/generated/trajectory_msgs__msg__JointTrajectory__factories.cpp.o[0m
[1111.638s] [ 90%] [32mBuilding CXX object CMakeFiles/ros1_bridge.dir/generated/trajectory_msgs__msg__JointTrajectoryPoint__factories.cpp.o[0m
[1112.346s] [ 91%] [32mBuilding CXX object CMakeFiles/ros1_bridge.dir/generated/trajectory_msgs__msg__MultiDOFJointTrajectory__factories.cpp.o[0m
[1112.830s] [ 91%] [32mBuilding CXX object CMakeFiles/ros1_bridge.dir/generated/trajectory_msgs__msg__MultiDOFJointTrajectoryPoint__factories.cpp.o[0m
[1127.034s] [ 92%] [32mBuilding CXX object CMakeFiles/ros1_bridge.dir/generated/turtlesim__msg__Color__factories.cpp.o[0m
[1127.036s] [ 92%] [32mBuilding CXX object CMakeFiles/ros1_bridge.dir/generated/turtlesim_factories.cpp.o[0m
[1128.787s] [ 92%] [32mBuilding CXX object CMakeFiles/ros1_bridge.dir/generated/turtlesim__msg__Pose__factories.cpp.o[0m
[1128.855s] [ 92%] [32mBuilding CXX object CMakeFiles/ros1_bridge.dir/generated/turtlesim__srv__Kill__factories.cpp.o[0m
[1136.983s] [ 92%] [32mBuilding CXX object CMakeFiles/ros1_bridge.dir/generated/turtlesim__srv__TeleportAbsolute__factories.cpp.o[0m
[1142.606s] [ 92%] [32mBuilding CXX object CMakeFiles/ros1_bridge.dir/generated/turtlesim__srv__TeleportRelative__factories.cpp.o[0m
[1148.319s] [ 93%] [32mBuilding CXX object CMakeFiles/ros1_bridge.dir/generated/unique_identifier_msgs_factories.cpp.o[0m
[1151.337s] [ 93%] [32mBuilding CXX object CMakeFiles/ros1_bridge.dir/generated/unique_identifier_msgs__msg__UUID__factories.cpp.o[0m
[1152.345s] [ 93%] [32mBuilding CXX object CMakeFiles/ros1_bridge.dir/generated/turtlesim__srv__Spawn__factories.cpp.o[0m
[1153.373s] [ 93%] [32mBuilding CXX object CMakeFiles/ros1_bridge.dir/generated/visualization_msgs_factories.cpp.o[0m
[1154.396s] [ 94%] [32mBuilding CXX object CMakeFiles/ros1_bridge.dir/generated/turtlesim__srv__SetPen__factories.cpp.o[0m
[1156.928s] [ 95%] [32mBuilding CXX object CMakeFiles/ros1_bridge.dir/generated/visualization_msgs__msg__ImageMarker__factories.cpp.o[0m
[1160.457s] [ 95%] [32mBuilding CXX object CMakeFiles/ros1_bridge.dir/generated/visualization_msgs__msg__InteractiveMarker__factories.cpp.o[0m
[1161.893s] [ 95%] [32mBuilding CXX object CMakeFiles/ros1_bridge.dir/generated/visualization_msgs__msg__InteractiveMarkerControl__factories.cpp.o[0m
[1164.266s] [ 95%] [32mBuilding CXX object CMakeFiles/ros1_bridge.dir/generated/visualization_msgs__msg__InteractiveMarkerFeedback__factories.cpp.o[0m
[1178.538s] [ 95%] [32mBuilding CXX object CMakeFiles/ros1_bridge.dir/generated/visualization_msgs__msg__InteractiveMarkerUpdate__factories.cpp.o[0m
[1180.554s] [ 96%] [32mBuilding CXX object CMakeFiles/ros1_bridge.dir/generated/visualization_msgs__msg__Marker__factories.cpp.o[0m
[1182.574s] [ 96%] [32mBuilding CXX object CMakeFiles/ros1_bridge.dir/generated/visualization_msgs__msg__InteractiveMarkerPose__factories.cpp.o[0m
[1184.597s] [ 97%] [32mBuilding CXX object CMakeFiles/ros1_bridge.dir/generated/visualization_msgs__msg__InteractiveMarkerInit__factories.cpp.o[0m
[1195.895s] [ 97%] [32mBuilding CXX object CMakeFiles/ros1_bridge.dir/generated/visualization_msgs__msg__MenuEntry__factories.cpp.o[0m
[1196.591s] [ 97%] [32mBuilding CXX object CMakeFiles/ros1_bridge.dir/generated/visualization_msgs__msg__MarkerArray__factories.cpp.o[0m
[1201.329s] [ 98%] [32mBuilding CXX object CMakeFiles/ros1_bridge.dir/generated/visualization_msgs__srv__GetInteractiveMarkers__factories.cpp.o[0m
[1208.747s] [ 98%] [32m[1mLinking CXX shared library libros1_bridge.so[0m
[1313.909s] [ 99%] Built target ros1_bridge
[1314.073s] [ 99%] [32m[1mLinking CXX executable static_bridge[0m
[1314.075s] [ 99%] [32m[1mLinking CXX executable dynamic_bridge[0m
[1314.086s] [100%] [32m[1mLinking CXX executable parameter_bridge[0m
[1410.965s] [100%] Built target static_bridge
[1414.068s] [100%] Built target dynamic_bridge
[1416.295s] [100%] Built target parameter_bridge
[1416.326s] Invoked command in '/home/aaron/floribot/bridge_ws/build/ros1_bridge' returned '0': CMAKE_PREFIX_PATH=/home/aaron/floribot/ros2_ws/install/base:/opt/ros/foxy:/home/aaron/floribot/ros1_ws/devel:/opt/ros/noetic /usr/bin/cmake --build /home/aaron/floribot/bridge_ws/build/ros1_bridge -- -j4 -l4
[1416.353s] Invoking command in '/home/aaron/floribot/bridge_ws/build/ros1_bridge': CMAKE_PREFIX_PATH=/home/aaron/floribot/ros2_ws/install/base:/opt/ros/foxy:/home/aaron/floribot/ros1_ws/devel:/opt/ros/noetic /usr/bin/cmake --install /home/aaron/floribot/bridge_ws/build/ros1_bridge
[1416.368s] -- Install configuration: ""
[1416.371s] -- Up-to-date: /home/aaron/floribot/bridge_ws/install/ros1_bridge/share/ros1_bridge/environment/library_path.sh
[1416.371s] -- Installing: /home/aaron/floribot/bridge_ws/install/ros1_bridge/share/ros1_bridge/environment/library_path.dsv
[1416.372s] -- Up-to-date: /home/aaron/floribot/bridge_ws/install/ros1_bridge/share/ros1_bridge/environment/pythonpath.sh
[1416.372s] -- Installing: /home/aaron/floribot/bridge_ws/install/ros1_bridge/share/ros1_bridge/environment/pythonpath.dsv
[1416.373s] -- Up-to-date: /home/aaron/floribot/bridge_ws/install/ros1_bridge/lib/python3.8/site-packages/ros1_bridge
[1416.374s] -- Up-to-date: /home/aaron/floribot/bridge_ws/install/ros1_bridge/lib/python3.8/site-packages/ros1_bridge/__init__.py
[1416.448s] Listing '/home/aaron/floribot/bridge_ws/install/ros1_bridge/lib/python3.8/site-packages/ros1_bridge'...
[1416.456s] -- Up-to-date: /home/aaron/floribot/bridge_ws/install/ros1_bridge/share/ament_index/resource_index/package_run_dependencies/ros1_bridge
[1416.457s] -- Up-to-date: /home/aaron/floribot/bridge_ws/install/ros1_bridge/share/ament_index/resource_index/parent_prefix_path/ros1_bridge
[1416.458s] -- Up-to-date: /home/aaron/floribot/bridge_ws/install/ros1_bridge/share/ros1_bridge/environment/ament_prefix_path.sh
[1416.458s] -- Installing: /home/aaron/floribot/bridge_ws/install/ros1_bridge/share/ros1_bridge/environment/ament_prefix_path.dsv
[1416.459s] -- Up-to-date: /home/aaron/floribot/bridge_ws/install/ros1_bridge/share/ros1_bridge/environment/path.sh
[1416.459s] -- Installing: /home/aaron/floribot/bridge_ws/install/ros1_bridge/share/ros1_bridge/environment/path.dsv
[1416.459s] -- Up-to-date: /home/aaron/floribot/bridge_ws/install/ros1_bridge/share/ros1_bridge/local_setup.bash
[1416.460s] -- Up-to-date: /home/aaron/floribot/bridge_ws/install/ros1_bridge/share/ros1_bridge/local_setup.sh
[1416.460s] -- Up-to-date: /home/aaron/floribot/bridge_ws/install/ros1_bridge/share/ros1_bridge/local_setup.zsh
[1416.460s] -- Installing: /home/aaron/floribot/bridge_ws/install/ros1_bridge/share/ros1_bridge/local_setup.dsv
[1416.460s] -- Installing: /home/aaron/floribot/bridge_ws/install/ros1_bridge/share/ros1_bridge/package.dsv
[1416.461s] -- Up-to-date: /home/aaron/floribot/bridge_ws/install/ros1_bridge/share/ament_index/resource_index/packages/ros1_bridge
[1416.462s] -- Up-to-date: /home/aaron/floribot/bridge_ws/install/ros1_bridge/share/ros1_bridge/cmake/find_ros1_package.cmake
[1416.462s] -- Up-to-date: /home/aaron/floribot/bridge_ws/install/ros1_bridge/share/ros1_bridge/cmake/find_ros1_interface_packages.cmake
[1416.462s] -- Up-to-date: /home/aaron/floribot/bridge_ws/install/ros1_bridge/share/ros1_bridge/cmake/ament_cmake_export_include_directories-extras.cmake
[1416.463s] -- Up-to-date: /home/aaron/floribot/bridge_ws/install/ros1_bridge/share/ros1_bridge/cmake/ament_cmake_export_libraries-extras.cmake
[1416.463s] -- Up-to-date: /home/aaron/floribot/bridge_ws/install/ros1_bridge/share/ros1_bridge/cmake/ros1_bridgeConfig.cmake
[1416.463s] -- Up-to-date: /home/aaron/floribot/bridge_ws/install/ros1_bridge/share/ros1_bridge/cmake/ros1_bridgeConfig-version.cmake
[1416.463s] -- Up-to-date: /home/aaron/floribot/bridge_ws/install/ros1_bridge/share/ros1_bridge/package.xml
[1416.464s] -- Up-to-date: /home/aaron/floribot/bridge_ws/install/ros1_bridge/lib/ros1_bridge/simple_bridge_1_to_2
[1416.466s] -- Up-to-date: /home/aaron/floribot/bridge_ws/install/ros1_bridge/lib/ros1_bridge/simple_bridge_2_to_1
[1416.468s] -- Up-to-date: /home/aaron/floribot/bridge_ws/install/ros1_bridge/lib/ros1_bridge/simple_bridge
[1416.470s] -- Installing: /home/aaron/floribot/bridge_ws/install/ros1_bridge/lib/libros1_bridge.so
[1417.021s] -- Set runtime path of "/home/aaron/floribot/bridge_ws/install/ros1_bridge/lib/libros1_bridge.so" to ""
[1417.023s] -- Installing: /home/aaron/floribot/bridge_ws/install/ros1_bridge/lib/ros1_bridge/static_bridge
[1417.024s] -- Set runtime path of "/home/aaron/floribot/bridge_ws/install/ros1_bridge/lib/ros1_bridge/static_bridge" to ""
[1417.025s] -- Installing: /home/aaron/floribot/bridge_ws/install/ros1_bridge/lib/ros1_bridge/parameter_bridge
[1417.027s] -- Set runtime path of "/home/aaron/floribot/bridge_ws/install/ros1_bridge/lib/ros1_bridge/parameter_bridge" to ""
[1417.028s] -- Installing: /home/aaron/floribot/bridge_ws/install/ros1_bridge/lib/ros1_bridge/dynamic_bridge
[1417.030s] -- Set runtime path of "/home/aaron/floribot/bridge_ws/install/ros1_bridge/lib/ros1_bridge/dynamic_bridge" to ""
[1417.031s] -- Up-to-date: /home/aaron/floribot/bridge_ws/install/ros1_bridge/lib/ros1_bridge/test_ros2_client_cpp
[1417.033s] -- Up-to-date: /home/aaron/floribot/bridge_ws/install/ros1_bridge/lib/ros1_bridge/test_ros2_server_cpp
[1417.034s] -- Up-to-date: /home/aaron/floribot/bridge_ws/install/ros1_bridge/lib/ros1_bridge/generate_factories/ros1_bridge_generate_factories
[1417.034s] -- Up-to-date: /home/aaron/floribot/bridge_ws/install/ros1_bridge/share/ros1_bridge/cmake
[1417.034s] -- Up-to-date: /home/aaron/floribot/bridge_ws/install/ros1_bridge/share/ros1_bridge/cmake/find_ros1_interface_packages.cmake
[1417.034s] -- Up-to-date: /home/aaron/floribot/bridge_ws/install/ros1_bridge/share/ros1_bridge/cmake/find_ros1_package.cmake
[1417.035s] -- Up-to-date: /home/aaron/floribot/bridge_ws/install/ros1_bridge/include
[1417.035s] -- Up-to-date: /home/aaron/floribot/bridge_ws/install/ros1_bridge/include/ros1_bridge
[1417.035s] -- Up-to-date: /home/aaron/floribot/bridge_ws/install/ros1_bridge/include/ros1_bridge/bridge.hpp
[1417.035s] -- Up-to-date: /home/aaron/floribot/bridge_ws/install/ros1_bridge/include/ros1_bridge/convert_builtin_interfaces.hpp
[1417.035s] -- Up-to-date: /home/aaron/floribot/bridge_ws/install/ros1_bridge/include/ros1_bridge/factory.hpp
[1417.036s] -- Up-to-date: /home/aaron/floribot/bridge_ws/install/ros1_bridge/include/ros1_bridge/convert_decl.hpp
[1417.036s] -- Up-to-date: /home/aaron/floribot/bridge_ws/install/ros1_bridge/include/ros1_bridge/factory_interface.hpp
[1417.036s] -- Up-to-date: /home/aaron/floribot/bridge_ws/install/ros1_bridge/include/ros1_bridge/builtin_interfaces_factories.hpp
[1417.036s] -- Up-to-date: /home/aaron/floribot/bridge_ws/install/ros1_bridge/share/ros1_bridge/resource
[1417.036s] -- Up-to-date: /home/aaron/floribot/bridge_ws/install/ros1_bridge/share/ros1_bridge/resource/pkg_factories.hpp.em
[1417.036s] -- Up-to-date: /home/aaron/floribot/bridge_ws/install/ros1_bridge/share/ros1_bridge/resource/pkg_factories.cpp.em
[1417.036s] -- Up-to-date: /home/aaron/floribot/bridge_ws/install/ros1_bridge/share/ros1_bridge/resource/interface_factories.cpp.em
[1417.037s] -- Up-to-date: /home/aaron/floribot/bridge_ws/install/ros1_bridge/share/ros1_bridge/resource/get_factory.cpp.em
[1417.037s] -- Up-to-date: /home/aaron/floribot/bridge_ws/install/ros1_bridge/share/ros1_bridge/resource/get_mappings.cpp.em
[1417.039s] Invoked command in '/home/aaron/floribot/bridge_ws/build/ros1_bridge' returned '0': CMAKE_PREFIX_PATH=/home/aaron/floribot/ros2_ws/install/base:/opt/ros/foxy:/home/aaron/floribot/ros1_ws/devel:/opt/ros/noetic /usr/bin/cmake --install /home/aaron/floribot/bridge_ws/build/ros1_bridge
