[0.199s] DEBUG:colcon:Command line arguments: ['/usr/bin/colcon', 'build']
[0.199s] DEBUG:colcon:Parsed command line arguments: Namespace(allow_overriding=[], ament_cmake_args=None, base_paths=['.'], build_base='build', catkin_cmake_args=None, catkin_skip_building_tests=False, cmake_args=None, cmake_clean_cache=False, cmake_clean_first=False, cmake_force_configure=False, cmake_target=None, cmake_target_skip_unavailable=False, continue_on_error=False, event_handlers=None, executor='parallel', ignore_user_meta=False, install_base='install', log_base=None, log_level=None, main=<bound method BuildVerb.main of <colcon_core.verb.build.BuildVerb object at 0x7faf629afa00>>, merge_install=False, metas=['./colcon.meta'], packages_above=None, packages_above_and_dependencies=None, packages_above_depth=None, packages_end=None, packages_ignore=None, packages_ignore_regex=None, packages_select=None, packages_select_build_failed=False, packages_select_by_dep=None, packages_select_regex=None, packages_select_test_failures=False, packages_skip=None, packages_skip_build_finished=False, packages_skip_by_dep=None, packages_skip_regex=None, packages_skip_test_passed=False, packages_skip_up_to=None, packages_start=None, packages_up_to=None, packages_up_to_regex=None, parallel_workers=16, paths=None, symlink_install=False, test_result_base=None, verb_extension=<colcon_core.verb.build.BuildVerb object at 0x7faf629afa00>, verb_name='build', verb_parser=<colcon_defaults.argument_parser.defaults.DefaultArgumentsDecorator object at 0x7faf62923d00>)
[0.292s] Level 1:colcon.colcon_core.package_discovery:discover_packages(colcon_meta) check parameters
[0.292s] Level 1:colcon.colcon_core.package_discovery:discover_packages(recursive) check parameters
[0.292s] Level 1:colcon.colcon_core.package_discovery:discover_packages(ignore) check parameters
[0.292s] Level 1:colcon.colcon_core.package_discovery:discover_packages(path) check parameters
[0.292s] Level 1:colcon.colcon_core.package_discovery:discover_packages(colcon_meta) discover
[0.292s] Level 1:colcon.colcon_core.package_discovery:discover_packages(recursive) discover
[0.292s] INFO:colcon.colcon_core.package_discovery:Crawling recursively for packages in '/home/jorth/floribot'
[0.293s] Level 1:colcon.colcon_core.package_identification:_identify(.) by extensions ['ignore', 'ignore_ament_install']
[0.293s] Level 1:colcon.colcon_core.package_identification:_identify(.) by extension 'ignore'
[0.293s] Level 1:colcon.colcon_core.package_identification:_identify(.) by extension 'ignore_ament_install'
[0.293s] Level 1:colcon.colcon_core.package_identification:_identify(.) by extensions ['colcon_pkg']
[0.293s] Level 1:colcon.colcon_core.package_identification:_identify(.) by extension 'colcon_pkg'
[0.293s] Level 1:colcon.colcon_core.package_identification:_identify(.) by extensions ['colcon_meta']
[0.293s] Level 1:colcon.colcon_core.package_identification:_identify(.) by extension 'colcon_meta'
[0.293s] Level 1:colcon.colcon_core.package_identification:_identify(.) by extensions ['ros']
[0.293s] Level 1:colcon.colcon_core.package_identification:_identify(.) by extension 'ros'
[0.302s] Level 1:colcon.colcon_core.package_identification:_identify(.) by extensions ['cmake', 'python']
[0.302s] Level 1:colcon.colcon_core.package_identification:_identify(.) by extension 'cmake'
[0.302s] Level 1:colcon.colcon_core.package_identification:_identify(.) by extension 'python'
[0.302s] Level 1:colcon.colcon_core.package_identification:_identify(.) by extensions ['python_setup_py']
[0.302s] Level 1:colcon.colcon_core.package_identification:_identify(.) by extension 'python_setup_py'
[0.302s] Level 1:colcon.colcon_core.package_identification:_identify(bridge_ws) by extensions ['ignore', 'ignore_ament_install']
[0.303s] Level 1:colcon.colcon_core.package_identification:_identify(bridge_ws) by extension 'ignore'
[0.303s] Level 1:colcon.colcon_core.package_identification:_identify(bridge_ws) by extension 'ignore_ament_install'
[0.303s] Level 1:colcon.colcon_core.package_identification:_identify(bridge_ws) by extensions ['colcon_pkg']
[0.303s] Level 1:colcon.colcon_core.package_identification:_identify(bridge_ws) by extension 'colcon_pkg'
[0.303s] Level 1:colcon.colcon_core.package_identification:_identify(bridge_ws) by extensions ['colcon_meta']
[0.303s] Level 1:colcon.colcon_core.package_identification:_identify(bridge_ws) by extension 'colcon_meta'
[0.303s] Level 1:colcon.colcon_core.package_identification:_identify(bridge_ws) by extensions ['ros']
[0.303s] Level 1:colcon.colcon_core.package_identification:_identify(bridge_ws) by extension 'ros'
[0.303s] Level 1:colcon.colcon_core.package_identification:_identify(bridge_ws) by extensions ['cmake', 'python']
[0.303s] Level 1:colcon.colcon_core.package_identification:_identify(bridge_ws) by extension 'cmake'
[0.303s] Level 1:colcon.colcon_core.package_identification:_identify(bridge_ws) by extension 'python'
[0.303s] Level 1:colcon.colcon_core.package_identification:_identify(bridge_ws) by extensions ['python_setup_py']
[0.303s] Level 1:colcon.colcon_core.package_identification:_identify(bridge_ws) by extension 'python_setup_py'
[0.303s] Level 1:colcon.colcon_core.package_identification:_identify(bridge_ws/log) by extensions ['ignore', 'ignore_ament_install']
[0.303s] Level 1:colcon.colcon_core.package_identification:_identify(bridge_ws/log) by extension 'ignore'
[0.303s] Level 1:colcon.colcon_core.package_identification:_identify(bridge_ws/log) ignored
[0.303s] Level 1:colcon.colcon_core.package_identification:_identify(bridge_ws/src) by extensions ['ignore', 'ignore_ament_install']
[0.303s] Level 1:colcon.colcon_core.package_identification:_identify(bridge_ws/src) by extension 'ignore'
[0.303s] Level 1:colcon.colcon_core.package_identification:_identify(bridge_ws/src) by extension 'ignore_ament_install'
[0.303s] Level 1:colcon.colcon_core.package_identification:_identify(bridge_ws/src) by extensions ['colcon_pkg']
[0.303s] Level 1:colcon.colcon_core.package_identification:_identify(bridge_ws/src) by extension 'colcon_pkg'
[0.303s] Level 1:colcon.colcon_core.package_identification:_identify(bridge_ws/src) by extensions ['colcon_meta']
[0.303s] Level 1:colcon.colcon_core.package_identification:_identify(bridge_ws/src) by extension 'colcon_meta'
[0.303s] Level 1:colcon.colcon_core.package_identification:_identify(bridge_ws/src) by extensions ['ros']
[0.303s] Level 1:colcon.colcon_core.package_identification:_identify(bridge_ws/src) by extension 'ros'
[0.303s] Level 1:colcon.colcon_core.package_identification:_identify(bridge_ws/src) by extensions ['cmake', 'python']
[0.303s] Level 1:colcon.colcon_core.package_identification:_identify(bridge_ws/src) by extension 'cmake'
[0.303s] Level 1:colcon.colcon_core.package_identification:_identify(bridge_ws/src) by extension 'python'
[0.303s] Level 1:colcon.colcon_core.package_identification:_identify(bridge_ws/src) by extensions ['python_setup_py']
[0.303s] Level 1:colcon.colcon_core.package_identification:_identify(bridge_ws/src) by extension 'python_setup_py'
[0.303s] Level 1:colcon.colcon_core.package_identification:_identify(bridge_ws/src/ros1_bridge) by extensions ['ignore', 'ignore_ament_install']
[0.303s] Level 1:colcon.colcon_core.package_identification:_identify(bridge_ws/src/ros1_bridge) by extension 'ignore'
[0.304s] Level 1:colcon.colcon_core.package_identification:_identify(bridge_ws/src/ros1_bridge) by extension 'ignore_ament_install'
[0.304s] Level 1:colcon.colcon_core.package_identification:_identify(bridge_ws/src/ros1_bridge) by extensions ['colcon_pkg']
[0.304s] Level 1:colcon.colcon_core.package_identification:_identify(bridge_ws/src/ros1_bridge) by extension 'colcon_pkg'
[0.304s] Level 1:colcon.colcon_core.package_identification:_identify(bridge_ws/src/ros1_bridge) by extensions ['colcon_meta']
[0.304s] Level 1:colcon.colcon_core.package_identification:_identify(bridge_ws/src/ros1_bridge) by extension 'colcon_meta'
[0.304s] Level 1:colcon.colcon_core.package_identification:_identify(bridge_ws/src/ros1_bridge) by extensions ['ros']
[0.304s] Level 1:colcon.colcon_core.package_identification:_identify(bridge_ws/src/ros1_bridge) by extension 'ros'
[0.307s] DEBUG:colcon.colcon_core.package_identification:Package 'bridge_ws/src/ros1_bridge' with type 'ros.ament_cmake' and name 'ros1_bridge'
[0.307s] Level 1:colcon.colcon_core.package_identification:_identify(build) by extensions ['ignore', 'ignore_ament_install']
[0.307s] Level 1:colcon.colcon_core.package_identification:_identify(build) by extension 'ignore'
[0.307s] Level 1:colcon.colcon_core.package_identification:_identify(build) ignored
[0.308s] Level 1:colcon.colcon_core.package_identification:_identify(install) by extensions ['ignore', 'ignore_ament_install']
[0.308s] Level 1:colcon.colcon_core.package_identification:_identify(install) by extension 'ignore'
[0.308s] Level 1:colcon.colcon_core.package_identification:_identify(install) ignored
[0.308s] Level 1:colcon.colcon_core.package_identification:_identify(log) by extensions ['ignore', 'ignore_ament_install']
[0.308s] Level 1:colcon.colcon_core.package_identification:_identify(log) by extension 'ignore'
[0.308s] Level 1:colcon.colcon_core.package_identification:_identify(log) ignored
[0.308s] Level 1:colcon.colcon_core.package_identification:_identify(ros1_ws) by extensions ['ignore', 'ignore_ament_install']
[0.308s] Level 1:colcon.colcon_core.package_identification:_identify(ros1_ws) by extension 'ignore'
[0.308s] Level 1:colcon.colcon_core.package_identification:_identify(ros1_ws) by extension 'ignore_ament_install'
[0.309s] Level 1:colcon.colcon_core.package_identification:_identify(ros1_ws) by extensions ['colcon_pkg']
[0.309s] Level 1:colcon.colcon_core.package_identification:_identify(ros1_ws) by extension 'colcon_pkg'
[0.309s] Level 1:colcon.colcon_core.package_identification:_identify(ros1_ws) by extensions ['colcon_meta']
[0.309s] Level 1:colcon.colcon_core.package_identification:_identify(ros1_ws) by extension 'colcon_meta'
[0.309s] Level 1:colcon.colcon_core.package_identification:_identify(ros1_ws) by extensions ['ros']
[0.309s] Level 1:colcon.colcon_core.package_identification:_identify(ros1_ws) by extension 'ros'
[0.309s] Level 1:colcon.colcon_core.package_identification:_identify(ros1_ws) by extensions ['cmake', 'python']
[0.309s] Level 1:colcon.colcon_core.package_identification:_identify(ros1_ws) by extension 'cmake'
[0.309s] Level 1:colcon.colcon_core.package_identification:_identify(ros1_ws) by extension 'python'
[0.309s] Level 1:colcon.colcon_core.package_identification:_identify(ros1_ws) by extensions ['python_setup_py']
[0.309s] Level 1:colcon.colcon_core.package_identification:_identify(ros1_ws) by extension 'python_setup_py'
[0.309s] Level 1:colcon.colcon_core.package_identification:_identify(ros1_ws/build) by extensions ['ignore', 'ignore_ament_install']
[0.309s] Level 1:colcon.colcon_core.package_identification:_identify(ros1_ws/build) by extension 'ignore'
[0.309s] Level 1:colcon.colcon_core.package_identification:_identify(ros1_ws/build) by extension 'ignore_ament_install'
[0.309s] Level 1:colcon.colcon_core.package_identification:_identify(ros1_ws/build) by extensions ['colcon_pkg']
[0.309s] Level 1:colcon.colcon_core.package_identification:_identify(ros1_ws/build) by extension 'colcon_pkg'
[0.309s] Level 1:colcon.colcon_core.package_identification:_identify(ros1_ws/build) by extensions ['colcon_meta']
[0.309s] Level 1:colcon.colcon_core.package_identification:_identify(ros1_ws/build) by extension 'colcon_meta'
[0.309s] Level 1:colcon.colcon_core.package_identification:_identify(ros1_ws/build) by extensions ['ros']
[0.309s] Level 1:colcon.colcon_core.package_identification:_identify(ros1_ws/build) by extension 'ros'
[0.309s] Level 1:colcon.colcon_core.package_identification:_identify(ros1_ws/build) ignored
[0.309s] Level 1:colcon.colcon_core.package_identification:_identify(ros1_ws/devel) by extensions ['ignore', 'ignore_ament_install']
[0.309s] Level 1:colcon.colcon_core.package_identification:_identify(ros1_ws/devel) by extension 'ignore'
[0.309s] Level 1:colcon.colcon_core.package_identification:_identify(ros1_ws/devel) by extension 'ignore_ament_install'
[0.309s] Level 1:colcon.colcon_core.package_identification:_identify(ros1_ws/devel) ignored
[0.309s] Level 1:colcon.colcon_core.package_identification:_identify(ros1_ws/dockerfiles) by extensions ['ignore', 'ignore_ament_install']
[0.310s] Level 1:colcon.colcon_core.package_identification:_identify(ros1_ws/dockerfiles) by extension 'ignore'
[0.310s] Level 1:colcon.colcon_core.package_identification:_identify(ros1_ws/dockerfiles) by extension 'ignore_ament_install'
[0.310s] Level 1:colcon.colcon_core.package_identification:_identify(ros1_ws/dockerfiles) by extensions ['colcon_pkg']
[0.310s] Level 1:colcon.colcon_core.package_identification:_identify(ros1_ws/dockerfiles) by extension 'colcon_pkg'
[0.310s] Level 1:colcon.colcon_core.package_identification:_identify(ros1_ws/dockerfiles) by extensions ['colcon_meta']
[0.310s] Level 1:colcon.colcon_core.package_identification:_identify(ros1_ws/dockerfiles) by extension 'colcon_meta'
[0.310s] Level 1:colcon.colcon_core.package_identification:_identify(ros1_ws/dockerfiles) by extensions ['ros']
[0.310s] Level 1:colcon.colcon_core.package_identification:_identify(ros1_ws/dockerfiles) by extension 'ros'
[0.310s] Level 1:colcon.colcon_core.package_identification:_identify(ros1_ws/dockerfiles) by extensions ['cmake', 'python']
[0.310s] Level 1:colcon.colcon_core.package_identification:_identify(ros1_ws/dockerfiles) by extension 'cmake'
[0.310s] Level 1:colcon.colcon_core.package_identification:_identify(ros1_ws/dockerfiles) by extension 'python'
[0.310s] Level 1:colcon.colcon_core.package_identification:_identify(ros1_ws/dockerfiles) by extensions ['python_setup_py']
[0.310s] Level 1:colcon.colcon_core.package_identification:_identify(ros1_ws/dockerfiles) by extension 'python_setup_py'
[0.310s] Level 1:colcon.colcon_core.package_identification:_identify(ros1_ws/dockerfiles/Task1) by extensions ['ignore', 'ignore_ament_install']
[0.310s] Level 1:colcon.colcon_core.package_identification:_identify(ros1_ws/dockerfiles/Task1) by extension 'ignore'
[0.310s] Level 1:colcon.colcon_core.package_identification:_identify(ros1_ws/dockerfiles/Task1) by extension 'ignore_ament_install'
[0.310s] Level 1:colcon.colcon_core.package_identification:_identify(ros1_ws/dockerfiles/Task1) by extensions ['colcon_pkg']
[0.310s] Level 1:colcon.colcon_core.package_identification:_identify(ros1_ws/dockerfiles/Task1) by extension 'colcon_pkg'
[0.310s] Level 1:colcon.colcon_core.package_identification:_identify(ros1_ws/dockerfiles/Task1) by extensions ['colcon_meta']
[0.310s] Level 1:colcon.colcon_core.package_identification:_identify(ros1_ws/dockerfiles/Task1) by extension 'colcon_meta'
[0.310s] Level 1:colcon.colcon_core.package_identification:_identify(ros1_ws/dockerfiles/Task1) by extensions ['ros']
[0.310s] Level 1:colcon.colcon_core.package_identification:_identify(ros1_ws/dockerfiles/Task1) by extension 'ros'
[0.310s] Level 1:colcon.colcon_core.package_identification:_identify(ros1_ws/dockerfiles/Task1) by extensions ['cmake', 'python']
[0.310s] Level 1:colcon.colcon_core.package_identification:_identify(ros1_ws/dockerfiles/Task1) by extension 'cmake'
[0.310s] Level 1:colcon.colcon_core.package_identification:_identify(ros1_ws/dockerfiles/Task1) by extension 'python'
[0.310s] Level 1:colcon.colcon_core.package_identification:_identify(ros1_ws/dockerfiles/Task1) by extensions ['python_setup_py']
[0.310s] Level 1:colcon.colcon_core.package_identification:_identify(ros1_ws/dockerfiles/Task1) by extension 'python_setup_py'
[0.310s] Level 1:colcon.colcon_core.package_identification:_identify(ros1_ws/dockerfiles/Task2) by extensions ['ignore', 'ignore_ament_install']
[0.310s] Level 1:colcon.colcon_core.package_identification:_identify(ros1_ws/dockerfiles/Task2) by extension 'ignore'
[0.310s] Level 1:colcon.colcon_core.package_identification:_identify(ros1_ws/dockerfiles/Task2) by extension 'ignore_ament_install'
[0.310s] Level 1:colcon.colcon_core.package_identification:_identify(ros1_ws/dockerfiles/Task2) by extensions ['colcon_pkg']
[0.310s] Level 1:colcon.colcon_core.package_identification:_identify(ros1_ws/dockerfiles/Task2) by extension 'colcon_pkg'
[0.310s] Level 1:colcon.colcon_core.package_identification:_identify(ros1_ws/dockerfiles/Task2) by extensions ['colcon_meta']
[0.310s] Level 1:colcon.colcon_core.package_identification:_identify(ros1_ws/dockerfiles/Task2) by extension 'colcon_meta'
[0.310s] Level 1:colcon.colcon_core.package_identification:_identify(ros1_ws/dockerfiles/Task2) by extensions ['ros']
[0.310s] Level 1:colcon.colcon_core.package_identification:_identify(ros1_ws/dockerfiles/Task2) by extension 'ros'
[0.310s] Level 1:colcon.colcon_core.package_identification:_identify(ros1_ws/dockerfiles/Task2) by extensions ['cmake', 'python']
[0.311s] Level 1:colcon.colcon_core.package_identification:_identify(ros1_ws/dockerfiles/Task2) by extension 'cmake'
[0.311s] Level 1:colcon.colcon_core.package_identification:_identify(ros1_ws/dockerfiles/Task2) by extension 'python'
[0.311s] Level 1:colcon.colcon_core.package_identification:_identify(ros1_ws/dockerfiles/Task2) by extensions ['python_setup_py']
[0.311s] Level 1:colcon.colcon_core.package_identification:_identify(ros1_ws/dockerfiles/Task2) by extension 'python_setup_py'
[0.311s] Level 1:colcon.colcon_core.package_identification:_identify(ros1_ws/src) by extensions ['ignore', 'ignore_ament_install']
[0.311s] Level 1:colcon.colcon_core.package_identification:_identify(ros1_ws/src) by extension 'ignore'
[0.311s] Level 1:colcon.colcon_core.package_identification:_identify(ros1_ws/src) by extension 'ignore_ament_install'
[0.311s] Level 1:colcon.colcon_core.package_identification:_identify(ros1_ws/src) by extensions ['colcon_pkg']
[0.311s] Level 1:colcon.colcon_core.package_identification:_identify(ros1_ws/src) by extension 'colcon_pkg'
[0.311s] Level 1:colcon.colcon_core.package_identification:_identify(ros1_ws/src) by extensions ['colcon_meta']
[0.311s] Level 1:colcon.colcon_core.package_identification:_identify(ros1_ws/src) by extension 'colcon_meta'
[0.311s] Level 1:colcon.colcon_core.package_identification:_identify(ros1_ws/src) by extensions ['ros']
[0.311s] Level 1:colcon.colcon_core.package_identification:_identify(ros1_ws/src) by extension 'ros'
[0.311s] Level 1:colcon.colcon_core.package_identification:_identify(ros1_ws/src) by extensions ['cmake', 'python']
[0.311s] Level 1:colcon.colcon_core.package_identification:_identify(ros1_ws/src) by extension 'cmake'
[0.327s] WARNING:colcon.colcon_cmake.package_identification.cmake:Ignoring 'ros1_ws/src/CMakeLists.txt' since it seems to be a toplevel CMake file generated by 'catkin_make'
[0.327s] Level 1:colcon.colcon_core.package_identification:_identify(ros1_ws/src) by extension 'python'
[0.327s] Level 1:colcon.colcon_core.package_identification:_identify(ros1_ws/src) by extensions ['python_setup_py']
[0.327s] Level 1:colcon.colcon_core.package_identification:_identify(ros1_ws/src) by extension 'python_setup_py'
[0.327s] Level 1:colcon.colcon_core.package_identification:_identify(ros1_ws/src/base) by extensions ['ignore', 'ignore_ament_install']
[0.327s] Level 1:colcon.colcon_core.package_identification:_identify(ros1_ws/src/base) by extension 'ignore'
[0.327s] Level 1:colcon.colcon_core.package_identification:_identify(ros1_ws/src/base) by extension 'ignore_ament_install'
[0.327s] Level 1:colcon.colcon_core.package_identification:_identify(ros1_ws/src/base) by extensions ['colcon_pkg']
[0.327s] Level 1:colcon.colcon_core.package_identification:_identify(ros1_ws/src/base) by extension 'colcon_pkg'
[0.327s] Level 1:colcon.colcon_core.package_identification:_identify(ros1_ws/src/base) by extensions ['colcon_meta']
[0.327s] Level 1:colcon.colcon_core.package_identification:_identify(ros1_ws/src/base) by extension 'colcon_meta'
[0.327s] Level 1:colcon.colcon_core.package_identification:_identify(ros1_ws/src/base) by extensions ['ros']
[0.327s] Level 1:colcon.colcon_core.package_identification:_identify(ros1_ws/src/base) by extension 'ros'
[0.328s] DEBUG:colcon.colcon_core.package_identification:Package 'ros1_ws/src/base' with type 'ros.catkin' and name 'base'
[0.328s] Level 1:colcon.colcon_core.package_identification:_identify(ros1_ws/src/base2gazebo) by extensions ['ignore', 'ignore_ament_install']
[0.328s] Level 1:colcon.colcon_core.package_identification:_identify(ros1_ws/src/base2gazebo) by extension 'ignore'
[0.328s] Level 1:colcon.colcon_core.package_identification:_identify(ros1_ws/src/base2gazebo) by extension 'ignore_ament_install'
[0.328s] Level 1:colcon.colcon_core.package_identification:_identify(ros1_ws/src/base2gazebo) by extensions ['colcon_pkg']
[0.328s] Level 1:colcon.colcon_core.package_identification:_identify(ros1_ws/src/base2gazebo) by extension 'colcon_pkg'
[0.328s] Level 1:colcon.colcon_core.package_identification:_identify(ros1_ws/src/base2gazebo) by extensions ['colcon_meta']
[0.328s] Level 1:colcon.colcon_core.package_identification:_identify(ros1_ws/src/base2gazebo) by extension 'colcon_meta'
[0.328s] Level 1:colcon.colcon_core.package_identification:_identify(ros1_ws/src/base2gazebo) by extensions ['ros']
[0.328s] Level 1:colcon.colcon_core.package_identification:_identify(ros1_ws/src/base2gazebo) by extension 'ros'
[0.329s] DEBUG:colcon.colcon_core.package_identification:Package 'ros1_ws/src/base2gazebo' with type 'ros.catkin' and name 'base2gazebo'
[0.329s] Level 1:colcon.colcon_core.package_identification:_identify(ros1_ws/src/baumer_radar) by extensions ['ignore', 'ignore_ament_install']
[0.329s] Level 1:colcon.colcon_core.package_identification:_identify(ros1_ws/src/baumer_radar) by extension 'ignore'
[0.329s] Level 1:colcon.colcon_core.package_identification:_identify(ros1_ws/src/baumer_radar) by extension 'ignore_ament_install'
[0.329s] Level 1:colcon.colcon_core.package_identification:_identify(ros1_ws/src/baumer_radar) by extensions ['colcon_pkg']
[0.329s] Level 1:colcon.colcon_core.package_identification:_identify(ros1_ws/src/baumer_radar) by extension 'colcon_pkg'
[0.329s] Level 1:colcon.colcon_core.package_identification:_identify(ros1_ws/src/baumer_radar) by extensions ['colcon_meta']
[0.329s] Level 1:colcon.colcon_core.package_identification:_identify(ros1_ws/src/baumer_radar) by extension 'colcon_meta'
[0.329s] Level 1:colcon.colcon_core.package_identification:_identify(ros1_ws/src/baumer_radar) by extensions ['ros']
[0.329s] Level 1:colcon.colcon_core.package_identification:_identify(ros1_ws/src/baumer_radar) by extension 'ros'
[0.330s] DEBUG:colcon.colcon_core.package_identification:Package 'ros1_ws/src/baumer_radar' with type 'ros.catkin' and name 'baumer_radar'
[0.330s] Level 1:colcon.colcon_core.package_identification:_identify(ros1_ws/src/baumer_radar_msgs) by extensions ['ignore', 'ignore_ament_install']
[0.330s] Level 1:colcon.colcon_core.package_identification:_identify(ros1_ws/src/baumer_radar_msgs) by extension 'ignore'
[0.330s] Level 1:colcon.colcon_core.package_identification:_identify(ros1_ws/src/baumer_radar_msgs) by extension 'ignore_ament_install'
[0.330s] Level 1:colcon.colcon_core.package_identification:_identify(ros1_ws/src/baumer_radar_msgs) by extensions ['colcon_pkg']
[0.330s] Level 1:colcon.colcon_core.package_identification:_identify(ros1_ws/src/baumer_radar_msgs) by extension 'colcon_pkg'
[0.330s] Level 1:colcon.colcon_core.package_identification:_identify(ros1_ws/src/baumer_radar_msgs) by extensions ['colcon_meta']
[0.330s] Level 1:colcon.colcon_core.package_identification:_identify(ros1_ws/src/baumer_radar_msgs) by extension 'colcon_meta'
[0.330s] Level 1:colcon.colcon_core.package_identification:_identify(ros1_ws/src/baumer_radar_msgs) by extensions ['ros']
[0.330s] Level 1:colcon.colcon_core.package_identification:_identify(ros1_ws/src/baumer_radar_msgs) by extension 'ros'
[0.330s] DEBUG:colcon.colcon_core.package_identification:Package 'ros1_ws/src/baumer_radar_msgs' with type 'ros.catkin' and name 'baumer_radar_msgs'
[0.330s] Level 1:colcon.colcon_core.package_identification:_identify(ros1_ws/src/can_driver) by extensions ['ignore', 'ignore_ament_install']
[0.330s] Level 1:colcon.colcon_core.package_identification:_identify(ros1_ws/src/can_driver) by extension 'ignore'
[0.330s] Level 1:colcon.colcon_core.package_identification:_identify(ros1_ws/src/can_driver) by extension 'ignore_ament_install'
[0.331s] Level 1:colcon.colcon_core.package_identification:_identify(ros1_ws/src/can_driver) by extensions ['colcon_pkg']
[0.331s] Level 1:colcon.colcon_core.package_identification:_identify(ros1_ws/src/can_driver) by extension 'colcon_pkg'
[0.331s] Level 1:colcon.colcon_core.package_identification:_identify(ros1_ws/src/can_driver) by extensions ['colcon_meta']
[0.331s] Level 1:colcon.colcon_core.package_identification:_identify(ros1_ws/src/can_driver) by extension 'colcon_meta'
[0.331s] Level 1:colcon.colcon_core.package_identification:_identify(ros1_ws/src/can_driver) by extensions ['ros']
[0.331s] Level 1:colcon.colcon_core.package_identification:_identify(ros1_ws/src/can_driver) by extension 'ros'
[0.331s] DEBUG:colcon.colcon_core.package_identification:Package 'ros1_ws/src/can_driver' with type 'ros.catkin' and name 'can_driver'
[0.331s] Level 1:colcon.colcon_core.package_identification:_identify(ros1_ws/src/floribot_simulation) by extensions ['ignore', 'ignore_ament_install']
[0.331s] Level 1:colcon.colcon_core.package_identification:_identify(ros1_ws/src/floribot_simulation) by extension 'ignore'
[0.331s] Level 1:colcon.colcon_core.package_identification:_identify(ros1_ws/src/floribot_simulation) by extension 'ignore_ament_install'
[0.331s] Level 1:colcon.colcon_core.package_identification:_identify(ros1_ws/src/floribot_simulation) by extensions ['colcon_pkg']
[0.331s] Level 1:colcon.colcon_core.package_identification:_identify(ros1_ws/src/floribot_simulation) by extension 'colcon_pkg'
[0.331s] Level 1:colcon.colcon_core.package_identification:_identify(ros1_ws/src/floribot_simulation) by extensions ['colcon_meta']
[0.331s] Level 1:colcon.colcon_core.package_identification:_identify(ros1_ws/src/floribot_simulation) by extension 'colcon_meta'
[0.331s] Level 1:colcon.colcon_core.package_identification:_identify(ros1_ws/src/floribot_simulation) by extensions ['ros']
[0.331s] Level 1:colcon.colcon_core.package_identification:_identify(ros1_ws/src/floribot_simulation) by extension 'ros'
[0.332s] DEBUG:colcon.colcon_core.package_identification:Package 'ros1_ws/src/floribot_simulation' with type 'ros.catkin' and name 'floribot_simulation'
[0.332s] Level 1:colcon.colcon_core.package_identification:_identify(ros1_ws/src/maize_navigation) by extensions ['ignore', 'ignore_ament_install']
[0.332s] Level 1:colcon.colcon_core.package_identification:_identify(ros1_ws/src/maize_navigation) by extension 'ignore'
[0.332s] Level 1:colcon.colcon_core.package_identification:_identify(ros1_ws/src/maize_navigation) by extension 'ignore_ament_install'
[0.332s] Level 1:colcon.colcon_core.package_identification:_identify(ros1_ws/src/maize_navigation) by extensions ['colcon_pkg']
[0.332s] Level 1:colcon.colcon_core.package_identification:_identify(ros1_ws/src/maize_navigation) by extension 'colcon_pkg'
[0.332s] Level 1:colcon.colcon_core.package_identification:_identify(ros1_ws/src/maize_navigation) by extensions ['colcon_meta']
[0.332s] Level 1:colcon.colcon_core.package_identification:_identify(ros1_ws/src/maize_navigation) by extension 'colcon_meta'
[0.332s] Level 1:colcon.colcon_core.package_identification:_identify(ros1_ws/src/maize_navigation) by extensions ['ros']
[0.332s] Level 1:colcon.colcon_core.package_identification:_identify(ros1_ws/src/maize_navigation) by extension 'ros'
[0.333s] DEBUG:colcon.colcon_core.package_identification:Package 'ros1_ws/src/maize_navigation' with type 'ros.catkin' and name 'maize_navigation'
[0.333s] Level 1:colcon.colcon_core.package_identification:_identify(ros1_ws/src/navigation_msgs) by extensions ['ignore', 'ignore_ament_install']
[0.333s] Level 1:colcon.colcon_core.package_identification:_identify(ros1_ws/src/navigation_msgs) by extension 'ignore'
[0.333s] Level 1:colcon.colcon_core.package_identification:_identify(ros1_ws/src/navigation_msgs) by extension 'ignore_ament_install'
[0.333s] Level 1:colcon.colcon_core.package_identification:_identify(ros1_ws/src/navigation_msgs) by extensions ['colcon_pkg']
[0.333s] Level 1:colcon.colcon_core.package_identification:_identify(ros1_ws/src/navigation_msgs) by extension 'colcon_pkg'
[0.333s] Level 1:colcon.colcon_core.package_identification:_identify(ros1_ws/src/navigation_msgs) by extensions ['colcon_meta']
[0.333s] Level 1:colcon.colcon_core.package_identification:_identify(ros1_ws/src/navigation_msgs) by extension 'colcon_meta'
[0.333s] Level 1:colcon.colcon_core.package_identification:_identify(ros1_ws/src/navigation_msgs) by extensions ['ros']
[0.333s] Level 1:colcon.colcon_core.package_identification:_identify(ros1_ws/src/navigation_msgs) by extension 'ros'
[0.333s] Level 1:colcon.colcon_core.package_identification:_identify(ros1_ws/src/navigation_msgs) by extensions ['cmake', 'python']
[0.333s] Level 1:colcon.colcon_core.package_identification:_identify(ros1_ws/src/navigation_msgs) by extension 'cmake'
[0.333s] Level 1:colcon.colcon_core.package_identification:_identify(ros1_ws/src/navigation_msgs) by extension 'python'
[0.333s] Level 1:colcon.colcon_core.package_identification:_identify(ros1_ws/src/navigation_msgs) by extensions ['python_setup_py']
[0.333s] Level 1:colcon.colcon_core.package_identification:_identify(ros1_ws/src/navigation_msgs) by extension 'python_setup_py'
[0.334s] Level 1:colcon.colcon_core.package_identification:_identify(ros1_ws/src/navigation_msgs/map_msgs) by extensions ['ignore', 'ignore_ament_install']
[0.334s] Level 1:colcon.colcon_core.package_identification:_identify(ros1_ws/src/navigation_msgs/map_msgs) by extension 'ignore'
[0.334s] Level 1:colcon.colcon_core.package_identification:_identify(ros1_ws/src/navigation_msgs/map_msgs) by extension 'ignore_ament_install'
[0.334s] Level 1:colcon.colcon_core.package_identification:_identify(ros1_ws/src/navigation_msgs/map_msgs) by extensions ['colcon_pkg']
[0.334s] Level 1:colcon.colcon_core.package_identification:_identify(ros1_ws/src/navigation_msgs/map_msgs) by extension 'colcon_pkg'
[0.334s] Level 1:colcon.colcon_core.package_identification:_identify(ros1_ws/src/navigation_msgs/map_msgs) by extensions ['colcon_meta']
[0.334s] Level 1:colcon.colcon_core.package_identification:_identify(ros1_ws/src/navigation_msgs/map_msgs) by extension 'colcon_meta'
[0.334s] Level 1:colcon.colcon_core.package_identification:_identify(ros1_ws/src/navigation_msgs/map_msgs) by extensions ['ros']
[0.334s] Level 1:colcon.colcon_core.package_identification:_identify(ros1_ws/src/navigation_msgs/map_msgs) by extension 'ros'
[0.334s] DEBUG:colcon.colcon_core.package_identification:Package 'ros1_ws/src/navigation_msgs/map_msgs' with type 'ros.catkin' and name 'map_msgs'
[0.334s] Level 1:colcon.colcon_core.package_identification:_identify(ros1_ws/src/navigation_msgs/move_base_msgs) by extensions ['ignore', 'ignore_ament_install']
[0.334s] Level 1:colcon.colcon_core.package_identification:_identify(ros1_ws/src/navigation_msgs/move_base_msgs) by extension 'ignore'
[0.334s] Level 1:colcon.colcon_core.package_identification:_identify(ros1_ws/src/navigation_msgs/move_base_msgs) by extension 'ignore_ament_install'
[0.334s] Level 1:colcon.colcon_core.package_identification:_identify(ros1_ws/src/navigation_msgs/move_base_msgs) by extensions ['colcon_pkg']
[0.334s] Level 1:colcon.colcon_core.package_identification:_identify(ros1_ws/src/navigation_msgs/move_base_msgs) by extension 'colcon_pkg'
[0.334s] Level 1:colcon.colcon_core.package_identification:_identify(ros1_ws/src/navigation_msgs/move_base_msgs) by extensions ['colcon_meta']
[0.334s] Level 1:colcon.colcon_core.package_identification:_identify(ros1_ws/src/navigation_msgs/move_base_msgs) by extension 'colcon_meta'
[0.335s] Level 1:colcon.colcon_core.package_identification:_identify(ros1_ws/src/navigation_msgs/move_base_msgs) by extensions ['ros']
[0.335s] Level 1:colcon.colcon_core.package_identification:_identify(ros1_ws/src/navigation_msgs/move_base_msgs) by extension 'ros'
[0.335s] DEBUG:colcon.colcon_core.package_identification:Package 'ros1_ws/src/navigation_msgs/move_base_msgs' with type 'ros.catkin' and name 'move_base_msgs'
[0.335s] Level 1:colcon.colcon_core.package_identification:_identify(ros1_ws/src/obstacle) by extensions ['ignore', 'ignore_ament_install']
[0.335s] Level 1:colcon.colcon_core.package_identification:_identify(ros1_ws/src/obstacle) by extension 'ignore'
[0.335s] Level 1:colcon.colcon_core.package_identification:_identify(ros1_ws/src/obstacle) by extension 'ignore_ament_install'
[0.335s] Level 1:colcon.colcon_core.package_identification:_identify(ros1_ws/src/obstacle) by extensions ['colcon_pkg']
[0.335s] Level 1:colcon.colcon_core.package_identification:_identify(ros1_ws/src/obstacle) by extension 'colcon_pkg'
[0.335s] Level 1:colcon.colcon_core.package_identification:_identify(ros1_ws/src/obstacle) by extensions ['colcon_meta']
[0.335s] Level 1:colcon.colcon_core.package_identification:_identify(ros1_ws/src/obstacle) by extension 'colcon_meta'
[0.335s] Level 1:colcon.colcon_core.package_identification:_identify(ros1_ws/src/obstacle) by extensions ['ros']
[0.335s] Level 1:colcon.colcon_core.package_identification:_identify(ros1_ws/src/obstacle) by extension 'ros'
[0.336s] DEBUG:colcon.colcon_core.package_identification:Package 'ros1_ws/src/obstacle' with type 'ros.catkin' and name 'obstacle'
[0.336s] Level 1:colcon.colcon_core.package_identification:_identify(ros1_ws/src/path_planning) by extensions ['ignore', 'ignore_ament_install']
[0.336s] Level 1:colcon.colcon_core.package_identification:_identify(ros1_ws/src/path_planning) by extension 'ignore'
[0.336s] Level 1:colcon.colcon_core.package_identification:_identify(ros1_ws/src/path_planning) by extension 'ignore_ament_install'
[0.336s] Level 1:colcon.colcon_core.package_identification:_identify(ros1_ws/src/path_planning) by extensions ['colcon_pkg']
[0.336s] Level 1:colcon.colcon_core.package_identification:_identify(ros1_ws/src/path_planning) by extension 'colcon_pkg'
[0.336s] Level 1:colcon.colcon_core.package_identification:_identify(ros1_ws/src/path_planning) by extensions ['colcon_meta']
[0.336s] Level 1:colcon.colcon_core.package_identification:_identify(ros1_ws/src/path_planning) by extension 'colcon_meta'
[0.336s] Level 1:colcon.colcon_core.package_identification:_identify(ros1_ws/src/path_planning) by extensions ['ros']
[0.336s] Level 1:colcon.colcon_core.package_identification:_identify(ros1_ws/src/path_planning) by extension 'ros'
[0.336s] DEBUG:colcon.colcon_core.package_identification:Package 'ros1_ws/src/path_planning' with type 'ros.catkin' and name 'path_planning'
[0.336s] Level 1:colcon.colcon_core.package_identification:_identify(ros1_ws/src/realsense2_camera) by extensions ['ignore', 'ignore_ament_install']
[0.336s] Level 1:colcon.colcon_core.package_identification:_identify(ros1_ws/src/realsense2_camera) by extension 'ignore'
[0.336s] Level 1:colcon.colcon_core.package_identification:_identify(ros1_ws/src/realsense2_camera) by extension 'ignore_ament_install'
[0.336s] Level 1:colcon.colcon_core.package_identification:_identify(ros1_ws/src/realsense2_camera) by extensions ['colcon_pkg']
[0.336s] Level 1:colcon.colcon_core.package_identification:_identify(ros1_ws/src/realsense2_camera) by extension 'colcon_pkg'
[0.337s] Level 1:colcon.colcon_core.package_identification:_identify(ros1_ws/src/realsense2_camera) by extensions ['colcon_meta']
[0.337s] Level 1:colcon.colcon_core.package_identification:_identify(ros1_ws/src/realsense2_camera) by extension 'colcon_meta'
[0.337s] Level 1:colcon.colcon_core.package_identification:_identify(ros1_ws/src/realsense2_camera) by extensions ['ros']
[0.337s] Level 1:colcon.colcon_core.package_identification:_identify(ros1_ws/src/realsense2_camera) by extension 'ros'
[0.338s] DEBUG:colcon.colcon_core.package_identification:Package 'ros1_ws/src/realsense2_camera' with type 'ros.catkin' and name 'realsense2_camera'
[0.338s] Level 1:colcon.colcon_core.package_identification:_identify(ros1_ws/src/realsense2_description) by extensions ['ignore', 'ignore_ament_install']
[0.338s] Level 1:colcon.colcon_core.package_identification:_identify(ros1_ws/src/realsense2_description) by extension 'ignore'
[0.338s] Level 1:colcon.colcon_core.package_identification:_identify(ros1_ws/src/realsense2_description) by extension 'ignore_ament_install'
[0.338s] Level 1:colcon.colcon_core.package_identification:_identify(ros1_ws/src/realsense2_description) by extensions ['colcon_pkg']
[0.338s] Level 1:colcon.colcon_core.package_identification:_identify(ros1_ws/src/realsense2_description) by extension 'colcon_pkg'
[0.338s] Level 1:colcon.colcon_core.package_identification:_identify(ros1_ws/src/realsense2_description) by extensions ['colcon_meta']
[0.338s] Level 1:colcon.colcon_core.package_identification:_identify(ros1_ws/src/realsense2_description) by extension 'colcon_meta'
[0.338s] Level 1:colcon.colcon_core.package_identification:_identify(ros1_ws/src/realsense2_description) by extensions ['ros']
[0.338s] Level 1:colcon.colcon_core.package_identification:_identify(ros1_ws/src/realsense2_description) by extension 'ros'
[0.339s] DEBUG:colcon.colcon_core.package_identification:Package 'ros1_ws/src/realsense2_description' with type 'ros.catkin' and name 'realsense2_description'
[0.339s] Level 1:colcon.colcon_core.package_identification:_identify(ros1_ws/src/realsense_gazebo_plugin) by extensions ['ignore', 'ignore_ament_install']
[0.339s] Level 1:colcon.colcon_core.package_identification:_identify(ros1_ws/src/realsense_gazebo_plugin) by extension 'ignore'
[0.339s] Level 1:colcon.colcon_core.package_identification:_identify(ros1_ws/src/realsense_gazebo_plugin) by extension 'ignore_ament_install'
[0.339s] Level 1:colcon.colcon_core.package_identification:_identify(ros1_ws/src/realsense_gazebo_plugin) by extensions ['colcon_pkg']
[0.339s] Level 1:colcon.colcon_core.package_identification:_identify(ros1_ws/src/realsense_gazebo_plugin) by extension 'colcon_pkg'
[0.339s] Level 1:colcon.colcon_core.package_identification:_identify(ros1_ws/src/realsense_gazebo_plugin) by extensions ['colcon_meta']
[0.339s] Level 1:colcon.colcon_core.package_identification:_identify(ros1_ws/src/realsense_gazebo_plugin) by extension 'colcon_meta'
[0.339s] Level 1:colcon.colcon_core.package_identification:_identify(ros1_ws/src/realsense_gazebo_plugin) by extensions ['ros']
[0.339s] Level 1:colcon.colcon_core.package_identification:_identify(ros1_ws/src/realsense_gazebo_plugin) by extension 'ros'
[0.339s] DEBUG:colcon.colcon_core.package_identification:Package 'ros1_ws/src/realsense_gazebo_plugin' with type 'ros.catkin' and name 'realsense_gazebo_plugin'
[0.340s] Level 1:colcon.colcon_core.package_identification:_identify(ros1_ws/src/scan_tools) by extensions ['ignore', 'ignore_ament_install']
[0.340s] Level 1:colcon.colcon_core.package_identification:_identify(ros1_ws/src/scan_tools) by extension 'ignore'
[0.340s] Level 1:colcon.colcon_core.package_identification:_identify(ros1_ws/src/scan_tools) by extension 'ignore_ament_install'
[0.340s] Level 1:colcon.colcon_core.package_identification:_identify(ros1_ws/src/scan_tools) by extensions ['colcon_pkg']
[0.340s] Level 1:colcon.colcon_core.package_identification:_identify(ros1_ws/src/scan_tools) by extension 'colcon_pkg'
[0.340s] Level 1:colcon.colcon_core.package_identification:_identify(ros1_ws/src/scan_tools) by extensions ['colcon_meta']
[0.340s] Level 1:colcon.colcon_core.package_identification:_identify(ros1_ws/src/scan_tools) by extension 'colcon_meta'
[0.340s] Level 1:colcon.colcon_core.package_identification:_identify(ros1_ws/src/scan_tools) by extensions ['ros']
[0.340s] Level 1:colcon.colcon_core.package_identification:_identify(ros1_ws/src/scan_tools) by extension 'ros'
[0.340s] DEBUG:colcon.colcon_core.package_identification:Package 'ros1_ws/src/scan_tools' with type 'ros.catkin' and name 'scan_tools'
[0.340s] Level 1:colcon.colcon_core.package_identification:_identify(ros1_ws/src/sick_scan) by extensions ['ignore', 'ignore_ament_install']
[0.340s] Level 1:colcon.colcon_core.package_identification:_identify(ros1_ws/src/sick_scan) by extension 'ignore'
[0.340s] Level 1:colcon.colcon_core.package_identification:_identify(ros1_ws/src/sick_scan) by extension 'ignore_ament_install'
[0.340s] Level 1:colcon.colcon_core.package_identification:_identify(ros1_ws/src/sick_scan) by extensions ['colcon_pkg']
[0.340s] Level 1:colcon.colcon_core.package_identification:_identify(ros1_ws/src/sick_scan) by extension 'colcon_pkg'
[0.340s] Level 1:colcon.colcon_core.package_identification:_identify(ros1_ws/src/sick_scan) by extensions ['colcon_meta']
[0.340s] Level 1:colcon.colcon_core.package_identification:_identify(ros1_ws/src/sick_scan) by extension 'colcon_meta'
[0.340s] Level 1:colcon.colcon_core.package_identification:_identify(ros1_ws/src/sick_scan) by extensions ['ros']
[0.340s] Level 1:colcon.colcon_core.package_identification:_identify(ros1_ws/src/sick_scan) by extension 'ros'
[0.341s] DEBUG:colcon.colcon_core.package_identification:Package 'ros1_ws/src/sick_scan' with type 'ros.catkin' and name 'sick_scan'
[0.341s] Level 1:colcon.colcon_core.package_identification:_identify(ros1_ws/src/spray) by extensions ['ignore', 'ignore_ament_install']
[0.341s] Level 1:colcon.colcon_core.package_identification:_identify(ros1_ws/src/spray) by extension 'ignore'
[0.341s] Level 1:colcon.colcon_core.package_identification:_identify(ros1_ws/src/spray) by extension 'ignore_ament_install'
[0.341s] Level 1:colcon.colcon_core.package_identification:_identify(ros1_ws/src/spray) by extensions ['colcon_pkg']
[0.341s] Level 1:colcon.colcon_core.package_identification:_identify(ros1_ws/src/spray) by extension 'colcon_pkg'
[0.341s] Level 1:colcon.colcon_core.package_identification:_identify(ros1_ws/src/spray) by extensions ['colcon_meta']
[0.341s] Level 1:colcon.colcon_core.package_identification:_identify(ros1_ws/src/spray) by extension 'colcon_meta'
[0.341s] Level 1:colcon.colcon_core.package_identification:_identify(ros1_ws/src/spray) by extensions ['ros']
[0.341s] Level 1:colcon.colcon_core.package_identification:_identify(ros1_ws/src/spray) by extension 'ros'
[0.342s] DEBUG:colcon.colcon_core.package_identification:Package 'ros1_ws/src/spray' with type 'ros.catkin' and name 'spray'
[0.342s] Level 1:colcon.colcon_core.package_identification:_identify(ros1_ws/src/virtual_maize_field) by extensions ['ignore', 'ignore_ament_install']
[0.342s] Level 1:colcon.colcon_core.package_identification:_identify(ros1_ws/src/virtual_maize_field) by extension 'ignore'
[0.342s] Level 1:colcon.colcon_core.package_identification:_identify(ros1_ws/src/virtual_maize_field) by extension 'ignore_ament_install'
[0.342s] Level 1:colcon.colcon_core.package_identification:_identify(ros1_ws/src/virtual_maize_field) by extensions ['colcon_pkg']
[0.342s] Level 1:colcon.colcon_core.package_identification:_identify(ros1_ws/src/virtual_maize_field) by extension 'colcon_pkg'
[0.342s] Level 1:colcon.colcon_core.package_identification:_identify(ros1_ws/src/virtual_maize_field) by extensions ['colcon_meta']
[0.342s] Level 1:colcon.colcon_core.package_identification:_identify(ros1_ws/src/virtual_maize_field) by extension 'colcon_meta'
[0.342s] Level 1:colcon.colcon_core.package_identification:_identify(ros1_ws/src/virtual_maize_field) by extensions ['ros']
[0.342s] Level 1:colcon.colcon_core.package_identification:_identify(ros1_ws/src/virtual_maize_field) by extension 'ros'
[0.345s] DEBUG:colcon.colcon_core.package_identification:Package 'ros1_ws/src/virtual_maize_field' with type 'ros.catkin' and name 'virtual_maize_field'
[0.345s] Level 1:colcon.colcon_core.package_identification:_identify(ros1_ws/src/visu) by extensions ['ignore', 'ignore_ament_install']
[0.345s] Level 1:colcon.colcon_core.package_identification:_identify(ros1_ws/src/visu) by extension 'ignore'
[0.345s] Level 1:colcon.colcon_core.package_identification:_identify(ros1_ws/src/visu) by extension 'ignore_ament_install'
[0.345s] Level 1:colcon.colcon_core.package_identification:_identify(ros1_ws/src/visu) by extensions ['colcon_pkg']
[0.345s] Level 1:colcon.colcon_core.package_identification:_identify(ros1_ws/src/visu) by extension 'colcon_pkg'
[0.345s] Level 1:colcon.colcon_core.package_identification:_identify(ros1_ws/src/visu) by extensions ['colcon_meta']
[0.345s] Level 1:colcon.colcon_core.package_identification:_identify(ros1_ws/src/visu) by extension 'colcon_meta'
[0.345s] Level 1:colcon.colcon_core.package_identification:_identify(ros1_ws/src/visu) by extensions ['ros']
[0.345s] Level 1:colcon.colcon_core.package_identification:_identify(ros1_ws/src/visu) by extension 'ros'
[0.345s] DEBUG:colcon.colcon_core.package_identification:Package 'ros1_ws/src/visu' with type 'ros.catkin' and name 'visu'
[0.345s] Level 1:colcon.colcon_core.package_identification:_identify(ros2_ws) by extensions ['ignore', 'ignore_ament_install']
[0.345s] Level 1:colcon.colcon_core.package_identification:_identify(ros2_ws) by extension 'ignore'
[0.346s] Level 1:colcon.colcon_core.package_identification:_identify(ros2_ws) by extension 'ignore_ament_install'
[0.346s] Level 1:colcon.colcon_core.package_identification:_identify(ros2_ws) by extensions ['colcon_pkg']
[0.346s] Level 1:colcon.colcon_core.package_identification:_identify(ros2_ws) by extension 'colcon_pkg'
[0.346s] Level 1:colcon.colcon_core.package_identification:_identify(ros2_ws) by extensions ['colcon_meta']
[0.346s] Level 1:colcon.colcon_core.package_identification:_identify(ros2_ws) by extension 'colcon_meta'
[0.346s] Level 1:colcon.colcon_core.package_identification:_identify(ros2_ws) by extensions ['ros']
[0.346s] Level 1:colcon.colcon_core.package_identification:_identify(ros2_ws) by extension 'ros'
[0.346s] Level 1:colcon.colcon_core.package_identification:_identify(ros2_ws) by extensions ['cmake', 'python']
[0.346s] Level 1:colcon.colcon_core.package_identification:_identify(ros2_ws) by extension 'cmake'
[0.346s] Level 1:colcon.colcon_core.package_identification:_identify(ros2_ws) by extension 'python'
[0.346s] Level 1:colcon.colcon_core.package_identification:_identify(ros2_ws) by extensions ['python_setup_py']
[0.346s] Level 1:colcon.colcon_core.package_identification:_identify(ros2_ws) by extension 'python_setup_py'
[0.346s] Level 1:colcon.colcon_core.package_identification:_identify(ros2_ws/build) by extensions ['ignore', 'ignore_ament_install']
[0.346s] Level 1:colcon.colcon_core.package_identification:_identify(ros2_ws/build) by extension 'ignore'
[0.346s] Level 1:colcon.colcon_core.package_identification:_identify(ros2_ws/build) ignored
[0.346s] Level 1:colcon.colcon_core.package_identification:_identify(ros2_ws/install) by extensions ['ignore', 'ignore_ament_install']
[0.346s] Level 1:colcon.colcon_core.package_identification:_identify(ros2_ws/install) by extension 'ignore'
[0.346s] Level 1:colcon.colcon_core.package_identification:_identify(ros2_ws/install) ignored
[0.346s] Level 1:colcon.colcon_core.package_identification:_identify(ros2_ws/log) by extensions ['ignore', 'ignore_ament_install']
[0.346s] Level 1:colcon.colcon_core.package_identification:_identify(ros2_ws/log) by extension 'ignore'
[0.346s] Level 1:colcon.colcon_core.package_identification:_identify(ros2_ws/log) ignored
[0.346s] Level 1:colcon.colcon_core.package_identification:_identify(ros2_ws/src) by extensions ['ignore', 'ignore_ament_install']
[0.346s] Level 1:colcon.colcon_core.package_identification:_identify(ros2_ws/src) by extension 'ignore'
[0.346s] Level 1:colcon.colcon_core.package_identification:_identify(ros2_ws/src) by extension 'ignore_ament_install'
[0.346s] Level 1:colcon.colcon_core.package_identification:_identify(ros2_ws/src) by extensions ['colcon_pkg']
[0.346s] Level 1:colcon.colcon_core.package_identification:_identify(ros2_ws/src) by extension 'colcon_pkg'
[0.346s] Level 1:colcon.colcon_core.package_identification:_identify(ros2_ws/src) by extensions ['colcon_meta']
[0.346s] Level 1:colcon.colcon_core.package_identification:_identify(ros2_ws/src) by extension 'colcon_meta'
[0.346s] Level 1:colcon.colcon_core.package_identification:_identify(ros2_ws/src) by extensions ['ros']
[0.346s] Level 1:colcon.colcon_core.package_identification:_identify(ros2_ws/src) by extension 'ros'
[0.346s] Level 1:colcon.colcon_core.package_identification:_identify(ros2_ws/src) by extensions ['cmake', 'python']
[0.346s] Level 1:colcon.colcon_core.package_identification:_identify(ros2_ws/src) by extension 'cmake'
[0.346s] Level 1:colcon.colcon_core.package_identification:_identify(ros2_ws/src) by extension 'python'
[0.347s] Level 1:colcon.colcon_core.package_identification:_identify(ros2_ws/src) by extensions ['python_setup_py']
[0.347s] Level 1:colcon.colcon_core.package_identification:_identify(ros2_ws/src) by extension 'python_setup_py'
[0.347s] Level 1:colcon.colcon_core.package_identification:_identify(ros2_ws/src/base) by extensions ['ignore', 'ignore_ament_install']
[0.347s] Level 1:colcon.colcon_core.package_identification:_identify(ros2_ws/src/base) by extension 'ignore'
[0.347s] Level 1:colcon.colcon_core.package_identification:_identify(ros2_ws/src/base) by extension 'ignore_ament_install'
[0.347s] Level 1:colcon.colcon_core.package_identification:_identify(ros2_ws/src/base) by extensions ['colcon_pkg']
[0.347s] Level 1:colcon.colcon_core.package_identification:_identify(ros2_ws/src/base) by extension 'colcon_pkg'
[0.347s] Level 1:colcon.colcon_core.package_identification:_identify(ros2_ws/src/base) by extensions ['colcon_meta']
[0.347s] Level 1:colcon.colcon_core.package_identification:_identify(ros2_ws/src/base) by extension 'colcon_meta'
[0.347s] Level 1:colcon.colcon_core.package_identification:_identify(ros2_ws/src/base) by extensions ['ros']
[0.347s] Level 1:colcon.colcon_core.package_identification:_identify(ros2_ws/src/base) by extension 'ros'
[0.347s] DEBUG:colcon.colcon_core.package_identification:Package 'ros2_ws/src/base' with type 'ros.ament_cmake' and name 'base'
[0.347s] Level 1:colcon.colcon_core.package_identification:_identify(ros2_ws/src/base2gazebo) by extensions ['ignore', 'ignore_ament_install']
[0.347s] Level 1:colcon.colcon_core.package_identification:_identify(ros2_ws/src/base2gazebo) by extension 'ignore'
[0.347s] Level 1:colcon.colcon_core.package_identification:_identify(ros2_ws/src/base2gazebo) by extension 'ignore_ament_install'
[0.347s] Level 1:colcon.colcon_core.package_identification:_identify(ros2_ws/src/base2gazebo) by extensions ['colcon_pkg']
[0.347s] Level 1:colcon.colcon_core.package_identification:_identify(ros2_ws/src/base2gazebo) by extension 'colcon_pkg'
[0.348s] Level 1:colcon.colcon_core.package_identification:_identify(ros2_ws/src/base2gazebo) by extensions ['colcon_meta']
[0.348s] Level 1:colcon.colcon_core.package_identification:_identify(ros2_ws/src/base2gazebo) by extension 'colcon_meta'
[0.348s] Level 1:colcon.colcon_core.package_identification:_identify(ros2_ws/src/base2gazebo) by extensions ['ros']
[0.348s] Level 1:colcon.colcon_core.package_identification:_identify(ros2_ws/src/base2gazebo) by extension 'ros'
[0.348s] DEBUG:colcon.colcon_core.package_identification:Package 'ros2_ws/src/base2gazebo' with type 'ros.ament_cmake' and name 'base2gazebo'
[0.348s] Level 1:colcon.colcon_core.package_discovery:discover_packages(recursive) using defaults
[0.348s] Level 1:colcon.colcon_core.package_discovery:discover_packages(ignore) discover
[0.348s] Level 1:colcon.colcon_core.package_discovery:discover_packages(ignore) using defaults
[0.348s] Level 1:colcon.colcon_core.package_discovery:discover_packages(path) discover
[0.348s] Level 1:colcon.colcon_core.package_discovery:discover_packages(path) using defaults
[0.368s] Level 1:colcon.colcon_core.package_discovery:discover_packages(prefix_path) check parameters
[0.368s] Level 1:colcon.colcon_core.package_discovery:discover_packages(prefix_path) discover
[0.369s] DEBUG:colcon.colcon_installed_package_information.package_discovery:Found 272 installed packages in /opt/ros/foxy
[0.370s] Level 1:colcon.colcon_core.package_discovery:discover_packages(prefix_path) using defaults
[0.405s] WARNING:colcon.colcon_core.package_selection:Some selected packages are already built in one or more underlay workspaces:
	'map_msgs' is in: /opt/ros/foxy
If a package in a merged underlay workspace is overridden and it installs headers, then all packages in the overlay must sort their include directories by workspace order. Failure to do so may result in build failures or undefined behavior at run time.
If the overridden package is used by another package in any underlay, then the overriding package in the overlay must be API and ABI compatible or undefined behavior at run time may occur.

If you understand the risks and want to override a package anyways, add the following to the command line:
	--allow-overriding map_msgs

This may be promoted to an error in a future release of colcon-override-check.
[0.406s] ERROR:colcon:colcon build: Duplicate package names not supported:
- base:
  - ros1_ws/src/base
  - ros2_ws/src/base
- base2gazebo:
  - ros1_ws/src/base2gazebo
  - ros2_ws/src/base2gazebo
