[0.013s] Invoking command in '/home/jorth/floribot/bridge_ws/build/ros1_bridge': CMAKE_PREFIX_PATH=/opt/ros/foxy:${CMAKE_PREFIX_PATH} /usr/bin/cmake /home/jorth/floribot/bridge_ws/src/ros1_bridge -DCMAKE_INSTALL_PREFIX=/home/jorth/floribot/bridge_ws/install/ros1_bridge
[0.036s] -- Found rmw: 1.0.4 (/opt/ros/foxy/share/rmw/cmake)
[0.061s] -- Found PythonInterp: /usr/bin/python3 (found suitable version "3.8.10", minimum required is "3") 
[0.061s] -- Using PYTHON_EXECUTABLE: /usr/bin/python3
[0.375s] -- Found rclcpp: 2.4.3 (/opt/ros/foxy/share/rclcpp/cmake)
[0.405s] -- Using all available rosidl_typesupport_c: rosidl_typesupport_fastrtps_c;rosidl_typesupport_introspection_c
[0.411s] -- Found rosidl_adapter: 1.3.1 (/opt/ros/foxy/share/rosidl_adapter/cmake)
[4.257s] -- Using all available rosidl_typesupport_cpp: rosidl_typesupport_fastrtps_cpp;rosidl_typesupport_introspection_cpp
[4.316s] -- Found rmw_implementation_cmake: 1.0.4 (/opt/ros/foxy/share/rmw_implementation_cmake/cmake)
[4.318s] -- Using RMW implementation 'rmw_fastrtps_cpp' as default
[5.565s] -- Found ament_lint_auto: 0.9.8 (/opt/ros/foxy/share/ament_lint_auto/cmake)
[5.567s] -- Found diagnostic_msgs: 2.0.5 (/opt/ros/foxy/share/diagnostic_msgs/cmake)
[7.491s] -- Found python_cmake_module: 0.8.1 (/opt/ros/foxy/share/python_cmake_module/cmake)
[7.506s] -- Found PythonInterp: /usr/bin/python3 (found suitable version "3.8.10", minimum required is "3.5") 
[7.510s] -- Using PYTHON_EXECUTABLE: /usr/bin/python3
[7.510s] -- Using PYTHON_INCLUDE_DIRS: /usr/include/python3.8
[7.510s] -- Using PYTHON_LIBRARIES: /usr/lib/x86_64-linux-gnu/libpython3.8.so
[9.317s] -- Added test 'copyright' to check source files copyright and LICENSE
[9.320s] -- Added test 'cppcheck' to perform static code analysis on C / C++ code
[9.320s] -- Configured cppcheck include dirs: 
[9.320s] -- Configured cppcheck exclude dirs and/or files: 
[9.322s] -- Added test 'cpplint' to check C / C++ code against the Google style
[9.322s] -- Configured cpplint exclude dirs and/or files: 
[9.323s] -- Added test 'flake8' to check Python code syntax and style conventions
[9.324s] -- Added test 'lint_cmake' to check CMake code style
[9.325s] -- Added test 'pep257' to check Python code against some of the style conventions in PEP 257
[9.326s] -- Added test 'uncrustify' to check C / C++ code style
[9.326s] -- Configured uncrustify additional arguments: 
[9.327s] -- Added test 'xmllint' to check XML markup files
[9.366s] -- Found base2gazebo: 0.0.0 (/home/jorth/floribot/ros2_ws/install/base2gazebo/share/base2gazebo/cmake)
[9.393s] -- Found base: 0.0.0 (/home/jorth/floribot/ros2_ws/install/base/share/base/cmake)
[9.434s] -- Found action_msgs: 1.0.0 (/opt/ros/foxy/share/action_msgs/cmake)
[9.476s] -- Found action_tutorials_interfaces: 0.9.4 (/opt/ros/foxy/share/action_tutorials_interfaces/cmake)
[9.514s] -- Found actionlib_msgs: 2.0.5 (/opt/ros/foxy/share/actionlib_msgs/cmake)
[9.514s] -- Found builtin_interfaces: 1.0.0 (/opt/ros/foxy/share/builtin_interfaces/cmake)
[9.547s] -- Found composition_interfaces: 1.0.0 (/opt/ros/foxy/share/composition_interfaces/cmake)
[9.795s] -- Found control_msgs: 2.5.1 (/opt/ros/foxy/share/control_msgs/cmake)
[9.796s] -- Found diagnostic_msgs: 2.0.5 (/opt/ros/foxy/share/diagnostic_msgs/cmake)
[9.842s] -- Found example_interfaces: 0.9.1 (/opt/ros/foxy/share/example_interfaces/cmake)
[9.932s] -- Found gazebo_msgs: 3.5.3 (/opt/ros/foxy/share/gazebo_msgs/cmake)
[9.932s] -- Found geometry_msgs: 2.0.5 (/opt/ros/foxy/share/geometry_msgs/cmake)
[9.933s] -- Found libstatistics_collector: 1.0.2 (/opt/ros/foxy/share/libstatistics_collector/cmake)
[9.948s] -- Found lifecycle_msgs: 1.0.0 (/opt/ros/foxy/share/lifecycle_msgs/cmake)
[9.959s] -- Found logging_demo: 0.9.4 (/opt/ros/foxy/share/logging_demo/cmake)
[10.202s] -- Found map_msgs: 2.0.2 (/opt/ros/foxy/share/map_msgs/cmake)
[10.203s] -- Found nav_msgs: 2.0.5 (/opt/ros/foxy/share/nav_msgs/cmake)
[10.289s] -- Found pcl_msgs: 1.0.0 (/opt/ros/foxy/share/pcl_msgs/cmake)
[10.306s] -- Found pendulum_msgs: 0.9.4 (/opt/ros/foxy/share/pendulum_msgs/cmake)
[10.306s] -- Found rcl_interfaces: 1.0.0 (/opt/ros/foxy/share/rcl_interfaces/cmake)
[10.324s] -- Found rmw_dds_common: 1.0.3 (/opt/ros/foxy/share/rmw_dds_common/cmake)
[10.324s] -- Found rosgraph_msgs: 1.0.0 (/opt/ros/foxy/share/rosgraph_msgs/cmake)
[10.324s] -- Found sensor_msgs: 2.0.5 (/opt/ros/foxy/share/sensor_msgs/cmake)
[10.380s] -- Found shape_msgs: 2.0.5 (/opt/ros/foxy/share/shape_msgs/cmake)
[10.381s] -- Found statistics_msgs: 1.0.0 (/opt/ros/foxy/share/statistics_msgs/cmake)
[10.381s] -- Found std_msgs: 2.0.5 (/opt/ros/foxy/share/std_msgs/cmake)
[10.396s] -- Found std_srvs: 2.0.5 (/opt/ros/foxy/share/std_srvs/cmake)
[10.484s] -- Found stereo_msgs: 2.0.5 (/opt/ros/foxy/share/stereo_msgs/cmake)
[10.586s] -- Found tf2_msgs: 0.13.14 (/opt/ros/foxy/share/tf2_msgs/cmake)
[10.586s] -- Found trajectory_msgs: 2.0.5 (/opt/ros/foxy/share/trajectory_msgs/cmake)
[10.632s] -- Found turtlesim: 1.2.6 (/opt/ros/foxy/share/turtlesim/cmake)
[10.633s] -- Found unique_identifier_msgs: 2.1.3 (/opt/ros/foxy/share/unique_identifier_msgs/cmake)
[10.691s] -- Found visualization_msgs: 2.0.5 (/opt/ros/foxy/share/visualization_msgs/cmake)
[14.589s] -- Configuring done
[14.781s] -- Generating done
[14.847s] -- Build files have been written to: /home/jorth/floribot/bridge_ws/build/ros1_bridge
[14.857s] Invoked command in '/home/jorth/floribot/bridge_ws/build/ros1_bridge' returned '0': CMAKE_PREFIX_PATH=/opt/ros/foxy:${CMAKE_PREFIX_PATH} /usr/bin/cmake /home/jorth/floribot/bridge_ws/src/ros1_bridge -DCMAKE_INSTALL_PREFIX=/home/jorth/floribot/bridge_ws/install/ros1_bridge
[14.860s] Invoking command in '/home/jorth/floribot/bridge_ws/build/ros1_bridge': CMAKE_PREFIX_PATH=/opt/ros/foxy:${CMAKE_PREFIX_PATH} /usr/bin/cmake --build /home/jorth/floribot/bridge_ws/build/ros1_bridge -- -j16 -l16
[14.919s] [  1%] Built target test_ros1_client
[14.920s] [  1%] Built target test_ros1_server
[14.924s] [  2%] Built target simple_bridge_2_to_1
[14.924s] [  2%] Built target simple_bridge
[14.924s] [  3%] Built target test_ros2_client_cpp
[14.925s] [  4%] Built target simple_bridge_1_to_2
[14.926s] [  5%] Built target test_ros2_server_cpp
[15.260s] [35m[1mScanning dependencies of target ros1_bridge[0m
[15.844s] [  6%] [32mBuilding CXX object CMakeFiles/ros1_bridge.dir/src/bridge.cpp.o[0m
[15.844s] [  6%] [32mBuilding CXX object CMakeFiles/ros1_bridge.dir/src/convert_builtin_interfaces.cpp.o[0m
[15.844s] [  6%] [32mBuilding CXX object CMakeFiles/ros1_bridge.dir/src/builtin_interfaces_factories.cpp.o[0m
[15.854s] [  6%] [32mBuilding CXX object CMakeFiles/ros1_bridge.dir/generated/base2gazebo__msg__Wheels__factories.cpp.o[0m
[15.854s] [  6%] [32mBuilding CXX object CMakeFiles/ros1_bridge.dir/generated/get_factory.cpp.o[0m
[15.854s] [  6%] [32mBuilding CXX object CMakeFiles/ros1_bridge.dir/generated/get_mappings.cpp.o[0m
[15.855s] [  7%] [32mBuilding CXX object CMakeFiles/ros1_bridge.dir/generated/base_factories.cpp.o[0m
[15.855s] [  7%] [32mBuilding CXX object CMakeFiles/ros1_bridge.dir/generated/base2gazebo_factories.cpp.o[0m
[15.856s] [  8%] [32mBuilding CXX object CMakeFiles/ros1_bridge.dir/generated/base__msg__Wheels__factories.cpp.o[0m
[15.857s] [  8%] [32mBuilding CXX object CMakeFiles/ros1_bridge.dir/generated/base__msg__Angle__factories.cpp.o[0m
[15.857s] [  8%] [32mBuilding CXX object CMakeFiles/ros1_bridge.dir/generated/action_msgs_factories.cpp.o[0m
[15.858s] [  8%] [32mBuilding CXX object CMakeFiles/ros1_bridge.dir/generated/action_msgs__msg__GoalInfo__factories.cpp.o[0m
[15.858s] [  8%] [32mBuilding CXX object CMakeFiles/ros1_bridge.dir/generated/action_msgs__msg__GoalStatusArray__factories.cpp.o[0m
[15.858s] [  9%] [32mBuilding CXX object CMakeFiles/ros1_bridge.dir/generated/action_msgs__msg__GoalStatus__factories.cpp.o[0m
[15.860s] [ 10%] [32mBuilding CXX object CMakeFiles/ros1_bridge.dir/generated/action_tutorials_interfaces_factories.cpp.o[0m
[15.860s] [ 10%] [32mBuilding CXX object CMakeFiles/ros1_bridge.dir/generated/action_msgs__srv__CancelGoal__factories.cpp.o[0m
[16.580s] [ 10%] [32mBuilding CXX object CMakeFiles/ros1_bridge.dir/generated/actionlib_msgs_factories.cpp.o[0m
[16.751s] [ 10%] [32mBuilding CXX object CMakeFiles/ros1_bridge.dir/generated/actionlib_msgs__msg__GoalID__factories.cpp.o[0m
[20.625s] [ 11%] [32mBuilding CXX object CMakeFiles/ros1_bridge.dir/generated/actionlib_msgs__msg__GoalStatus__factories.cpp.o[0m
[21.578s] [ 11%] [32mBuilding CXX object CMakeFiles/ros1_bridge.dir/generated/actionlib_msgs__msg__GoalStatusArray__factories.cpp.o[0m
[21.605s] [ 11%] [32mBuilding CXX object CMakeFiles/ros1_bridge.dir/generated/composition_interfaces_factories.cpp.o[0m
[21.610s] [ 11%] [32mBuilding CXX object CMakeFiles/ros1_bridge.dir/generated/composition_interfaces__srv__LoadNode__factories.cpp.o[0m
[21.704s] [ 12%] [32mBuilding CXX object CMakeFiles/ros1_bridge.dir/generated/composition_interfaces__srv__ListNodes__factories.cpp.o[0m
[21.712s] [ 12%] [32mBuilding CXX object CMakeFiles/ros1_bridge.dir/generated/composition_interfaces__srv__UnloadNode__factories.cpp.o[0m
[21.734s] [ 12%] [32mBuilding CXX object CMakeFiles/ros1_bridge.dir/generated/control_msgs_factories.cpp.o[0m
[21.762s] [ 13%] [32mBuilding CXX object CMakeFiles/ros1_bridge.dir/generated/control_msgs__msg__DynamicJointState__factories.cpp.o[0m
[21.783s] [ 13%] [32mBuilding CXX object CMakeFiles/ros1_bridge.dir/generated/control_msgs__msg__GripperCommand__factories.cpp.o[0m
[21.791s] [ 13%] [32mBuilding CXX object CMakeFiles/ros1_bridge.dir/generated/control_msgs__msg__InterfaceValue__factories.cpp.o[0m
[22.544s] [ 13%] [32mBuilding CXX object CMakeFiles/ros1_bridge.dir/generated/control_msgs__msg__JointControllerState__factories.cpp.o[0m
[24.868s] [ 14%] [32mBuilding CXX object CMakeFiles/ros1_bridge.dir/generated/control_msgs__msg__JointJog__factories.cpp.o[0m
[26.880s] [ 14%] [32mBuilding CXX object CMakeFiles/ros1_bridge.dir/generated/control_msgs__msg__JointTolerance__factories.cpp.o[0m
[27.036s] [ 14%] [32mBuilding CXX object CMakeFiles/ros1_bridge.dir/generated/control_msgs__msg__JointTrajectoryControllerState__factories.cpp.o[0m
[27.095s] [ 15%] [32mBuilding CXX object CMakeFiles/ros1_bridge.dir/generated/control_msgs__msg__PidState__factories.cpp.o[0m
[27.124s] [ 15%] [32mBuilding CXX object CMakeFiles/ros1_bridge.dir/generated/control_msgs__srv__QueryCalibrationState__factories.cpp.o[0m
[27.130s] [ 15%] [32mBuilding CXX object CMakeFiles/ros1_bridge.dir/generated/control_msgs__srv__QueryTrajectoryState__factories.cpp.o[0m
[27.231s] [ 15%] [32mBuilding CXX object CMakeFiles/ros1_bridge.dir/generated/diagnostic_msgs_factories.cpp.o[0m
[27.247s] [ 16%] [32mBuilding CXX object CMakeFiles/ros1_bridge.dir/generated/diagnostic_msgs__msg__DiagnosticArray__factories.cpp.o[0m
[27.915s] [ 16%] [32mBuilding CXX object CMakeFiles/ros1_bridge.dir/generated/diagnostic_msgs__msg__DiagnosticStatus__factories.cpp.o[0m
[28.059s] [ 16%] [32mBuilding CXX object CMakeFiles/ros1_bridge.dir/generated/diagnostic_msgs__msg__KeyValue__factories.cpp.o[0m
[28.743s] [ 17%] [32mBuilding CXX object CMakeFiles/ros1_bridge.dir/generated/diagnostic_msgs__srv__AddDiagnostics__factories.cpp.o[0m
[30.685s] [ 17%] [32mBuilding CXX object CMakeFiles/ros1_bridge.dir/generated/diagnostic_msgs__srv__SelfTest__factories.cpp.o[0m
[32.191s] [ 17%] [32mBuilding CXX object CMakeFiles/ros1_bridge.dir/generated/example_interfaces_factories.cpp.o[0m
[32.566s] [ 18%] [32mBuilding CXX object CMakeFiles/ros1_bridge.dir/generated/example_interfaces__msg__Bool__factories.cpp.o[0m
[32.580s] [ 18%] [32mBuilding CXX object CMakeFiles/ros1_bridge.dir/generated/example_interfaces__msg__Byte__factories.cpp.o[0m
[33.106s] [ 18%] [32mBuilding CXX object CMakeFiles/ros1_bridge.dir/generated/example_interfaces__msg__ByteMultiArray__factories.cpp.o[0m
[33.548s] [ 18%] [32mBuilding CXX object CMakeFiles/ros1_bridge.dir/generated/example_interfaces__msg__Char__factories.cpp.o[0m
[34.166s] [ 19%] [32mBuilding CXX object CMakeFiles/ros1_bridge.dir/generated/example_interfaces__msg__Empty__factories.cpp.o[0m
[34.452s] [ 19%] [32mBuilding CXX object CMakeFiles/ros1_bridge.dir/generated/example_interfaces__msg__Float32__factories.cpp.o[0m
[36.026s] [ 19%] [32mBuilding CXX object CMakeFiles/ros1_bridge.dir/generated/example_interfaces__msg__Float32MultiArray__factories.cpp.o[0m
[36.385s] [ 20%] [32mBuilding CXX object CMakeFiles/ros1_bridge.dir/generated/example_interfaces__msg__Float64__factories.cpp.o[0m
[37.193s] [ 20%] [32mBuilding CXX object CMakeFiles/ros1_bridge.dir/generated/example_interfaces__msg__Float64MultiArray__factories.cpp.o[0m
[37.551s] [ 20%] [32mBuilding CXX object CMakeFiles/ros1_bridge.dir/generated/example_interfaces__msg__Int16__factories.cpp.o[0m
[37.595s] [ 20%] [32mBuilding CXX object CMakeFiles/ros1_bridge.dir/generated/example_interfaces__msg__Int16MultiArray__factories.cpp.o[0m
[38.093s] [ 21%] [32mBuilding CXX object CMakeFiles/ros1_bridge.dir/generated/example_interfaces__msg__Int32__factories.cpp.o[0m
[38.471s] [ 21%] [32mBuilding CXX object CMakeFiles/ros1_bridge.dir/generated/example_interfaces__msg__Int32MultiArray__factories.cpp.o[0m
[38.503s] [ 21%] [32mBuilding CXX object CMakeFiles/ros1_bridge.dir/generated/example_interfaces__msg__Int64__factories.cpp.o[0m
[38.561s] [ 22%] [32mBuilding CXX object CMakeFiles/ros1_bridge.dir/generated/example_interfaces__msg__Int64MultiArray__factories.cpp.o[0m
[38.631s] [ 22%] [32mBuilding CXX object CMakeFiles/ros1_bridge.dir/generated/example_interfaces__msg__Int8__factories.cpp.o[0m
[38.935s] [ 22%] [32mBuilding CXX object CMakeFiles/ros1_bridge.dir/generated/example_interfaces__msg__Int8MultiArray__factories.cpp.o[0m
[38.977s] [ 23%] [32mBuilding CXX object CMakeFiles/ros1_bridge.dir/generated/example_interfaces__msg__MultiArrayDimension__factories.cpp.o[0m
[39.044s] [ 23%] [32mBuilding CXX object CMakeFiles/ros1_bridge.dir/generated/example_interfaces__msg__MultiArrayLayout__factories.cpp.o[0m
[39.144s] [ 23%] [32mBuilding CXX object CMakeFiles/ros1_bridge.dir/generated/example_interfaces__msg__String__factories.cpp.o[0m
[39.219s] [ 23%] [32mBuilding CXX object CMakeFiles/ros1_bridge.dir/generated/example_interfaces__msg__UInt16__factories.cpp.o[0m
[39.309s] [ 24%] [32mBuilding CXX object CMakeFiles/ros1_bridge.dir/generated/example_interfaces__msg__UInt16MultiArray__factories.cpp.o[0m
[41.085s] [ 24%] [32mBuilding CXX object CMakeFiles/ros1_bridge.dir/generated/example_interfaces__msg__UInt32__factories.cpp.o[0m
[41.334s] [ 24%] [32mBuilding CXX object CMakeFiles/ros1_bridge.dir/generated/example_interfaces__msg__UInt32MultiArray__factories.cpp.o[0m
[42.353s] [ 25%] [32mBuilding CXX object CMakeFiles/ros1_bridge.dir/generated/example_interfaces__msg__UInt64__factories.cpp.o[0m
[42.542s] [ 25%] [32mBuilding CXX object CMakeFiles/ros1_bridge.dir/generated/example_interfaces__msg__UInt64MultiArray__factories.cpp.o[0m
[42.657s] [ 25%] [32mBuilding CXX object CMakeFiles/ros1_bridge.dir/generated/example_interfaces__msg__UInt8__factories.cpp.o[0m
[43.083s] [ 25%] [32mBuilding CXX object CMakeFiles/ros1_bridge.dir/generated/example_interfaces__msg__UInt8MultiArray__factories.cpp.o[0m
[43.349s] [ 26%] [32mBuilding CXX object CMakeFiles/ros1_bridge.dir/generated/example_interfaces__msg__WString__factories.cpp.o[0m
[43.393s] [ 26%] [32mBuilding CXX object CMakeFiles/ros1_bridge.dir/generated/example_interfaces__srv__AddTwoInts__factories.cpp.o[0m
[43.486s] [ 26%] [32mBuilding CXX object CMakeFiles/ros1_bridge.dir/generated/example_interfaces__srv__SetBool__factories.cpp.o[0m
[43.552s] [ 27%] [32mBuilding CXX object CMakeFiles/ros1_bridge.dir/generated/example_interfaces__srv__Trigger__factories.cpp.o[0m
[43.907s] [ 27%] [32mBuilding CXX object CMakeFiles/ros1_bridge.dir/generated/gazebo_msgs_factories.cpp.o[0m
[43.964s] [ 27%] [32mBuilding CXX object CMakeFiles/ros1_bridge.dir/generated/gazebo_msgs__msg__ContactState__factories.cpp.o[0m
[43.988s] [ 27%] [32mBuilding CXX object CMakeFiles/ros1_bridge.dir/generated/gazebo_msgs__msg__ContactsState__factories.cpp.o[0m
[44.175s] [ 28%] [32mBuilding CXX object CMakeFiles/ros1_bridge.dir/generated/gazebo_msgs__msg__EntityState__factories.cpp.o[0m
[44.273s] [ 28%] [32mBuilding CXX object CMakeFiles/ros1_bridge.dir/generated/gazebo_msgs__msg__LinkState__factories.cpp.o[0m
[44.366s] [ 28%] [32mBuilding CXX object CMakeFiles/ros1_bridge.dir/generated/gazebo_msgs__msg__LinkStates__factories.cpp.o[0m
[46.373s] [ 29%] [32mBuilding CXX object CMakeFiles/ros1_bridge.dir/generated/gazebo_msgs__msg__ModelState__factories.cpp.o[0m
[46.392s] [ 29%] [32mBuilding CXX object CMakeFiles/ros1_bridge.dir/generated/gazebo_msgs__msg__ModelStates__factories.cpp.o[0m
[47.335s] [ 29%] [32mBuilding CXX object CMakeFiles/ros1_bridge.dir/generated/gazebo_msgs__msg__ODEJointProperties__factories.cpp.o[0m
[47.433s] [ 30%] [32mBuilding CXX object CMakeFiles/ros1_bridge.dir/generated/gazebo_msgs__msg__ODEPhysics__factories.cpp.o[0m
[47.599s] [ 30%] [32mBuilding CXX object CMakeFiles/ros1_bridge.dir/generated/gazebo_msgs__msg__PerformanceMetrics__factories.cpp.o[0m
[48.027s] [ 30%] [32mBuilding CXX object CMakeFiles/ros1_bridge.dir/generated/gazebo_msgs__msg__SensorPerformanceMetric__factories.cpp.o[0m
[48.337s] [ 30%] [32mBuilding CXX object CMakeFiles/ros1_bridge.dir/generated/gazebo_msgs__msg__WorldState__factories.cpp.o[0m
[48.502s] [ 31%] [32mBuilding CXX object CMakeFiles/ros1_bridge.dir/generated/gazebo_msgs__srv__ApplyBodyWrench__factories.cpp.o[0m
[48.738s] [ 31%] [32mBuilding CXX object CMakeFiles/ros1_bridge.dir/generated/gazebo_msgs__srv__ApplyLinkWrench__factories.cpp.o[0m
[49.146s] [ 31%] [32mBuilding CXX object CMakeFiles/ros1_bridge.dir/generated/gazebo_msgs__srv__ApplyJointEffort__factories.cpp.o[0m
[49.459s] [ 32%] [32mBuilding CXX object CMakeFiles/ros1_bridge.dir/generated/gazebo_msgs__srv__BodyRequest__factories.cpp.o[0m
[51.373s] [ 32%] [32mBuilding CXX object CMakeFiles/ros1_bridge.dir/generated/gazebo_msgs__srv__DeleteEntity__factories.cpp.o[0m
[55.123s] [ 33%] [32mBuilding CXX object CMakeFiles/ros1_bridge.dir/generated/gazebo_msgs__srv__DeleteModel__factories.cpp.o[0m
[55.125s] [ 33%] [32mBuilding CXX object CMakeFiles/ros1_bridge.dir/generated/gazebo_msgs__srv__GetJointProperties__factories.cpp.o[0m
[55.125s] [ 33%] [32mBuilding CXX object CMakeFiles/ros1_bridge.dir/generated/gazebo_msgs__srv__DeleteLight__factories.cpp.o[0m
[56.278s] [ 33%] [32mBuilding CXX object CMakeFiles/ros1_bridge.dir/generated/gazebo_msgs__srv__GetEntityState__factories.cpp.o[0m
[56.424s] [ 33%] [32mBuilding CXX object CMakeFiles/ros1_bridge.dir/generated/gazebo_msgs__srv__GetLightProperties__factories.cpp.o[0m
[56.754s] [ 34%] [32mBuilding CXX object CMakeFiles/ros1_bridge.dir/generated/gazebo_msgs__srv__GetLinkProperties__factories.cpp.o[0m
[57.220s] [ 34%] [32mBuilding CXX object CMakeFiles/ros1_bridge.dir/generated/gazebo_msgs__srv__GetLinkState__factories.cpp.o[0m
[57.858s] [ 34%] [32mBuilding CXX object CMakeFiles/ros1_bridge.dir/generated/gazebo_msgs__srv__GetModelList__factories.cpp.o[0m
[58.065s] [ 34%] [32mBuilding CXX object CMakeFiles/ros1_bridge.dir/generated/gazebo_msgs__srv__GetModelProperties__factories.cpp.o[0m
[58.440s] [ 35%] [32mBuilding CXX object CMakeFiles/ros1_bridge.dir/generated/gazebo_msgs__srv__GetModelState__factories.cpp.o[0m
[58.601s] [ 35%] [32mBuilding CXX object CMakeFiles/ros1_bridge.dir/generated/gazebo_msgs__srv__GetPhysicsProperties__factories.cpp.o[0m
[59.642s] [ 35%] [32mBuilding CXX object CMakeFiles/ros1_bridge.dir/generated/gazebo_msgs__srv__GetWorldProperties__factories.cpp.o[0m
[59.707s] [ 36%] [32mBuilding CXX object CMakeFiles/ros1_bridge.dir/generated/gazebo_msgs__srv__JointRequest__factories.cpp.o[0m
[60.284s] [ 36%] [32mBuilding CXX object CMakeFiles/ros1_bridge.dir/generated/gazebo_msgs__srv__LinkRequest__factories.cpp.o[0m
[60.293s] [ 36%] [32mBuilding CXX object CMakeFiles/ros1_bridge.dir/generated/gazebo_msgs__srv__SetEntityState__factories.cpp.o[0m
[61.444s] [ 37%] [32mBuilding CXX object CMakeFiles/ros1_bridge.dir/generated/gazebo_msgs__srv__SetJointProperties__factories.cpp.o[0m
[63.132s] [ 37%] [32mBuilding CXX object CMakeFiles/ros1_bridge.dir/generated/gazebo_msgs__srv__SetJointTrajectory__factories.cpp.o[0m
[63.206s] [ 37%] [32mBuilding CXX object CMakeFiles/ros1_bridge.dir/generated/gazebo_msgs__srv__SetLightProperties__factories.cpp.o[0m
[65.360s] [ 37%] [32mBuilding CXX object CMakeFiles/ros1_bridge.dir/generated/gazebo_msgs__srv__SetLinkProperties__factories.cpp.o[0m
[65.422s] [ 38%] [32mBuilding CXX object CMakeFiles/ros1_bridge.dir/generated/gazebo_msgs__srv__SetLinkState__factories.cpp.o[0m
[65.532s] [ 38%] [32mBuilding CXX object CMakeFiles/ros1_bridge.dir/generated/gazebo_msgs__srv__SetModelConfiguration__factories.cpp.o[0m
[65.573s] [ 38%] [32mBuilding CXX object CMakeFiles/ros1_bridge.dir/generated/gazebo_msgs__srv__SetModelState__factories.cpp.o[0m
[65.598s] [ 39%] [32mBuilding CXX object CMakeFiles/ros1_bridge.dir/generated/gazebo_msgs__srv__SetPhysicsProperties__factories.cpp.o[0m
[65.661s] [ 39%] [32mBuilding CXX object CMakeFiles/ros1_bridge.dir/generated/gazebo_msgs__srv__SpawnEntity__factories.cpp.o[0m
[65.685s] [ 39%] [32mBuilding CXX object CMakeFiles/ros1_bridge.dir/generated/gazebo_msgs__srv__SpawnModel__factories.cpp.o[0m
[65.885s] [ 39%] [32mBuilding CXX object CMakeFiles/ros1_bridge.dir/generated/geometry_msgs_factories.cpp.o[0m
[66.352s] [ 40%] [32mBuilding CXX object CMakeFiles/ros1_bridge.dir/generated/geometry_msgs__msg__Accel__factories.cpp.o[0m
[66.460s] [ 40%] [32mBuilding CXX object CMakeFiles/ros1_bridge.dir/generated/geometry_msgs__msg__AccelStamped__factories.cpp.o[0m
[66.597s] [ 40%] [32mBuilding CXX object CMakeFiles/ros1_bridge.dir/generated/geometry_msgs__msg__AccelWithCovariance__factories.cpp.o[0m
[67.969s] [ 41%] [32mBuilding CXX object CMakeFiles/ros1_bridge.dir/generated/geometry_msgs__msg__AccelWithCovarianceStamped__factories.cpp.o[0m
[68.177s] [ 41%] [32mBuilding CXX object CMakeFiles/ros1_bridge.dir/generated/geometry_msgs__msg__Inertia__factories.cpp.o[0m
[69.123s] [ 41%] [32mBuilding CXX object CMakeFiles/ros1_bridge.dir/generated/geometry_msgs__msg__InertiaStamped__factories.cpp.o[0m
[69.393s] [ 42%] [32mBuilding CXX object CMakeFiles/ros1_bridge.dir/generated/geometry_msgs__msg__Point__factories.cpp.o[0m
[70.898s] [ 42%] [32mBuilding CXX object CMakeFiles/ros1_bridge.dir/generated/geometry_msgs__msg__Point32__factories.cpp.o[0m
[71.233s] [ 42%] [32mBuilding CXX object CMakeFiles/ros1_bridge.dir/generated/geometry_msgs__msg__PointStamped__factories.cpp.o[0m
[71.888s] [ 42%] [32mBuilding CXX object CMakeFiles/ros1_bridge.dir/generated/geometry_msgs__msg__Polygon__factories.cpp.o[0m
[73.259s] [ 43%] [32mBuilding CXX object CMakeFiles/ros1_bridge.dir/generated/geometry_msgs__msg__PolygonStamped__factories.cpp.o[0m
[73.274s] [ 43%] [32mBuilding CXX object CMakeFiles/ros1_bridge.dir/generated/geometry_msgs__msg__Pose__factories.cpp.o[0m
[73.296s] [ 43%] [32mBuilding CXX object CMakeFiles/ros1_bridge.dir/generated/geometry_msgs__msg__Pose2D__factories.cpp.o[0m
[73.456s] [ 44%] [32mBuilding CXX object CMakeFiles/ros1_bridge.dir/generated/geometry_msgs__msg__PoseArray__factories.cpp.o[0m
[73.549s] [ 44%] [32mBuilding CXX object CMakeFiles/ros1_bridge.dir/generated/geometry_msgs__msg__PoseStamped__factories.cpp.o[0m
[74.255s] [ 44%] [32mBuilding CXX object CMakeFiles/ros1_bridge.dir/generated/geometry_msgs__msg__PoseWithCovariance__factories.cpp.o[0m
[77.579s] [ 44%] [32mBuilding CXX object CMakeFiles/ros1_bridge.dir/generated/geometry_msgs__msg__PoseWithCovarianceStamped__factories.cpp.o[0m
[77.598s] [ 45%] [32mBuilding CXX object CMakeFiles/ros1_bridge.dir/generated/geometry_msgs__msg__Quaternion__factories.cpp.o[0m
[78.510s] [ 45%] [32mBuilding CXX object CMakeFiles/ros1_bridge.dir/generated/geometry_msgs__msg__QuaternionStamped__factories.cpp.o[0m
[79.288s] [ 45%] [32mBuilding CXX object CMakeFiles/ros1_bridge.dir/generated/geometry_msgs__msg__Transform__factories.cpp.o[0m
[79.452s] [ 46%] [32mBuilding CXX object CMakeFiles/ros1_bridge.dir/generated/geometry_msgs__msg__TransformStamped__factories.cpp.o[0m
[80.834s] [ 46%] [32mBuilding CXX object CMakeFiles/ros1_bridge.dir/generated/geometry_msgs__msg__Twist__factories.cpp.o[0m
[80.905s] [ 46%] [32mBuilding CXX object CMakeFiles/ros1_bridge.dir/generated/geometry_msgs__msg__TwistStamped__factories.cpp.o[0m
[82.308s] [ 46%] [32mBuilding CXX object CMakeFiles/ros1_bridge.dir/generated/geometry_msgs__msg__TwistWithCovariance__factories.cpp.o[0m
[82.398s] [ 47%] [32mBuilding CXX object CMakeFiles/ros1_bridge.dir/generated/geometry_msgs__msg__TwistWithCovarianceStamped__factories.cpp.o[0m
[83.872s] [ 47%] [32mBuilding CXX object CMakeFiles/ros1_bridge.dir/generated/geometry_msgs__msg__Vector3__factories.cpp.o[0m
[84.634s] [ 47%] [32mBuilding CXX object CMakeFiles/ros1_bridge.dir/generated/geometry_msgs__msg__Vector3Stamped__factories.cpp.o[0m
[84.710s] [ 48%] [32mBuilding CXX object CMakeFiles/ros1_bridge.dir/generated/geometry_msgs__msg__Wrench__factories.cpp.o[0m
[84.857s] [ 48%] [32mBuilding CXX object CMakeFiles/ros1_bridge.dir/generated/geometry_msgs__msg__WrenchStamped__factories.cpp.o[0m
[85.054s] [ 48%] [32mBuilding CXX object CMakeFiles/ros1_bridge.dir/generated/libstatistics_collector_factories.cpp.o[0m
[85.198s] [ 49%] [32mBuilding CXX object CMakeFiles/ros1_bridge.dir/generated/libstatistics_collector__msg__DummyMessage__factories.cpp.o[0m
[86.490s] [ 49%] [32mBuilding CXX object CMakeFiles/ros1_bridge.dir/generated/lifecycle_msgs_factories.cpp.o[0m
[89.281s] [ 49%] [32mBuilding CXX object CMakeFiles/ros1_bridge.dir/generated/lifecycle_msgs__msg__State__factories.cpp.o[0m
[89.401s] [ 49%] [32mBuilding CXX object CMakeFiles/ros1_bridge.dir/generated/lifecycle_msgs__msg__Transition__factories.cpp.o[0m
[90.248s] [ 50%] [32mBuilding CXX object CMakeFiles/ros1_bridge.dir/generated/lifecycle_msgs__msg__TransitionDescription__factories.cpp.o[0m
[90.421s] [ 50%] [32mBuilding CXX object CMakeFiles/ros1_bridge.dir/generated/lifecycle_msgs__msg__TransitionEvent__factories.cpp.o[0m
[90.619s] [ 50%] [32mBuilding CXX object CMakeFiles/ros1_bridge.dir/generated/lifecycle_msgs__srv__ChangeState__factories.cpp.o[0m
[90.959s] [ 51%] [32mBuilding CXX object CMakeFiles/ros1_bridge.dir/generated/lifecycle_msgs__srv__GetAvailableStates__factories.cpp.o[0m
[91.239s] [ 51%] [32mBuilding CXX object CMakeFiles/ros1_bridge.dir/generated/lifecycle_msgs__srv__GetAvailableTransitions__factories.cpp.o[0m
[91.852s] [ 51%] [32mBuilding CXX object CMakeFiles/ros1_bridge.dir/generated/lifecycle_msgs__srv__GetState__factories.cpp.o[0m
[92.604s] [ 51%] [32mBuilding CXX object CMakeFiles/ros1_bridge.dir/generated/logging_demo_factories.cpp.o[0m
[93.080s] [ 52%] [32mBuilding CXX object CMakeFiles/ros1_bridge.dir/generated/logging_demo__srv__ConfigLogger__factories.cpp.o[0m
[94.048s] [ 52%] [32mBuilding CXX object CMakeFiles/ros1_bridge.dir/generated/map_msgs_factories.cpp.o[0m
[94.129s] [ 52%] [32mBuilding CXX object CMakeFiles/ros1_bridge.dir/generated/map_msgs__msg__OccupancyGridUpdate__factories.cpp.o[0m
[94.318s] [ 53%] [32mBuilding CXX object CMakeFiles/ros1_bridge.dir/generated/map_msgs__msg__PointCloud2Update__factories.cpp.o[0m
[94.394s] [ 53%] [32mBuilding CXX object CMakeFiles/ros1_bridge.dir/generated/map_msgs__msg__ProjectedMapInfo__factories.cpp.o[0m
[95.238s] [ 53%] [32mBuilding CXX object CMakeFiles/ros1_bridge.dir/generated/map_msgs__msg__ProjectedMap__factories.cpp.o[0m
[95.397s] [ 54%] [32mBuilding CXX object CMakeFiles/ros1_bridge.dir/generated/map_msgs__srv__GetMapROI__factories.cpp.o[0m
[95.941s] [ 54%] [32mBuilding CXX object CMakeFiles/ros1_bridge.dir/generated/map_msgs__srv__GetPointMapROI__factories.cpp.o[0m
[95.959s] [ 54%] [32mBuilding CXX object CMakeFiles/ros1_bridge.dir/generated/map_msgs__srv__GetPointMap__factories.cpp.o[0m
[96.245s] [ 54%] [32mBuilding CXX object CMakeFiles/ros1_bridge.dir/generated/map_msgs__srv__ProjectedMapsInfo__factories.cpp.o[0m
[96.272s] [ 55%] [32mBuilding CXX object CMakeFiles/ros1_bridge.dir/generated/map_msgs__srv__SaveMap__factories.cpp.o[0m
[96.302s] [ 55%] [32mBuilding CXX object CMakeFiles/ros1_bridge.dir/generated/map_msgs__srv__SetMapProjections__factories.cpp.o[0m
[96.362s] [ 55%] [32mBuilding CXX object CMakeFiles/ros1_bridge.dir/generated/nav_msgs_factories.cpp.o[0m
[96.422s] [ 56%] [32mBuilding CXX object CMakeFiles/ros1_bridge.dir/generated/nav_msgs__msg__GridCells__factories.cpp.o[0m
[97.122s] [ 56%] [32mBuilding CXX object CMakeFiles/ros1_bridge.dir/generated/nav_msgs__msg__MapMetaData__factories.cpp.o[0m
[97.732s] [ 56%] [32mBuilding CXX object CMakeFiles/ros1_bridge.dir/generated/nav_msgs__msg__OccupancyGrid__factories.cpp.o[0m
[98.562s] [ 56%] [32mBuilding CXX object CMakeFiles/ros1_bridge.dir/generated/nav_msgs__msg__Odometry__factories.cpp.o[0m
[99.634s] [ 57%] [32mBuilding CXX object CMakeFiles/ros1_bridge.dir/generated/nav_msgs__msg__Path__factories.cpp.o[0m
[102.161s] [ 57%] [32mBuilding CXX object CMakeFiles/ros1_bridge.dir/generated/nav_msgs__srv__GetMap__factories.cpp.o[0m
[103.349s] [ 57%] [32mBuilding CXX object CMakeFiles/ros1_bridge.dir/generated/nav_msgs__srv__GetPlan__factories.cpp.o[0m
[104.122s] [ 58%] [32mBuilding CXX object CMakeFiles/ros1_bridge.dir/generated/nav_msgs__srv__SetMap__factories.cpp.o[0m
[104.398s] [ 58%] [32mBuilding CXX object CMakeFiles/ros1_bridge.dir/generated/pcl_msgs_factories.cpp.o[0m
[104.580s] [ 58%] [32mBuilding CXX object CMakeFiles/ros1_bridge.dir/generated/pcl_msgs__msg__ModelCoefficients__factories.cpp.o[0m
[104.986s] [ 58%] [32mBuilding CXX object CMakeFiles/ros1_bridge.dir/generated/pcl_msgs__msg__PointIndices__factories.cpp.o[0m
[105.569s] [ 59%] [32mBuilding CXX object CMakeFiles/ros1_bridge.dir/generated/pcl_msgs__msg__PolygonMesh__factories.cpp.o[0m
[106.530s] [ 59%] [32mBuilding CXX object CMakeFiles/ros1_bridge.dir/generated/pcl_msgs__msg__Vertices__factories.cpp.o[0m
[106.853s] [ 59%] [32mBuilding CXX object CMakeFiles/ros1_bridge.dir/generated/pcl_msgs__srv__UpdateFilename__factories.cpp.o[0m
[106.857s] [ 60%] [32mBuilding CXX object CMakeFiles/ros1_bridge.dir/generated/pendulum_msgs_factories.cpp.o[0m
[107.831s] [ 60%] [32mBuilding CXX object CMakeFiles/ros1_bridge.dir/generated/pendulum_msgs__msg__JointState__factories.cpp.o[0m
[109.504s] [ 60%] [32mBuilding CXX object CMakeFiles/ros1_bridge.dir/generated/pendulum_msgs__msg__JointCommand__factories.cpp.o[0m
[110.208s] [ 61%] [32mBuilding CXX object CMakeFiles/ros1_bridge.dir/generated/pendulum_msgs__msg__RttestResults__factories.cpp.o[0m
[110.266s] [ 61%] [32mBuilding CXX object CMakeFiles/ros1_bridge.dir/generated/rcl_interfaces_factories.cpp.o[0m
[110.505s] [ 61%] [32mBuilding CXX object CMakeFiles/ros1_bridge.dir/generated/rcl_interfaces__msg__FloatingPointRange__factories.cpp.o[0m
[111.034s] [ 61%] [32mBuilding CXX object CMakeFiles/ros1_bridge.dir/generated/rcl_interfaces__msg__IntegerRange__factories.cpp.o[0m
[111.973s] [ 62%] [32mBuilding CXX object CMakeFiles/ros1_bridge.dir/generated/rcl_interfaces__msg__ListParametersResult__factories.cpp.o[0m
[112.186s] [ 62%] [32mBuilding CXX object CMakeFiles/ros1_bridge.dir/generated/rcl_interfaces__msg__Log__factories.cpp.o[0m
[112.486s] [ 62%] [32mBuilding CXX object CMakeFiles/ros1_bridge.dir/generated/rcl_interfaces__msg__ParameterDescriptor__factories.cpp.o[0m
[112.504s] [ 63%] [32mBuilding CXX object CMakeFiles/ros1_bridge.dir/generated/rcl_interfaces__msg__ParameterEventDescriptors__factories.cpp.o[0m
[112.999s] [ 63%] [32mBuilding CXX object CMakeFiles/ros1_bridge.dir/generated/rcl_interfaces__msg__ParameterEvent__factories.cpp.o[0m
[113.373s] [ 63%] [32mBuilding CXX object CMakeFiles/ros1_bridge.dir/generated/rcl_interfaces__msg__Parameter__factories.cpp.o[0m
[114.450s] [ 63%] [32mBuilding CXX object CMakeFiles/ros1_bridge.dir/generated/rcl_interfaces__msg__ParameterType__factories.cpp.o[0m
[115.144s] [ 64%] [32mBuilding CXX object CMakeFiles/ros1_bridge.dir/generated/rcl_interfaces__msg__ParameterValue__factories.cpp.o[0m
[115.473s] [ 64%] [32mBuilding CXX object CMakeFiles/ros1_bridge.dir/generated/rcl_interfaces__msg__SetParametersResult__factories.cpp.o[0m
[115.913s] [ 64%] [32mBuilding CXX object CMakeFiles/ros1_bridge.dir/generated/rcl_interfaces__srv__DescribeParameters__factories.cpp.o[0m
[115.939s] [ 65%] [32mBuilding CXX object CMakeFiles/ros1_bridge.dir/generated/rcl_interfaces__srv__GetParameters__factories.cpp.o[0m
[116.519s] [ 65%] [32mBuilding CXX object CMakeFiles/ros1_bridge.dir/generated/rcl_interfaces__srv__GetParameterTypes__factories.cpp.o[0m
[116.878s] [ 65%] [32mBuilding CXX object CMakeFiles/ros1_bridge.dir/generated/rcl_interfaces__srv__ListParameters__factories.cpp.o[0m
[117.483s] [ 65%] [32mBuilding CXX object CMakeFiles/ros1_bridge.dir/generated/rcl_interfaces__srv__SetParametersAtomically__factories.cpp.o[0m
[117.681s] [ 66%] [32mBuilding CXX object CMakeFiles/ros1_bridge.dir/generated/rcl_interfaces__srv__SetParameters__factories.cpp.o[0m
[117.903s] [ 66%] [32mBuilding CXX object CMakeFiles/ros1_bridge.dir/generated/rmw_dds_common_factories.cpp.o[0m
[117.967s] [ 66%] [32mBuilding CXX object CMakeFiles/ros1_bridge.dir/generated/rmw_dds_common__msg__Gid__factories.cpp.o[0m
[118.472s] [ 67%] [32mBuilding CXX object CMakeFiles/ros1_bridge.dir/generated/rmw_dds_common__msg__NodeEntitiesInfo__factories.cpp.o[0m
[118.761s] [ 67%] [32mBuilding CXX object CMakeFiles/ros1_bridge.dir/generated/rmw_dds_common__msg__ParticipantEntitiesInfo__factories.cpp.o[0m
[118.790s] [ 67%] [32mBuilding CXX object CMakeFiles/ros1_bridge.dir/generated/rosgraph_msgs_factories.cpp.o[0m
[119.101s] [ 68%] [32mBuilding CXX object CMakeFiles/ros1_bridge.dir/generated/rosgraph_msgs__msg__Clock__factories.cpp.o[0m
[119.763s] [ 68%] [32mBuilding CXX object CMakeFiles/ros1_bridge.dir/generated/sensor_msgs_factories.cpp.o[0m
[120.802s] [ 68%] [32mBuilding CXX object CMakeFiles/ros1_bridge.dir/generated/sensor_msgs__msg__BatteryState__factories.cpp.o[0m
[120.897s] [ 68%] [32mBuilding CXX object CMakeFiles/ros1_bridge.dir/generated/sensor_msgs__msg__CameraInfo__factories.cpp.o[0m
[121.235s] [ 69%] [32mBuilding CXX object CMakeFiles/ros1_bridge.dir/generated/sensor_msgs__msg__ChannelFloat32__factories.cpp.o[0m
[121.594s] [ 69%] [32mBuilding CXX object CMakeFiles/ros1_bridge.dir/generated/sensor_msgs__msg__CompressedImage__factories.cpp.o[0m
[122.020s] [ 69%] [32mBuilding CXX object CMakeFiles/ros1_bridge.dir/generated/sensor_msgs__msg__FluidPressure__factories.cpp.o[0m
[122.337s] [ 70%] [32mBuilding CXX object CMakeFiles/ros1_bridge.dir/generated/sensor_msgs__msg__Illuminance__factories.cpp.o[0m
[123.302s] [ 70%] [32mBuilding CXX object CMakeFiles/ros1_bridge.dir/generated/sensor_msgs__msg__Image__factories.cpp.o[0m
[123.559s] [ 70%] [32mBuilding CXX object CMakeFiles/ros1_bridge.dir/generated/sensor_msgs__msg__Imu__factories.cpp.o[0m
[123.668s] [ 70%] [32mBuilding CXX object CMakeFiles/ros1_bridge.dir/generated/sensor_msgs__msg__JointState__factories.cpp.o[0m
[124.066s] [ 71%] [32mBuilding CXX object CMakeFiles/ros1_bridge.dir/generated/sensor_msgs__msg__Joy__factories.cpp.o[0m
[124.346s] [ 71%] [32mBuilding CXX object CMakeFiles/ros1_bridge.dir/generated/sensor_msgs__msg__JoyFeedback__factories.cpp.o[0m
[124.809s] [ 71%] [32mBuilding CXX object CMakeFiles/ros1_bridge.dir/generated/sensor_msgs__msg__JoyFeedbackArray__factories.cpp.o[0m
[125.084s] [ 72%] [32mBuilding CXX object CMakeFiles/ros1_bridge.dir/generated/sensor_msgs__msg__LaserEcho__factories.cpp.o[0m
[125.430s] [ 72%] [32mBuilding CXX object CMakeFiles/ros1_bridge.dir/generated/sensor_msgs__msg__LaserScan__factories.cpp.o[0m
[126.598s] [ 72%] [32mBuilding CXX object CMakeFiles/ros1_bridge.dir/generated/sensor_msgs__msg__MagneticField__factories.cpp.o[0m
[146.039s] [ 73%] [32mBuilding CXX object CMakeFiles/ros1_bridge.dir/generated/sensor_msgs__msg__NavSatFix__factories.cpp.o[0m
[146.046s] [ 73%] [32mBuilding CXX object CMakeFiles/ros1_bridge.dir/generated/sensor_msgs__msg__MultiDOFJointState__factories.cpp.o[0m
[146.046s] [ 73%] [32mBuilding CXX object CMakeFiles/ros1_bridge.dir/generated/sensor_msgs__msg__MultiEchoLaserScan__factories.cpp.o[0m
[146.093s] [ 73%] [32mBuilding CXX object CMakeFiles/ros1_bridge.dir/generated/sensor_msgs__msg__NavSatStatus__factories.cpp.o[0m
[146.102s] [ 74%] [32mBuilding CXX object CMakeFiles/ros1_bridge.dir/generated/sensor_msgs__msg__PointCloud__factories.cpp.o[0m
[146.135s] [ 74%] [32mBuilding CXX object CMakeFiles/ros1_bridge.dir/generated/sensor_msgs__msg__PointCloud2__factories.cpp.o[0m
[146.137s] [ 74%] [32mBuilding CXX object CMakeFiles/ros1_bridge.dir/generated/sensor_msgs__msg__PointField__factories.cpp.o[0m
[146.172s] [ 75%] [32mBuilding CXX object CMakeFiles/ros1_bridge.dir/generated/sensor_msgs__msg__Range__factories.cpp.o[0m
[146.203s] [ 75%] [32mBuilding CXX object CMakeFiles/ros1_bridge.dir/generated/sensor_msgs__msg__RegionOfInterest__factories.cpp.o[0m
[146.222s] [ 75%] [32mBuilding CXX object CMakeFiles/ros1_bridge.dir/generated/sensor_msgs__msg__RelativeHumidity__factories.cpp.o[0m
[146.381s] [ 75%] [32mBuilding CXX object CMakeFiles/ros1_bridge.dir/generated/sensor_msgs__msg__Temperature__factories.cpp.o[0m
[146.455s] [ 76%] [32mBuilding CXX object CMakeFiles/ros1_bridge.dir/generated/sensor_msgs__msg__TimeReference__factories.cpp.o[0m
[146.525s] [ 76%] [32mBuilding CXX object CMakeFiles/ros1_bridge.dir/generated/sensor_msgs__srv__SetCameraInfo__factories.cpp.o[0m
[146.796s] [ 76%] [32mBuilding CXX object CMakeFiles/ros1_bridge.dir/generated/shape_msgs_factories.cpp.o[0m
[146.981s] [ 77%] [32mBuilding CXX object CMakeFiles/ros1_bridge.dir/generated/shape_msgs__msg__Mesh__factories.cpp.o[0m
[147.078s] [ 77%] [32mBuilding CXX object CMakeFiles/ros1_bridge.dir/generated/shape_msgs__msg__MeshTriangle__factories.cpp.o[0m
[152.397s] [ 77%] [32mBuilding CXX object CMakeFiles/ros1_bridge.dir/generated/shape_msgs__msg__Plane__factories.cpp.o[0m
[167.030s] [ 77%] [32mBuilding CXX object CMakeFiles/ros1_bridge.dir/generated/shape_msgs__msg__SolidPrimitive__factories.cpp.o[0m
[167.991s] [ 78%] [32mBuilding CXX object CMakeFiles/ros1_bridge.dir/generated/statistics_msgs_factories.cpp.o[0m
[168.507s] [ 78%] [32mBuilding CXX object CMakeFiles/ros1_bridge.dir/generated/statistics_msgs__msg__MetricsMessage__factories.cpp.o[0m
[169.008s] [ 78%] [32mBuilding CXX object CMakeFiles/ros1_bridge.dir/generated/statistics_msgs__msg__StatisticDataPoint__factories.cpp.o[0m
[169.016s] [ 79%] [32mBuilding CXX object CMakeFiles/ros1_bridge.dir/generated/statistics_msgs__msg__StatisticDataType__factories.cpp.o[0m
[169.059s] [ 79%] [32mBuilding CXX object CMakeFiles/ros1_bridge.dir/generated/std_msgs_factories.cpp.o[0m
[169.211s] [ 79%] [32mBuilding CXX object CMakeFiles/ros1_bridge.dir/generated/std_msgs__msg__Bool__factories.cpp.o[0m
[169.308s] [ 80%] [32mBuilding CXX object CMakeFiles/ros1_bridge.dir/generated/std_msgs__msg__Byte__factories.cpp.o[0m
[169.318s] [ 80%] [32mBuilding CXX object CMakeFiles/ros1_bridge.dir/generated/std_msgs__msg__ByteMultiArray__factories.cpp.o[0m
[169.349s] [ 80%] [32mBuilding CXX object CMakeFiles/ros1_bridge.dir/generated/std_msgs__msg__Char__factories.cpp.o[0m
[169.657s] [ 80%] [32mBuilding CXX object CMakeFiles/ros1_bridge.dir/generated/std_msgs__msg__ColorRGBA__factories.cpp.o[0m
[169.942s] [ 81%] [32mBuilding CXX object CMakeFiles/ros1_bridge.dir/generated/std_msgs__msg__Empty__factories.cpp.o[0m
[170.295s] [ 81%] [32mBuilding CXX object CMakeFiles/ros1_bridge.dir/generated/std_msgs__msg__Float32__factories.cpp.o[0m
[170.456s] [ 81%] [32mBuilding CXX object CMakeFiles/ros1_bridge.dir/generated/std_msgs__msg__Float32MultiArray__factories.cpp.o[0m
[171.471s] [ 82%] [32mBuilding CXX object CMakeFiles/ros1_bridge.dir/generated/std_msgs__msg__Float64__factories.cpp.o[0m
[172.191s] [ 82%] [32mBuilding CXX object CMakeFiles/ros1_bridge.dir/generated/std_msgs__msg__Float64MultiArray__factories.cpp.o[0m
[173.364s] [ 82%] [32mBuilding CXX object CMakeFiles/ros1_bridge.dir/generated/std_msgs__msg__Header__factories.cpp.o[0m
[173.584s] [ 82%] [32mBuilding CXX object CMakeFiles/ros1_bridge.dir/generated/std_msgs__msg__Int16__factories.cpp.o[0m
[174.105s] [ 83%] [32mBuilding CXX object CMakeFiles/ros1_bridge.dir/generated/std_msgs__msg__Int16MultiArray__factories.cpp.o[0m
[174.345s] [ 83%] [32mBuilding CXX object CMakeFiles/ros1_bridge.dir/generated/std_msgs__msg__Int32__factories.cpp.o[0m
[174.675s] [ 83%] [32mBuilding CXX object CMakeFiles/ros1_bridge.dir/generated/std_msgs__msg__Int32MultiArray__factories.cpp.o[0m
[194.880s] [ 84%] [32mBuilding CXX object CMakeFiles/ros1_bridge.dir/generated/std_msgs__msg__UInt8MultiArray__factories.cpp.o[0m
[196.898s] [ 84%] [32mBuilding CXX object CMakeFiles/ros1_bridge.dir/generated/std_msgs__msg__UInt8__factories.cpp.o[0m
[196.898s] [ 84%] [32mBuilding CXX object CMakeFiles/ros1_bridge.dir/generated/std_srvs_factories.cpp.o[0m
[197.904s] [ 84%] [32mBuilding CXX object CMakeFiles/ros1_bridge.dir/generated/std_msgs__msg__UInt64MultiArray__factories.cpp.o[0m
[197.904s] [ 84%] [32mBuilding CXX object CMakeFiles/ros1_bridge.dir/generated/std_msgs__msg__UInt64__factories.cpp.o[0m
[198.915s] [ 85%] [32mBuilding CXX object CMakeFiles/ros1_bridge.dir/generated/std_msgs__msg__UInt32MultiArray__factories.cpp.o[0m
[198.915s] [ 85%] [32mBuilding CXX object CMakeFiles/ros1_bridge.dir/generated/std_msgs__msg__UInt32__factories.cpp.o[0m
[199.603s] [ 86%] [32mBuilding CXX object CMakeFiles/ros1_bridge.dir/generated/std_msgs__msg__UInt16__factories.cpp.o[0m
[199.604s] [ 86%] [32mBuilding CXX object CMakeFiles/ros1_bridge.dir/generated/std_msgs__msg__UInt16MultiArray__factories.cpp.o[0m
[200.626s] [ 86%] [32mBuilding CXX object CMakeFiles/ros1_bridge.dir/generated/std_msgs__msg__String__factories.cpp.o[0m
[200.626s] [ 86%] [32mBuilding CXX object CMakeFiles/ros1_bridge.dir/generated/std_srvs__srv__Empty__factories.cpp.o[0m
[201.638s] [ 87%] [32mBuilding CXX object CMakeFiles/ros1_bridge.dir/generated/std_msgs__msg__MultiArrayDimension__factories.cpp.o[0m
[201.639s] [ 87%] [32mBuilding CXX object CMakeFiles/ros1_bridge.dir/generated/std_msgs__msg__MultiArrayLayout__factories.cpp.o[0m
[201.993s] [ 87%] [32mBuilding CXX object CMakeFiles/ros1_bridge.dir/generated/std_msgs__msg__Int8MultiArray__factories.cpp.o[0m
[201.993s] [ 87%] [32mBuilding CXX object CMakeFiles/ros1_bridge.dir/generated/std_msgs__msg__Int8__factories.cpp.o[0m
[203.015s] [ 88%] [32mBuilding CXX object CMakeFiles/ros1_bridge.dir/generated/std_msgs__msg__Int64__factories.cpp.o[0m
[203.015s] [ 89%] [32mBuilding CXX object CMakeFiles/ros1_bridge.dir/generated/std_srvs__srv__SetBool__factories.cpp.o[0m
[203.021s] [ 89%] [32mBuilding CXX object CMakeFiles/ros1_bridge.dir/generated/std_msgs__msg__Int64MultiArray__factories.cpp.o[0m
[205.018s] [ 89%] [32mBuilding CXX object CMakeFiles/ros1_bridge.dir/generated/std_srvs__srv__Trigger__factories.cpp.o[0m
[207.355s] [ 89%] [32mBuilding CXX object CMakeFiles/ros1_bridge.dir/generated/stereo_msgs_factories.cpp.o[0m
[208.247s] [ 89%] [32mBuilding CXX object CMakeFiles/ros1_bridge.dir/generated/stereo_msgs__msg__DisparityImage__factories.cpp.o[0m
[208.691s] [ 90%] [32mBuilding CXX object CMakeFiles/ros1_bridge.dir/generated/tf2_msgs_factories.cpp.o[0m
[209.576s] [ 90%] [32mBuilding CXX object CMakeFiles/ros1_bridge.dir/generated/tf2_msgs__msg__TF2Error__factories.cpp.o[0m
[209.810s] [ 90%] [32mBuilding CXX object CMakeFiles/ros1_bridge.dir/generated/tf2_msgs__msg__TFMessage__factories.cpp.o[0m
[211.182s] [ 91%] [32mBuilding CXX object CMakeFiles/ros1_bridge.dir/generated/tf2_msgs__srv__FrameGraph__factories.cpp.o[0m
[211.216s] [ 91%] [32mBuilding CXX object CMakeFiles/ros1_bridge.dir/generated/trajectory_msgs_factories.cpp.o[0m
[211.405s] [ 91%] [32mBuilding CXX object CMakeFiles/ros1_bridge.dir/generated/trajectory_msgs__msg__JointTrajectory__factories.cpp.o[0m
[212.952s] [ 92%] [32mBuilding CXX object CMakeFiles/ros1_bridge.dir/generated/trajectory_msgs__msg__JointTrajectoryPoint__factories.cpp.o[0m
[213.326s] [ 92%] [32mBuilding CXX object CMakeFiles/ros1_bridge.dir/generated/trajectory_msgs__msg__MultiDOFJointTrajectory__factories.cpp.o[0m
[213.353s] [ 92%] [32mBuilding CXX object CMakeFiles/ros1_bridge.dir/generated/trajectory_msgs__msg__MultiDOFJointTrajectoryPoint__factories.cpp.o[0m
[214.268s] [ 92%] [32mBuilding CXX object CMakeFiles/ros1_bridge.dir/generated/turtlesim_factories.cpp.o[0m
[214.379s] [ 93%] [32mBuilding CXX object CMakeFiles/ros1_bridge.dir/generated/turtlesim__msg__Color__factories.cpp.o[0m
[214.523s] [ 93%] [32mBuilding CXX object CMakeFiles/ros1_bridge.dir/generated/turtlesim__msg__Pose__factories.cpp.o[0m
[214.579s] [ 93%] [32mBuilding CXX object CMakeFiles/ros1_bridge.dir/generated/turtlesim__srv__Kill__factories.cpp.o[0m
[215.084s] [ 94%] [32mBuilding CXX object CMakeFiles/ros1_bridge.dir/generated/turtlesim__srv__SetPen__factories.cpp.o[0m
[216.187s] [ 94%] [32mBuilding CXX object CMakeFiles/ros1_bridge.dir/generated/turtlesim__srv__Spawn__factories.cpp.o[0m
[216.581s] [ 94%] [32mBuilding CXX object CMakeFiles/ros1_bridge.dir/generated/turtlesim__srv__TeleportAbsolute__factories.cpp.o[0m
[217.157s] [ 94%] [32mBuilding CXX object CMakeFiles/ros1_bridge.dir/generated/turtlesim__srv__TeleportRelative__factories.cpp.o[0m
[218.976s] [ 95%] [32mBuilding CXX object CMakeFiles/ros1_bridge.dir/generated/unique_identifier_msgs_factories.cpp.o[0m
[219.665s] [ 95%] [32mBuilding CXX object CMakeFiles/ros1_bridge.dir/generated/unique_identifier_msgs__msg__UUID__factories.cpp.o[0m
[219.923s] [ 95%] [32mBuilding CXX object CMakeFiles/ros1_bridge.dir/generated/visualization_msgs_factories.cpp.o[0m
[220.276s] [ 96%] [32mBuilding CXX object CMakeFiles/ros1_bridge.dir/generated/visualization_msgs__msg__ImageMarker__factories.cpp.o[0m
[220.709s] [ 96%] [32mBuilding CXX object CMakeFiles/ros1_bridge.dir/generated/visualization_msgs__msg__InteractiveMarker__factories.cpp.o[0m
[221.252s] [ 96%] [32mBuilding CXX object CMakeFiles/ros1_bridge.dir/generated/visualization_msgs__msg__InteractiveMarkerControl__factories.cpp.o[0m
[221.880s] [ 96%] [32mBuilding CXX object CMakeFiles/ros1_bridge.dir/generated/visualization_msgs__msg__InteractiveMarkerFeedback__factories.cpp.o[0m
[222.422s] [ 97%] [32mBuilding CXX object CMakeFiles/ros1_bridge.dir/generated/visualization_msgs__msg__InteractiveMarkerInit__factories.cpp.o[0m
[223.115s] [ 97%] [32mBuilding CXX object CMakeFiles/ros1_bridge.dir/generated/visualization_msgs__msg__InteractiveMarkerPose__factories.cpp.o[0m
[224.019s] [ 97%] [32mBuilding CXX object CMakeFiles/ros1_bridge.dir/generated/visualization_msgs__msg__InteractiveMarkerUpdate__factories.cpp.o[0m
[224.067s] [ 98%] [32mBuilding CXX object CMakeFiles/ros1_bridge.dir/generated/visualization_msgs__msg__Marker__factories.cpp.o[0m
[224.555s] [ 98%] [32mBuilding CXX object CMakeFiles/ros1_bridge.dir/generated/visualization_msgs__msg__MarkerArray__factories.cpp.o[0m
[225.206s] [ 98%] [32mBuilding CXX object CMakeFiles/ros1_bridge.dir/generated/visualization_msgs__msg__MenuEntry__factories.cpp.o[0m
[225.369s] [ 99%] [32mBuilding CXX object CMakeFiles/ros1_bridge.dir/generated/visualization_msgs__srv__GetInteractiveMarkers__factories.cpp.o[0m
[234.293s] [ 99%] [32m[1mLinking CXX shared library libros1_bridge.so[0m
[278.085s] [ 99%] Built target ros1_bridge
[278.125s] [100%] [32m[1mLinking CXX executable static_bridge[0m
[278.125s] [100%] [32m[1mLinking CXX executable dynamic_bridge[0m
[278.125s] [100%] [32m[1mLinking CXX executable parameter_bridge[0m
[318.614s] /usr/bin/ld: libros1_bridge.so: undefined reference to `ros1_bridge::get_service_factory_controller_manager_msgs(std::__cxx11::basic_string<char, std::char_traits<char>, std::allocator<char> > const&, std::__cxx11::basic_string<char, std::char_traits<char>, std::allocator<char> > const&, std::__cxx11::basic_string<char, std::char_traits<char>, std::allocator<char> > const&)'
[318.618s] /usr/bin/ld: libros1_bridge.so: undefined reference to `ros1_bridge::get_factory_controller_manager_msgs(std::__cxx11::basic_string<char, std::char_traits<char>, std::allocator<char> > const&, std::__cxx11::basic_string<char, std::char_traits<char>, std::allocator<char> > const&)'
[318.618s] collect2: error: ld returned 1 exit status
[318.618s] make[2]: *** [CMakeFiles/parameter_bridge.dir/build.make:343: parameter_bridge] Error 1
[318.618s] make[1]: *** [CMakeFiles/Makefile2:314: CMakeFiles/parameter_bridge.dir/all] Error 2
[318.618s] make[1]: *** Waiting for unfinished jobs....
[319.407s] /usr/bin/ld: libros1_bridge.so: undefined reference to `ros1_bridge::get_service_factory_controller_manager_msgs(std::__cxx11::basic_string<char, std::char_traits<char>, std::allocator<char> > const&, std::__cxx11::basic_string<char, std::char_traits<char>, std::allocator<char> > const&, std::__cxx11::basic_string<char, std::char_traits<char>, std::allocator<char> > const&)'
[319.407s] /usr/bin/ld: libros1_bridge.so: undefined reference to `ros1_bridge::get_factory_controller_manager_msgs(std::__cxx11::basic_string<char, std::char_traits<char>, std::allocator<char> > const&, std::__cxx11::basic_string<char, std::char_traits<char>, std::allocator<char> > const&)'
[319.407s] collect2: error: ld returned 1 exit status
[319.408s] make[2]: *** [CMakeFiles/dynamic_bridge.dir/build.make:343: dynamic_bridge] Error 1
[319.409s] make[1]: *** [CMakeFiles/Makefile2:341: CMakeFiles/dynamic_bridge.dir/all] Error 2
[319.523s] /usr/bin/ld: libros1_bridge.so: undefined reference to `ros1_bridge::get_service_factory_controller_manager_msgs(std::__cxx11::basic_string<char, std::char_traits<char>, std::allocator<char> > const&, std::__cxx11::basic_string<char, std::char_traits<char>, std::allocator<char> > const&, std::__cxx11::basic_string<char, std::char_traits<char>, std::allocator<char> > const&)'
[319.523s] /usr/bin/ld: libros1_bridge.so: undefined reference to `ros1_bridge::get_factory_controller_manager_msgs(std::__cxx11::basic_string<char, std::char_traits<char>, std::allocator<char> > const&, std::__cxx11::basic_string<char, std::char_traits<char>, std::allocator<char> > const&)'
[319.523s] collect2: error: ld returned 1 exit status
[319.525s] make[2]: *** [CMakeFiles/static_bridge.dir/build.make:343: static_bridge] Error 1
[319.525s] make[1]: *** [CMakeFiles/Makefile2:233: CMakeFiles/static_bridge.dir/all] Error 2
[319.539s] make: *** [Makefile:141: all] Error 2
[319.734s] Invoked command in '/home/jorth/floribot/bridge_ws/build/ros1_bridge' returned '2': CMAKE_PREFIX_PATH=/opt/ros/foxy:${CMAKE_PREFIX_PATH} /usr/bin/cmake --build /home/jorth/floribot/bridge_ws/build/ros1_bridge -- -j16 -l16
