[0.019s] Invoking command in '/home/aaron/floribot/bridge_ws/build/ros1_bridge': CMAKE_PREFIX_PATH=/home/aaron/floribot/ros2_ws/install/base:/opt/ros/foxy:/home/aaron/floribot/ros1_ws/devel:/opt/ros/noetic /usr/bin/cmake /home/aaron/floribot/bridge_ws/src/ros1_bridge -DCMAKE_INSTALL_PREFIX=/home/aaron/floribot/bridge_ws/install/ros1_bridge
[0.048s] -- Found rmw: 1.0.4 (/opt/ros/foxy/share/rmw/cmake)
[0.079s] -- Found PythonInterp: /usr/bin/python3 (found suitable version "3.8.10", minimum required is "3") 
[0.079s] -- Using PYTHON_EXECUTABLE: /usr/bin/python3
[0.394s] -- Found rclcpp: 2.4.3 (/opt/ros/foxy/share/rclcpp/cmake)
[0.420s] -- Using all available rosidl_typesupport_c: rosidl_typesupport_fastrtps_c;rosidl_typesupport_introspection_c
[0.425s] -- Found rosidl_adapter: 1.3.1 (/opt/ros/foxy/share/rosidl_adapter/cmake)
[0.595s] -- Using all available rosidl_typesupport_cpp: rosidl_typesupport_fastrtps_cpp;rosidl_typesupport_introspection_cpp
[0.662s] -- Found rmw_implementation_cmake: 1.0.4 (/opt/ros/foxy/share/rmw_implementation_cmake/cmake)
[0.664s] -- Using RMW implementation 'rmw_fastrtps_cpp' as default
[1.876s] -- Found ament_lint_auto: 0.9.8 (/opt/ros/foxy/share/ament_lint_auto/cmake)
[1.877s] -- Found diagnostic_msgs: 2.0.5 (/opt/ros/foxy/share/diagnostic_msgs/cmake)
[2.051s] -- Found python_cmake_module: 0.8.1 (/opt/ros/foxy/share/python_cmake_module/cmake)
[2.080s] -- Found PythonInterp: /usr/bin/python3 (found suitable version "3.8.10", minimum required is "3.5") 
[2.083s] -- Using PYTHON_EXECUTABLE: /usr/bin/python3
[2.083s] -- Using PYTHON_INCLUDE_DIRS: /usr/include/python3.8
[2.084s] -- Using PYTHON_LIBRARIES: /usr/lib/x86_64-linux-gnu/libpython3.8.so
[2.123s] -- Added test 'copyright' to check source files copyright and LICENSE
[2.127s] -- Added test 'cppcheck' to perform static code analysis on C / C++ code
[2.127s] -- Configured cppcheck include dirs: 
[2.127s] -- Configured cppcheck exclude dirs and/or files: 
[2.132s] -- Added test 'cpplint' to check C / C++ code against the Google style
[2.132s] -- Configured cpplint exclude dirs and/or files: 
[2.133s] -- Added test 'flake8' to check Python code syntax and style conventions
[2.134s] -- Added test 'lint_cmake' to check CMake code style
[2.135s] -- Added test 'pep257' to check Python code against some of the style conventions in PEP 257
[2.140s] -- Added test 'uncrustify' to check C / C++ code style
[2.140s] -- Configured uncrustify additional arguments: 
[2.141s] -- Added test 'xmllint' to check XML markup files
[2.190s] -- Found base: 0.0.0 (/home/aaron/floribot/ros2_ws/install/base/share/base/cmake)
[2.244s] -- Found action_msgs: 1.0.0 (/opt/ros/foxy/share/action_msgs/cmake)
[2.319s] -- Found action_tutorials_interfaces: 0.9.4 (/opt/ros/foxy/share/action_tutorials_interfaces/cmake)
[2.396s] -- Found actionlib_msgs: 2.0.5 (/opt/ros/foxy/share/actionlib_msgs/cmake)
[2.397s] -- Found builtin_interfaces: 1.0.0 (/opt/ros/foxy/share/builtin_interfaces/cmake)
[2.446s] -- Found composition_interfaces: 1.0.0 (/opt/ros/foxy/share/composition_interfaces/cmake)
[2.911s] -- Found control_msgs: 2.5.1 (/opt/ros/foxy/share/control_msgs/cmake)
[2.912s] -- Found diagnostic_msgs: 2.0.5 (/opt/ros/foxy/share/diagnostic_msgs/cmake)
[2.992s] -- Found example_interfaces: 0.9.1 (/opt/ros/foxy/share/example_interfaces/cmake)
[3.169s] -- Found gazebo_msgs: 3.5.3 (/opt/ros/foxy/share/gazebo_msgs/cmake)
[3.171s] -- Found geometry_msgs: 2.0.5 (/opt/ros/foxy/share/geometry_msgs/cmake)
[3.173s] -- Found libstatistics_collector: 1.0.2 (/opt/ros/foxy/share/libstatistics_collector/cmake)
[3.186s] -- Found lifecycle_msgs: 1.0.0 (/opt/ros/foxy/share/lifecycle_msgs/cmake)
[3.196s] -- Found logging_demo: 0.9.4 (/opt/ros/foxy/share/logging_demo/cmake)
[3.660s] -- Found map_msgs: 2.0.2 (/opt/ros/foxy/share/map_msgs/cmake)
[3.661s] -- Found nav_msgs: 2.0.5 (/opt/ros/foxy/share/nav_msgs/cmake)
[3.820s] -- Found pcl_msgs: 1.0.0 (/opt/ros/foxy/share/pcl_msgs/cmake)
[3.842s] -- Found pendulum_msgs: 0.9.4 (/opt/ros/foxy/share/pendulum_msgs/cmake)
[3.843s] -- Found rcl_interfaces: 1.0.0 (/opt/ros/foxy/share/rcl_interfaces/cmake)
[3.860s] -- Found rmw_dds_common: 1.0.3 (/opt/ros/foxy/share/rmw_dds_common/cmake)
[3.860s] -- Found rosgraph_msgs: 1.0.0 (/opt/ros/foxy/share/rosgraph_msgs/cmake)
[3.861s] -- Found sensor_msgs: 2.0.5 (/opt/ros/foxy/share/sensor_msgs/cmake)
[3.946s] -- Found shape_msgs: 2.0.5 (/opt/ros/foxy/share/shape_msgs/cmake)
[3.947s] -- Found statistics_msgs: 1.0.0 (/opt/ros/foxy/share/statistics_msgs/cmake)
[3.948s] -- Found std_msgs: 2.0.5 (/opt/ros/foxy/share/std_msgs/cmake)
[3.962s] -- Found std_srvs: 2.0.5 (/opt/ros/foxy/share/std_srvs/cmake)
[4.118s] -- Found stereo_msgs: 2.0.5 (/opt/ros/foxy/share/stereo_msgs/cmake)
[4.308s] -- Found tf2_msgs: 0.13.14 (/opt/ros/foxy/share/tf2_msgs/cmake)
[4.308s] -- Found trajectory_msgs: 2.0.5 (/opt/ros/foxy/share/trajectory_msgs/cmake)
[4.382s] -- Found turtlesim: 1.2.6 (/opt/ros/foxy/share/turtlesim/cmake)
[4.383s] -- Found unique_identifier_msgs: 2.1.3 (/opt/ros/foxy/share/unique_identifier_msgs/cmake)
[4.483s] -- Found visualization_msgs: 2.0.5 (/opt/ros/foxy/share/visualization_msgs/cmake)
[5.010s] -- Configuring done
[5.795s] -- Generating done
[6.036s] -- Build files have been written to: /home/aaron/floribot/bridge_ws/build/ros1_bridge
[6.054s] Invoked command in '/home/aaron/floribot/bridge_ws/build/ros1_bridge' returned '0': CMAKE_PREFIX_PATH=/home/aaron/floribot/ros2_ws/install/base:/opt/ros/foxy:/home/aaron/floribot/ros1_ws/devel:/opt/ros/noetic /usr/bin/cmake /home/aaron/floribot/bridge_ws/src/ros1_bridge -DCMAKE_INSTALL_PREFIX=/home/aaron/floribot/bridge_ws/install/ros1_bridge
[6.061s] Invoking command in '/home/aaron/floribot/bridge_ws/build/ros1_bridge': CMAKE_PREFIX_PATH=/home/aaron/floribot/ros2_ws/install/base:/opt/ros/foxy:/home/aaron/floribot/ros1_ws/devel:/opt/ros/noetic /usr/bin/cmake --build /home/aaron/floribot/bridge_ws/build/ros1_bridge -- -j4 -l4
[6.197s] [  0%] Built target test_ros1_server
[6.199s] [  1%] Built target test_ros1_client
[6.222s] [  2%] Built target simple_bridge_2_to_1
[6.228s] [  3%] Built target simple_bridge_1_to_2
[6.293s] [  4%] Built target test_ros2_client_cpp
[6.302s] [  5%] Built target test_ros2_server_cpp
[6.310s] [  5%] Built target simple_bridge
[6.796s] [  5%] [34m[1mGenerating factories for interface types[0m
[7.257s] Traceback (most recent call last):
[7.257s]   File "bin/ros1_bridge_generate_factories", line 39, in <module>
[7.257s]     sys.exit(main())
[7.257s]   File "bin/ros1_bridge_generate_factories", line 29, in main
[7.257s]     return generate_cpp(
[7.257s]   File "/home/aaron/floribot/bridge_ws/src/ros1_bridge/ros1_bridge/__init__.py", line 70, in generate_cpp
[7.258s]     data = generate_messages(rospack)
[7.258s]   File "/home/aaron/floribot/bridge_ws/src/ros1_bridge/ros1_bridge/__init__.py", line 164, in generate_messages
[7.258s]     ros2_package_names, ros2_msgs, mapping_rules = get_ros2_messages()
[7.258s]   File "/home/aaron/floribot/bridge_ws/src/ros1_bridge/ros1_bridge/__init__.py", line 280, in get_ros2_messages
[7.258s]     with open(rule_file, 'r') as h:
[7.258s] FileNotFoundError: [Errno 2] No such file or directory: '/home/aaron/floribot/ros2_ws/install/base/share/base/mapping_rule_Wheels.yaml'
[7.317s] make[2]: *** [CMakeFiles/ros1_bridge.dir/build.make:68: generated/get_factory.cpp] Error 1
[7.317s] make[1]: *** [CMakeFiles/Makefile2:259: CMakeFiles/ros1_bridge.dir/all] Error 2
[7.318s] make: *** [Makefile:141: all] Error 2
[7.322s] Invoked command in '/home/aaron/floribot/bridge_ws/build/ros1_bridge' returned '2': CMAKE_PREFIX_PATH=/home/aaron/floribot/ros2_ws/install/base:/opt/ros/foxy:/home/aaron/floribot/ros1_ws/devel:/opt/ros/noetic /usr/bin/cmake --build /home/aaron/floribot/bridge_ws/build/ros1_bridge -- -j4 -l4
