-- The C compiler identification is GNU 9.4.0
-- The CXX compiler identification is GNU 9.4.0
-- Check for working C compiler: /usr/bin/cc
-- Check for working C compiler: /usr/bin/cc -- works
-- Detecting C compiler ABI info
-- Detecting C compiler ABI info - done
-- Detecting C compile features
-- Detecting C compile features - done
-- Check for working CXX compiler: /usr/bin/c++
-- Check for working CXX compiler: /usr/bin/c++ -- works
-- Detecting CXX compiler ABI info
-- Detecting CXX compiler ABI info - done
-- Detecting CXX compile features
-- Detecting CXX compile features - done
-- Found rmw: 1.0.4 (/opt/ros/foxy/share/rmw/cmake)
-- Found PythonInterp: /usr/bin/python3 (found suitable version "3.8.10", minimum required is "3") 
-- Using PYTHON_EXECUTABLE: /usr/bin/python3
-- Found rclcpp: 2.4.3 (/opt/ros/foxy/share/rclcpp/cmake)
-- Using all available rosidl_typesupport_c: rosidl_typesupport_fastrtps_c;rosidl_typesupport_introspection_c
-- Found rosidl_adapter: 1.3.1 (/opt/ros/foxy/share/rosidl_adapter/cmake)
-- Found OpenSSL: /usr/lib/x86_64-linux-gnu/libcrypto.so (found version "1.1.1f")  
-- Found FastRTPS: /opt/ros/foxy/include  
-- Using all available rosidl_typesupport_cpp: rosidl_typesupport_fastrtps_cpp;rosidl_typesupport_introspection_cpp
-- Found rmw_implementation_cmake: 1.0.4 (/opt/ros/foxy/share/rmw_implementation_cmake/cmake)
-- Using RMW implementation 'rmw_fastrtps_cpp' as default
-- Looking for pthread.h
-- Looking for pthread.h - found
-- Performing Test CMAKE_HAVE_LIBC_PTHREAD
-- Performing Test CMAKE_HAVE_LIBC_PTHREAD - Failed
-- Looking for pthread_create in pthreads
-- Looking for pthread_create in pthreads - not found
-- Looking for pthread_create in pthread
-- Looking for pthread_create in pthread - found
-- Found Threads: TRUE  
-- Found PkgConfig: /usr/bin/pkg-config (found version "0.29.1") 
-- Checking for module 'roscpp'
--   Found roscpp, version 1.17.0
-- Checking for module 'std_msgs'
--   Found std_msgs, version 0.5.13
-- Checking for module 'actionlib'
--   Found actionlib, version 1.14.0
-- Checking for module 'actionlib_msgs'
--   Found actionlib_msgs, version 1.13.1
-- Checking for module 'actionlib_tutorials'
--   Found actionlib_tutorials, version 0.2.0
-- Checking for module 'base'
--   Found base, version 0.0.0
-- Checking for module 'base2gazebo'
--   Found base2gazebo, version 0.0.0
-- Checking for module 'baumer_radar_msgs'
--   Found baumer_radar_msgs, version 0.0.0
-- Checking for module 'bond'
--   Found bond, version 1.8.6
-- Checking for module 'can_msgs'
--   Found can_msgs, version 0.8.5
-- Checking for module 'control_msgs'
--   Found control_msgs, version 1.5.2
-- Checking for module 'controller_manager_msgs'
--   Found controller_manager_msgs, version 0.20.0
-- Checking for module 'diagnostic_msgs'
--   Found diagnostic_msgs, version 1.13.1
-- Checking for module 'dynamic_reconfigure'
--   Found dynamic_reconfigure, version 1.7.3
-- Checking for module 'gazebo_msgs'
--   Found gazebo_msgs, version 2.9.2
-- Checking for module 'geometry_msgs'
--   Found geometry_msgs, version 1.13.1
-- Checking for module 'map_msgs'
--   Found map_msgs, version 1.14.1
-- Checking for module 'move_base_msgs'
--   Found move_base_msgs, version 1.14.1
-- Checking for module 'nav_msgs'
--   Found nav_msgs, version 1.13.1
-- Checking for module 'pcl_msgs'
--   Found pcl_msgs, version 0.3.0
-- Checking for module 'realsense2_camera'
--   Found realsense2_camera, version 2.3.2
-- Checking for module 'rosgraph_msgs'
--   Found rosgraph_msgs, version 1.11.3
-- Checking for module 'rospy_tutorials'
--   Found rospy_tutorials, version 0.10.2
-- Checking for module 'sensor_msgs'
--   Found sensor_msgs, version 1.13.1
-- Checking for module 'shape_msgs'
--   Found shape_msgs, version 1.13.1
-- Checking for module 'sick_scan'
--   Found sick_scan, version 1.7.8
-- Checking for module 'smach_msgs'
--   Found smach_msgs, version 2.5.2
-- Checking for module 'stereo_msgs'
--   Found stereo_msgs, version 1.13.1
-- Checking for module 'tf'
--   Found tf, version 1.13.2
-- Checking for module 'tf2_msgs'
--   Found tf2_msgs, version 0.7.7
-- Checking for module 'theora_image_transport'
--   Found theora_image_transport, version 1.15.0
-- Checking for module 'trajectory_msgs'
--   Found trajectory_msgs, version 1.13.1
-- Checking for module 'turtle_actionlib'
--   Found turtle_actionlib, version 0.2.0
-- Checking for module 'turtlesim'
--   Found turtlesim, version 0.10.2
-- Checking for module 'visualization_msgs'
--   Found visualization_msgs, version 1.13.1
-- Checking for module 'control_toolbox'
--   Found control_toolbox, version 1.19.0
-- Checking for module 'laser_assembler'
--   Found laser_assembler, version 1.7.8
-- Checking for module 'polled_camera'
--   Found polled_camera, version 1.12.0
-- Checking for module 'roscpp_tutorials'
--   Found roscpp_tutorials, version 0.10.2
-- Checking for module 'rviz'
--   Found rviz, version 1.14.25
-- Checking for module 'std_srvs'
--   Found std_srvs, version 1.11.3
-- Checking for module 'topic_tools'
--   Found topic_tools, version 1.17.0
-- Found ament_lint_auto: 0.9.8 (/opt/ros/foxy/share/ament_lint_auto/cmake)
-- Found diagnostic_msgs: 2.0.5 (/opt/ros/foxy/share/diagnostic_msgs/cmake)
-- Checking for module 'roslaunch'
--   Found roslaunch, version 1.17.0
-- Found python_cmake_module: 0.8.1 (/opt/ros/foxy/share/python_cmake_module/cmake)
-- Found PythonInterp: /usr/bin/python3 (found suitable version "3.8.10", minimum required is "3.5") 
-- Found PythonLibs: /usr/lib/x86_64-linux-gnu/libpython3.8.so (found suitable version "3.8.10", minimum required is "3.5") 
-- Using PYTHON_EXECUTABLE: /usr/bin/python3
-- Using PYTHON_INCLUDE_DIRS: /usr/include/python3.8
-- Using PYTHON_LIBRARIES: /usr/lib/x86_64-linux-gnu/libpython3.8.so
-- Found PythonExtra: .so  
-- Added test 'copyright' to check source files copyright and LICENSE
-- Added test 'cppcheck' to perform static code analysis on C / C++ code
-- Configured cppcheck include dirs: 
-- Configured cppcheck exclude dirs and/or files: 
-- Added test 'cpplint' to check C / C++ code against the Google style
-- Configured cpplint exclude dirs and/or files: 
-- Added test 'flake8' to check Python code syntax and style conventions
-- Added test 'lint_cmake' to check CMake code style
-- Added test 'pep257' to check Python code against some of the style conventions in PEP 257
-- Added test 'uncrustify' to check C / C++ code style
-- Configured uncrustify additional arguments: 
-- Added test 'xmllint' to check XML markup files
-- Found base2gazebo: 0.0.0 (/home/jorth/floribot/ros2_ws/install/base2gazebo/share/base2gazebo/cmake)
-- Found base: 0.0.0 (/home/jorth/floribot/ros2_ws/install/base/share/base/cmake)
-- Found action_msgs: 1.0.0 (/opt/ros/foxy/share/action_msgs/cmake)
-- Found action_tutorials_interfaces: 0.9.4 (/opt/ros/foxy/share/action_tutorials_interfaces/cmake)
-- Found actionlib_msgs: 2.0.5 (/opt/ros/foxy/share/actionlib_msgs/cmake)
-- Found builtin_interfaces: 1.0.0 (/opt/ros/foxy/share/builtin_interfaces/cmake)
-- Found composition_interfaces: 1.0.0 (/opt/ros/foxy/share/composition_interfaces/cmake)
-- Found control_msgs: 2.5.1 (/opt/ros/foxy/share/control_msgs/cmake)
-- Found controller_manager_msgs: 0.11.0 (/opt/ros/foxy/share/controller_manager_msgs/cmake)
-- Found diagnostic_msgs: 2.0.5 (/opt/ros/foxy/share/diagnostic_msgs/cmake)
-- Found example_interfaces: 0.9.1 (/opt/ros/foxy/share/example_interfaces/cmake)
-- Found gazebo_msgs: 3.5.3 (/opt/ros/foxy/share/gazebo_msgs/cmake)
-- Found geometry_msgs: 2.0.5 (/opt/ros/foxy/share/geometry_msgs/cmake)
-- Found libstatistics_collector: 1.0.2 (/opt/ros/foxy/share/libstatistics_collector/cmake)
-- Found lifecycle_msgs: 1.0.0 (/opt/ros/foxy/share/lifecycle_msgs/cmake)
-- Found logging_demo: 0.9.4 (/opt/ros/foxy/share/logging_demo/cmake)
-- Found map_msgs: 2.0.2 (/opt/ros/foxy/share/map_msgs/cmake)
-- Found nav_msgs: 2.0.5 (/opt/ros/foxy/share/nav_msgs/cmake)
-- Found pcl_msgs: 1.0.0 (/opt/ros/foxy/share/pcl_msgs/cmake)
-- Found pendulum_msgs: 0.9.4 (/opt/ros/foxy/share/pendulum_msgs/cmake)
-- Found rcl_interfaces: 1.0.0 (/opt/ros/foxy/share/rcl_interfaces/cmake)
-- Found rmw_dds_common: 1.0.3 (/opt/ros/foxy/share/rmw_dds_common/cmake)
-- Found rosgraph_msgs: 1.0.0 (/opt/ros/foxy/share/rosgraph_msgs/cmake)
-- Found sensor_msgs: 2.0.5 (/opt/ros/foxy/share/sensor_msgs/cmake)
-- Found shape_msgs: 2.0.5 (/opt/ros/foxy/share/shape_msgs/cmake)
-- Found statistics_msgs: 1.0.0 (/opt/ros/foxy/share/statistics_msgs/cmake)
-- Found std_msgs: 2.0.5 (/opt/ros/foxy/share/std_msgs/cmake)
-- Found std_srvs: 2.0.5 (/opt/ros/foxy/share/std_srvs/cmake)
-- Found stereo_msgs: 2.0.5 (/opt/ros/foxy/share/stereo_msgs/cmake)
-- Found tf2_msgs: 0.13.14 (/opt/ros/foxy/share/tf2_msgs/cmake)
-- Found trajectory_msgs: 2.0.5 (/opt/ros/foxy/share/trajectory_msgs/cmake)
-- Found turtlesim: 1.2.6 (/opt/ros/foxy/share/turtlesim/cmake)
-- Found unique_identifier_msgs: 2.1.3 (/opt/ros/foxy/share/unique_identifier_msgs/cmake)
-- Found visualization_msgs: 2.0.5 (/opt/ros/foxy/share/visualization_msgs/cmake)
-- Configuring done
-- Generating done
-- Build files have been written to: /home/jorth/floribot/bridge_ws/build/ros1_bridge
[35m[1mScanning dependencies of target test_ros1_client[0m
[35m[1mScanning dependencies of target simple_bridge_1_to_2[0m
[35m[1mScanning dependencies of target simple_bridge_2_to_1[0m
[35m[1mScanning dependencies of target test_ros2_server_cpp[0m
[35m[1mScanning dependencies of target test_ros2_client_cpp[0m
[35m[1mScanning dependencies of target test_ros1_server[0m
[35m[1mScanning dependencies of target simple_bridge[0m
[  0%] [34m[1mGenerating factories for interface types[0m
[  1%] [32mBuilding CXX object CMakeFiles/test_ros1_client.dir/test/test_ros1_client.cpp.o[0m
[  1%] [32mBuilding CXX object CMakeFiles/test_ros1_server.dir/test/test_ros1_server.cpp.o[0m
[  2%] [32mBuilding CXX object CMakeFiles/test_ros2_client_cpp.dir/test/test_ros2_client.cpp.o[0m
[  2%] [32mBuilding CXX object CMakeFiles/simple_bridge.dir/src/simple_bridge.cpp.o[0m
[  2%] [32mBuilding CXX object CMakeFiles/simple_bridge_2_to_1.dir/src/simple_bridge_2_to_1.cpp.o[0m
[  2%] [32mBuilding CXX object CMakeFiles/test_ros2_server_cpp.dir/test/test_ros2_server.cpp.o[0m
[  2%] [32mBuilding CXX object CMakeFiles/simple_bridge_1_to_2.dir/src/simple_bridge_1_to_2.cpp.o[0m
[  2%] [32m[1mLinking CXX executable test_ros1_client[0m
[  3%] [32m[1mLinking CXX executable test_ros2_server_cpp[0m
[  3%] [32m[1mLinking CXX executable test_ros1_server[0m
[  3%] Built target test_ros1_client
[  3%] Built target test_ros1_server
[  3%] Built target test_ros2_server_cpp
[  3%] [32m[1mLinking CXX executable test_ros2_client_cpp[0m
[  3%] Built target test_ros2_client_cpp
[  3%] [32m[1mLinking CXX executable simple_bridge_1_to_2[0m
[  3%] Built target simple_bridge_1_to_2
[  4%] [32m[1mLinking CXX executable simple_bridge_2_to_1[0m
[  4%] Built target simple_bridge_2_to_1
[  5%] [32m[1mLinking CXX executable simple_bridge[0m
[  5%] Built target simple_bridge
[35m[1mScanning dependencies of target ros1_bridge[0m
[  6%] [32mBuilding CXX object CMakeFiles/ros1_bridge.dir/src/convert_builtin_interfaces.cpp.o[0m
[  6%] [32mBuilding CXX object CMakeFiles/ros1_bridge.dir/src/bridge.cpp.o[0m
[  6%] [32mBuilding CXX object CMakeFiles/ros1_bridge.dir/src/builtin_interfaces_factories.cpp.o[0m
[  6%] [32mBuilding CXX object CMakeFiles/ros1_bridge.dir/generated/get_factory.cpp.o[0m
[  6%] [32mBuilding CXX object CMakeFiles/ros1_bridge.dir/generated/get_mappings.cpp.o[0m
[  7%] [32mBuilding CXX object CMakeFiles/ros1_bridge.dir/generated/base2gazebo_factories.cpp.o[0m
[  7%] [32mBuilding CXX object CMakeFiles/ros1_bridge.dir/generated/base_factories.cpp.o[0m
[  8%] [32mBuilding CXX object CMakeFiles/ros1_bridge.dir/generated/base__msg__Angle__factories.cpp.o[0m
[  8%] [32mBuilding CXX object CMakeFiles/ros1_bridge.dir/generated/base__msg__Wheels__factories.cpp.o[0m
[  8%] [32mBuilding CXX object CMakeFiles/ros1_bridge.dir/generated/base2gazebo__msg__Wheels__factories.cpp.o[0m
[  8%] [32mBuilding CXX object CMakeFiles/ros1_bridge.dir/generated/action_msgs__msg__GoalInfo__factories.cpp.o[0m
[  8%] [32mBuilding CXX object CMakeFiles/ros1_bridge.dir/generated/action_msgs_factories.cpp.o[0m
[  9%] [32mBuilding CXX object CMakeFiles/ros1_bridge.dir/generated/action_msgs__msg__GoalStatus__factories.cpp.o[0m
[  9%] [32mBuilding CXX object CMakeFiles/ros1_bridge.dir/generated/action_msgs__srv__CancelGoal__factories.cpp.o[0m
[  9%] [32mBuilding CXX object CMakeFiles/ros1_bridge.dir/generated/action_tutorials_interfaces_factories.cpp.o[0m
[  9%] [32mBuilding CXX object CMakeFiles/ros1_bridge.dir/generated/action_msgs__msg__GoalStatusArray__factories.cpp.o[0m
[ 10%] [32mBuilding CXX object CMakeFiles/ros1_bridge.dir/generated/actionlib_msgs_factories.cpp.o[0m
[ 10%] [32mBuilding CXX object CMakeFiles/ros1_bridge.dir/generated/actionlib_msgs__msg__GoalID__factories.cpp.o[0m
[ 10%] [32mBuilding CXX object CMakeFiles/ros1_bridge.dir/generated/actionlib_msgs__msg__GoalStatus__factories.cpp.o[0m
[ 11%] [32mBuilding CXX object CMakeFiles/ros1_bridge.dir/generated/actionlib_msgs__msg__GoalStatusArray__factories.cpp.o[0m
[ 11%] [32mBuilding CXX object CMakeFiles/ros1_bridge.dir/generated/composition_interfaces_factories.cpp.o[0m
[ 11%] [32mBuilding CXX object CMakeFiles/ros1_bridge.dir/generated/composition_interfaces__srv__LoadNode__factories.cpp.o[0m
[ 11%] [32mBuilding CXX object CMakeFiles/ros1_bridge.dir/generated/composition_interfaces__srv__ListNodes__factories.cpp.o[0m
[ 12%] [32mBuilding CXX object CMakeFiles/ros1_bridge.dir/generated/control_msgs_factories.cpp.o[0m
[ 12%] [32mBuilding CXX object CMakeFiles/ros1_bridge.dir/generated/composition_interfaces__srv__UnloadNode__factories.cpp.o[0m
[ 12%] [32mBuilding CXX object CMakeFiles/ros1_bridge.dir/generated/control_msgs__msg__DynamicJointState__factories.cpp.o[0m
[ 12%] [32mBuilding CXX object CMakeFiles/ros1_bridge.dir/generated/control_msgs__msg__GripperCommand__factories.cpp.o[0m
[ 13%] [32mBuilding CXX object CMakeFiles/ros1_bridge.dir/generated/control_msgs__msg__InterfaceValue__factories.cpp.o[0m
[ 13%] [32mBuilding CXX object CMakeFiles/ros1_bridge.dir/generated/control_msgs__msg__JointControllerState__factories.cpp.o[0m
[ 13%] [32mBuilding CXX object CMakeFiles/ros1_bridge.dir/generated/control_msgs__msg__JointJog__factories.cpp.o[0m
[ 14%] [32mBuilding CXX object CMakeFiles/ros1_bridge.dir/generated/control_msgs__msg__JointTolerance__factories.cpp.o[0m
[ 14%] [32mBuilding CXX object CMakeFiles/ros1_bridge.dir/generated/control_msgs__msg__JointTrajectoryControllerState__factories.cpp.o[0m
[ 14%] [32mBuilding CXX object CMakeFiles/ros1_bridge.dir/generated/control_msgs__msg__PidState__factories.cpp.o[0m
[ 14%] [32mBuilding CXX object CMakeFiles/ros1_bridge.dir/generated/control_msgs__srv__QueryCalibrationState__factories.cpp.o[0m
[ 15%] [32mBuilding CXX object CMakeFiles/ros1_bridge.dir/generated/control_msgs__srv__QueryTrajectoryState__factories.cpp.o[0m
[ 15%] [32mBuilding CXX object CMakeFiles/ros1_bridge.dir/generated/controller_manager_msgs_factories.cpp.o[0m
[ 15%] [32mBuilding CXX object CMakeFiles/ros1_bridge.dir/generated/controller_manager_msgs__msg__ControllerState__factories.cpp.o[0m
[ 16%] [32mBuilding CXX object CMakeFiles/ros1_bridge.dir/generated/controller_manager_msgs__msg__HardwareInterface__factories.cpp.o[0m
[ 16%] [32mBuilding CXX object CMakeFiles/ros1_bridge.dir/generated/controller_manager_msgs__srv__ConfigureController__factories.cpp.o[0m
[ 16%] [32mBuilding CXX object CMakeFiles/ros1_bridge.dir/generated/controller_manager_msgs__srv__ConfigureStartController__factories.cpp.o[0m
[ 16%] [32mBuilding CXX object CMakeFiles/ros1_bridge.dir/generated/controller_manager_msgs__srv__ListControllers__factories.cpp.o[0m
[ 17%] [32mBuilding CXX object CMakeFiles/ros1_bridge.dir/generated/controller_manager_msgs__srv__ListControllerTypes__factories.cpp.o[0m
[ 17%] [32mBuilding CXX object CMakeFiles/ros1_bridge.dir/generated/controller_manager_msgs__srv__ListHardwareInterfaces__factories.cpp.o[0m
[ 17%] [32mBuilding CXX object CMakeFiles/ros1_bridge.dir/generated/controller_manager_msgs__srv__LoadConfigureController__factories.cpp.o[0m
[ 18%] [32mBuilding CXX object CMakeFiles/ros1_bridge.dir/generated/controller_manager_msgs__srv__LoadController__factories.cpp.o[0m
[ 18%] [32mBuilding CXX object CMakeFiles/ros1_bridge.dir/generated/controller_manager_msgs__srv__LoadStartController__factories.cpp.o[0m
[ 18%] [32mBuilding CXX object CMakeFiles/ros1_bridge.dir/generated/controller_manager_msgs__srv__ReloadControllerLibraries__factories.cpp.o[0m
[ 18%] [32mBuilding CXX object CMakeFiles/ros1_bridge.dir/generated/controller_manager_msgs__srv__SwitchController__factories.cpp.o[0m
[ 19%] [32mBuilding CXX object CMakeFiles/ros1_bridge.dir/generated/controller_manager_msgs__srv__UnloadController__factories.cpp.o[0m
[ 19%] [32mBuilding CXX object CMakeFiles/ros1_bridge.dir/generated/diagnostic_msgs_factories.cpp.o[0m
[ 19%] [32mBuilding CXX object CMakeFiles/ros1_bridge.dir/generated/diagnostic_msgs__msg__DiagnosticArray__factories.cpp.o[0m
[ 20%] [32mBuilding CXX object CMakeFiles/ros1_bridge.dir/generated/diagnostic_msgs__msg__DiagnosticStatus__factories.cpp.o[0m
[ 20%] [32mBuilding CXX object CMakeFiles/ros1_bridge.dir/generated/diagnostic_msgs__msg__KeyValue__factories.cpp.o[0m
[ 20%] [32mBuilding CXX object CMakeFiles/ros1_bridge.dir/generated/diagnostic_msgs__srv__AddDiagnostics__factories.cpp.o[0m
[ 20%] [32mBuilding CXX object CMakeFiles/ros1_bridge.dir/generated/diagnostic_msgs__srv__SelfTest__factories.cpp.o[0m
[ 21%] [32mBuilding CXX object CMakeFiles/ros1_bridge.dir/generated/example_interfaces_factories.cpp.o[0m
[ 21%] [32mBuilding CXX object CMakeFiles/ros1_bridge.dir/generated/example_interfaces__msg__Bool__factories.cpp.o[0m
[ 21%] [32mBuilding CXX object CMakeFiles/ros1_bridge.dir/generated/example_interfaces__msg__Byte__factories.cpp.o[0m
[ 21%] [32mBuilding CXX object CMakeFiles/ros1_bridge.dir/generated/example_interfaces__msg__ByteMultiArray__factories.cpp.o[0m
[ 22%] [32mBuilding CXX object CMakeFiles/ros1_bridge.dir/generated/example_interfaces__msg__Char__factories.cpp.o[0m
[ 22%] [32mBuilding CXX object CMakeFiles/ros1_bridge.dir/generated/example_interfaces__msg__Empty__factories.cpp.o[0m
[ 22%] [32mBuilding CXX object CMakeFiles/ros1_bridge.dir/generated/example_interfaces__msg__Float32__factories.cpp.o[0m
[ 23%] [32mBuilding CXX object CMakeFiles/ros1_bridge.dir/generated/example_interfaces__msg__Float32MultiArray__factories.cpp.o[0m
[ 23%] [32mBuilding CXX object CMakeFiles/ros1_bridge.dir/generated/example_interfaces__msg__Float64__factories.cpp.o[0m
[ 23%] [32mBuilding CXX object CMakeFiles/ros1_bridge.dir/generated/example_interfaces__msg__Float64MultiArray__factories.cpp.o[0m
[ 23%] [32mBuilding CXX object CMakeFiles/ros1_bridge.dir/generated/example_interfaces__msg__Int16__factories.cpp.o[0m
[ 24%] [32mBuilding CXX object CMakeFiles/ros1_bridge.dir/generated/example_interfaces__msg__Int16MultiArray__factories.cpp.o[0m
[ 24%] [32mBuilding CXX object CMakeFiles/ros1_bridge.dir/generated/example_interfaces__msg__Int32__factories.cpp.o[0m
[ 24%] [32mBuilding CXX object CMakeFiles/ros1_bridge.dir/generated/example_interfaces__msg__Int32MultiArray__factories.cpp.o[0m
[ 25%] [32mBuilding CXX object CMakeFiles/ros1_bridge.dir/generated/example_interfaces__msg__Int64__factories.cpp.o[0m
[ 25%] [32mBuilding CXX object CMakeFiles/ros1_bridge.dir/generated/example_interfaces__msg__Int64MultiArray__factories.cpp.o[0m
[ 25%] [32mBuilding CXX object CMakeFiles/ros1_bridge.dir/generated/example_interfaces__msg__Int8__factories.cpp.o[0m
[ 25%] [32mBuilding CXX object CMakeFiles/ros1_bridge.dir/generated/example_interfaces__msg__Int8MultiArray__factories.cpp.o[0m
[ 26%] [32mBuilding CXX object CMakeFiles/ros1_bridge.dir/generated/example_interfaces__msg__MultiArrayDimension__factories.cpp.o[0m
[ 26%] [32mBuilding CXX object CMakeFiles/ros1_bridge.dir/generated/example_interfaces__msg__MultiArrayLayout__factories.cpp.o[0m
[ 26%] [32mBuilding CXX object CMakeFiles/ros1_bridge.dir/generated/example_interfaces__msg__String__factories.cpp.o[0m
[ 27%] [32mBuilding CXX object CMakeFiles/ros1_bridge.dir/generated/example_interfaces__msg__UInt16__factories.cpp.o[0m
[ 27%] [32mBuilding CXX object CMakeFiles/ros1_bridge.dir/generated/example_interfaces__msg__UInt16MultiArray__factories.cpp.o[0m
[ 27%] [32mBuilding CXX object CMakeFiles/ros1_bridge.dir/generated/example_interfaces__msg__UInt32__factories.cpp.o[0m
[ 27%] [32mBuilding CXX object CMakeFiles/ros1_bridge.dir/generated/example_interfaces__msg__UInt32MultiArray__factories.cpp.o[0m
[ 28%] [32mBuilding CXX object CMakeFiles/ros1_bridge.dir/generated/example_interfaces__msg__UInt64__factories.cpp.o[0m
