[0.015s] Invoking command in '/home/jorth/floribot/bridge_ws/build/ros1_bridge': CMAKE_PREFIX_PATH=/opt/ros/foxy:${CMAKE_PREFIX_PATH} /usr/bin/cmake /home/jorth/floribot/bridge_ws/src/ros1_bridge -DCMAKE_INSTALL_PREFIX=/home/jorth/floribot/bridge_ws/install/ros1_bridge
[0.300s] -- The C compiler identification is GNU 9.4.0
[0.647s] -- The CXX compiler identification is GNU 9.4.0
[0.774s] -- Check for working C compiler: /usr/bin/cc
[0.888s] -- Check for working C compiler: /usr/bin/cc -- works
[0.891s] -- Detecting C compiler ABI info
[1.019s] -- Detecting C compiler ABI info - done
[1.028s] -- Detecting C compile features
[1.029s] -- Detecting C compile features - done
[1.032s] -- Check for working CXX compiler: /usr/bin/c++
[1.165s] -- Check for working CXX compiler: /usr/bin/c++ -- works
[1.166s] -- Detecting CXX compiler ABI info
[1.309s] -- Detecting CXX compiler ABI info - done
[1.317s] -- Detecting CXX compile features
[1.317s] -- Detecting CXX compile features - done
[1.325s] -- Found rmw: 1.0.4 (/opt/ros/foxy/share/rmw/cmake)
[1.352s] -- Found PythonInterp: /usr/bin/python3 (found suitable version "3.8.10", minimum required is "3") 
[1.352s] -- Using PYTHON_EXECUTABLE: /usr/bin/python3
[1.692s] -- Found rclcpp: 2.4.3 (/opt/ros/foxy/share/rclcpp/cmake)
[1.737s] -- Using all available rosidl_typesupport_c: rosidl_typesupport_fastrtps_c;rosidl_typesupport_introspection_c
[1.747s] -- Found rosidl_adapter: 1.3.1 (/opt/ros/foxy/share/rosidl_adapter/cmake)
[2.794s] -- Found OpenSSL: /usr/lib/x86_64-linux-gnu/libcrypto.so (found version "1.1.1f")  
[3.717s] -- Found FastRTPS: /opt/ros/foxy/include  
[5.695s] -- Using all available rosidl_typesupport_cpp: rosidl_typesupport_fastrtps_cpp;rosidl_typesupport_introspection_cpp
[5.766s] -- Found rmw_implementation_cmake: 1.0.4 (/opt/ros/foxy/share/rmw_implementation_cmake/cmake)
[5.769s] -- Using RMW implementation 'rmw_fastrtps_cpp' as default
[5.771s] -- Looking for pthread.h
[5.916s] -- Looking for pthread.h - found
[5.916s] -- Performing Test CMAKE_HAVE_LIBC_PTHREAD
[6.053s] -- Performing Test CMAKE_HAVE_LIBC_PTHREAD - Failed
[6.054s] -- Looking for pthread_create in pthreads
[6.182s] -- Looking for pthread_create in pthreads - not found
[6.182s] -- Looking for pthread_create in pthread
[6.313s] -- Looking for pthread_create in pthread - found
[6.314s] -- Found Threads: TRUE  
[6.470s] -- Found PkgConfig: /usr/bin/pkg-config (found version "0.29.1") 
[6.473s] -- Checking for module 'roscpp'
[6.491s] --   Found roscpp, version 1.17.0
[6.609s] -- Checking for module 'std_msgs'
[6.620s] --   Found std_msgs, version 0.5.13
[7.218s] -- Checking for module 'actionlib'
[7.230s] --   Found actionlib, version 1.14.0
[7.348s] -- Checking for module 'actionlib_msgs'
[7.359s] --   Found actionlib_msgs, version 1.13.1
[7.388s] -- Checking for module 'actionlib_tutorials'
[7.400s] --   Found actionlib_tutorials, version 0.2.0
[7.517s] -- Checking for module 'base'
[7.531s] --   Found base, version 0.0.0
[7.651s] -- Checking for module 'base2gazebo'
[7.663s] --   Found base2gazebo, version 0.0.0
[7.692s] -- Checking for module 'baumer_radar_msgs'
[7.703s] --   Found baumer_radar_msgs, version 0.0.0
[7.731s] -- Checking for module 'bond'
[7.742s] --   Found bond, version 1.8.6
[7.773s] -- Checking for module 'can_msgs'
[7.784s] --   Found can_msgs, version 0.8.5
[7.814s] -- Checking for module 'control_msgs'
[7.826s] --   Found control_msgs, version 1.5.2
[7.856s] -- Checking for module 'controller_manager_msgs'
[7.867s] --   Found controller_manager_msgs, version 0.20.0
[7.896s] -- Checking for module 'diagnostic_msgs'
[7.907s] --   Found diagnostic_msgs, version 1.13.1
[7.938s] -- Checking for module 'dynamic_reconfigure'
[7.949s] --   Found dynamic_reconfigure, version 1.7.3
[7.979s] -- Checking for module 'gazebo_msgs'
[7.990s] --   Found gazebo_msgs, version 2.9.2
[8.024s] -- Checking for module 'geometry_msgs'
[8.039s] --   Found geometry_msgs, version 1.13.1
[8.072s] -- Checking for module 'map_msgs'
[8.087s] --   Found map_msgs, version 1.14.1
[8.120s] -- Checking for module 'move_base_msgs'
[8.132s] --   Found move_base_msgs, version 1.14.1
[8.167s] -- Checking for module 'nav_msgs'
[8.181s] --   Found nav_msgs, version 1.13.1
[8.221s] -- Checking for module 'pcl_msgs'
[8.242s] --   Found pcl_msgs, version 0.3.0
[8.286s] -- Checking for module 'realsense2_camera'
[8.307s] --   Found realsense2_camera, version 2.3.2
[8.571s] -- Checking for module 'rosgraph_msgs'
[8.584s] --   Found rosgraph_msgs, version 1.11.3
[8.617s] -- Checking for module 'rospy_tutorials'
[8.630s] --   Found rospy_tutorials, version 0.10.2
[8.665s] -- Checking for module 'sensor_msgs'
[8.679s] --   Found sensor_msgs, version 1.13.1
[8.723s] -- Checking for module 'shape_msgs'
[8.739s] --   Found shape_msgs, version 1.13.1
[8.773s] -- Checking for module 'sick_scan'
[8.793s] --   Found sick_scan, version 1.7.8
[9.132s] -- Checking for module 'smach_msgs'
[9.146s] --   Found smach_msgs, version 2.5.2
[9.188s] -- Checking for module 'stereo_msgs'
[9.201s] --   Found stereo_msgs, version 1.13.1
[9.238s] -- Checking for module 'tf'
[9.253s] --   Found tf, version 1.13.2
[9.385s] -- Checking for module 'tf2_msgs'
[9.398s] --   Found tf2_msgs, version 0.7.7
[9.430s] -- Checking for module 'theora_image_transport'
[9.442s] --   Found theora_image_transport, version 1.15.0
[9.475s] -- Checking for module 'trajectory_msgs'
[9.487s] --   Found trajectory_msgs, version 1.13.1
[9.520s] -- Checking for module 'turtle_actionlib'
[9.532s] --   Found turtle_actionlib, version 0.2.0
[9.566s] -- Checking for module 'turtlesim'
[9.581s] --   Found turtlesim, version 0.10.2
[9.613s] -- Checking for module 'visualization_msgs'
[9.626s] --   Found visualization_msgs, version 1.13.1
[9.657s] -- Checking for module 'control_toolbox'
[9.670s] --   Found control_toolbox, version 1.19.0
[9.792s] -- Checking for module 'laser_assembler'
[9.808s] --   Found laser_assembler, version 1.7.8
[10.022s] -- Checking for module 'polled_camera'
[10.036s] --   Found polled_camera, version 1.12.0
[10.240s] -- Checking for module 'roscpp_tutorials'
[10.253s] --   Found roscpp_tutorials, version 0.10.2
[10.284s] -- Checking for module 'rviz'
[10.297s] --   Found rviz, version 1.14.25
[10.503s] -- Checking for module 'std_srvs'
[10.516s] --   Found std_srvs, version 1.11.3
[10.548s] -- Checking for module 'topic_tools'
[10.559s] --   Found topic_tools, version 1.17.0
[10.676s] -- Found ament_lint_auto: 0.9.8 (/opt/ros/foxy/share/ament_lint_auto/cmake)
[10.680s] -- Found diagnostic_msgs: 2.0.5 (/opt/ros/foxy/share/diagnostic_msgs/cmake)
[10.716s] -- Checking for module 'roslaunch'
[10.728s] --   Found roslaunch, version 1.17.0
[12.713s] -- Found python_cmake_module: 0.8.1 (/opt/ros/foxy/share/python_cmake_module/cmake)
[12.729s] -- Found PythonInterp: /usr/bin/python3 (found suitable version "3.8.10", minimum required is "3.5") 
[13.121s] -- Found PythonLibs: /usr/lib/x86_64-linux-gnu/libpython3.8.so (found suitable version "3.8.10", minimum required is "3.5") 
[13.121s] -- Using PYTHON_EXECUTABLE: /usr/bin/python3
[13.122s] -- Using PYTHON_INCLUDE_DIRS: /usr/include/python3.8
[13.122s] -- Using PYTHON_LIBRARIES: /usr/lib/x86_64-linux-gnu/libpython3.8.so
[13.137s] -- Found PythonExtra: .so  
[15.033s] -- Added test 'copyright' to check source files copyright and LICENSE
[15.036s] -- Added test 'cppcheck' to perform static code analysis on C / C++ code
[15.037s] -- Configured cppcheck include dirs: 
[15.037s] -- Configured cppcheck exclude dirs and/or files: 
[15.038s] -- Added test 'cpplint' to check C / C++ code against the Google style
[15.038s] -- Configured cpplint exclude dirs and/or files: 
[15.039s] -- Added test 'flake8' to check Python code syntax and style conventions
[15.040s] -- Added test 'lint_cmake' to check CMake code style
[15.041s] -- Added test 'pep257' to check Python code against some of the style conventions in PEP 257
[15.042s] -- Added test 'uncrustify' to check C / C++ code style
[15.042s] -- Configured uncrustify additional arguments: 
[15.043s] -- Added test 'xmllint' to check XML markup files
[15.080s] -- Found base2gazebo: 0.0.0 (/home/jorth/floribot/ros2_ws/install/base2gazebo/share/base2gazebo/cmake)
[15.105s] -- Found base: 0.0.0 (/home/jorth/floribot/ros2_ws/install/base/share/base/cmake)
[15.149s] -- Found action_msgs: 1.0.0 (/opt/ros/foxy/share/action_msgs/cmake)
[15.194s] -- Found action_tutorials_interfaces: 0.9.4 (/opt/ros/foxy/share/action_tutorials_interfaces/cmake)
[15.227s] -- Found actionlib_msgs: 2.0.5 (/opt/ros/foxy/share/actionlib_msgs/cmake)
[15.227s] -- Found builtin_interfaces: 1.0.0 (/opt/ros/foxy/share/builtin_interfaces/cmake)
[15.257s] -- Found composition_interfaces: 1.0.0 (/opt/ros/foxy/share/composition_interfaces/cmake)
[15.506s] -- Found control_msgs: 2.5.1 (/opt/ros/foxy/share/control_msgs/cmake)
[15.525s] -- Found controller_manager_msgs: 0.11.0 (/opt/ros/foxy/share/controller_manager_msgs/cmake)
[15.526s] -- Found diagnostic_msgs: 2.0.5 (/opt/ros/foxy/share/diagnostic_msgs/cmake)
[15.571s] -- Found example_interfaces: 0.9.1 (/opt/ros/foxy/share/example_interfaces/cmake)
[15.666s] -- Found gazebo_msgs: 3.5.3 (/opt/ros/foxy/share/gazebo_msgs/cmake)
[15.666s] -- Found geometry_msgs: 2.0.5 (/opt/ros/foxy/share/geometry_msgs/cmake)
[15.667s] -- Found libstatistics_collector: 1.0.2 (/opt/ros/foxy/share/libstatistics_collector/cmake)
[15.679s] -- Found lifecycle_msgs: 1.0.0 (/opt/ros/foxy/share/lifecycle_msgs/cmake)
[15.690s] -- Found logging_demo: 0.9.4 (/opt/ros/foxy/share/logging_demo/cmake)
[15.938s] -- Found map_msgs: 2.0.2 (/opt/ros/foxy/share/map_msgs/cmake)
[15.939s] -- Found nav_msgs: 2.0.5 (/opt/ros/foxy/share/nav_msgs/cmake)
[16.023s] -- Found pcl_msgs: 1.0.0 (/opt/ros/foxy/share/pcl_msgs/cmake)
[16.039s] -- Found pendulum_msgs: 0.9.4 (/opt/ros/foxy/share/pendulum_msgs/cmake)
[16.039s] -- Found rcl_interfaces: 1.0.0 (/opt/ros/foxy/share/rcl_interfaces/cmake)
[16.055s] -- Found rmw_dds_common: 1.0.3 (/opt/ros/foxy/share/rmw_dds_common/cmake)
[16.055s] -- Found rosgraph_msgs: 1.0.0 (/opt/ros/foxy/share/rosgraph_msgs/cmake)
[16.055s] -- Found sensor_msgs: 2.0.5 (/opt/ros/foxy/share/sensor_msgs/cmake)
[16.106s] -- Found shape_msgs: 2.0.5 (/opt/ros/foxy/share/shape_msgs/cmake)
[16.106s] -- Found statistics_msgs: 1.0.0 (/opt/ros/foxy/share/statistics_msgs/cmake)
[16.106s] -- Found std_msgs: 2.0.5 (/opt/ros/foxy/share/std_msgs/cmake)
[16.119s] -- Found std_srvs: 2.0.5 (/opt/ros/foxy/share/std_srvs/cmake)
[16.209s] -- Found stereo_msgs: 2.0.5 (/opt/ros/foxy/share/stereo_msgs/cmake)
[16.310s] -- Found tf2_msgs: 0.13.14 (/opt/ros/foxy/share/tf2_msgs/cmake)
[16.310s] -- Found trajectory_msgs: 2.0.5 (/opt/ros/foxy/share/trajectory_msgs/cmake)
[16.353s] -- Found turtlesim: 1.2.6 (/opt/ros/foxy/share/turtlesim/cmake)
[16.353s] -- Found unique_identifier_msgs: 2.1.3 (/opt/ros/foxy/share/unique_identifier_msgs/cmake)
[16.409s] -- Found visualization_msgs: 2.0.5 (/opt/ros/foxy/share/visualization_msgs/cmake)
[20.491s] -- Configuring done
[20.890s] -- Generating done
[20.998s] -- Build files have been written to: /home/jorth/floribot/bridge_ws/build/ros1_bridge
[21.011s] Invoked command in '/home/jorth/floribot/bridge_ws/build/ros1_bridge' returned '0': CMAKE_PREFIX_PATH=/opt/ros/foxy:${CMAKE_PREFIX_PATH} /usr/bin/cmake /home/jorth/floribot/bridge_ws/src/ros1_bridge -DCMAKE_INSTALL_PREFIX=/home/jorth/floribot/bridge_ws/install/ros1_bridge
[21.013s] Invoking command in '/home/jorth/floribot/bridge_ws/build/ros1_bridge': CMAKE_PREFIX_PATH=/opt/ros/foxy:${CMAKE_PREFIX_PATH} /usr/bin/cmake --build /home/jorth/floribot/bridge_ws/build/ros1_bridge -- -j16 -l16
[21.063s] [35m[1mScanning dependencies of target test_ros1_client[0m
[21.063s] [35m[1mScanning dependencies of target simple_bridge_1_to_2[0m
[21.063s] [35m[1mScanning dependencies of target simple_bridge_2_to_1[0m
[21.063s] [35m[1mScanning dependencies of target test_ros2_server_cpp[0m
[21.064s] [35m[1mScanning dependencies of target test_ros2_client_cpp[0m
[21.064s] [35m[1mScanning dependencies of target test_ros1_server[0m
[21.065s] [35m[1mScanning dependencies of target simple_bridge[0m
[21.068s] [  0%] [34m[1mGenerating factories for interface types[0m
[21.096s] [  1%] [32mBuilding CXX object CMakeFiles/test_ros1_client.dir/test/test_ros1_client.cpp.o[0m
[21.096s] [  1%] [32mBuilding CXX object CMakeFiles/test_ros1_server.dir/test/test_ros1_server.cpp.o[0m
[21.202s] [  2%] [32mBuilding CXX object CMakeFiles/test_ros2_client_cpp.dir/test/test_ros2_client.cpp.o[0m
[21.203s] [  2%] [32mBuilding CXX object CMakeFiles/simple_bridge.dir/src/simple_bridge.cpp.o[0m
[21.203s] [  2%] [32mBuilding CXX object CMakeFiles/simple_bridge_2_to_1.dir/src/simple_bridge_2_to_1.cpp.o[0m
[21.203s] [  2%] [32mBuilding CXX object CMakeFiles/test_ros2_server_cpp.dir/test/test_ros2_server.cpp.o[0m
[21.204s] [  2%] [32mBuilding CXX object CMakeFiles/simple_bridge_1_to_2.dir/src/simple_bridge_1_to_2.cpp.o[0m
[23.152s] [  2%] [32m[1mLinking CXX executable test_ros1_client[0m
[23.177s] [  3%] [32m[1mLinking CXX executable test_ros2_server_cpp[0m
[23.206s] [  3%] [32m[1mLinking CXX executable test_ros1_server[0m
[23.431s] [  3%] Built target test_ros1_client
[23.435s] [  3%] Built target test_ros1_server
[23.459s] [  3%] Built target test_ros2_server_cpp
[23.636s] [  3%] [32m[1mLinking CXX executable test_ros2_client_cpp[0m
[23.849s] [  3%] Built target test_ros2_client_cpp
[25.202s] [  3%] [32m[1mLinking CXX executable simple_bridge_1_to_2[0m
[25.454s] [  3%] Built target simple_bridge_1_to_2
[26.823s] [  4%] [32m[1mLinking CXX executable simple_bridge_2_to_1[0m
[27.131s] [  4%] Built target simple_bridge_2_to_1
[27.172s] [  5%] [32m[1mLinking CXX executable simple_bridge[0m
[27.495s] [  5%] Built target simple_bridge
[29.906s] [35m[1mScanning dependencies of target ros1_bridge[0m
[31.771s] [  6%] [32mBuilding CXX object CMakeFiles/ros1_bridge.dir/src/convert_builtin_interfaces.cpp.o[0m
[31.771s] [  6%] [32mBuilding CXX object CMakeFiles/ros1_bridge.dir/src/bridge.cpp.o[0m
[31.771s] [  6%] [32mBuilding CXX object CMakeFiles/ros1_bridge.dir/src/builtin_interfaces_factories.cpp.o[0m
[31.785s] [  6%] [32mBuilding CXX object CMakeFiles/ros1_bridge.dir/generated/get_factory.cpp.o[0m
[31.785s] [  6%] [32mBuilding CXX object CMakeFiles/ros1_bridge.dir/generated/get_mappings.cpp.o[0m
[31.785s] [  7%] [32mBuilding CXX object CMakeFiles/ros1_bridge.dir/generated/base2gazebo_factories.cpp.o[0m
[31.786s] [  7%] [32mBuilding CXX object CMakeFiles/ros1_bridge.dir/generated/base_factories.cpp.o[0m
[31.786s] [  8%] [32mBuilding CXX object CMakeFiles/ros1_bridge.dir/generated/base__msg__Angle__factories.cpp.o[0m
[31.786s] [  8%] [32mBuilding CXX object CMakeFiles/ros1_bridge.dir/generated/base__msg__Wheels__factories.cpp.o[0m
[31.786s] [  8%] [32mBuilding CXX object CMakeFiles/ros1_bridge.dir/generated/base2gazebo__msg__Wheels__factories.cpp.o[0m
[31.786s] [  8%] [32mBuilding CXX object CMakeFiles/ros1_bridge.dir/generated/action_msgs__msg__GoalInfo__factories.cpp.o[0m
[31.787s] [  8%] [32mBuilding CXX object CMakeFiles/ros1_bridge.dir/generated/action_msgs_factories.cpp.o[0m
[31.787s] [  9%] [32mBuilding CXX object CMakeFiles/ros1_bridge.dir/generated/action_msgs__msg__GoalStatus__factories.cpp.o[0m
[31.788s] [  9%] [32mBuilding CXX object CMakeFiles/ros1_bridge.dir/generated/action_msgs__srv__CancelGoal__factories.cpp.o[0m
[31.788s] [  9%] [32mBuilding CXX object CMakeFiles/ros1_bridge.dir/generated/action_tutorials_interfaces_factories.cpp.o[0m
[31.795s] [  9%] [32mBuilding CXX object CMakeFiles/ros1_bridge.dir/generated/action_msgs__msg__GoalStatusArray__factories.cpp.o[0m
[32.504s] [ 10%] [32mBuilding CXX object CMakeFiles/ros1_bridge.dir/generated/actionlib_msgs_factories.cpp.o[0m
[32.698s] [ 10%] [32mBuilding CXX object CMakeFiles/ros1_bridge.dir/generated/actionlib_msgs__msg__GoalID__factories.cpp.o[0m
[36.728s] [ 10%] [32mBuilding CXX object CMakeFiles/ros1_bridge.dir/generated/actionlib_msgs__msg__GoalStatus__factories.cpp.o[0m
[39.490s] [ 11%] [32mBuilding CXX object CMakeFiles/ros1_bridge.dir/generated/actionlib_msgs__msg__GoalStatusArray__factories.cpp.o[0m
[39.711s] [ 11%] [32mBuilding CXX object CMakeFiles/ros1_bridge.dir/generated/composition_interfaces_factories.cpp.o[0m
[39.717s] [ 11%] [32mBuilding CXX object CMakeFiles/ros1_bridge.dir/generated/composition_interfaces__srv__LoadNode__factories.cpp.o[0m
[39.893s] [ 11%] [32mBuilding CXX object CMakeFiles/ros1_bridge.dir/generated/composition_interfaces__srv__ListNodes__factories.cpp.o[0m
[40.098s] [ 12%] [32mBuilding CXX object CMakeFiles/ros1_bridge.dir/generated/control_msgs_factories.cpp.o[0m
[40.098s] [ 12%] [32mBuilding CXX object CMakeFiles/ros1_bridge.dir/generated/composition_interfaces__srv__UnloadNode__factories.cpp.o[0m
[40.230s] [ 12%] [32mBuilding CXX object CMakeFiles/ros1_bridge.dir/generated/control_msgs__msg__DynamicJointState__factories.cpp.o[0m
[40.284s] [ 12%] [32mBuilding CXX object CMakeFiles/ros1_bridge.dir/generated/control_msgs__msg__GripperCommand__factories.cpp.o[0m
[40.297s] [ 13%] [32mBuilding CXX object CMakeFiles/ros1_bridge.dir/generated/control_msgs__msg__InterfaceValue__factories.cpp.o[0m
[41.316s] [ 13%] [32mBuilding CXX object CMakeFiles/ros1_bridge.dir/generated/control_msgs__msg__JointControllerState__factories.cpp.o[0m
[47.708s] [ 13%] [32mBuilding CXX object CMakeFiles/ros1_bridge.dir/generated/control_msgs__msg__JointJog__factories.cpp.o[0m
[49.477s] [ 14%] [32mBuilding CXX object CMakeFiles/ros1_bridge.dir/generated/control_msgs__msg__JointTolerance__factories.cpp.o[0m
[49.613s] [ 14%] [32mBuilding CXX object CMakeFiles/ros1_bridge.dir/generated/control_msgs__msg__JointTrajectoryControllerState__factories.cpp.o[0m
[50.014s] [ 14%] [32mBuilding CXX object CMakeFiles/ros1_bridge.dir/generated/control_msgs__msg__PidState__factories.cpp.o[0m
[50.088s] [ 14%] [32mBuilding CXX object CMakeFiles/ros1_bridge.dir/generated/control_msgs__srv__QueryCalibrationState__factories.cpp.o[0m
[50.415s] [ 15%] [32mBuilding CXX object CMakeFiles/ros1_bridge.dir/generated/control_msgs__srv__QueryTrajectoryState__factories.cpp.o[0m
[51.286s] [ 15%] [32mBuilding CXX object CMakeFiles/ros1_bridge.dir/generated/controller_manager_msgs_factories.cpp.o[0m
[51.409s] [ 15%] [32mBuilding CXX object CMakeFiles/ros1_bridge.dir/generated/controller_manager_msgs__msg__ControllerState__factories.cpp.o[0m
[52.330s] [ 16%] [32mBuilding CXX object CMakeFiles/ros1_bridge.dir/generated/controller_manager_msgs__msg__HardwareInterface__factories.cpp.o[0m
[52.670s] [ 16%] [32mBuilding CXX object CMakeFiles/ros1_bridge.dir/generated/controller_manager_msgs__srv__ConfigureController__factories.cpp.o[0m
[53.717s] [ 16%] [32mBuilding CXX object CMakeFiles/ros1_bridge.dir/generated/controller_manager_msgs__srv__ConfigureStartController__factories.cpp.o[0m
[58.394s] [ 16%] [32mBuilding CXX object CMakeFiles/ros1_bridge.dir/generated/controller_manager_msgs__srv__ListControllers__factories.cpp.o[0m
[59.551s] [ 17%] [32mBuilding CXX object CMakeFiles/ros1_bridge.dir/generated/controller_manager_msgs__srv__ListControllerTypes__factories.cpp.o[0m
[61.039s] [ 17%] [32mBuilding CXX object CMakeFiles/ros1_bridge.dir/generated/controller_manager_msgs__srv__ListHardwareInterfaces__factories.cpp.o[0m
[61.123s] [ 17%] [32mBuilding CXX object CMakeFiles/ros1_bridge.dir/generated/controller_manager_msgs__srv__LoadConfigureController__factories.cpp.o[0m
[61.202s] [ 18%] [32mBuilding CXX object CMakeFiles/ros1_bridge.dir/generated/controller_manager_msgs__srv__LoadController__factories.cpp.o[0m
[61.484s] [ 18%] [32mBuilding CXX object CMakeFiles/ros1_bridge.dir/generated/controller_manager_msgs__srv__LoadStartController__factories.cpp.o[0m
[62.276s] [ 18%] [32mBuilding CXX object CMakeFiles/ros1_bridge.dir/generated/controller_manager_msgs__srv__ReloadControllerLibraries__factories.cpp.o[0m
[62.290s] [ 18%] [32mBuilding CXX object CMakeFiles/ros1_bridge.dir/generated/controller_manager_msgs__srv__SwitchController__factories.cpp.o[0m
[62.330s] [ 19%] [32mBuilding CXX object CMakeFiles/ros1_bridge.dir/generated/controller_manager_msgs__srv__UnloadController__factories.cpp.o[0m
[62.538s] [ 19%] [32mBuilding CXX object CMakeFiles/ros1_bridge.dir/generated/diagnostic_msgs_factories.cpp.o[0m
[63.636s] [ 19%] [32mBuilding CXX object CMakeFiles/ros1_bridge.dir/generated/diagnostic_msgs__msg__DiagnosticArray__factories.cpp.o[0m
[63.746s] [ 20%] [32mBuilding CXX object CMakeFiles/ros1_bridge.dir/generated/diagnostic_msgs__msg__DiagnosticStatus__factories.cpp.o[0m
[67.361s] [ 20%] [32mBuilding CXX object CMakeFiles/ros1_bridge.dir/generated/diagnostic_msgs__msg__KeyValue__factories.cpp.o[0m
[67.436s] [ 20%] [32mBuilding CXX object CMakeFiles/ros1_bridge.dir/generated/diagnostic_msgs__srv__AddDiagnostics__factories.cpp.o[0m
[67.508s] [ 20%] [32mBuilding CXX object CMakeFiles/ros1_bridge.dir/generated/diagnostic_msgs__srv__SelfTest__factories.cpp.o[0m
[67.747s] [ 21%] [32mBuilding CXX object CMakeFiles/ros1_bridge.dir/generated/example_interfaces_factories.cpp.o[0m
[67.852s] [ 21%] [32mBuilding CXX object CMakeFiles/ros1_bridge.dir/generated/example_interfaces__msg__Bool__factories.cpp.o[0m
[68.305s] [ 21%] [32mBuilding CXX object CMakeFiles/ros1_bridge.dir/generated/example_interfaces__msg__Byte__factories.cpp.o[0m
[68.450s] [ 21%] [32mBuilding CXX object CMakeFiles/ros1_bridge.dir/generated/example_interfaces__msg__ByteMultiArray__factories.cpp.o[0m
[68.535s] [ 22%] [32mBuilding CXX object CMakeFiles/ros1_bridge.dir/generated/example_interfaces__msg__Char__factories.cpp.o[0m
[68.704s] [ 22%] [32mBuilding CXX object CMakeFiles/ros1_bridge.dir/generated/example_interfaces__msg__Empty__factories.cpp.o[0m
[68.849s] [ 22%] [32mBuilding CXX object CMakeFiles/ros1_bridge.dir/generated/example_interfaces__msg__Float32__factories.cpp.o[0m
[69.179s] [ 23%] [32mBuilding CXX object CMakeFiles/ros1_bridge.dir/generated/example_interfaces__msg__Float32MultiArray__factories.cpp.o[0m
[69.851s] [ 23%] [32mBuilding CXX object CMakeFiles/ros1_bridge.dir/generated/example_interfaces__msg__Float64__factories.cpp.o[0m
[70.773s] [ 23%] [32mBuilding CXX object CMakeFiles/ros1_bridge.dir/generated/example_interfaces__msg__Float64MultiArray__factories.cpp.o[0m
[70.774s] [ 23%] [32mBuilding CXX object CMakeFiles/ros1_bridge.dir/generated/example_interfaces__msg__Int16__factories.cpp.o[0m
[73.352s] [ 24%] [32mBuilding CXX object CMakeFiles/ros1_bridge.dir/generated/example_interfaces__msg__Int16MultiArray__factories.cpp.o[0m
[73.382s] [ 24%] [32mBuilding CXX object CMakeFiles/ros1_bridge.dir/generated/example_interfaces__msg__Int32__factories.cpp.o[0m
[73.642s] [ 24%] [32mBuilding CXX object CMakeFiles/ros1_bridge.dir/generated/example_interfaces__msg__Int32MultiArray__factories.cpp.o[0m
[73.790s] [ 25%] [32mBuilding CXX object CMakeFiles/ros1_bridge.dir/generated/example_interfaces__msg__Int64__factories.cpp.o[0m
[74.011s] [ 25%] [32mBuilding CXX object CMakeFiles/ros1_bridge.dir/generated/example_interfaces__msg__Int64MultiArray__factories.cpp.o[0m
[74.185s] [ 25%] [32mBuilding CXX object CMakeFiles/ros1_bridge.dir/generated/example_interfaces__msg__Int8__factories.cpp.o[0m
[74.279s] [ 25%] [32mBuilding CXX object CMakeFiles/ros1_bridge.dir/generated/example_interfaces__msg__Int8MultiArray__factories.cpp.o[0m
[74.587s] [ 26%] [32mBuilding CXX object CMakeFiles/ros1_bridge.dir/generated/example_interfaces__msg__MultiArrayDimension__factories.cpp.o[0m
[75.152s] [ 26%] [32mBuilding CXX object CMakeFiles/ros1_bridge.dir/generated/example_interfaces__msg__MultiArrayLayout__factories.cpp.o[0m
[75.253s] [ 26%] [32mBuilding CXX object CMakeFiles/ros1_bridge.dir/generated/example_interfaces__msg__String__factories.cpp.o[0m
[76.054s] [ 27%] [32mBuilding CXX object CMakeFiles/ros1_bridge.dir/generated/example_interfaces__msg__UInt16__factories.cpp.o[0m
[76.074s] [ 27%] [32mBuilding CXX object CMakeFiles/ros1_bridge.dir/generated/example_interfaces__msg__UInt16MultiArray__factories.cpp.o[0m
[76.132s] [ 27%] [32mBuilding CXX object CMakeFiles/ros1_bridge.dir/generated/example_interfaces__msg__UInt32__factories.cpp.o[0m
[76.722s] [ 27%] [32mBuilding CXX object CMakeFiles/ros1_bridge.dir/generated/example_interfaces__msg__UInt32MultiArray__factories.cpp.o[0m
[77.037s] [ 28%] [32mBuilding CXX object CMakeFiles/ros1_bridge.dir/generated/example_interfaces__msg__UInt64__factories.cpp.o[0m
